mode: set
github.com/sqlrs/engine-local/internal/prepare/cache_status.go:42.80,43.32 1 0
github.com/sqlrs/engine-local/internal/prepare/cache_status.go:43.32,45.3 1 0
github.com/sqlrs/engine-local/internal/prepare/cache_status.go:46.2,47.16 2 0
github.com/sqlrs/engine-local/internal/prepare/cache_status.go:47.16,49.3 1 0
github.com/sqlrs/engine-local/internal/prepare/cache_status.go:50.2,50.49 1 0
github.com/sqlrs/engine-local/internal/prepare/cache_status.go:50.49,52.3 1 0
github.com/sqlrs/engine-local/internal/prepare/cache_status.go:54.2,55.16 2 0
github.com/sqlrs/engine-local/internal/prepare/cache_status.go:55.16,57.3 1 0
github.com/sqlrs/engine-local/internal/prepare/cache_status.go:58.2,59.16 2 0
github.com/sqlrs/engine-local/internal/prepare/cache_status.go:59.16,61.3 1 0
github.com/sqlrs/engine-local/internal/prepare/cache_status.go:62.2,63.16 2 0
github.com/sqlrs/engine-local/internal/prepare/cache_status.go:63.16,65.3 1 0
github.com/sqlrs/engine-local/internal/prepare/cache_status.go:66.2,67.16 2 0
github.com/sqlrs/engine-local/internal/prepare/cache_status.go:67.16,69.3 1 0
github.com/sqlrs/engine-local/internal/prepare/cache_status.go:70.2,71.16 2 0
github.com/sqlrs/engine-local/internal/prepare/cache_status.go:71.16,73.3 1 0
github.com/sqlrs/engine-local/internal/prepare/cache_status.go:74.2,89.38 2 0
github.com/sqlrs/engine-local/internal/prepare/cache_status.go:89.38,91.3 1 0
github.com/sqlrs/engine-local/internal/prepare/cache_status.go:92.2,92.27 1 0
github.com/sqlrs/engine-local/internal/prepare/cache_status.go:92.27,95.3 2 0
github.com/sqlrs/engine-local/internal/prepare/cache_status.go:96.2,96.20 1 0
github.com/sqlrs/engine-local/internal/prepare/cache_status.go:99.68,100.14 1 0
github.com/sqlrs/engine-local/internal/prepare/cache_status.go:100.14,102.3 1 0
github.com/sqlrs/engine-local/internal/prepare/cache_status.go:103.2,105.27 3 0
github.com/sqlrs/engine-local/internal/prepare/cache_status.go:105.27,107.3 1 0
github.com/sqlrs/engine-local/internal/prepare/cache_status.go:108.2,109.14 2 0
github.com/sqlrs/engine-local/internal/prepare/cache_status.go:112.76,113.14 1 0
github.com/sqlrs/engine-local/internal/prepare/cache_status.go:113.14,115.3 1 0
github.com/sqlrs/engine-local/internal/prepare/cache_status.go:116.2,119.24 4 0
github.com/sqlrs/engine-local/internal/prepare/capacity.go:50.39,50.66 1 1
github.com/sqlrs/engine-local/internal/prepare/capacity.go:55.139,56.78 1 1
github.com/sqlrs/engine-local/internal/prepare/capacity.go:56.78,58.3 1 1
github.com/sqlrs/engine-local/internal/prepare/capacity.go:59.2,60.16 2 1
github.com/sqlrs/engine-local/internal/prepare/capacity.go:60.16,65.3 1 1
github.com/sqlrs/engine-local/internal/prepare/capacity.go:66.2,67.16 2 1
github.com/sqlrs/engine-local/internal/prepare/capacity.go:67.16,72.3 1 1
github.com/sqlrs/engine-local/internal/prepare/capacity.go:73.2,73.23 1 1
github.com/sqlrs/engine-local/internal/prepare/capacity.go:73.23,75.3 1 0
github.com/sqlrs/engine-local/internal/prepare/capacity.go:76.2,76.32 1 1
github.com/sqlrs/engine-local/internal/prepare/capacity.go:76.32,83.3 1 1
github.com/sqlrs/engine-local/internal/prepare/capacity.go:85.2,86.16 2 1
github.com/sqlrs/engine-local/internal/prepare/capacity.go:86.16,91.3 1 1
github.com/sqlrs/engine-local/internal/prepare/capacity.go:92.2,92.58 1 1
github.com/sqlrs/engine-local/internal/prepare/capacity.go:92.58,94.3 1 1
github.com/sqlrs/engine-local/internal/prepare/capacity.go:96.2,97.63 2 1
github.com/sqlrs/engine-local/internal/prepare/capacity.go:97.63,101.3 3 1
github.com/sqlrs/engine-local/internal/prepare/capacity.go:102.2,102.20 1 1
github.com/sqlrs/engine-local/internal/prepare/capacity.go:102.20,107.3 1 1
github.com/sqlrs/engine-local/internal/prepare/capacity.go:109.2,110.21 2 1
github.com/sqlrs/engine-local/internal/prepare/capacity.go:110.21,115.3 1 1
github.com/sqlrs/engine-local/internal/prepare/capacity.go:116.2,117.20 2 1
github.com/sqlrs/engine-local/internal/prepare/capacity.go:117.20,122.3 1 1
github.com/sqlrs/engine-local/internal/prepare/capacity.go:123.2,123.58 1 1
github.com/sqlrs/engine-local/internal/prepare/capacity.go:123.58,125.3 1 1
github.com/sqlrs/engine-local/internal/prepare/capacity.go:127.2,129.70 3 1
github.com/sqlrs/engine-local/internal/prepare/capacity.go:129.70,137.3 1 1
github.com/sqlrs/engine-local/internal/prepare/capacity.go:138.2,138.66 1 1
github.com/sqlrs/engine-local/internal/prepare/capacity.go:138.66,146.3 1 1
github.com/sqlrs/engine-local/internal/prepare/capacity.go:148.2,161.4 1 1
github.com/sqlrs/engine-local/internal/prepare/capacity.go:164.96,171.21 6 1
github.com/sqlrs/engine-local/internal/prepare/capacity.go:171.21,172.78 1 1
github.com/sqlrs/engine-local/internal/prepare/capacity.go:172.78,173.20 1 1
github.com/sqlrs/engine-local/internal/prepare/capacity.go:173.20,175.5 1 1
github.com/sqlrs/engine-local/internal/prepare/capacity.go:175.10,177.12 2 1
github.com/sqlrs/engine-local/internal/prepare/capacity.go:177.12,179.6 1 1
github.com/sqlrs/engine-local/internal/prepare/capacity.go:180.5,180.22 1 1
github.com/sqlrs/engine-local/internal/prepare/capacity.go:183.3,183.82 1 1
github.com/sqlrs/engine-local/internal/prepare/capacity.go:183.82,184.20 1 1
github.com/sqlrs/engine-local/internal/prepare/capacity.go:184.20,186.12 2 1
github.com/sqlrs/engine-local/internal/prepare/capacity.go:186.12,188.6 1 1
github.com/sqlrs/engine-local/internal/prepare/capacity.go:189.5,189.30 1 1
github.com/sqlrs/engine-local/internal/prepare/capacity.go:192.3,192.83 1 1
github.com/sqlrs/engine-local/internal/prepare/capacity.go:192.83,193.20 1 1
github.com/sqlrs/engine-local/internal/prepare/capacity.go:193.20,195.12 2 1
github.com/sqlrs/engine-local/internal/prepare/capacity.go:195.12,197.6 1 1
github.com/sqlrs/engine-local/internal/prepare/capacity.go:198.5,198.18 1 1
github.com/sqlrs/engine-local/internal/prepare/capacity.go:201.3,201.82 1 1
github.com/sqlrs/engine-local/internal/prepare/capacity.go:201.82,202.20 1 1
github.com/sqlrs/engine-local/internal/prepare/capacity.go:202.20,204.12 2 1
github.com/sqlrs/engine-local/internal/prepare/capacity.go:204.12,206.6 1 1
github.com/sqlrs/engine-local/internal/prepare/capacity.go:207.5,207.17 1 1
github.com/sqlrs/engine-local/internal/prepare/capacity.go:210.3,210.81 1 1
github.com/sqlrs/engine-local/internal/prepare/capacity.go:210.81,211.20 1 1
github.com/sqlrs/engine-local/internal/prepare/capacity.go:211.20,213.12 2 1
github.com/sqlrs/engine-local/internal/prepare/capacity.go:213.12,215.6 1 1
github.com/sqlrs/engine-local/internal/prepare/capacity.go:216.5,217.24 2 1
github.com/sqlrs/engine-local/internal/prepare/capacity.go:217.24,219.6 1 1
github.com/sqlrs/engine-local/internal/prepare/capacity.go:220.5,220.20 1 1
github.com/sqlrs/engine-local/internal/prepare/capacity.go:225.2,225.18 1 1
github.com/sqlrs/engine-local/internal/prepare/capacity.go:225.18,227.3 1 1
github.com/sqlrs/engine-local/internal/prepare/capacity.go:228.2,228.52 1 1
github.com/sqlrs/engine-local/internal/prepare/capacity.go:228.52,230.3 1 1
github.com/sqlrs/engine-local/internal/prepare/capacity.go:231.2,231.27 1 1
github.com/sqlrs/engine-local/internal/prepare/capacity.go:231.27,233.3 1 1
github.com/sqlrs/engine-local/internal/prepare/capacity.go:234.2,234.29 1 1
github.com/sqlrs/engine-local/internal/prepare/capacity.go:234.29,236.3 1 1
github.com/sqlrs/engine-local/internal/prepare/capacity.go:237.2,237.16 1 1
github.com/sqlrs/engine-local/internal/prepare/capacity.go:237.16,239.3 1 1
github.com/sqlrs/engine-local/internal/prepare/capacity.go:241.2,241.25 1 1
github.com/sqlrs/engine-local/internal/prepare/capacity.go:241.25,243.3 1 1
github.com/sqlrs/engine-local/internal/prepare/capacity.go:244.2,245.28 2 1
github.com/sqlrs/engine-local/internal/prepare/capacity.go:245.28,247.3 1 1
github.com/sqlrs/engine-local/internal/prepare/capacity.go:248.2,248.17 1 1
github.com/sqlrs/engine-local/internal/prepare/capacity.go:248.17,250.3 1 0
github.com/sqlrs/engine-local/internal/prepare/capacity.go:251.2,252.28 2 1
github.com/sqlrs/engine-local/internal/prepare/capacity.go:252.28,254.3 1 1
github.com/sqlrs/engine-local/internal/prepare/capacity.go:255.2,256.45 2 1
github.com/sqlrs/engine-local/internal/prepare/capacity.go:256.45,258.3 1 1
github.com/sqlrs/engine-local/internal/prepare/capacity.go:259.2,267.8 1 1
github.com/sqlrs/engine-local/internal/prepare/capacity.go:270.45,271.16 1 1
github.com/sqlrs/engine-local/internal/prepare/capacity.go:271.16,273.3 1 1
github.com/sqlrs/engine-local/internal/prepare/capacity.go:274.2,275.38 2 1
github.com/sqlrs/engine-local/internal/prepare/capacity.go:275.38,277.3 1 1
github.com/sqlrs/engine-local/internal/prepare/capacity.go:278.2,278.16 1 1
github.com/sqlrs/engine-local/internal/prepare/capacity.go:281.86,283.28 2 1
github.com/sqlrs/engine-local/internal/prepare/capacity.go:283.28,285.3 1 1
github.com/sqlrs/engine-local/internal/prepare/capacity.go:286.2,286.42 1 1
github.com/sqlrs/engine-local/internal/prepare/capacity.go:289.87,292.28 3 1
github.com/sqlrs/engine-local/internal/prepare/capacity.go:292.28,294.3 1 1
github.com/sqlrs/engine-local/internal/prepare/capacity.go:295.2,295.39 1 1
github.com/sqlrs/engine-local/internal/prepare/capacity.go:295.39,297.3 1 1
github.com/sqlrs/engine-local/internal/prepare/capacity.go:298.2,298.16 1 1
github.com/sqlrs/engine-local/internal/prepare/capacity.go:308.175,311.16 3 1
github.com/sqlrs/engine-local/internal/prepare/capacity.go:311.16,313.3 1 1
github.com/sqlrs/engine-local/internal/prepare/capacity.go:314.2,318.39 4 1
github.com/sqlrs/engine-local/internal/prepare/capacity.go:318.39,319.23 1 1
github.com/sqlrs/engine-local/internal/prepare/capacity.go:319.23,321.4 1 1
github.com/sqlrs/engine-local/internal/prepare/capacity.go:322.3,322.67 1 1
github.com/sqlrs/engine-local/internal/prepare/capacity.go:322.67,323.9 1 1
github.com/sqlrs/engine-local/internal/prepare/capacity.go:325.3,325.67 1 1
github.com/sqlrs/engine-local/internal/prepare/capacity.go:325.67,326.12 1 1
github.com/sqlrs/engine-local/internal/prepare/capacity.go:328.3,331.22 4 1
github.com/sqlrs/engine-local/internal/prepare/capacity.go:331.22,333.4 1 1
github.com/sqlrs/engine-local/internal/prepare/capacity.go:334.3,336.21 3 1
github.com/sqlrs/engine-local/internal/prepare/capacity.go:336.21,338.4 1 1
github.com/sqlrs/engine-local/internal/prepare/capacity.go:339.3,339.26 1 1
github.com/sqlrs/engine-local/internal/prepare/capacity.go:341.2,341.21 1 1
github.com/sqlrs/engine-local/internal/prepare/capacity.go:344.164,346.16 2 1
github.com/sqlrs/engine-local/internal/prepare/capacity.go:346.16,348.3 1 1
github.com/sqlrs/engine-local/internal/prepare/capacity.go:349.2,350.44 2 1
github.com/sqlrs/engine-local/internal/prepare/capacity.go:350.44,352.20 2 1
github.com/sqlrs/engine-local/internal/prepare/capacity.go:352.20,353.12 1 0
github.com/sqlrs/engine-local/internal/prepare/capacity.go:355.3,355.34 1 1
github.com/sqlrs/engine-local/internal/prepare/capacity.go:357.2,361.32 5 1
github.com/sqlrs/engine-local/internal/prepare/capacity.go:361.32,362.48 1 1
github.com/sqlrs/engine-local/internal/prepare/capacity.go:362.48,364.12 2 1
github.com/sqlrs/engine-local/internal/prepare/capacity.go:366.3,366.25 1 1
github.com/sqlrs/engine-local/internal/prepare/capacity.go:366.25,368.12 2 1
github.com/sqlrs/engine-local/internal/prepare/capacity.go:370.3,371.22 2 1
github.com/sqlrs/engine-local/internal/prepare/capacity.go:371.22,373.4 1 1
github.com/sqlrs/engine-local/internal/prepare/capacity.go:374.3,374.24 1 1
github.com/sqlrs/engine-local/internal/prepare/capacity.go:374.24,376.12 2 1
github.com/sqlrs/engine-local/internal/prepare/capacity.go:378.3,379.22 2 1
github.com/sqlrs/engine-local/internal/prepare/capacity.go:379.22,381.4 1 1
github.com/sqlrs/engine-local/internal/prepare/capacity.go:382.3,382.37 1 1
github.com/sqlrs/engine-local/internal/prepare/capacity.go:382.37,383.100 1 1
github.com/sqlrs/engine-local/internal/prepare/capacity.go:383.100,385.13 2 1
github.com/sqlrs/engine-local/internal/prepare/capacity.go:388.3,388.76 1 1
github.com/sqlrs/engine-local/internal/prepare/capacity.go:388.76,390.12 2 1
github.com/sqlrs/engine-local/internal/prepare/capacity.go:392.3,393.30 2 1
github.com/sqlrs/engine-local/internal/prepare/capacity.go:393.30,394.60 1 1
github.com/sqlrs/engine-local/internal/prepare/capacity.go:394.60,396.5 1 1
github.com/sqlrs/engine-local/internal/prepare/capacity.go:398.3,399.53 2 1
github.com/sqlrs/engine-local/internal/prepare/capacity.go:399.53,401.4 1 1
github.com/sqlrs/engine-local/internal/prepare/capacity.go:401.9,403.25 2 1
github.com/sqlrs/engine-local/internal/prepare/capacity.go:403.25,404.80 1 1
github.com/sqlrs/engine-local/internal/prepare/capacity.go:404.80,406.6 1 1
github.com/sqlrs/engine-local/internal/prepare/capacity.go:409.3,409.15 1 1
github.com/sqlrs/engine-local/internal/prepare/capacity.go:409.15,411.4 1 1
github.com/sqlrs/engine-local/internal/prepare/capacity.go:412.3,419.5 2 1
github.com/sqlrs/engine-local/internal/prepare/capacity.go:422.2,422.44 1 1
github.com/sqlrs/engine-local/internal/prepare/capacity.go:422.44,424.47 2 1
github.com/sqlrs/engine-local/internal/prepare/capacity.go:424.47,426.4 1 1
github.com/sqlrs/engine-local/internal/prepare/capacity.go:427.3,427.40 1 1
github.com/sqlrs/engine-local/internal/prepare/capacity.go:427.40,429.4 1 1
github.com/sqlrs/engine-local/internal/prepare/capacity.go:430.3,430.38 1 1
github.com/sqlrs/engine-local/internal/prepare/capacity.go:432.2,432.39 1 1
github.com/sqlrs/engine-local/internal/prepare/capacity.go:435.103,437.16 2 1
github.com/sqlrs/engine-local/internal/prepare/capacity.go:437.16,439.3 1 1
github.com/sqlrs/engine-local/internal/prepare/capacity.go:440.2,440.66 1 1
github.com/sqlrs/engine-local/internal/prepare/capacity.go:440.66,442.3 1 1
github.com/sqlrs/engine-local/internal/prepare/capacity.go:443.2,443.68 1 1
github.com/sqlrs/engine-local/internal/prepare/capacity.go:443.68,445.3 1 1
github.com/sqlrs/engine-local/internal/prepare/capacity.go:446.2,446.12 1 1
github.com/sqlrs/engine-local/internal/prepare/capacity.go:449.75,451.16 2 1
github.com/sqlrs/engine-local/internal/prepare/capacity.go:451.16,453.3 1 1
github.com/sqlrs/engine-local/internal/prepare/capacity.go:454.2,455.32 2 1
github.com/sqlrs/engine-local/internal/prepare/capacity.go:455.32,456.54 1 1
github.com/sqlrs/engine-local/internal/prepare/capacity.go:456.54,457.12 1 1
github.com/sqlrs/engine-local/internal/prepare/capacity.go:459.3,459.41 1 1
github.com/sqlrs/engine-local/internal/prepare/capacity.go:459.41,461.4 1 1
github.com/sqlrs/engine-local/internal/prepare/capacity.go:463.2,463.12 1 1
github.com/sqlrs/engine-local/internal/prepare/capacity.go:466.87,467.15 1 1
github.com/sqlrs/engine-local/internal/prepare/capacity.go:467.15,469.3 1 1
github.com/sqlrs/engine-local/internal/prepare/capacity.go:470.2,470.59 1 1
github.com/sqlrs/engine-local/internal/prepare/capacity.go:470.59,472.3 1 1
github.com/sqlrs/engine-local/internal/prepare/capacity.go:473.2,474.6 2 1
github.com/sqlrs/engine-local/internal/prepare/capacity.go:474.6,475.23 1 1
github.com/sqlrs/engine-local/internal/prepare/capacity.go:475.23,477.4 1 1
github.com/sqlrs/engine-local/internal/prepare/capacity.go:478.3,479.17 2 1
github.com/sqlrs/engine-local/internal/prepare/capacity.go:479.17,483.4 3 1
github.com/sqlrs/engine-local/internal/prepare/capacity.go:484.3,484.55 1 1
github.com/sqlrs/engine-local/internal/prepare/capacity.go:484.55,486.4 1 1
github.com/sqlrs/engine-local/internal/prepare/capacity.go:487.3,488.24 2 1
github.com/sqlrs/engine-local/internal/prepare/capacity.go:488.24,490.4 1 0
github.com/sqlrs/engine-local/internal/prepare/capacity.go:491.3,491.14 1 1
github.com/sqlrs/engine-local/internal/prepare/capacity.go:491.14,492.12 1 1
github.com/sqlrs/engine-local/internal/prepare/capacity.go:494.3,494.36 1 1
github.com/sqlrs/engine-local/internal/prepare/capacity.go:498.84,499.21 1 1
github.com/sqlrs/engine-local/internal/prepare/capacity.go:499.21,501.3 1 0
github.com/sqlrs/engine-local/internal/prepare/capacity.go:502.2,503.16 2 1
github.com/sqlrs/engine-local/internal/prepare/capacity.go:503.16,504.59 1 0
github.com/sqlrs/engine-local/internal/prepare/capacity.go:504.59,506.4 1 0
github.com/sqlrs/engine-local/internal/prepare/capacity.go:507.3,507.20 1 0
github.com/sqlrs/engine-local/internal/prepare/capacity.go:509.2,509.18 1 1
github.com/sqlrs/engine-local/internal/prepare/capacity.go:509.18,511.3 1 0
github.com/sqlrs/engine-local/internal/prepare/capacity.go:512.2,512.45 1 1
github.com/sqlrs/engine-local/internal/prepare/capacity.go:512.45,514.3 1 1
github.com/sqlrs/engine-local/internal/prepare/capacity.go:515.2,515.44 1 1
github.com/sqlrs/engine-local/internal/prepare/capacity.go:515.44,516.59 1 0
github.com/sqlrs/engine-local/internal/prepare/capacity.go:516.59,518.4 1 0
github.com/sqlrs/engine-local/internal/prepare/capacity.go:519.3,519.20 1 0
github.com/sqlrs/engine-local/internal/prepare/capacity.go:521.2,521.18 1 1
github.com/sqlrs/engine-local/internal/prepare/capacity.go:524.88,525.23 1 1
github.com/sqlrs/engine-local/internal/prepare/capacity.go:525.23,527.3 1 1
github.com/sqlrs/engine-local/internal/prepare/capacity.go:528.2,529.16 2 1
github.com/sqlrs/engine-local/internal/prepare/capacity.go:529.16,531.3 1 1
github.com/sqlrs/engine-local/internal/prepare/capacity.go:532.2,532.50 1 1
github.com/sqlrs/engine-local/internal/prepare/capacity.go:535.39,536.27 1 1
github.com/sqlrs/engine-local/internal/prepare/capacity.go:537.11,538.24 1 1
github.com/sqlrs/engine-local/internal/prepare/capacity.go:539.13,540.24 1 1
github.com/sqlrs/engine-local/internal/prepare/capacity.go:541.13,542.17 1 1
github.com/sqlrs/engine-local/internal/prepare/capacity.go:543.15,544.29 1 1
github.com/sqlrs/engine-local/internal/prepare/capacity.go:544.29,546.4 1 1
github.com/sqlrs/engine-local/internal/prepare/capacity.go:547.3,547.24 1 1
github.com/sqlrs/engine-local/internal/prepare/capacity.go:548.19,549.44 1 1
github.com/sqlrs/engine-local/internal/prepare/capacity.go:549.44,551.4 1 1
github.com/sqlrs/engine-local/internal/prepare/capacity.go:552.3,553.17 2 1
github.com/sqlrs/engine-local/internal/prepare/capacity.go:553.17,555.4 1 1
github.com/sqlrs/engine-local/internal/prepare/capacity.go:556.3,556.22 1 1
github.com/sqlrs/engine-local/internal/prepare/capacity.go:557.10,558.18 1 1
github.com/sqlrs/engine-local/internal/prepare/capacity.go:562.43,563.27 1 1
github.com/sqlrs/engine-local/internal/prepare/capacity.go:564.15,565.26 1 1
github.com/sqlrs/engine-local/internal/prepare/capacity.go:566.15,567.17 1 1
github.com/sqlrs/engine-local/internal/prepare/capacity.go:568.11,569.26 1 1
github.com/sqlrs/engine-local/internal/prepare/capacity.go:570.13,571.26 1 1
github.com/sqlrs/engine-local/internal/prepare/capacity.go:572.13,573.26 1 1
github.com/sqlrs/engine-local/internal/prepare/capacity.go:574.19,576.17 2 1
github.com/sqlrs/engine-local/internal/prepare/capacity.go:576.17,578.4 1 1
github.com/sqlrs/engine-local/internal/prepare/capacity.go:579.3,579.22 1 1
github.com/sqlrs/engine-local/internal/prepare/capacity.go:580.10,581.18 1 1
github.com/sqlrs/engine-local/internal/prepare/capacity.go:585.52,587.16 2 1
github.com/sqlrs/engine-local/internal/prepare/capacity.go:587.16,589.3 1 1
github.com/sqlrs/engine-local/internal/prepare/capacity.go:590.2,591.93 2 1
github.com/sqlrs/engine-local/internal/prepare/capacity.go:591.93,592.21 1 1
github.com/sqlrs/engine-local/internal/prepare/capacity.go:592.21,593.42 1 1
github.com/sqlrs/engine-local/internal/prepare/capacity.go:593.42,595.5 1 1
github.com/sqlrs/engine-local/internal/prepare/capacity.go:596.4,596.18 1 0
github.com/sqlrs/engine-local/internal/prepare/capacity.go:598.3,598.20 1 1
github.com/sqlrs/engine-local/internal/prepare/capacity.go:598.20,600.4 1 1
github.com/sqlrs/engine-local/internal/prepare/capacity.go:601.3,602.17 2 1
github.com/sqlrs/engine-local/internal/prepare/capacity.go:602.17,603.38 1 0
github.com/sqlrs/engine-local/internal/prepare/capacity.go:603.38,605.5 1 0
github.com/sqlrs/engine-local/internal/prepare/capacity.go:606.4,606.14 1 0
github.com/sqlrs/engine-local/internal/prepare/capacity.go:608.3,609.13 2 1
github.com/sqlrs/engine-local/internal/prepare/capacity.go:611.2,611.36 1 1
github.com/sqlrs/engine-local/internal/prepare/capacity.go:611.36,613.3 1 0
github.com/sqlrs/engine-local/internal/prepare/capacity.go:614.2,614.19 1 1
github.com/sqlrs/engine-local/internal/prepare/capacity.go:617.62,619.26 2 1
github.com/sqlrs/engine-local/internal/prepare/capacity.go:619.26,621.3 1 1
github.com/sqlrs/engine-local/internal/prepare/capacity.go:622.2,624.16 3 1
github.com/sqlrs/engine-local/internal/prepare/capacity.go:624.16,625.37 1 1
github.com/sqlrs/engine-local/internal/prepare/capacity.go:625.37,627.4 1 1
github.com/sqlrs/engine-local/internal/prepare/capacity.go:628.3,628.16 1 1
github.com/sqlrs/engine-local/internal/prepare/capacity.go:630.2,630.19 1 1
github.com/sqlrs/engine-local/internal/prepare/capacity.go:630.19,635.3 1 1
github.com/sqlrs/engine-local/internal/prepare/capacity.go:636.2,637.16 2 1
github.com/sqlrs/engine-local/internal/prepare/capacity.go:637.16,638.37 1 0
github.com/sqlrs/engine-local/internal/prepare/capacity.go:638.37,640.4 1 0
github.com/sqlrs/engine-local/internal/prepare/capacity.go:641.3,641.16 1 0
github.com/sqlrs/engine-local/internal/prepare/capacity.go:644.2,645.33 2 1
github.com/sqlrs/engine-local/internal/prepare/capacity.go:645.33,646.22 1 1
github.com/sqlrs/engine-local/internal/prepare/capacity.go:646.22,647.12 1 0
github.com/sqlrs/engine-local/internal/prepare/capacity.go:649.3,651.24 3 1
github.com/sqlrs/engine-local/internal/prepare/capacity.go:651.24,652.45 1 0
github.com/sqlrs/engine-local/internal/prepare/capacity.go:652.45,653.13 1 0
github.com/sqlrs/engine-local/internal/prepare/capacity.go:655.4,655.24 1 0
github.com/sqlrs/engine-local/internal/prepare/capacity.go:657.3,657.36 1 1
github.com/sqlrs/engine-local/internal/prepare/capacity.go:657.36,658.24 1 1
github.com/sqlrs/engine-local/internal/prepare/capacity.go:658.24,659.13 1 0
github.com/sqlrs/engine-local/internal/prepare/capacity.go:661.4,663.23 3 1
github.com/sqlrs/engine-local/internal/prepare/capacity.go:663.23,664.44 1 1
github.com/sqlrs/engine-local/internal/prepare/capacity.go:664.44,665.14 1 1
github.com/sqlrs/engine-local/internal/prepare/capacity.go:667.5,667.23 1 1
github.com/sqlrs/engine-local/internal/prepare/capacity.go:669.4,669.18 1 1
github.com/sqlrs/engine-local/internal/prepare/capacity.go:672.2,672.19 1 1
github.com/sqlrs/engine-local/internal/prepare/capacity.go:675.37,676.16 1 1
github.com/sqlrs/engine-local/internal/prepare/capacity.go:676.16,678.3 1 1
github.com/sqlrs/engine-local/internal/prepare/capacity.go:679.2,679.36 1 1
github.com/sqlrs/engine-local/internal/prepare/capacity.go:679.36,681.3 1 1
github.com/sqlrs/engine-local/internal/prepare/capacity.go:682.2,684.60 2 1
github.com/sqlrs/engine-local/internal/prepare/capacity.go:687.83,688.26 1 1
github.com/sqlrs/engine-local/internal/prepare/capacity.go:688.26,690.3 1 1
github.com/sqlrs/engine-local/internal/prepare/capacity.go:691.2,694.4 1 1
github.com/sqlrs/engine-local/internal/prepare/capacity.go:697.54,699.17 2 1
github.com/sqlrs/engine-local/internal/prepare/capacity.go:699.17,701.3 1 1
github.com/sqlrs/engine-local/internal/prepare/capacity.go:702.2,702.68 1 1
github.com/sqlrs/engine-local/internal/prepare/capacity.go:702.68,704.3 1 1
github.com/sqlrs/engine-local/internal/prepare/capacity.go:705.2,705.64 1 1
github.com/sqlrs/engine-local/internal/prepare/capacity.go:705.64,707.3 1 0
github.com/sqlrs/engine-local/internal/prepare/capacity.go:708.2,708.27 1 1
github.com/sqlrs/engine-local/internal/prepare/capacity.go:711.33,712.11 1 1
github.com/sqlrs/engine-local/internal/prepare/capacity.go:712.11,714.3 1 1
github.com/sqlrs/engine-local/internal/prepare/capacity.go:715.2,715.10 1 1
github.com/sqlrs/engine-local/internal/prepare/components.go:44.73,46.2 1 1
github.com/sqlrs/engine-local/internal/prepare/components.go:48.141,50.2 1 1
github.com/sqlrs/engine-local/internal/prepare/components.go:52.134,54.2 1 1
github.com/sqlrs/engine-local/internal/prepare/components.go:56.103,58.2 1 1
github.com/sqlrs/engine-local/internal/prepare/components.go:60.143,62.2 1 1
github.com/sqlrs/engine-local/internal/prepare/components.go:64.150,66.2 1 1
github.com/sqlrs/engine-local/internal/prepare/components.go:68.145,70.2 1 1
github.com/sqlrs/engine-local/internal/prepare/components.go:72.153,74.2 1 1
github.com/sqlrs/engine-local/internal/prepare/components.go:76.150,78.2 1 1
github.com/sqlrs/engine-local/internal/prepare/components.go:80.155,82.2 1 1
github.com/sqlrs/engine-local/internal/prepare/components.go:84.164,86.2 1 1
github.com/sqlrs/engine-local/internal/prepare/components.go:88.144,90.2 1 1
github.com/sqlrs/engine-local/internal/prepare/components.go:92.168,94.2 1 1
github.com/sqlrs/engine-local/internal/prepare/components.go:96.148,98.2 1 1
github.com/sqlrs/engine-local/internal/prepare/components.go:100.101,102.2 1 1
github.com/sqlrs/engine-local/internal/prepare/components.go:104.153,106.2 1 1
github.com/sqlrs/engine-local/internal/prepare/content_lock.go:22.53,24.16 2 1
github.com/sqlrs/engine-local/internal/prepare/content_lock.go:24.16,26.3 1 1
github.com/sqlrs/engine-local/internal/prepare/content_lock.go:27.2,27.44 1 1
github.com/sqlrs/engine-local/internal/prepare/content_lock.go:27.44,30.3 2 1
github.com/sqlrs/engine-local/internal/prepare/content_lock.go:31.2,31.15 1 1
github.com/sqlrs/engine-local/internal/prepare/content_lock.go:34.61,36.29 2 1
github.com/sqlrs/engine-local/internal/prepare/content_lock.go:36.29,38.17 2 1
github.com/sqlrs/engine-local/internal/prepare/content_lock.go:38.17,39.12 1 1
github.com/sqlrs/engine-local/internal/prepare/content_lock.go:41.3,41.26 1 1
github.com/sqlrs/engine-local/internal/prepare/content_lock.go:43.2,43.20 1 1
github.com/sqlrs/engine-local/internal/prepare/content_lock.go:43.20,45.3 1 1
github.com/sqlrs/engine-local/internal/prepare/content_lock.go:46.2,47.25 2 1
github.com/sqlrs/engine-local/internal/prepare/content_lock.go:47.25,49.3 1 1
github.com/sqlrs/engine-local/internal/prepare/content_lock.go:50.2,55.29 3 1
github.com/sqlrs/engine-local/internal/prepare/content_lock.go:55.29,57.17 2 1
github.com/sqlrs/engine-local/internal/prepare/content_lock.go:57.17,60.4 2 1
github.com/sqlrs/engine-local/internal/prepare/content_lock.go:61.3,61.24 1 1
github.com/sqlrs/engine-local/internal/prepare/content_lock.go:63.2,63.19 1 1
github.com/sqlrs/engine-local/internal/prepare/content_lock.go:66.37,67.14 1 1
github.com/sqlrs/engine-local/internal/prepare/content_lock.go:67.14,69.3 1 1
github.com/sqlrs/engine-local/internal/prepare/content_lock.go:70.2,71.31 2 1
github.com/sqlrs/engine-local/internal/prepare/content_lock.go:71.31,73.15 2 1
github.com/sqlrs/engine-local/internal/prepare/content_lock.go:73.15,74.12 1 1
github.com/sqlrs/engine-local/internal/prepare/content_lock.go:76.3,76.64 1 1
github.com/sqlrs/engine-local/internal/prepare/content_lock.go:76.64,78.4 1 1
github.com/sqlrs/engine-local/internal/prepare/content_lock.go:79.3,79.52 1 1
github.com/sqlrs/engine-local/internal/prepare/content_lock.go:79.52,81.4 1 1
github.com/sqlrs/engine-local/internal/prepare/content_lock.go:83.2,83.15 1 1
github.com/sqlrs/engine-local/internal/prepare/content_lock.go:86.61,87.14 1 1
github.com/sqlrs/engine-local/internal/prepare/content_lock.go:87.14,89.3 1 1
github.com/sqlrs/engine-local/internal/prepare/content_lock.go:90.2,91.14 2 1
github.com/sqlrs/engine-local/internal/prepare/content_lock.go:91.14,93.3 1 1
github.com/sqlrs/engine-local/internal/prepare/content_lock.go:94.2,94.40 1 1
github.com/sqlrs/engine-local/internal/prepare/content_lock.go:94.40,96.3 1 1
github.com/sqlrs/engine-local/internal/prepare/content_lock.go:97.2,98.34 2 1
github.com/sqlrs/engine-local/internal/prepare/content_lock.go:98.34,100.3 1 1
github.com/sqlrs/engine-local/internal/prepare/content_lock.go:101.2,101.18 1 1
github.com/sqlrs/engine-local/internal/prepare/content_lock_windows.go:11.42,15.2 3 1
github.com/sqlrs/engine-local/internal/prepare/content_lock_windows.go:17.44,20.2 2 1
github.com/sqlrs/engine-local/internal/prepare/errors.go:11.41,12.21 1 1
github.com/sqlrs/engine-local/internal/prepare/errors.go:12.21,14.3 1 1
github.com/sqlrs/engine-local/internal/prepare/errors.go:15.2,15.52 1 1
github.com/sqlrs/engine-local/internal/prepare/errors.go:18.52,20.2 1 1
github.com/sqlrs/engine-local/internal/prepare/errors.go:22.48,23.16 1 1
github.com/sqlrs/engine-local/internal/prepare/errors.go:23.16,25.3 1 1
github.com/sqlrs/engine-local/internal/prepare/errors.go:26.2,26.25 1 1
github.com/sqlrs/engine-local/internal/prepare/errors.go:27.23,28.22 1 1
github.com/sqlrs/engine-local/internal/prepare/errors.go:29.24,30.22 1 1
github.com/sqlrs/engine-local/internal/prepare/errors.go:31.10,32.72 1 1
github.com/sqlrs/engine-local/internal/prepare/errors.go:36.66,41.19 2 1
github.com/sqlrs/engine-local/internal/prepare/errors.go:41.19,43.3 1 1
github.com/sqlrs/engine-local/internal/prepare/errors.go:44.2,44.13 1 1
github.com/sqlrs/engine-local/internal/prepare/execution.go:49.64,51.2 1 1
github.com/sqlrs/engine-local/internal/prepare/execution.go:65.124,66.22 1 1
github.com/sqlrs/engine-local/internal/prepare/execution.go:66.22,68.3 1 1
github.com/sqlrs/engine-local/internal/prepare/execution.go:69.2,75.4 1 1
github.com/sqlrs/engine-local/internal/prepare/execution.go:78.101,79.22 1 1
github.com/sqlrs/engine-local/internal/prepare/execution.go:79.22,81.3 1 1
github.com/sqlrs/engine-local/internal/prepare/execution.go:82.2,83.9 2 1
github.com/sqlrs/engine-local/internal/prepare/execution.go:83.9,85.3 1 1
github.com/sqlrs/engine-local/internal/prepare/execution.go:86.2,93.4 1 1
github.com/sqlrs/engine-local/internal/prepare/execution.go:110.109,111.35 1 1
github.com/sqlrs/engine-local/internal/prepare/execution.go:111.35,113.3 1 1
github.com/sqlrs/engine-local/internal/prepare/execution.go:114.2,114.15 1 1
github.com/sqlrs/engine-local/internal/prepare/execution.go:114.15,116.3 1 1
github.com/sqlrs/engine-local/internal/prepare/execution.go:117.2,118.16 2 1
github.com/sqlrs/engine-local/internal/prepare/execution.go:118.16,120.3 1 1
github.com/sqlrs/engine-local/internal/prepare/execution.go:121.2,122.16 2 1
github.com/sqlrs/engine-local/internal/prepare/execution.go:122.16,124.3 1 1
github.com/sqlrs/engine-local/internal/prepare/execution.go:125.2,126.38 2 1
github.com/sqlrs/engine-local/internal/prepare/execution.go:126.38,128.17 2 1
github.com/sqlrs/engine-local/internal/prepare/execution.go:128.17,130.4 1 1
github.com/sqlrs/engine-local/internal/prepare/execution.go:132.2,139.8 1 1
github.com/sqlrs/engine-local/internal/prepare/execution.go:142.68,143.25 1 1
github.com/sqlrs/engine-local/internal/prepare/execution.go:143.25,145.3 1 1
github.com/sqlrs/engine-local/internal/prepare/execution.go:146.2,148.28 3 1
github.com/sqlrs/engine-local/internal/prepare/execution.go:148.28,150.50 2 1
github.com/sqlrs/engine-local/internal/prepare/execution.go:150.50,152.4 1 1
github.com/sqlrs/engine-local/internal/prepare/execution.go:153.3,153.34 1 1
github.com/sqlrs/engine-local/internal/prepare/execution.go:155.2,155.36 1 1
github.com/sqlrs/engine-local/internal/prepare/execution.go:155.36,157.49 2 1
github.com/sqlrs/engine-local/internal/prepare/execution.go:157.49,159.12 2 1
github.com/sqlrs/engine-local/internal/prepare/execution.go:161.3,161.27 1 1
github.com/sqlrs/engine-local/internal/prepare/execution.go:163.2,163.12 1 1
github.com/sqlrs/engine-local/internal/prepare/execution.go:166.41,167.31 1 1
github.com/sqlrs/engine-local/internal/prepare/execution.go:167.31,169.3 1 1
github.com/sqlrs/engine-local/internal/prepare/execution.go:170.2,170.12 1 0
github.com/sqlrs/engine-local/internal/prepare/execution.go:173.143,175.22 2 1
github.com/sqlrs/engine-local/internal/prepare/execution.go:175.22,177.3 1 1
github.com/sqlrs/engine-local/internal/prepare/execution.go:178.2,178.23 1 1
github.com/sqlrs/engine-local/internal/prepare/execution.go:178.23,180.3 1 1
github.com/sqlrs/engine-local/internal/prepare/execution.go:181.2,185.19 4 1
github.com/sqlrs/engine-local/internal/prepare/execution.go:185.19,187.3 1 0
github.com/sqlrs/engine-local/internal/prepare/execution.go:188.2,188.15 1 1
github.com/sqlrs/engine-local/internal/prepare/execution.go:188.15,190.3 1 1
github.com/sqlrs/engine-local/internal/prepare/execution.go:192.2,195.44 3 1
github.com/sqlrs/engine-local/internal/prepare/execution.go:195.44,197.17 2 1
github.com/sqlrs/engine-local/internal/prepare/execution.go:197.17,199.4 1 1
github.com/sqlrs/engine-local/internal/prepare/execution.go:200.3,202.17 3 1
github.com/sqlrs/engine-local/internal/prepare/execution.go:202.17,205.4 2 1
github.com/sqlrs/engine-local/internal/prepare/execution.go:206.3,207.23 2 1
github.com/sqlrs/engine-local/internal/prepare/execution.go:210.2,210.42 1 1
github.com/sqlrs/engine-local/internal/prepare/execution.go:210.42,214.40 1 1
github.com/sqlrs/engine-local/internal/prepare/execution.go:214.40,216.22 2 1
github.com/sqlrs/engine-local/internal/prepare/execution.go:216.22,218.5 1 0
github.com/sqlrs/engine-local/internal/prepare/execution.go:219.4,221.22 3 1
github.com/sqlrs/engine-local/internal/prepare/execution.go:221.22,223.5 1 0
github.com/sqlrs/engine-local/internal/prepare/execution.go:224.4,226.22 3 1
github.com/sqlrs/engine-local/internal/prepare/execution.go:226.22,229.5 2 0
github.com/sqlrs/engine-local/internal/prepare/execution.go:230.4,230.28 1 1
github.com/sqlrs/engine-local/internal/prepare/execution.go:230.28,233.5 2 1
github.com/sqlrs/engine-local/internal/prepare/execution.go:234.4,235.25 2 1
github.com/sqlrs/engine-local/internal/prepare/execution.go:235.25,237.5 1 1
github.com/sqlrs/engine-local/internal/prepare/execution.go:238.4,238.112 1 1
github.com/sqlrs/engine-local/internal/prepare/execution.go:242.2,242.26 1 1
github.com/sqlrs/engine-local/internal/prepare/execution.go:242.26,244.3 1 1
github.com/sqlrs/engine-local/internal/prepare/execution.go:246.2,246.20 1 1
github.com/sqlrs/engine-local/internal/prepare/execution.go:246.20,247.106 1 1
github.com/sqlrs/engine-local/internal/prepare/execution.go:247.106,249.4 1 1
github.com/sqlrs/engine-local/internal/prepare/execution.go:252.2,253.16 2 1
github.com/sqlrs/engine-local/internal/prepare/execution.go:253.16,255.3 1 1
github.com/sqlrs/engine-local/internal/prepare/execution.go:256.2,266.124 4 1
github.com/sqlrs/engine-local/internal/prepare/execution.go:266.124,276.3 5 1
github.com/sqlrs/engine-local/internal/prepare/execution.go:277.2,277.12 1 1
github.com/sqlrs/engine-local/internal/prepare/execution.go:277.12,281.33 2 1
github.com/sqlrs/engine-local/internal/prepare/execution.go:281.33,285.4 3 1
github.com/sqlrs/engine-local/internal/prepare/execution.go:286.3,286.28 1 1
github.com/sqlrs/engine-local/internal/prepare/execution.go:288.2,288.80 1 1
github.com/sqlrs/engine-local/internal/prepare/execution.go:288.80,290.3 1 1
github.com/sqlrs/engine-local/internal/prepare/execution.go:292.2,293.38 2 1
github.com/sqlrs/engine-local/internal/prepare/execution.go:293.38,295.3 1 1
github.com/sqlrs/engine-local/internal/prepare/execution.go:296.2,297.16 2 1
github.com/sqlrs/engine-local/internal/prepare/execution.go:297.16,299.3 1 1
github.com/sqlrs/engine-local/internal/prepare/execution.go:300.2,300.60 1 1
github.com/sqlrs/engine-local/internal/prepare/execution.go:300.60,301.130 1 1
github.com/sqlrs/engine-local/internal/prepare/execution.go:301.130,303.4 1 0
github.com/sqlrs/engine-local/internal/prepare/execution.go:304.3,304.85 1 1
github.com/sqlrs/engine-local/internal/prepare/execution.go:306.2,306.70 1 1
github.com/sqlrs/engine-local/internal/prepare/execution.go:306.70,307.130 1 1
github.com/sqlrs/engine-local/internal/prepare/execution.go:307.130,309.4 1 1
github.com/sqlrs/engine-local/internal/prepare/execution.go:310.3,310.85 1 0
github.com/sqlrs/engine-local/internal/prepare/execution.go:313.2,316.82 4 1
github.com/sqlrs/engine-local/internal/prepare/execution.go:316.82,317.20 1 1
github.com/sqlrs/engine-local/internal/prepare/execution.go:317.20,319.18 2 1
github.com/sqlrs/engine-local/internal/prepare/execution.go:319.18,322.5 2 1
github.com/sqlrs/engine-local/internal/prepare/execution.go:323.4,323.14 1 1
github.com/sqlrs/engine-local/internal/prepare/execution.go:323.14,326.5 2 1
github.com/sqlrs/engine-local/internal/prepare/execution.go:328.3,328.86 1 1
github.com/sqlrs/engine-local/internal/prepare/execution.go:328.86,329.72 1 1
github.com/sqlrs/engine-local/internal/prepare/execution.go:329.72,332.5 2 1
github.com/sqlrs/engine-local/internal/prepare/execution.go:335.3,335.16 1 1
github.com/sqlrs/engine-local/internal/prepare/execution.go:335.16,337.24 2 1
github.com/sqlrs/engine-local/internal/prepare/execution.go:337.24,340.5 2 1
github.com/sqlrs/engine-local/internal/prepare/execution.go:341.4,341.16 1 1
github.com/sqlrs/engine-local/internal/prepare/execution.go:343.3,343.86 1 1
github.com/sqlrs/engine-local/internal/prepare/execution.go:343.86,344.143 1 1
github.com/sqlrs/engine-local/internal/prepare/execution.go:344.143,346.5 1 0
github.com/sqlrs/engine-local/internal/prepare/execution.go:346.10,348.5 1 1
github.com/sqlrs/engine-local/internal/prepare/execution.go:349.4,349.30 1 1
github.com/sqlrs/engine-local/internal/prepare/execution.go:351.3,351.77 1 1
github.com/sqlrs/engine-local/internal/prepare/execution.go:351.77,354.4 2 1
github.com/sqlrs/engine-local/internal/prepare/execution.go:356.3,357.61 2 1
github.com/sqlrs/engine-local/internal/prepare/execution.go:357.61,359.4 1 0
github.com/sqlrs/engine-local/internal/prepare/execution.go:360.3,360.68 1 1
github.com/sqlrs/engine-local/internal/prepare/execution.go:360.68,361.120 1 1
github.com/sqlrs/engine-local/internal/prepare/execution.go:361.120,363.5 1 1
github.com/sqlrs/engine-local/internal/prepare/execution.go:363.10,365.5 1 1
github.com/sqlrs/engine-local/internal/prepare/execution.go:366.4,366.30 1 1
github.com/sqlrs/engine-local/internal/prepare/execution.go:368.3,369.16 2 1
github.com/sqlrs/engine-local/internal/prepare/execution.go:369.16,370.15 1 1
github.com/sqlrs/engine-local/internal/prepare/execution.go:370.15,372.5 1 1
github.com/sqlrs/engine-local/internal/prepare/execution.go:373.4,373.64 1 1
github.com/sqlrs/engine-local/internal/prepare/execution.go:376.3,378.77 3 1
github.com/sqlrs/engine-local/internal/prepare/execution.go:378.77,379.120 1 1
github.com/sqlrs/engine-local/internal/prepare/execution.go:379.120,381.5 1 1
github.com/sqlrs/engine-local/internal/prepare/execution.go:381.10,383.5 1 1
github.com/sqlrs/engine-local/internal/prepare/execution.go:384.4,384.30 1 1
github.com/sqlrs/engine-local/internal/prepare/execution.go:386.3,389.67 4 1
github.com/sqlrs/engine-local/internal/prepare/execution.go:389.67,391.4 1 0
github.com/sqlrs/engine-local/internal/prepare/execution.go:392.3,392.73 1 1
github.com/sqlrs/engine-local/internal/prepare/execution.go:392.73,393.120 1 1
github.com/sqlrs/engine-local/internal/prepare/execution.go:393.120,395.5 1 1
github.com/sqlrs/engine-local/internal/prepare/execution.go:395.10,397.5 1 1
github.com/sqlrs/engine-local/internal/prepare/execution.go:398.4,398.30 1 1
github.com/sqlrs/engine-local/internal/prepare/execution.go:400.3,413.57 5 1
github.com/sqlrs/engine-local/internal/prepare/execution.go:413.57,414.24 1 1
github.com/sqlrs/engine-local/internal/prepare/execution.go:414.24,417.5 2 0
github.com/sqlrs/engine-local/internal/prepare/execution.go:418.4,419.134 2 1
github.com/sqlrs/engine-local/internal/prepare/execution.go:419.134,421.5 1 1
github.com/sqlrs/engine-local/internal/prepare/execution.go:421.10,423.5 1 1
github.com/sqlrs/engine-local/internal/prepare/execution.go:424.4,424.30 1 1
github.com/sqlrs/engine-local/internal/prepare/execution.go:426.3,426.69 1 1
github.com/sqlrs/engine-local/internal/prepare/execution.go:426.69,427.134 1 0
github.com/sqlrs/engine-local/internal/prepare/execution.go:427.134,429.5 1 0
github.com/sqlrs/engine-local/internal/prepare/execution.go:429.10,431.5 1 0
github.com/sqlrs/engine-local/internal/prepare/execution.go:432.4,432.30 1 0
github.com/sqlrs/engine-local/internal/prepare/execution.go:434.3,434.99 1 1
github.com/sqlrs/engine-local/internal/prepare/execution.go:434.99,437.4 2 1
github.com/sqlrs/engine-local/internal/prepare/execution.go:438.3,438.13 1 1
github.com/sqlrs/engine-local/internal/prepare/execution.go:440.2,440.20 1 1
github.com/sqlrs/engine-local/internal/prepare/execution.go:440.20,442.3 1 1
github.com/sqlrs/engine-local/internal/prepare/execution.go:443.2,443.20 1 1
github.com/sqlrs/engine-local/internal/prepare/execution.go:443.20,444.23 1 1
github.com/sqlrs/engine-local/internal/prepare/execution.go:444.23,446.4 1 0
github.com/sqlrs/engine-local/internal/prepare/execution.go:447.3,447.97 1 1
github.com/sqlrs/engine-local/internal/prepare/execution.go:449.2,449.27 1 1
github.com/sqlrs/engine-local/internal/prepare/execution.go:452.151,453.38 1 1
github.com/sqlrs/engine-local/internal/prepare/execution.go:454.14,455.59 1 1
github.com/sqlrs/engine-local/internal/prepare/execution.go:456.12,457.64 1 1
github.com/sqlrs/engine-local/internal/prepare/execution.go:458.10,459.99 1 1
github.com/sqlrs/engine-local/internal/prepare/execution.go:463.100,464.20 1 1
github.com/sqlrs/engine-local/internal/prepare/execution.go:464.20,466.3 1 1
github.com/sqlrs/engine-local/internal/prepare/execution.go:467.2,467.38 1 1
github.com/sqlrs/engine-local/internal/prepare/execution.go:467.38,469.3 1 1
github.com/sqlrs/engine-local/internal/prepare/execution.go:470.2,470.106 1 1
github.com/sqlrs/engine-local/internal/prepare/execution.go:470.106,472.3 1 1
github.com/sqlrs/engine-local/internal/prepare/execution.go:473.2,473.74 1 1
github.com/sqlrs/engine-local/internal/prepare/execution.go:476.148,479.16 3 1
github.com/sqlrs/engine-local/internal/prepare/execution.go:479.16,481.3 1 1
github.com/sqlrs/engine-local/internal/prepare/execution.go:482.2,483.16 2 1
github.com/sqlrs/engine-local/internal/prepare/execution.go:483.16,485.3 1 1
github.com/sqlrs/engine-local/internal/prepare/execution.go:486.2,486.19 1 1
github.com/sqlrs/engine-local/internal/prepare/execution.go:486.19,488.3 1 1
github.com/sqlrs/engine-local/internal/prepare/execution.go:489.2,491.62 3 1
github.com/sqlrs/engine-local/internal/prepare/execution.go:491.62,494.3 2 1
github.com/sqlrs/engine-local/internal/prepare/execution.go:495.2,501.59 2 1
github.com/sqlrs/engine-local/internal/prepare/execution.go:501.59,503.3 1 1
github.com/sqlrs/engine-local/internal/prepare/execution.go:504.2,504.16 1 1
github.com/sqlrs/engine-local/internal/prepare/execution.go:504.16,505.23 1 1
github.com/sqlrs/engine-local/internal/prepare/execution.go:505.23,507.4 1 1
github.com/sqlrs/engine-local/internal/prepare/execution.go:508.3,509.20 2 1
github.com/sqlrs/engine-local/internal/prepare/execution.go:509.20,511.4 1 1
github.com/sqlrs/engine-local/internal/prepare/execution.go:512.3,512.150 1 1
github.com/sqlrs/engine-local/internal/prepare/execution.go:512.150,514.4 1 1
github.com/sqlrs/engine-local/internal/prepare/execution.go:515.3,515.134 1 1
github.com/sqlrs/engine-local/internal/prepare/execution.go:515.134,517.4 1 0
github.com/sqlrs/engine-local/internal/prepare/execution.go:518.3,518.75 1 1
github.com/sqlrs/engine-local/internal/prepare/execution.go:520.2,520.22 1 1
github.com/sqlrs/engine-local/internal/prepare/execution.go:520.22,522.3 1 1
github.com/sqlrs/engine-local/internal/prepare/execution.go:523.2,523.12 1 1
github.com/sqlrs/engine-local/internal/prepare/execution.go:526.153,528.24 2 1
github.com/sqlrs/engine-local/internal/prepare/execution.go:528.24,530.3 1 1
github.com/sqlrs/engine-local/internal/prepare/execution.go:531.2,531.72 1 1
github.com/sqlrs/engine-local/internal/prepare/execution.go:531.72,533.3 1 1
github.com/sqlrs/engine-local/internal/prepare/execution.go:534.2,538.16 5 1
github.com/sqlrs/engine-local/internal/prepare/execution.go:538.16,540.3 1 0
github.com/sqlrs/engine-local/internal/prepare/execution.go:541.2,542.28 2 1
github.com/sqlrs/engine-local/internal/prepare/execution.go:542.28,544.3 1 1
github.com/sqlrs/engine-local/internal/prepare/execution.go:545.2,546.16 2 1
github.com/sqlrs/engine-local/internal/prepare/execution.go:546.16,548.3 1 1
github.com/sqlrs/engine-local/internal/prepare/execution.go:549.2,550.34 2 1
github.com/sqlrs/engine-local/internal/prepare/execution.go:550.34,552.3 1 1
github.com/sqlrs/engine-local/internal/prepare/execution.go:553.2,553.36 1 1
github.com/sqlrs/engine-local/internal/prepare/execution.go:553.36,555.20 2 0
github.com/sqlrs/engine-local/internal/prepare/execution.go:555.20,557.4 1 0
github.com/sqlrs/engine-local/internal/prepare/execution.go:558.3,558.22 1 0
github.com/sqlrs/engine-local/internal/prepare/execution.go:560.2,560.18 1 1
github.com/sqlrs/engine-local/internal/prepare/execution.go:560.18,562.3 1 1
github.com/sqlrs/engine-local/internal/prepare/execution.go:563.2,566.16 4 1
github.com/sqlrs/engine-local/internal/prepare/execution.go:566.16,568.3 1 0
github.com/sqlrs/engine-local/internal/prepare/execution.go:570.2,575.60 6 1
github.com/sqlrs/engine-local/internal/prepare/execution.go:575.60,578.3 2 0
github.com/sqlrs/engine-local/internal/prepare/execution.go:579.2,588.59 2 1
github.com/sqlrs/engine-local/internal/prepare/execution.go:588.59,590.3 1 1
github.com/sqlrs/engine-local/internal/prepare/execution.go:591.2,591.16 1 1
github.com/sqlrs/engine-local/internal/prepare/execution.go:591.16,592.23 1 1
github.com/sqlrs/engine-local/internal/prepare/execution.go:592.23,594.4 1 1
github.com/sqlrs/engine-local/internal/prepare/execution.go:595.3,596.20 2 1
github.com/sqlrs/engine-local/internal/prepare/execution.go:596.20,598.4 1 1
github.com/sqlrs/engine-local/internal/prepare/execution.go:599.3,599.150 1 1
github.com/sqlrs/engine-local/internal/prepare/execution.go:599.150,601.4 1 0
github.com/sqlrs/engine-local/internal/prepare/execution.go:602.3,602.134 1 1
github.com/sqlrs/engine-local/internal/prepare/execution.go:602.134,604.4 1 0
github.com/sqlrs/engine-local/internal/prepare/execution.go:605.3,605.80 1 1
github.com/sqlrs/engine-local/internal/prepare/execution.go:607.2,607.22 1 1
github.com/sqlrs/engine-local/internal/prepare/execution.go:607.22,609.3 1 1
github.com/sqlrs/engine-local/internal/prepare/execution.go:610.2,610.12 1 1
github.com/sqlrs/engine-local/internal/prepare/execution.go:613.112,615.35 2 1
github.com/sqlrs/engine-local/internal/prepare/execution.go:615.35,617.3 1 1
github.com/sqlrs/engine-local/internal/prepare/execution.go:618.2,618.93 1 1
github.com/sqlrs/engine-local/internal/prepare/execution.go:618.93,619.96 1 1
github.com/sqlrs/engine-local/internal/prepare/execution.go:619.96,621.4 1 1
github.com/sqlrs/engine-local/internal/prepare/execution.go:623.2,624.15 2 1
github.com/sqlrs/engine-local/internal/prepare/execution.go:624.15,626.3 1 1
github.com/sqlrs/engine-local/internal/prepare/execution.go:627.2,631.20 2 1
github.com/sqlrs/engine-local/internal/prepare/execution.go:631.20,633.3 1 1
github.com/sqlrs/engine-local/internal/prepare/execution.go:634.2,637.12 4 1
github.com/sqlrs/engine-local/internal/prepare/execution.go:640.46,642.16 2 1
github.com/sqlrs/engine-local/internal/prepare/execution.go:642.16,644.3 1 1
github.com/sqlrs/engine-local/internal/prepare/execution.go:645.2,646.31 2 1
github.com/sqlrs/engine-local/internal/prepare/execution.go:646.31,647.71 1 1
github.com/sqlrs/engine-local/internal/prepare/execution.go:647.71,648.12 1 1
github.com/sqlrs/engine-local/internal/prepare/execution.go:650.3,651.17 2 1
github.com/sqlrs/engine-local/internal/prepare/execution.go:651.17,652.12 1 1
github.com/sqlrs/engine-local/internal/prepare/execution.go:654.3,654.30 1 1
github.com/sqlrs/engine-local/internal/prepare/execution.go:654.30,656.46 2 1
github.com/sqlrs/engine-local/internal/prepare/execution.go:656.46,657.13 1 1
github.com/sqlrs/engine-local/internal/prepare/execution.go:659.4,660.58 2 1
github.com/sqlrs/engine-local/internal/prepare/execution.go:660.58,661.13 1 1
github.com/sqlrs/engine-local/internal/prepare/execution.go:663.4,663.28 1 1
github.com/sqlrs/engine-local/internal/prepare/execution.go:663.28,665.5 1 1
github.com/sqlrs/engine-local/internal/prepare/execution.go:666.4,666.25 1 1
github.com/sqlrs/engine-local/internal/prepare/execution.go:666.25,668.5 1 1
github.com/sqlrs/engine-local/internal/prepare/execution.go:671.2,671.23 1 1
github.com/sqlrs/engine-local/internal/prepare/execution.go:671.23,673.3 1 1
github.com/sqlrs/engine-local/internal/prepare/execution.go:674.2,674.25 1 1
github.com/sqlrs/engine-local/internal/prepare/execution.go:677.60,679.20 2 1
github.com/sqlrs/engine-local/internal/prepare/execution.go:679.20,681.3 1 1
github.com/sqlrs/engine-local/internal/prepare/execution.go:682.2,684.27 3 1
github.com/sqlrs/engine-local/internal/prepare/execution.go:684.27,686.3 1 1
github.com/sqlrs/engine-local/internal/prepare/execution.go:687.2,687.33 1 1
github.com/sqlrs/engine-local/internal/prepare/execution.go:690.41,691.36 1 1
github.com/sqlrs/engine-local/internal/prepare/execution.go:691.36,693.3 1 1
github.com/sqlrs/engine-local/internal/prepare/execution.go:694.2,694.41 1 1
github.com/sqlrs/engine-local/internal/prepare/execution.go:694.41,696.3 1 1
github.com/sqlrs/engine-local/internal/prepare/execution.go:697.2,697.14 1 1
github.com/sqlrs/engine-local/internal/prepare/execution.go:700.51,701.33 1 1
github.com/sqlrs/engine-local/internal/prepare/execution.go:701.33,703.10 2 1
github.com/sqlrs/engine-local/internal/prepare/execution.go:704.62,705.23 1 1
github.com/sqlrs/engine-local/internal/prepare/execution.go:705.23,706.52 1 1
github.com/sqlrs/engine-local/internal/prepare/execution.go:706.52,708.6 1 1
github.com/sqlrs/engine-local/internal/prepare/execution.go:710.52,711.86 1 1
github.com/sqlrs/engine-local/internal/prepare/execution.go:711.86,713.5 1 1
github.com/sqlrs/engine-local/internal/prepare/execution.go:714.51,715.85 1 1
github.com/sqlrs/engine-local/internal/prepare/execution.go:715.85,717.5 1 1
github.com/sqlrs/engine-local/internal/prepare/execution.go:720.2,720.11 1 1
github.com/sqlrs/engine-local/internal/prepare/execution.go:723.41,725.33 2 1
github.com/sqlrs/engine-local/internal/prepare/execution.go:725.33,727.3 1 1
github.com/sqlrs/engine-local/internal/prepare/execution.go:728.2,731.19 4 1
github.com/sqlrs/engine-local/internal/prepare/execution.go:731.19,733.3 1 1
github.com/sqlrs/engine-local/internal/prepare/execution.go:734.2,734.14 1 1
github.com/sqlrs/engine-local/internal/prepare/execution.go:734.14,736.3 1 1
github.com/sqlrs/engine-local/internal/prepare/execution.go:737.2,737.19 1 1
github.com/sqlrs/engine-local/internal/prepare/execution.go:740.142,742.22 2 1
github.com/sqlrs/engine-local/internal/prepare/execution.go:742.22,744.3 1 1
github.com/sqlrs/engine-local/internal/prepare/execution.go:745.2,745.38 1 1
github.com/sqlrs/engine-local/internal/prepare/execution.go:745.38,747.3 1 1
github.com/sqlrs/engine-local/internal/prepare/execution.go:749.2,750.19 2 1
github.com/sqlrs/engine-local/internal/prepare/execution.go:750.19,752.3 1 0
github.com/sqlrs/engine-local/internal/prepare/execution.go:753.2,753.15 1 1
github.com/sqlrs/engine-local/internal/prepare/execution.go:753.15,755.3 1 1
github.com/sqlrs/engine-local/internal/prepare/execution.go:757.2,758.15 2 1
github.com/sqlrs/engine-local/internal/prepare/execution.go:758.15,761.21 3 1
github.com/sqlrs/engine-local/internal/prepare/execution.go:761.21,763.4 1 1
github.com/sqlrs/engine-local/internal/prepare/execution.go:764.3,764.24 1 1
github.com/sqlrs/engine-local/internal/prepare/execution.go:766.2,766.53 1 1
github.com/sqlrs/engine-local/internal/prepare/execution.go:766.53,768.3 1 1
github.com/sqlrs/engine-local/internal/prepare/execution.go:770.2,771.16 2 1
github.com/sqlrs/engine-local/internal/prepare/execution.go:771.16,773.3 1 1
github.com/sqlrs/engine-local/internal/prepare/execution.go:774.2,778.38 5 1
github.com/sqlrs/engine-local/internal/prepare/execution.go:778.38,780.3 1 0
github.com/sqlrs/engine-local/internal/prepare/execution.go:781.2,781.45 1 1
github.com/sqlrs/engine-local/internal/prepare/execution.go:781.45,783.3 1 1
github.com/sqlrs/engine-local/internal/prepare/execution.go:784.2,785.44 2 1
github.com/sqlrs/engine-local/internal/prepare/execution.go:785.44,787.3 1 1
github.com/sqlrs/engine-local/internal/prepare/execution.go:788.2,796.17 1 1
github.com/sqlrs/engine-local/internal/prepare/execution.go:796.17,797.23 1 1
github.com/sqlrs/engine-local/internal/prepare/execution.go:797.23,799.4 1 0
github.com/sqlrs/engine-local/internal/prepare/execution.go:800.3,800.84 1 1
github.com/sqlrs/engine-local/internal/prepare/execution.go:802.2,811.21 3 1
github.com/sqlrs/engine-local/internal/prepare/execution.go:814.166,815.19 1 1
github.com/sqlrs/engine-local/internal/prepare/execution.go:815.19,817.3 1 1
github.com/sqlrs/engine-local/internal/prepare/execution.go:818.2,818.42 1 1
github.com/sqlrs/engine-local/internal/prepare/execution.go:818.42,820.3 1 1
github.com/sqlrs/engine-local/internal/prepare/execution.go:821.2,822.20 2 1
github.com/sqlrs/engine-local/internal/prepare/execution.go:822.20,824.3 1 1
github.com/sqlrs/engine-local/internal/prepare/execution.go:825.2,826.16 2 1
github.com/sqlrs/engine-local/internal/prepare/execution.go:829.146,831.22 2 1
github.com/sqlrs/engine-local/internal/prepare/execution.go:831.22,833.3 1 1
github.com/sqlrs/engine-local/internal/prepare/execution.go:834.2,834.18 1 1
github.com/sqlrs/engine-local/internal/prepare/execution.go:834.18,836.3 1 1
github.com/sqlrs/engine-local/internal/prepare/execution.go:838.2,839.38 2 1
github.com/sqlrs/engine-local/internal/prepare/execution.go:839.38,841.3 1 1
github.com/sqlrs/engine-local/internal/prepare/execution.go:842.2,844.57 3 1
github.com/sqlrs/engine-local/internal/prepare/execution.go:844.57,846.3 1 0
github.com/sqlrs/engine-local/internal/prepare/execution.go:847.2,849.20 3 1
github.com/sqlrs/engine-local/internal/prepare/execution.go:850.15,853.17 3 1
github.com/sqlrs/engine-local/internal/prepare/execution.go:853.17,855.4 1 0
github.com/sqlrs/engine-local/internal/prepare/execution.go:856.3,856.81 1 1
github.com/sqlrs/engine-local/internal/prepare/execution.go:856.81,857.24 1 1
github.com/sqlrs/engine-local/internal/prepare/execution.go:857.24,859.5 1 1
github.com/sqlrs/engine-local/internal/prepare/execution.go:860.4,860.92 1 0
github.com/sqlrs/engine-local/internal/prepare/execution.go:862.3,862.25 1 1
github.com/sqlrs/engine-local/internal/prepare/execution.go:863.15,864.40 1 1
github.com/sqlrs/engine-local/internal/prepare/execution.go:864.40,866.4 1 1
github.com/sqlrs/engine-local/internal/prepare/execution.go:867.3,868.17 2 1
github.com/sqlrs/engine-local/internal/prepare/execution.go:868.17,870.4 1 1
github.com/sqlrs/engine-local/internal/prepare/execution.go:871.3,871.10 1 1
github.com/sqlrs/engine-local/internal/prepare/execution.go:871.10,873.4 1 1
github.com/sqlrs/engine-local/internal/prepare/execution.go:874.3,874.45 1 1
github.com/sqlrs/engine-local/internal/prepare/execution.go:874.45,876.4 1 1
github.com/sqlrs/engine-local/internal/prepare/execution.go:877.3,878.17 2 1
github.com/sqlrs/engine-local/internal/prepare/execution.go:878.17,880.4 1 0
github.com/sqlrs/engine-local/internal/prepare/execution.go:881.3,882.70 2 1
github.com/sqlrs/engine-local/internal/prepare/execution.go:882.70,885.4 2 1
github.com/sqlrs/engine-local/internal/prepare/execution.go:886.3,887.17 2 1
github.com/sqlrs/engine-local/internal/prepare/execution.go:887.17,889.4 1 0
github.com/sqlrs/engine-local/internal/prepare/execution.go:890.3,890.10 1 1
github.com/sqlrs/engine-local/internal/prepare/execution.go:890.10,892.4 1 1
github.com/sqlrs/engine-local/internal/prepare/execution.go:893.3,894.26 2 1
github.com/sqlrs/engine-local/internal/prepare/execution.go:895.10,896.84 1 1
github.com/sqlrs/engine-local/internal/prepare/execution.go:899.2,901.20 3 1
github.com/sqlrs/engine-local/internal/prepare/execution.go:901.20,902.112 1 1
github.com/sqlrs/engine-local/internal/prepare/execution.go:902.112,904.4 1 1
github.com/sqlrs/engine-local/internal/prepare/execution.go:906.2,906.83 1 1
github.com/sqlrs/engine-local/internal/prepare/execution.go:906.83,908.76 2 1
github.com/sqlrs/engine-local/internal/prepare/execution.go:908.76,909.87 1 0
github.com/sqlrs/engine-local/internal/prepare/execution.go:909.87,911.5 1 0
github.com/sqlrs/engine-local/internal/prepare/execution.go:912.9,914.4 1 1
github.com/sqlrs/engine-local/internal/prepare/execution.go:916.2,916.69 1 1
github.com/sqlrs/engine-local/internal/prepare/execution.go:916.69,917.130 1 1
github.com/sqlrs/engine-local/internal/prepare/execution.go:917.130,919.4 1 0
github.com/sqlrs/engine-local/internal/prepare/execution.go:920.3,920.88 1 1
github.com/sqlrs/engine-local/internal/prepare/execution.go:922.2,923.16 2 1
github.com/sqlrs/engine-local/internal/prepare/execution.go:923.16,924.130 1 1
github.com/sqlrs/engine-local/internal/prepare/execution.go:924.130,926.4 1 1
github.com/sqlrs/engine-local/internal/prepare/execution.go:927.3,927.81 1 1
github.com/sqlrs/engine-local/internal/prepare/execution.go:929.2,929.69 1 1
github.com/sqlrs/engine-local/internal/prepare/execution.go:929.69,932.3 2 1
github.com/sqlrs/engine-local/internal/prepare/execution.go:933.2,933.27 1 1
github.com/sqlrs/engine-local/internal/prepare/execution.go:933.27,935.17 2 1
github.com/sqlrs/engine-local/internal/prepare/execution.go:935.17,937.4 1 1
github.com/sqlrs/engine-local/internal/prepare/execution.go:938.3,938.10 1 1
github.com/sqlrs/engine-local/internal/prepare/execution.go:938.10,940.4 1 1
github.com/sqlrs/engine-local/internal/prepare/execution.go:942.2,945.16 3 1
github.com/sqlrs/engine-local/internal/prepare/execution.go:945.16,948.3 2 0
github.com/sqlrs/engine-local/internal/prepare/execution.go:950.2,951.57 2 1
github.com/sqlrs/engine-local/internal/prepare/execution.go:951.57,953.3 1 0
github.com/sqlrs/engine-local/internal/prepare/execution.go:954.2,956.45 3 1
github.com/sqlrs/engine-local/internal/prepare/execution.go:956.45,958.3 1 1
github.com/sqlrs/engine-local/internal/prepare/execution.go:959.2,966.16 2 1
github.com/sqlrs/engine-local/internal/prepare/execution.go:966.16,969.23 3 1
github.com/sqlrs/engine-local/internal/prepare/execution.go:969.23,971.4 1 1
github.com/sqlrs/engine-local/internal/prepare/execution.go:972.3,972.83 1 1
github.com/sqlrs/engine-local/internal/prepare/execution.go:974.2,984.8 4 1
github.com/sqlrs/engine-local/internal/prepare/execution.go:989.107,991.38 2 1
github.com/sqlrs/engine-local/internal/prepare/execution.go:991.38,993.3 1 1
github.com/sqlrs/engine-local/internal/prepare/execution.go:994.2,994.31 1 1
github.com/sqlrs/engine-local/internal/prepare/execution.go:994.31,996.3 1 1
github.com/sqlrs/engine-local/internal/prepare/execution.go:997.2,997.63 1 1
github.com/sqlrs/engine-local/internal/prepare/execution.go:997.63,999.3 1 0
github.com/sqlrs/engine-local/internal/prepare/execution.go:1000.2,1000.52 1 1
github.com/sqlrs/engine-local/internal/prepare/execution.go:1000.52,1001.32 1 1
github.com/sqlrs/engine-local/internal/prepare/execution.go:1001.32,1003.4 1 1
github.com/sqlrs/engine-local/internal/prepare/execution.go:1004.3,1004.43 1 1
github.com/sqlrs/engine-local/internal/prepare/execution.go:1004.43,1006.4 1 1
github.com/sqlrs/engine-local/internal/prepare/execution.go:1006.9,1006.24 1 1
github.com/sqlrs/engine-local/internal/prepare/execution.go:1006.24,1008.4 1 0
github.com/sqlrs/engine-local/internal/prepare/execution.go:1009.3,1009.55 1 1
github.com/sqlrs/engine-local/internal/prepare/execution.go:1009.55,1011.4 1 0
github.com/sqlrs/engine-local/internal/prepare/execution.go:1012.3,1012.67 1 1
github.com/sqlrs/engine-local/internal/prepare/execution.go:1012.67,1014.4 1 1
github.com/sqlrs/engine-local/internal/prepare/execution.go:1015.3,1015.34 1 1
github.com/sqlrs/engine-local/internal/prepare/execution.go:1016.17,1018.3 1 1
github.com/sqlrs/engine-local/internal/prepare/execution.go:1019.2,1019.12 1 1
github.com/sqlrs/engine-local/internal/prepare/execution.go:1027.44,1030.2 2 1
github.com/sqlrs/engine-local/internal/prepare/execution.go:1032.44,1035.2 2 1
github.com/sqlrs/engine-local/internal/prepare/execution.go:1037.49,1038.47 1 1
github.com/sqlrs/engine-local/internal/prepare/execution.go:1038.47,1039.42 1 1
github.com/sqlrs/engine-local/internal/prepare/execution.go:1039.42,1041.4 1 1
github.com/sqlrs/engine-local/internal/prepare/execution.go:1041.9,1041.45 1 1
github.com/sqlrs/engine-local/internal/prepare/execution.go:1041.45,1042.28 1 1
github.com/sqlrs/engine-local/internal/prepare/execution.go:1042.28,1044.5 1 0
github.com/sqlrs/engine-local/internal/prepare/execution.go:1045.4,1045.21 1 1
github.com/sqlrs/engine-local/internal/prepare/execution.go:1048.2,1048.19 1 1
github.com/sqlrs/engine-local/internal/prepare/execution.go:1051.46,1053.19 2 1
github.com/sqlrs/engine-local/internal/prepare/execution.go:1053.19,1055.3 1 1
github.com/sqlrs/engine-local/internal/prepare/execution.go:1056.2,1058.45 3 1
github.com/sqlrs/engine-local/internal/prepare/execution.go:1058.45,1060.3 1 1
github.com/sqlrs/engine-local/internal/prepare/execution.go:1061.2,1061.14 1 1
github.com/sqlrs/engine-local/internal/prepare/execution.go:1064.43,1067.34 3 1
github.com/sqlrs/engine-local/internal/prepare/execution.go:1067.34,1069.3 1 1
github.com/sqlrs/engine-local/internal/prepare/execution.go:1070.2,1070.56 1 1
github.com/sqlrs/engine-local/internal/prepare/execution.go:1073.48,1075.20 2 1
github.com/sqlrs/engine-local/internal/prepare/execution.go:1075.20,1077.3 1 1
github.com/sqlrs/engine-local/internal/prepare/execution.go:1078.2,1081.84 2 1
github.com/sqlrs/engine-local/internal/prepare/execution.go:1081.84,1083.3 1 1
github.com/sqlrs/engine-local/internal/prepare/execution.go:1084.2,1084.34 1 1
github.com/sqlrs/engine-local/internal/prepare/execution.go:1084.34,1085.42 1 1
github.com/sqlrs/engine-local/internal/prepare/execution.go:1085.42,1087.4 1 1
github.com/sqlrs/engine-local/internal/prepare/execution.go:1089.2,1089.11 1 1
github.com/sqlrs/engine-local/internal/prepare/execution.go:1092.159,1094.38 2 1
github.com/sqlrs/engine-local/internal/prepare/execution.go:1094.38,1096.3 1 1
github.com/sqlrs/engine-local/internal/prepare/execution.go:1097.2,1098.16 2 1
github.com/sqlrs/engine-local/internal/prepare/execution.go:1098.16,1100.3 1 1
github.com/sqlrs/engine-local/internal/prepare/execution.go:1101.2,1102.50 2 1
github.com/sqlrs/engine-local/internal/prepare/execution.go:1102.50,1104.3 1 1
github.com/sqlrs/engine-local/internal/prepare/execution.go:1105.2,1105.38 1 1
github.com/sqlrs/engine-local/internal/prepare/execution.go:1105.38,1107.3 1 1
github.com/sqlrs/engine-local/internal/prepare/execution.go:1108.2,1109.16 2 1
github.com/sqlrs/engine-local/internal/prepare/execution.go:1109.16,1111.3 1 1
github.com/sqlrs/engine-local/internal/prepare/execution.go:1112.2,1112.69 1 1
github.com/sqlrs/engine-local/internal/prepare/execution.go:1112.69,1114.84 2 1
github.com/sqlrs/engine-local/internal/prepare/execution.go:1114.84,1116.4 1 1
github.com/sqlrs/engine-local/internal/prepare/execution.go:1117.3,1117.59 1 1
github.com/sqlrs/engine-local/internal/prepare/execution.go:1117.59,1119.4 1 1
github.com/sqlrs/engine-local/internal/prepare/execution.go:1120.3,1120.19 1 1
github.com/sqlrs/engine-local/internal/prepare/execution.go:1122.2,1123.16 2 1
github.com/sqlrs/engine-local/internal/prepare/execution.go:1123.16,1125.3 1 0
github.com/sqlrs/engine-local/internal/prepare/execution.go:1126.2,1126.9 1 1
github.com/sqlrs/engine-local/internal/prepare/execution.go:1126.9,1128.84 2 1
github.com/sqlrs/engine-local/internal/prepare/execution.go:1128.84,1130.4 1 1
github.com/sqlrs/engine-local/internal/prepare/execution.go:1131.3,1131.59 1 1
github.com/sqlrs/engine-local/internal/prepare/execution.go:1131.59,1133.4 1 1
github.com/sqlrs/engine-local/internal/prepare/execution.go:1134.3,1134.19 1 1
github.com/sqlrs/engine-local/internal/prepare/execution.go:1136.2,1136.19 1 0
github.com/sqlrs/engine-local/internal/prepare/execution.go:1139.49,1141.16 2 1
github.com/sqlrs/engine-local/internal/prepare/execution.go:1141.16,1142.37 1 1
github.com/sqlrs/engine-local/internal/prepare/execution.go:1142.37,1144.4 1 1
github.com/sqlrs/engine-local/internal/prepare/execution.go:1145.3,1145.13 1 0
github.com/sqlrs/engine-local/internal/prepare/execution.go:1147.2,1149.32 3 1
github.com/sqlrs/engine-local/internal/prepare/execution.go:1149.32,1150.25 1 1
github.com/sqlrs/engine-local/internal/prepare/execution.go:1150.25,1151.12 1 1
github.com/sqlrs/engine-local/internal/prepare/execution.go:1153.3,1154.8 2 1
github.com/sqlrs/engine-local/internal/prepare/execution.go:1156.2,1156.15 1 1
github.com/sqlrs/engine-local/internal/prepare/execution.go:1156.15,1158.3 1 1
github.com/sqlrs/engine-local/internal/prepare/execution.go:1159.2,1159.32 1 1
github.com/sqlrs/engine-local/internal/prepare/execution.go:1159.32,1160.25 1 1
github.com/sqlrs/engine-local/internal/prepare/execution.go:1160.25,1161.12 1 1
github.com/sqlrs/engine-local/internal/prepare/execution.go:1163.3,1163.76 1 1
github.com/sqlrs/engine-local/internal/prepare/execution.go:1163.76,1165.4 1 0
github.com/sqlrs/engine-local/internal/prepare/execution.go:1167.2,1167.12 1 1
github.com/sqlrs/engine-local/internal/prepare/execution.go:1170.79,1171.15 1 1
github.com/sqlrs/engine-local/internal/prepare/execution.go:1171.15,1173.3 1 1
github.com/sqlrs/engine-local/internal/prepare/execution.go:1174.2,1175.6 2 1
github.com/sqlrs/engine-local/internal/prepare/execution.go:1175.6,1176.23 1 1
github.com/sqlrs/engine-local/internal/prepare/execution.go:1176.23,1178.4 1 1
github.com/sqlrs/engine-local/internal/prepare/execution.go:1179.3,1180.17 2 1
github.com/sqlrs/engine-local/internal/prepare/execution.go:1180.17,1184.4 3 1
github.com/sqlrs/engine-local/internal/prepare/execution.go:1185.3,1185.44 1 1
github.com/sqlrs/engine-local/internal/prepare/execution.go:1185.44,1186.33 1 1
github.com/sqlrs/engine-local/internal/prepare/execution.go:1186.33,1189.5 2 1
github.com/sqlrs/engine-local/internal/prepare/execution.go:1190.4,1191.12 2 1
github.com/sqlrs/engine-local/internal/prepare/execution.go:1193.3,1193.13 1 1
github.com/sqlrs/engine-local/internal/prepare/execution.go:1204.64,1207.2 2 1
github.com/sqlrs/engine-local/internal/prepare/execution.go:1209.64,1211.63 2 1
github.com/sqlrs/engine-local/internal/prepare/execution.go:1211.63,1213.3 1 1
github.com/sqlrs/engine-local/internal/prepare/execution.go:1214.2,1214.48 1 1
github.com/sqlrs/engine-local/internal/prepare/execution.go:1219.46,1220.15 1 1
github.com/sqlrs/engine-local/internal/prepare/execution.go:1220.15,1222.3 1 1
github.com/sqlrs/engine-local/internal/prepare/execution.go:1223.2,1223.18 1 1
github.com/sqlrs/engine-local/internal/prepare/execution.go:1226.64,1228.21 2 1
github.com/sqlrs/engine-local/internal/prepare/execution.go:1228.21,1232.3 3 1
github.com/sqlrs/engine-local/internal/prepare/execution.go:1233.2,1233.54 1 1
github.com/sqlrs/engine-local/internal/prepare/execution.go:1236.62,1237.21 1 1
github.com/sqlrs/engine-local/internal/prepare/execution.go:1237.21,1241.3 3 1
github.com/sqlrs/engine-local/internal/prepare/execution.go:1242.2,1242.52 1 1
github.com/sqlrs/engine-local/internal/prepare/execution.go:1245.116,1246.15 1 1
github.com/sqlrs/engine-local/internal/prepare/execution.go:1246.15,1248.3 1 1
github.com/sqlrs/engine-local/internal/prepare/execution.go:1249.2,1249.39 1 1
github.com/sqlrs/engine-local/internal/prepare/execution.go:1249.39,1251.3 1 1
github.com/sqlrs/engine-local/internal/prepare/execution.go:1252.2,1252.67 1 1
github.com/sqlrs/engine-local/internal/prepare/execution.go:1252.67,1254.3 1 1
github.com/sqlrs/engine-local/internal/prepare/execution.go:1255.2,1255.6 1 1
github.com/sqlrs/engine-local/internal/prepare/execution.go:1255.6,1256.23 1 1
github.com/sqlrs/engine-local/internal/prepare/execution.go:1256.23,1258.4 1 1
github.com/sqlrs/engine-local/internal/prepare/execution.go:1259.3,1260.17 2 1
github.com/sqlrs/engine-local/internal/prepare/execution.go:1260.17,1264.4 3 1
github.com/sqlrs/engine-local/internal/prepare/execution.go:1265.3,1265.44 1 1
github.com/sqlrs/engine-local/internal/prepare/execution.go:1265.44,1266.46 1 1
github.com/sqlrs/engine-local/internal/prepare/execution.go:1266.46,1269.5 2 1
github.com/sqlrs/engine-local/internal/prepare/execution.go:1270.4,1271.12 2 1
github.com/sqlrs/engine-local/internal/prepare/execution.go:1273.3,1273.13 1 1
github.com/sqlrs/engine-local/internal/prepare/execution.go:1277.62,1278.36 1 1
github.com/sqlrs/engine-local/internal/prepare/execution.go:1278.36,1280.3 1 0
github.com/sqlrs/engine-local/internal/prepare/execution.go:1281.2,1281.28 1 1
github.com/sqlrs/engine-local/internal/prepare/execution.go:1281.28,1283.41 2 1
github.com/sqlrs/engine-local/internal/prepare/execution.go:1283.41,1287.4 1 1
github.com/sqlrs/engine-local/internal/prepare/execution.go:1288.3,1288.33 1 0
github.com/sqlrs/engine-local/internal/prepare/execution.go:1288.33,1290.4 1 0
github.com/sqlrs/engine-local/internal/prepare/execution.go:1292.2,1292.54 1 1
github.com/sqlrs/engine-local/internal/prepare/execution.go:1292.54,1294.3 1 1
github.com/sqlrs/engine-local/internal/prepare/execution.go:1295.2,1296.20 2 1
github.com/sqlrs/engine-local/internal/prepare/execution.go:1296.20,1298.3 1 1
github.com/sqlrs/engine-local/internal/prepare/execution.go:1299.2,1299.40 1 1
github.com/sqlrs/engine-local/internal/prepare/execution.go:1299.40,1303.3 1 1
github.com/sqlrs/engine-local/internal/prepare/execution.go:1304.2,1304.61 1 0
github.com/sqlrs/engine-local/internal/prepare/execution.go:1304.61,1306.3 1 0
github.com/sqlrs/engine-local/internal/prepare/execution.go:1307.2,1307.14 1 0
github.com/sqlrs/engine-local/internal/prepare/execution.go:1310.55,1311.43 1 1
github.com/sqlrs/engine-local/internal/prepare/execution.go:1311.43,1313.3 1 1
github.com/sqlrs/engine-local/internal/prepare/execution.go:1314.2,1315.20 2 1
github.com/sqlrs/engine-local/internal/prepare/execution.go:1315.20,1320.3 1 1
github.com/sqlrs/engine-local/internal/prepare/execution.go:1321.2,1321.61 1 1
github.com/sqlrs/engine-local/internal/prepare/execution.go:1321.61,1323.3 1 0
github.com/sqlrs/engine-local/internal/prepare/execution.go:1324.2,1324.14 1 1
github.com/sqlrs/engine-local/internal/prepare/execution.go:1327.40,1329.2 1 1
github.com/sqlrs/engine-local/internal/prepare/execution.go:1331.83,1332.15 1 1
github.com/sqlrs/engine-local/internal/prepare/execution.go:1332.15,1334.3 1 1
github.com/sqlrs/engine-local/internal/prepare/execution.go:1335.2,1335.39 1 1
github.com/sqlrs/engine-local/internal/prepare/execution.go:1338.84,1339.15 1 1
github.com/sqlrs/engine-local/internal/prepare/execution.go:1339.15,1341.3 1 1
github.com/sqlrs/engine-local/internal/prepare/execution.go:1342.2,1342.53 1 1
github.com/sqlrs/engine-local/internal/prepare/execution.go:1342.53,1344.3 1 1
github.com/sqlrs/engine-local/internal/prepare/execution.go:1345.2,1345.41 1 1
github.com/sqlrs/engine-local/internal/prepare/execution.go:1348.81,1349.19 1 1
github.com/sqlrs/engine-local/internal/prepare/execution.go:1349.19,1351.3 1 1
github.com/sqlrs/engine-local/internal/prepare/execution.go:1352.2,1353.15 2 1
github.com/sqlrs/engine-local/internal/prepare/execution.go:1353.15,1355.3 1 1
github.com/sqlrs/engine-local/internal/prepare/execution.go:1356.2,1359.64 4 1
github.com/sqlrs/engine-local/internal/prepare/execution.go:1359.64,1361.3 1 1
github.com/sqlrs/engine-local/internal/prepare/execution.go:1362.2,1362.23 1 1
github.com/sqlrs/engine-local/internal/prepare/execution.go:1362.23,1364.3 1 1
github.com/sqlrs/engine-local/internal/prepare/execution.go:1367.72,1368.36 1 1
github.com/sqlrs/engine-local/internal/prepare/execution.go:1368.36,1369.50 1 1
github.com/sqlrs/engine-local/internal/prepare/execution.go:1369.50,1371.4 1 1
github.com/sqlrs/engine-local/internal/prepare/execution.go:1373.2,1373.27 1 1
github.com/sqlrs/engine-local/internal/prepare/execution.go:1376.46,1377.80 1 1
github.com/sqlrs/engine-local/internal/prepare/execution.go:1377.80,1379.3 1 1
github.com/sqlrs/engine-local/internal/prepare/execution.go:1380.2,1380.25 1 1
github.com/sqlrs/engine-local/internal/prepare/filesystem_stats.go:11.61,13.16 2 1
github.com/sqlrs/engine-local/internal/prepare/filesystem_stats.go:13.16,15.3 1 1
github.com/sqlrs/engine-local/internal/prepare/filesystem_stats.go:16.2,17.6 2 1
github.com/sqlrs/engine-local/internal/prepare/filesystem_stats.go:17.6,19.17 2 1
github.com/sqlrs/engine-local/internal/prepare/filesystem_stats.go:19.17,20.20 1 1
github.com/sqlrs/engine-local/internal/prepare/filesystem_stats.go:20.20,22.5 1 1
github.com/sqlrs/engine-local/internal/prepare/filesystem_stats.go:23.4,23.37 1 1
github.com/sqlrs/engine-local/internal/prepare/filesystem_stats.go:25.3,25.38 1 1
github.com/sqlrs/engine-local/internal/prepare/filesystem_stats.go:25.38,27.4 1 1
github.com/sqlrs/engine-local/internal/prepare/filesystem_stats.go:28.3,29.24 2 1
github.com/sqlrs/engine-local/internal/prepare/filesystem_stats.go:29.24,31.4 1 1
github.com/sqlrs/engine-local/internal/prepare/filesystem_stats.go:32.3,32.19 1 1
github.com/sqlrs/engine-local/internal/prepare/filesystem_stats.go:36.45,38.26 2 1
github.com/sqlrs/engine-local/internal/prepare/filesystem_stats.go:38.26,40.3 1 1
github.com/sqlrs/engine-local/internal/prepare/filesystem_stats.go:41.2,41.21 1 1
github.com/sqlrs/engine-local/internal/prepare/filesystem_stats_windows.go:9.57,11.16 2 1
github.com/sqlrs/engine-local/internal/prepare/filesystem_stats_windows.go:11.16,13.3 1 1
github.com/sqlrs/engine-local/internal/prepare/filesystem_stats_windows.go:14.2,15.16 2 1
github.com/sqlrs/engine-local/internal/prepare/filesystem_stats_windows.go:15.16,17.3 1 0
github.com/sqlrs/engine-local/internal/prepare/filesystem_stats_windows.go:18.2,21.99 4 1
github.com/sqlrs/engine-local/internal/prepare/filesystem_stats_windows.go:21.99,23.3 1 1
github.com/sqlrs/engine-local/internal/prepare/filesystem_stats_windows.go:24.2,24.84 1 1
github.com/sqlrs/engine-local/internal/prepare/hash.go:14.36,16.2 1 1
github.com/sqlrs/engine-local/internal/prepare/hash.go:18.48,20.2 1 1
github.com/sqlrs/engine-local/internal/prepare/hash.go:22.36,24.2 1 1
github.com/sqlrs/engine-local/internal/prepare/liquibase.go:32.118,41.34 8 1
github.com/sqlrs/engine-local/internal/prepare/liquibase.go:41.34,42.40 1 1
github.com/sqlrs/engine-local/internal/prepare/liquibase.go:42.40,44.4 1 1
github.com/sqlrs/engine-local/internal/prepare/liquibase.go:47.2,47.33 1 1
github.com/sqlrs/engine-local/internal/prepare/liquibase.go:47.33,49.16 2 1
github.com/sqlrs/engine-local/internal/prepare/liquibase.go:49.16,50.12 1 1
github.com/sqlrs/engine-local/internal/prepare/liquibase.go:53.3,53.18 1 1
github.com/sqlrs/engine-local/internal/prepare/liquibase.go:53.18,54.12 1 1
github.com/sqlrs/engine-local/internal/prepare/liquibase.go:57.3,57.37 1 1
github.com/sqlrs/engine-local/internal/prepare/liquibase.go:57.37,59.4 1 1
github.com/sqlrs/engine-local/internal/prepare/liquibase.go:60.3,60.34 1 1
github.com/sqlrs/engine-local/internal/prepare/liquibase.go:60.34,62.4 1 1
github.com/sqlrs/engine-local/internal/prepare/liquibase.go:64.3,64.141 1 1
github.com/sqlrs/engine-local/internal/prepare/liquibase.go:64.141,66.4 1 1
github.com/sqlrs/engine-local/internal/prepare/liquibase.go:66.9,66.21 1 1
github.com/sqlrs/engine-local/internal/prepare/liquibase.go:66.21,67.12 1 1
github.com/sqlrs/engine-local/internal/prepare/liquibase.go:70.3,70.34 1 1
github.com/sqlrs/engine-local/internal/prepare/liquibase.go:70.34,71.19 1 1
github.com/sqlrs/engine-local/internal/prepare/liquibase.go:71.19,73.5 1 1
github.com/sqlrs/engine-local/internal/prepare/liquibase.go:73.10,75.5 1 1
github.com/sqlrs/engine-local/internal/prepare/liquibase.go:76.4,76.12 1 1
github.com/sqlrs/engine-local/internal/prepare/liquibase.go:79.3,79.20 1 1
github.com/sqlrs/engine-local/internal/prepare/liquibase.go:79.20,82.4 2 1
github.com/sqlrs/engine-local/internal/prepare/liquibase.go:83.3,83.35 1 1
github.com/sqlrs/engine-local/internal/prepare/liquibase.go:86.2,86.38 1 1
github.com/sqlrs/engine-local/internal/prepare/liquibase.go:86.38,88.3 1 1
github.com/sqlrs/engine-local/internal/prepare/liquibase.go:89.2,89.60 1 1
github.com/sqlrs/engine-local/internal/prepare/liquibase.go:89.60,91.3 1 1
github.com/sqlrs/engine-local/internal/prepare/liquibase.go:93.2,93.86 1 1
github.com/sqlrs/engine-local/internal/prepare/liquibase.go:93.86,100.3 2 1
github.com/sqlrs/engine-local/internal/prepare/liquibase.go:102.2,104.16 3 1
github.com/sqlrs/engine-local/internal/prepare/liquibase.go:104.16,106.3 1 1
github.com/sqlrs/engine-local/internal/prepare/liquibase.go:107.2,114.8 1 1
github.com/sqlrs/engine-local/internal/prepare/liquibase.go:117.49,118.13 1 1
github.com/sqlrs/engine-local/internal/prepare/liquibase.go:119.43,120.14 1 1
github.com/sqlrs/engine-local/internal/prepare/liquibase.go:122.2,124.40 1 1
github.com/sqlrs/engine-local/internal/prepare/liquibase.go:127.46,128.13 1 1
github.com/sqlrs/engine-local/internal/prepare/liquibase.go:129.33,130.14 1 1
github.com/sqlrs/engine-local/internal/prepare/liquibase.go:132.2,133.38 1 1
github.com/sqlrs/engine-local/internal/prepare/liquibase.go:136.211,138.9 2 1
github.com/sqlrs/engine-local/internal/prepare/liquibase.go:139.112,140.28 1 1
github.com/sqlrs/engine-local/internal/prepare/liquibase.go:140.28,142.4 1 1
github.com/sqlrs/engine-local/internal/prepare/liquibase.go:143.3,144.18 2 1
github.com/sqlrs/engine-local/internal/prepare/liquibase.go:144.18,146.30 2 1
github.com/sqlrs/engine-local/internal/prepare/liquibase.go:146.30,148.5 1 1
github.com/sqlrs/engine-local/internal/prepare/liquibase.go:149.4,149.31 1 1
github.com/sqlrs/engine-local/internal/prepare/liquibase.go:149.31,151.5 1 1
github.com/sqlrs/engine-local/internal/prepare/liquibase.go:152.4,154.20 3 1
github.com/sqlrs/engine-local/internal/prepare/liquibase.go:156.3,157.29 2 1
github.com/sqlrs/engine-local/internal/prepare/liquibase.go:157.29,159.4 1 1
github.com/sqlrs/engine-local/internal/prepare/liquibase.go:160.3,160.30 1 1
github.com/sqlrs/engine-local/internal/prepare/liquibase.go:160.30,162.4 1 1
github.com/sqlrs/engine-local/internal/prepare/liquibase.go:163.3,164.17 2 1
github.com/sqlrs/engine-local/internal/prepare/liquibase.go:164.17,166.4 1 1
github.com/sqlrs/engine-local/internal/prepare/liquibase.go:167.3,169.19 3 1
github.com/sqlrs/engine-local/internal/prepare/liquibase.go:170.51,172.18 2 1
github.com/sqlrs/engine-local/internal/prepare/liquibase.go:172.18,175.4 2 1
github.com/sqlrs/engine-local/internal/prepare/liquibase.go:176.3,177.17 2 1
github.com/sqlrs/engine-local/internal/prepare/liquibase.go:177.17,179.4 1 1
github.com/sqlrs/engine-local/internal/prepare/liquibase.go:180.3,181.19 2 0
github.com/sqlrs/engine-local/internal/prepare/liquibase.go:182.50,184.18 2 1
github.com/sqlrs/engine-local/internal/prepare/liquibase.go:184.18,187.4 2 1
github.com/sqlrs/engine-local/internal/prepare/liquibase.go:188.3,189.17 2 1
github.com/sqlrs/engine-local/internal/prepare/liquibase.go:189.17,191.4 1 1
github.com/sqlrs/engine-local/internal/prepare/liquibase.go:192.3,193.19 2 1
github.com/sqlrs/engine-local/internal/prepare/liquibase.go:194.47,196.18 2 1
github.com/sqlrs/engine-local/internal/prepare/liquibase.go:196.18,199.4 2 1
github.com/sqlrs/engine-local/internal/prepare/liquibase.go:200.3,201.17 2 1
[...]
github.com/sqlrs/engine-local/internal/prepare/psql.go:234.16,236.3 1 1
github.com/sqlrs/engine-local/internal/prepare/psql.go:237.2,237.27 1 1
github.com/sqlrs/engine-local/internal/prepare/psql.go:237.27,239.3 1 1
github.com/sqlrs/engine-local/internal/prepare/psql.go:240.2,240.41 1 1
github.com/sqlrs/engine-local/internal/prepare/psql.go:240.41,242.3 1 1
github.com/sqlrs/engine-local/internal/prepare/psql.go:243.2,244.22 2 1
github.com/sqlrs/engine-local/internal/prepare/psql.go:244.22,246.3 1 1
github.com/sqlrs/engine-local/internal/prepare/psql.go:247.2,247.38 1 1
github.com/sqlrs/engine-local/internal/prepare/psql.go:247.38,249.3 1 1
github.com/sqlrs/engine-local/internal/prepare/psql.go:250.2,250.12 1 1
github.com/sqlrs/engine-local/internal/prepare/psql.go:253.65,255.9 2 1
github.com/sqlrs/engine-local/internal/prepare/psql.go:255.9,256.67 1 1
github.com/sqlrs/engine-local/internal/prepare/psql.go:256.67,258.4 1 1
github.com/sqlrs/engine-local/internal/prepare/psql.go:259.3,259.13 1 1
github.com/sqlrs/engine-local/internal/prepare/psql.go:261.2,261.65 1 1
github.com/sqlrs/engine-local/internal/prepare/psql.go:261.65,263.36 2 1
github.com/sqlrs/engine-local/internal/prepare/psql.go:263.36,265.4 1 1
github.com/sqlrs/engine-local/internal/prepare/psql.go:267.2,267.12 1 1
github.com/sqlrs/engine-local/internal/prepare/psql.go:270.59,272.21 2 1
github.com/sqlrs/engine-local/internal/prepare/psql.go:272.21,274.3 1 1
github.com/sqlrs/engine-local/internal/prepare/psql.go:275.2,275.33 1 1
github.com/sqlrs/engine-local/internal/prepare/psql_container.go:21.64,22.21 1 1
github.com/sqlrs/engine-local/internal/prepare/psql_container.go:22.21,24.3 1 1
github.com/sqlrs/engine-local/internal/prepare/psql_container.go:25.2,26.16 2 1
github.com/sqlrs/engine-local/internal/prepare/psql_container.go:26.16,28.3 1 1
github.com/sqlrs/engine-local/internal/prepare/psql_container.go:29.2,32.8 1 1
github.com/sqlrs/engine-local/internal/prepare/psql_container.go:35.85,37.16 2 1
github.com/sqlrs/engine-local/internal/prepare/psql_container.go:37.16,39.3 1 1
github.com/sqlrs/engine-local/internal/prepare/psql_container.go:40.2,48.31 3 1
github.com/sqlrs/engine-local/internal/prepare/psql_container.go:51.66,52.18 1 1
github.com/sqlrs/engine-local/internal/prepare/psql_container.go:52.18,54.3 1 1
github.com/sqlrs/engine-local/internal/prepare/psql_container.go:55.2,59.4 1 1
github.com/sqlrs/engine-local/internal/prepare/psql_container.go:62.87,63.18 1 1
github.com/sqlrs/engine-local/internal/prepare/psql_container.go:63.18,65.3 1 1
github.com/sqlrs/engine-local/internal/prepare/psql_container.go:66.2,68.33 3 1
github.com/sqlrs/engine-local/internal/prepare/psql_container.go:68.33,70.10 2 1
github.com/sqlrs/engine-local/internal/prepare/psql_container.go:71.39,72.24 1 1
github.com/sqlrs/engine-local/internal/prepare/psql_container.go:72.24,74.5 1 1
github.com/sqlrs/engine-local/internal/prepare/psql_container.go:75.4,76.18 2 1
github.com/sqlrs/engine-local/internal/prepare/psql_container.go:76.18,78.5 1 1
github.com/sqlrs/engine-local/internal/prepare/psql_container.go:79.4,79.38 1 1
github.com/sqlrs/engine-local/internal/prepare/psql_container.go:79.38,81.5 1 1
github.com/sqlrs/engine-local/internal/prepare/psql_container.go:82.4,83.7 2 1
github.com/sqlrs/engine-local/internal/prepare/psql_container.go:84.42,87.18 3 1
github.com/sqlrs/engine-local/internal/prepare/psql_container.go:87.18,89.5 1 1
github.com/sqlrs/engine-local/internal/prepare/psql_container.go:90.4,90.38 1 1
github.com/sqlrs/engine-local/internal/prepare/psql_container.go:90.38,92.5 1 1
github.com/sqlrs/engine-local/internal/prepare/psql_container.go:93.4,93.51 1 1
github.com/sqlrs/engine-local/internal/prepare/psql_container.go:94.53,97.18 3 1
github.com/sqlrs/engine-local/internal/prepare/psql_container.go:97.18,99.5 1 1
github.com/sqlrs/engine-local/internal/prepare/psql_container.go:100.4,100.38 1 1
github.com/sqlrs/engine-local/internal/prepare/psql_container.go:100.38,102.5 1 1
github.com/sqlrs/engine-local/internal/prepare/psql_container.go:103.4,103.46 1 1
github.com/sqlrs/engine-local/internal/prepare/psql_container.go:104.11,105.38 1 1
github.com/sqlrs/engine-local/internal/prepare/psql_container.go:108.2,108.32 1 1
github.com/sqlrs/engine-local/internal/prepare/psql_container.go:111.70,112.18 1 1
github.com/sqlrs/engine-local/internal/prepare/psql_container.go:112.18,114.3 1 1
github.com/sqlrs/engine-local/internal/prepare/psql_container.go:115.2,115.18 1 1
github.com/sqlrs/engine-local/internal/prepare/psql_container.go:115.18,117.3 1 1
github.com/sqlrs/engine-local/internal/prepare/psql_container.go:118.2,118.28 1 1
github.com/sqlrs/engine-local/internal/prepare/psql_container.go:118.28,120.3 1 1
github.com/sqlrs/engine-local/internal/prepare/psql_container.go:121.2,121.40 1 1
github.com/sqlrs/engine-local/internal/prepare/psql_container.go:121.40,123.3 1 1
github.com/sqlrs/engine-local/internal/prepare/psql_container.go:124.2,125.16 2 1
github.com/sqlrs/engine-local/internal/prepare/psql_container.go:125.16,127.3 1 1
github.com/sqlrs/engine-local/internal/prepare/psql_container.go:128.2,129.49 2 1
github.com/sqlrs/engine-local/internal/prepare/psql_container.go:132.48,133.21 1 1
github.com/sqlrs/engine-local/internal/prepare/psql_container.go:133.21,135.3 1 1
github.com/sqlrs/engine-local/internal/prepare/psql_container.go:136.2,137.30 2 1
github.com/sqlrs/engine-local/internal/prepare/psql_container.go:137.30,139.30 2 1
github.com/sqlrs/engine-local/internal/prepare/psql_container.go:139.30,141.22 2 1
github.com/sqlrs/engine-local/internal/prepare/psql_container.go:141.22,143.5 1 1
github.com/sqlrs/engine-local/internal/prepare/psql_container.go:144.4,144.17 1 1
github.com/sqlrs/engine-local/internal/prepare/psql_container.go:147.2,147.18 1 1
github.com/sqlrs/engine-local/internal/prepare/psql_container.go:150.41,152.16 2 1
github.com/sqlrs/engine-local/internal/prepare/psql_container.go:152.16,154.3 1 1
github.com/sqlrs/engine-local/internal/prepare/psql_container.go:155.2,155.16 1 1
github.com/sqlrs/engine-local/internal/prepare/psql_container.go:155.16,157.3 1 1
github.com/sqlrs/engine-local/internal/prepare/psql_container.go:158.2,159.55 2 1
github.com/sqlrs/engine-local/internal/prepare/psql_content.go:23.94,27.2 3 1
github.com/sqlrs/engine-local/internal/prepare/psql_content.go:29.123,37.33 3 1
github.com/sqlrs/engine-local/internal/prepare/psql_content.go:37.33,38.14 1 1
github.com/sqlrs/engine-local/internal/prepare/psql_content.go:38.14,40.4 1 1
github.com/sqlrs/engine-local/internal/prepare/psql_content.go:41.3,41.21 1 1
github.com/sqlrs/engine-local/internal/prepare/psql_content.go:42.27,43.74 1 1
github.com/sqlrs/engine-local/internal/prepare/psql_content.go:43.74,45.5 1 1
github.com/sqlrs/engine-local/internal/prepare/psql_content.go:46.15,47.67 1 1
github.com/sqlrs/engine-local/internal/prepare/psql_content.go:47.67,49.5 1 1
github.com/sqlrs/engine-local/internal/prepare/psql_content.go:50.11,51.84 1 1
github.com/sqlrs/engine-local/internal/prepare/psql_content.go:54.2,58.8 2 1
github.com/sqlrs/engine-local/internal/prepare/psql_content.go:68.53,70.35 2 1
github.com/sqlrs/engine-local/internal/prepare/psql_content.go:70.35,72.3 1 1
github.com/sqlrs/engine-local/internal/prepare/psql_content.go:73.2,73.14 1 1
github.com/sqlrs/engine-local/internal/prepare/psql_content.go:76.86,77.35 1 1
github.com/sqlrs/engine-local/internal/prepare/psql_content.go:77.35,79.3 1 1
github.com/sqlrs/engine-local/internal/prepare/psql_content.go:80.2,81.32 2 1
github.com/sqlrs/engine-local/internal/prepare/psql_content.go:81.32,83.3 1 1
github.com/sqlrs/engine-local/internal/prepare/psql_content.go:84.2,84.41 1 1
github.com/sqlrs/engine-local/internal/prepare/psql_content.go:84.41,86.3 1 1
github.com/sqlrs/engine-local/internal/prepare/psql_content.go:87.2,91.16 4 1
github.com/sqlrs/engine-local/internal/prepare/psql_content.go:91.16,93.3 1 1
github.com/sqlrs/engine-local/internal/prepare/psql_content.go:94.2,94.53 1 1
github.com/sqlrs/engine-local/internal/prepare/psql_content.go:97.112,99.21 2 1
github.com/sqlrs/engine-local/internal/prepare/psql_content.go:99.21,101.49 2 1
github.com/sqlrs/engine-local/internal/prepare/psql_content.go:101.49,103.18 2 1
github.com/sqlrs/engine-local/internal/prepare/psql_content.go:103.18,105.5 1 1
github.com/sqlrs/engine-local/internal/prepare/psql_content.go:106.4,107.61 2 1
github.com/sqlrs/engine-local/internal/prepare/psql_content.go:107.61,109.5 1 1
github.com/sqlrs/engine-local/internal/prepare/psql_content.go:110.4,111.12 2 1
github.com/sqlrs/engine-local/internal/prepare/psql_content.go:113.3,114.26 2 1
github.com/sqlrs/engine-local/internal/prepare/psql_content.go:116.2,116.22 1 1
github.com/sqlrs/engine-local/internal/prepare/psql_content.go:119.109,121.15 2 1
github.com/sqlrs/engine-local/internal/prepare/psql_content.go:121.15,123.3 1 1
github.com/sqlrs/engine-local/internal/prepare/psql_content.go:124.2,124.25 1 1
github.com/sqlrs/engine-local/internal/prepare/psql_content.go:124.25,126.3 1 1
github.com/sqlrs/engine-local/internal/prepare/psql_content.go:127.2,128.13 2 1
github.com/sqlrs/engine-local/internal/prepare/psql_content.go:129.36,130.24 1 1
github.com/sqlrs/engine-local/internal/prepare/psql_content.go:130.24,132.4 1 1
github.com/sqlrs/engine-local/internal/prepare/psql_content.go:134.2,134.35 1 1
github.com/sqlrs/engine-local/internal/prepare/psql_content.go:134.35,136.3 1 1
github.com/sqlrs/engine-local/internal/prepare/psql_content.go:137.2,137.54 1 1
github.com/sqlrs/engine-local/internal/prepare/psql_content.go:140.58,141.31 1 1
github.com/sqlrs/engine-local/internal/prepare/psql_content.go:141.31,143.3 1 1
github.com/sqlrs/engine-local/internal/prepare/psql_content.go:144.2,144.41 1 1
github.com/sqlrs/engine-local/internal/prepare/psql_content.go:144.41,146.3 1 1
github.com/sqlrs/engine-local/internal/prepare/psql_content.go:147.2,148.16 2 1
github.com/sqlrs/engine-local/internal/prepare/psql_content.go:148.16,150.3 1 1
github.com/sqlrs/engine-local/internal/prepare/psql_content.go:151.2,151.27 1 1
github.com/sqlrs/engine-local/internal/prepare/psql_content.go:151.27,153.3 1 1
github.com/sqlrs/engine-local/internal/prepare/psql_content.go:154.2,157.12 4 1
github.com/sqlrs/engine-local/internal/prepare/psql_content.go:160.59,162.38 2 1
github.com/sqlrs/engine-local/internal/prepare/psql_content.go:162.38,164.3 1 1
github.com/sqlrs/engine-local/internal/prepare/psql_content.go:165.2,166.20 2 1
github.com/sqlrs/engine-local/internal/prepare/psql_content.go:166.20,168.3 1 1
github.com/sqlrs/engine-local/internal/prepare/psql_content.go:169.2,170.13 2 1
github.com/sqlrs/engine-local/internal/prepare/psql_content.go:171.52,172.29 1 1
github.com/sqlrs/engine-local/internal/prepare/psql_content.go:173.10,174.23 1 1
github.com/sqlrs/engine-local/internal/prepare/psql_content.go:178.45,182.25 4 1
github.com/sqlrs/engine-local/internal/prepare/psql_content.go:182.25,183.19 1 1
github.com/sqlrs/engine-local/internal/prepare/psql_content.go:183.19,184.20 1 1
github.com/sqlrs/engine-local/internal/prepare/psql_content.go:184.20,186.13 2 1
github.com/sqlrs/engine-local/internal/prepare/psql_content.go:188.4,189.12 2 1
github.com/sqlrs/engine-local/internal/prepare/psql_content.go:191.3,191.12 1 1
github.com/sqlrs/engine-local/internal/prepare/psql_content.go:192.18,193.15 1 1
github.com/sqlrs/engine-local/internal/prepare/psql_content.go:194.18,195.21 1 1
github.com/sqlrs/engine-local/internal/prepare/psql_content.go:195.21,198.5 2 1
github.com/sqlrs/engine-local/internal/prepare/psql_content.go:199.11,200.20 1 1
github.com/sqlrs/engine-local/internal/prepare/psql_content.go:203.2,203.19 1 1
github.com/sqlrs/engine-local/internal/prepare/psql_content.go:203.19,205.3 1 1
github.com/sqlrs/engine-local/internal/prepare/psql_content.go:206.2,206.12 1 1
github.com/sqlrs/engine-local/internal/prepare/psql_steps.go:15.71,19.33 3 1
github.com/sqlrs/engine-local/internal/prepare/psql_steps.go:19.33,21.10 2 1
github.com/sqlrs/engine-local/internal/prepare/psql_steps.go:22.42,23.24 1 1
github.com/sqlrs/engine-local/internal/prepare/psql_steps.go:23.24,25.5 1 1
github.com/sqlrs/engine-local/internal/prepare/psql_steps.go:26.4,31.7 3 1
github.com/sqlrs/engine-local/internal/prepare/psql_steps.go:32.45,37.6 2 1
github.com/sqlrs/engine-local/internal/prepare/psql_steps.go:38.53,43.6 2 1
github.com/sqlrs/engine-local/internal/prepare/psql_steps.go:44.39,45.24 1 1
github.com/sqlrs/engine-local/internal/prepare/psql_steps.go:45.24,47.5 1 1
github.com/sqlrs/engine-local/internal/prepare/psql_steps.go:48.4,49.18 2 1
github.com/sqlrs/engine-local/internal/prepare/psql_steps.go:49.18,51.5 1 1
github.com/sqlrs/engine-local/internal/prepare/psql_steps.go:52.4,53.7 2 1
github.com/sqlrs/engine-local/internal/prepare/psql_steps.go:54.42,56.19 2 1
github.com/sqlrs/engine-local/internal/prepare/psql_steps.go:56.19,58.5 1 1
github.com/sqlrs/engine-local/internal/prepare/psql_steps.go:59.4,60.18 2 1
github.com/sqlrs/engine-local/internal/prepare/psql_steps.go:60.18,62.5 1 0
github.com/sqlrs/engine-local/internal/prepare/psql_steps.go:63.4,63.31 1 1
github.com/sqlrs/engine-local/internal/prepare/psql_steps.go:64.53,67.18 3 1
github.com/sqlrs/engine-local/internal/prepare/psql_steps.go:67.18,69.5 1 1
github.com/sqlrs/engine-local/internal/prepare/psql_steps.go:70.4,70.31 1 1
github.com/sqlrs/engine-local/internal/prepare/psql_steps.go:71.11,72.32 1 1
github.com/sqlrs/engine-local/internal/prepare/psql_steps.go:76.2,76.21 1 1
github.com/sqlrs/engine-local/internal/prepare/psql_steps.go:76.21,78.3 1 1
github.com/sqlrs/engine-local/internal/prepare/psql_steps.go:79.2,79.19 1 1
github.com/sqlrs/engine-local/internal/prepare/psql_steps.go:82.88,83.18 1 1
github.com/sqlrs/engine-local/internal/prepare/psql_steps.go:83.18,84.19 1 1
github.com/sqlrs/engine-local/internal/prepare/psql_steps.go:84.19,86.4 1 1
github.com/sqlrs/engine-local/internal/prepare/psql_steps.go:87.3,91.9 1 1
github.com/sqlrs/engine-local/internal/prepare/psql_steps.go:93.2,93.36 1 1
github.com/sqlrs/engine-local/internal/prepare/psql_steps.go:93.36,95.3 1 1
github.com/sqlrs/engine-local/internal/prepare/psql_steps.go:96.2,99.8 1 1
github.com/sqlrs/engine-local/internal/prepare/psql_steps.go:102.73,103.21 1 1
github.com/sqlrs/engine-local/internal/prepare/psql_steps.go:103.21,105.3 1 1
github.com/sqlrs/engine-local/internal/prepare/psql_steps.go:106.2,107.16 2 1
github.com/sqlrs/engine-local/internal/prepare/psql_steps.go:107.16,109.3 1 1
github.com/sqlrs/engine-local/internal/prepare/psql_steps.go:110.2,110.38 1 1
github.com/sqlrs/engine-local/internal/prepare/psql_steps.go:110.38,112.3 1 1
github.com/sqlrs/engine-local/internal/prepare/psql_steps.go:113.2,113.26 1 1
github.com/sqlrs/engine-local/internal/prepare/psql_steps.go:116.89,117.34 1 1
github.com/sqlrs/engine-local/internal/prepare/psql_steps.go:117.34,123.3 1 1
github.com/sqlrs/engine-local/internal/prepare/psql_steps.go:124.2,124.52 1 1
github.com/sqlrs/engine-local/internal/prepare/psql_steps.go:127.51,128.37 1 1
github.com/sqlrs/engine-local/internal/prepare/psql_steps.go:128.37,130.3 1 1
github.com/sqlrs/engine-local/internal/prepare/psql_steps.go:131.2,131.44 1 1
github.com/sqlrs/engine-local/internal/prepare/psql_steps.go:131.44,133.3 1 1
github.com/sqlrs/engine-local/internal/prepare/psql_steps.go:134.2,135.34 2 1
github.com/sqlrs/engine-local/internal/prepare/psql_steps.go:135.34,137.3 1 1
github.com/sqlrs/engine-local/internal/prepare/psql_steps.go:138.2,139.29 2 1
github.com/sqlrs/engine-local/internal/prepare/psql_steps.go:139.29,141.3 1 1
github.com/sqlrs/engine-local/internal/prepare/psql_steps.go:142.2,142.19 1 1
github.com/sqlrs/engine-local/internal/prepare/psql_test_helpers.go:5.109,8.16 3 1
github.com/sqlrs/engine-local/internal/prepare/psql_test_helpers.go:8.16,10.3 1 0
github.com/sqlrs/engine-local/internal/prepare/psql_test_helpers.go:11.2,13.17 3 1
github.com/sqlrs/engine-local/internal/prepare/psql_test_helpers.go:16.131,19.16 3 1
github.com/sqlrs/engine-local/internal/prepare/psql_test_helpers.go:19.16,21.3 1 0
github.com/sqlrs/engine-local/internal/prepare/psql_test_helpers.go:22.2,23.16 2 1
github.com/sqlrs/engine-local/internal/prepare/psql_test_helpers.go:23.16,25.3 1 0
github.com/sqlrs/engine-local/internal/prepare/psql_test_helpers.go:26.2,28.17 3 1
github.com/sqlrs/engine-local/internal/prepare/test_statefs.go:29.37,30.14 1 1
github.com/sqlrs/engine-local/internal/prepare/test_statefs.go:30.14,32.3 1 1
github.com/sqlrs/engine-local/internal/prepare/test_statefs.go:33.2,33.18 1 1
github.com/sqlrs/engine-local/internal/prepare/test_statefs.go:33.18,35.3 1 1
github.com/sqlrs/engine-local/internal/prepare/test_statefs.go:36.2,36.15 1 1
github.com/sqlrs/engine-local/internal/prepare/test_statefs.go:39.59,40.14 1 1
github.com/sqlrs/engine-local/internal/prepare/test_statefs.go:40.14,42.3 1 1
github.com/sqlrs/engine-local/internal/prepare/test_statefs.go:43.2,43.15 1 1
github.com/sqlrs/engine-local/internal/prepare/test_statefs.go:46.51,47.14 1 1
github.com/sqlrs/engine-local/internal/prepare/test_statefs.go:47.14,49.3 1 1
github.com/sqlrs/engine-local/internal/prepare/test_statefs.go:50.2,50.22 1 1
github.com/sqlrs/engine-local/internal/prepare/test_statefs.go:53.69,55.2 1 1
github.com/sqlrs/engine-local/internal/prepare/test_statefs.go:57.71,59.2 1 1
github.com/sqlrs/engine-local/internal/prepare/test_statefs.go:61.79,63.2 1 1
github.com/sqlrs/engine-local/internal/prepare/test_statefs.go:65.73,67.2 1 1
github.com/sqlrs/engine-local/internal/prepare/test_statefs.go:69.80,70.40 1 1
github.com/sqlrs/engine-local/internal/prepare/test_statefs.go:70.40,72.3 1 1
github.com/sqlrs/engine-local/internal/prepare/test_statefs.go:73.2,73.36 1 1
github.com/sqlrs/engine-local/internal/prepare/test_statefs.go:76.82,77.41 1 1
github.com/sqlrs/engine-local/internal/prepare/test_statefs.go:77.41,79.3 1 1
github.com/sqlrs/engine-local/internal/prepare/test_statefs.go:80.2,80.37 1 1
github.com/sqlrs/engine-local/internal/prepare/test_statefs.go:83.103,84.14 1 1
github.com/sqlrs/engine-local/internal/prepare/test_statefs.go:84.14,86.24 2 1
github.com/sqlrs/engine-local/internal/prepare/test_statefs.go:86.24,88.4 1 1
github.com/sqlrs/engine-local/internal/prepare/test_statefs.go:90.2,90.52 1 1
github.com/sqlrs/engine-local/internal/prepare/test_statefs.go:90.52,92.3 1 1
github.com/sqlrs/engine-local/internal/prepare/test_statefs.go:93.2,93.79 1 1
github.com/sqlrs/engine-local/internal/prepare/test_statefs.go:93.79,94.99 1 1
github.com/sqlrs/engine-local/internal/prepare/test_statefs.go:94.99,96.4 1 1
github.com/sqlrs/engine-local/internal/prepare/test_statefs.go:97.8,97.32 1 1
github.com/sqlrs/engine-local/internal/prepare/test_statefs.go:97.32,99.3 1 1
github.com/sqlrs/engine-local/internal/prepare/test_statefs.go:100.2,101.34 2 1
github.com/sqlrs/engine-local/internal/prepare/test_statefs.go:101.34,103.3 1 1
github.com/sqlrs/engine-local/internal/prepare/test_statefs.go:104.2,106.26 1 1
github.com/sqlrs/engine-local/internal/prepare/test_statefs.go:106.26,106.40 1 1
github.com/sqlrs/engine-local/internal/prepare/test_statefs.go:110.83,111.14 1 1
github.com/sqlrs/engine-local/internal/prepare/test_statefs.go:111.14,113.27 2 1
github.com/sqlrs/engine-local/internal/prepare/test_statefs.go:113.27,115.4 1 1
github.com/sqlrs/engine-local/internal/prepare/test_statefs.go:117.2,117.36 1 1
github.com/sqlrs/engine-local/internal/prepare/test_statefs.go:120.74,121.14 1 1
github.com/sqlrs/engine-local/internal/prepare/test_statefs.go:121.14,123.25 2 1
github.com/sqlrs/engine-local/internal/prepare/test_statefs.go:123.25,125.4 1 1
github.com/sqlrs/engine-local/internal/prepare/test_statefs.go:127.2,127.35 1 1
github.com/sqlrs/engine-local/internal/prepare/test_statefs.go:127.35,129.3 1 1
github.com/sqlrs/engine-local/internal/prepare/test_statefs.go:130.2,130.27 1 1
