mode: set
github.com/sqlrs/cli/internal/alias/check.go:17.55,19.16 2 1
github.com/sqlrs/cli/internal/alias/check.go:19.16,21.3 1 1
github.com/sqlrs/cli/internal/alias/check.go:22.2,26.32 2 1
github.com/sqlrs/cli/internal/alias/check.go:26.32,33.17 2 1
github.com/sqlrs/cli/internal/alias/check.go:33.17,35.4 1 0
github.com/sqlrs/cli/internal/alias/check.go:36.3,36.19 1 1
github.com/sqlrs/cli/internal/alias/check.go:36.19,38.4 1 1
github.com/sqlrs/cli/internal/alias/check.go:38.9,40.4 1 1
github.com/sqlrs/cli/internal/alias/check.go:41.3,41.50 1 1
github.com/sqlrs/cli/internal/alias/check.go:43.2,43.20 1 1
github.com/sqlrs/cli/internal/alias/check.go:47.76,56.25 3 1
github.com/sqlrs/cli/internal/alias/check.go:56.25,58.3 1 1
github.com/sqlrs/cli/internal/alias/check.go:59.2,60.95 2 1
github.com/sqlrs/cli/internal/alias/check.go:60.95,62.3 1 1
github.com/sqlrs/cli/internal/alias/check.go:64.2,68.38 2 1
github.com/sqlrs/cli/internal/alias/check.go:69.20,70.63 1 1
github.com/sqlrs/cli/internal/alias/check.go:71.16,72.59 1 1
github.com/sqlrs/cli/internal/alias/check.go:73.10,74.70 1 1
github.com/sqlrs/cli/internal/alias/check.go:77.2,80.21 4 1
github.com/sqlrs/cli/internal/alias/check.go:80.21,82.3 1 1
github.com/sqlrs/cli/internal/alias/check.go:83.2,83.20 1 1
github.com/sqlrs/cli/internal/alias/check.go:86.77,88.16 2 1
github.com/sqlrs/cli/internal/alias/check.go:88.16,90.3 1 1
github.com/sqlrs/cli/internal/alias/check.go:91.2,91.107 1 1
github.com/sqlrs/cli/internal/alias/check.go:94.73,96.16 2 1
github.com/sqlrs/cli/internal/alias/check.go:96.16,98.3 1 1
github.com/sqlrs/cli/internal/alias/check.go:99.2,99.103 1 1
github.com/sqlrs/cli/internal/alias/check.go:102.108,103.14 1 1
github.com/sqlrs/cli/internal/alias/check.go:104.14,105.126 1 1
github.com/sqlrs/cli/internal/alias/check.go:106.12,107.131 1 1
github.com/sqlrs/cli/internal/alias/check.go:108.10,109.13 1 1
github.com/sqlrs/cli/internal/alias/check.go:113.104,114.14 1 1
github.com/sqlrs/cli/internal/alias/check.go:115.24,116.126 1 1
github.com/sqlrs/cli/internal/alias/check.go:117.27,118.129 1 1
github.com/sqlrs/cli/internal/alias/check.go:119.10,120.13 1 1
github.com/sqlrs/cli/internal/alias/check.go:124.81,126.2 1 1
github.com/sqlrs/cli/internal/alias/check.go:128.61,130.31 2 1
github.com/sqlrs/cli/internal/alias/check.go:130.31,135.3 1 1
github.com/sqlrs/cli/internal/alias/check.go:136.2,136.12 1 1
github.com/sqlrs/cli/internal/alias/check.go:139.92,141.2 1 1
github.com/sqlrs/cli/internal/alias/check.go:143.95,145.2 1 1
github.com/sqlrs/cli/internal/alias/check.go:147.87,148.36 1 1
github.com/sqlrs/cli/internal/alias/check.go:148.36,150.3 1 1
github.com/sqlrs/cli/internal/alias/check.go:151.2,153.29 3 1
github.com/sqlrs/cli/internal/alias/check.go:153.29,155.17 2 1
github.com/sqlrs/cli/internal/alias/check.go:155.17,157.12 2 1
github.com/sqlrs/cli/internal/alias/check.go:159.3,159.88 1 1
github.com/sqlrs/cli/internal/alias/check.go:159.88,161.4 1 1
github.com/sqlrs/cli/internal/alias/check.go:163.2,163.15 1 1
github.com/sqlrs/cli/internal/alias/check.go:166.118,167.40 1 1
github.com/sqlrs/cli/internal/alias/check.go:167.40,169.3 1 1
github.com/sqlrs/cli/internal/alias/check.go:170.2,170.75 1 1
github.com/sqlrs/cli/internal/alias/check.go:173.113,175.17 2 1
github.com/sqlrs/cli/internal/alias/check.go:176.10,177.72 1 1
github.com/sqlrs/cli/internal/alias/check.go:178.11,179.24 1 1
github.com/sqlrs/cli/internal/alias/check.go:182.2,183.16 2 1
github.com/sqlrs/cli/internal/alias/check.go:183.16,184.49 1 1
github.com/sqlrs/cli/internal/alias/check.go:184.49,190.4 1 1
github.com/sqlrs/cli/internal/alias/check.go:191.3,195.10 1 0
github.com/sqlrs/cli/internal/alias/check.go:197.2,198.16 2 1
github.com/sqlrs/cli/internal/alias/check.go:198.16,204.3 1 1
github.com/sqlrs/cli/internal/alias/check.go:205.2,205.33 1 1
github.com/sqlrs/cli/internal/alias/check.go:205.33,211.3 1 1
github.com/sqlrs/cli/internal/alias/check.go:212.2,212.23 1 1
github.com/sqlrs/cli/internal/alias/check.go:215.53,217.2 1 1
github.com/sqlrs/cli/internal/alias/create.go:18.75,20.2 1 1
github.com/sqlrs/cli/internal/alias/create.go:55.62,57.25 2 1
github.com/sqlrs/cli/internal/alias/create.go:57.25,59.3 1 1
github.com/sqlrs/cli/internal/alias/create.go:60.2,63.15 3 1
github.com/sqlrs/cli/internal/alias/create.go:63.15,65.3 1 1
github.com/sqlrs/cli/internal/alias/create.go:66.2,69.15 3 1
github.com/sqlrs/cli/internal/alias/create.go:69.15,71.3 1 1
github.com/sqlrs/cli/internal/alias/create.go:72.2,72.114 1 1
github.com/sqlrs/cli/internal/alias/create.go:72.114,74.3 1 1
github.com/sqlrs/cli/internal/alias/create.go:75.2,75.33 1 1
github.com/sqlrs/cli/internal/alias/create.go:75.33,77.3 1 1
github.com/sqlrs/cli/internal/alias/create.go:79.2,80.17 2 1
github.com/sqlrs/cli/internal/alias/create.go:80.17,82.3 1 1
github.com/sqlrs/cli/internal/alias/create.go:84.2,85.15 2 1
github.com/sqlrs/cli/internal/alias/create.go:86.20,87.28 1 1
github.com/sqlrs/cli/internal/alias/create.go:88.16,89.24 1 1
github.com/sqlrs/cli/internal/alias/create.go:92.2,93.16 2 1
github.com/sqlrs/cli/internal/alias/create.go:93.16,95.3 1 1
github.com/sqlrs/cli/internal/alias/create.go:96.2,101.8 1 1
github.com/sqlrs/cli/internal/alias/create.go:106.66,108.16 2 1
github.com/sqlrs/cli/internal/alias/create.go:108.16,110.3 1 1
github.com/sqlrs/cli/internal/alias/create.go:112.2,112.56 1 1
github.com/sqlrs/cli/internal/alias/create.go:112.56,114.3 1 1
github.com/sqlrs/cli/internal/alias/create.go:114.8,114.36 1 1
github.com/sqlrs/cli/internal/alias/create.go:114.36,116.3 1 0
github.com/sqlrs/cli/internal/alias/create.go:118.2,119.16 2 1
github.com/sqlrs/cli/internal/alias/create.go:119.16,121.3 1 1
github.com/sqlrs/cli/internal/alias/create.go:122.2,122.27 1 1
github.com/sqlrs/cli/internal/alias/create.go:122.27,124.3 1 1
github.com/sqlrs/cli/internal/alias/create.go:126.2,127.63 2 1
github.com/sqlrs/cli/internal/alias/create.go:127.63,129.3 1 1
github.com/sqlrs/cli/internal/alias/create.go:131.2,132.16 2 1
github.com/sqlrs/cli/internal/alias/create.go:132.16,134.3 1 0
github.com/sqlrs/cli/internal/alias/create.go:136.2,137.16 2 1
github.com/sqlrs/cli/internal/alias/create.go:137.16,139.3 1 1
github.com/sqlrs/cli/internal/alias/create.go:141.2,148.16 3 1
github.com/sqlrs/cli/internal/alias/create.go:148.16,150.3 1 0
github.com/sqlrs/cli/internal/alias/create.go:152.2,152.70 1 1
github.com/sqlrs/cli/internal/alias/create.go:152.70,154.3 1 1
github.com/sqlrs/cli/internal/alias/create.go:155.2,156.16 2 1
github.com/sqlrs/cli/internal/alias/create.go:156.16,158.3 1 0
github.com/sqlrs/cli/internal/alias/create.go:159.2,159.15 1 1
github.com/sqlrs/cli/internal/alias/create.go:159.15,161.17 2 1
github.com/sqlrs/cli/internal/alias/create.go:161.17,162.90 1 1
github.com/sqlrs/cli/internal/alias/create.go:162.90,164.5 1 0
github.com/sqlrs/cli/internal/alias/create.go:165.4,165.10 1 1
github.com/sqlrs/cli/internal/alias/create.go:167.3,167.22 1 1
github.com/sqlrs/cli/internal/alias/create.go:167.22,169.4 1 0
github.com/sqlrs/cli/internal/alias/create.go:172.2,172.64 1 1
github.com/sqlrs/cli/internal/alias/create.go:172.64,174.3 1 1
github.com/sqlrs/cli/internal/alias/create.go:176.2,184.20 2 1
github.com/sqlrs/cli/internal/alias/create.go:187.57,188.15 1 1
github.com/sqlrs/cli/internal/alias/create.go:189.20,190.15 1 1
github.com/sqlrs/cli/internal/alias/create.go:191.21,192.14 1 1
github.com/sqlrs/cli/internal/alias/create.go:193.11,194.61 1 1
github.com/sqlrs/cli/internal/alias/create.go:196.16,197.29 1 1
github.com/sqlrs/cli/internal/alias/create.go:197.29,199.4 1 1
github.com/sqlrs/cli/internal/alias/create.go:200.3,200.13 1 1
github.com/sqlrs/cli/internal/alias/create.go:201.10,202.47 1 1
github.com/sqlrs/cli/internal/alias/create.go:206.59,217.2 2 1
github.com/sqlrs/cli/internal/alias/create.go:219.134,220.15 1 1
github.com/sqlrs/cli/internal/alias/create.go:221.20,222.15 1 1
github.com/sqlrs/cli/internal/alias/create.go:223.15,224.144 1 1
github.com/sqlrs/cli/internal/alias/create.go:224.144,226.5 1 1
github.com/sqlrs/cli/internal/alias/create.go:227.4,227.71 1 1
github.com/sqlrs/cli/internal/alias/create.go:228.13,229.149 1 1
github.com/sqlrs/cli/internal/alias/create.go:229.149,231.5 1 1
github.com/sqlrs/cli/internal/alias/create.go:232.4,232.76 1 1
github.com/sqlrs/cli/internal/alias/create.go:233.11,234.66 1 1
github.com/sqlrs/cli/internal/alias/create.go:236.16,237.15 1 1
github.com/sqlrs/cli/internal/alias/create.go:238.25,239.144 1 1
github.com/sqlrs/cli/internal/alias/create.go:239.144,241.5 1 1
github.com/sqlrs/cli/internal/alias/create.go:242.4,242.71 1 1
github.com/sqlrs/cli/internal/alias/create.go:243.28,244.147 1 1
github.com/sqlrs/cli/internal/alias/create.go:244.147,246.5 1 1
github.com/sqlrs/cli/internal/alias/create.go:247.4,247.74 1 1
github.com/sqlrs/cli/internal/alias/create.go:248.11,249.62 1 1
github.com/sqlrs/cli/internal/alias/create.go:251.10,252.52 1 1
github.com/sqlrs/cli/internal/alias/create.go:256.78,257.20 1 1
github.com/sqlrs/cli/internal/alias/create.go:257.20,259.3 1 1
github.com/sqlrs/cli/internal/alias/create.go:261.2,264.33 3 1
github.com/sqlrs/cli/internal/alias/create.go:264.33,266.18 2 1
github.com/sqlrs/cli/internal/alias/create.go:266.18,268.9 2 1
github.com/sqlrs/cli/internal/alias/create.go:270.3,270.38 1 1
github.com/sqlrs/cli/internal/alias/create.go:270.38,272.9 2 1
github.com/sqlrs/cli/internal/alias/create.go:274.3,275.38 2 1
github.com/sqlrs/cli/internal/alias/create.go:275.38,276.24 1 1
github.com/sqlrs/cli/internal/alias/create.go:276.24,278.5 1 1
github.com/sqlrs/cli/internal/alias/create.go:279.4,280.7 2 1
github.com/sqlrs/cli/internal/alias/create.go:284.2,285.30 2 1
github.com/sqlrs/cli/internal/alias/create.go:285.30,287.3 1 1
github.com/sqlrs/cli/internal/alias/create.go:288.2,288.73 1 1
github.com/sqlrs/cli/internal/alias/create.go:288.73,290.3 1 1
github.com/sqlrs/cli/internal/alias/create.go:291.2,291.34 1 1
github.com/sqlrs/cli/internal/alias/create.go:294.80,296.40 2 1
github.com/sqlrs/cli/internal/alias/create.go:296.40,298.16 2 1
github.com/sqlrs/cli/internal/alias/create.go:299.21,300.11 1 1
github.com/sqlrs/cli/internal/alias/create.go:301.26,302.32 1 1
github.com/sqlrs/cli/internal/alias/create.go:302.32,304.6 1 1
github.com/sqlrs/cli/internal/alias/create.go:305.5,306.8 2 1
github.com/sqlrs/cli/internal/alias/create.go:307.44,308.67 1 1
github.com/sqlrs/cli/internal/alias/create.go:309.12,310.67 1 1
github.com/sqlrs/cli/internal/alias/create.go:312.17,313.62 1 1
github.com/sqlrs/cli/internal/alias/create.go:314.11,315.52 1 1
github.com/sqlrs/cli/internal/alias/create.go:318.2,318.38 1 1
github.com/sqlrs/cli/internal/alias/create.go:321.55,322.15 1 1
github.com/sqlrs/cli/internal/alias/create.go:323.20,324.64 1 1
github.com/sqlrs/cli/internal/alias/create.go:325.10,326.15 1 1
github.com/sqlrs/cli/internal/alias/create.go:330.50,332.2 1 1
github.com/sqlrs/cli/internal/alias/create.go:334.76,335.30 1 1
github.com/sqlrs/cli/internal/alias/create.go:335.30,336.16 1 1
github.com/sqlrs/cli/internal/alias/create.go:337.21,340.66 1 1
github.com/sqlrs/cli/internal/alias/create.go:340.66,342.5 1 1
github.com/sqlrs/cli/internal/alias/create.go:343.17,346.66 1 1
github.com/sqlrs/cli/internal/alias/create.go:346.66,348.5 1 1
github.com/sqlrs/cli/internal/alias/create.go:351.2,351.12 1 1
github.com/sqlrs/cli/internal/alias/create.go:354.115,356.33 2 1
github.com/sqlrs/cli/internal/alias/create.go:356.33,358.10 2 1
github.com/sqlrs/cli/internal/alias/create.go:359.39,361.24 2 1
github.com/sqlrs/cli/internal/alias/create.go:361.24,362.13 1 1
github.com/sqlrs/cli/internal/alias/create.go:364.4,365.18 2 1
github.com/sqlrs/cli/internal/alias/create.go:365.18,367.5 1 1
github.com/sqlrs/cli/internal/alias/create.go:368.4,369.7 2 1
github.com/sqlrs/cli/internal/alias/create.go:370.42,372.18 2 1
github.com/sqlrs/cli/internal/alias/create.go:372.18,374.5 1 0
github.com/sqlrs/cli/internal/alias/create.go:375.4,375.50 1 1
github.com/sqlrs/cli/internal/alias/create.go:376.53,378.18 2 1
github.com/sqlrs/cli/internal/alias/create.go:378.18,380.5 1 0
github.com/sqlrs/cli/internal/alias/create.go:381.4,381.45 1 1
github.com/sqlrs/cli/internal/alias/create.go:382.11,383.38 1 1
github.com/sqlrs/cli/internal/alias/create.go:386.2,386.23 1 1
github.com/sqlrs/cli/internal/alias/create.go:389.120,391.33 2 1
github.com/sqlrs/cli/internal/alias/create.go:391.33,393.10 2 1
github.com/sqlrs/cli/internal/alias/create.go:394.62,396.24 2 1
github.com/sqlrs/cli/internal/alias/create.go:396.24,397.13 1 1
github.com/sqlrs/cli/internal/alias/create.go:399.4,400.18 2 1
github.com/sqlrs/cli/internal/alias/create.go:400.18,402.5 1 1
github.com/sqlrs/cli/internal/alias/create.go:403.4,404.7 2 1
github.com/sqlrs/cli/internal/alias/create.go:405.52,407.18 2 0
github.com/sqlrs/cli/internal/alias/create.go:407.18,409.5 1 0
github.com/sqlrs/cli/internal/alias/create.go:410.4,410.60 1 0
github.com/sqlrs/cli/internal/alias/create.go:411.51,413.18 2 1
github.com/sqlrs/cli/internal/alias/create.go:413.18,415.5 1 0
github.com/sqlrs/cli/internal/alias/create.go:416.4,416.59 1 1
github.com/sqlrs/cli/internal/alias/create.go:417.56,419.24 2 1
github.com/sqlrs/cli/internal/alias/create.go:419.24,420.13 1 1
github.com/sqlrs/cli/internal/alias/create.go:422.4,423.18 2 1
github.com/sqlrs/cli/internal/alias/create.go:423.18,425.5 1 0
github.com/sqlrs/cli/internal/alias/create.go:426.4,427.7 2 1
github.com/sqlrs/cli/internal/alias/create.go:428.48,430.18 2 0
github.com/sqlrs/cli/internal/alias/create.go:430.18,432.5 1 0
github.com/sqlrs/cli/internal/alias/create.go:433.4,433.56 1 0
github.com/sqlrs/cli/internal/alias/create.go:434.49,436.18 2 1
github.com/sqlrs/cli/internal/alias/create.go:436.18,438.5 1 0
github.com/sqlrs/cli/internal/alias/create.go:439.4,439.57 1 1
github.com/sqlrs/cli/internal/alias/create.go:440.11,441.38 1 1
github.com/sqlrs/cli/internal/alias/create.go:444.2,444.23 1 1
github.com/sqlrs/cli/internal/alias/create.go:447.118,449.33 2 1
github.com/sqlrs/cli/internal/alias/create.go:449.33,451.10 2 1
github.com/sqlrs/cli/internal/alias/create.go:452.39,454.24 2 1
github.com/sqlrs/cli/internal/alias/create.go:454.24,455.13 1 1
github.com/sqlrs/cli/internal/alias/create.go:457.4,458.18 2 1
github.com/sqlrs/cli/internal/alias/create.go:458.18,460.5 1 1
github.com/sqlrs/cli/internal/alias/create.go:461.4,462.7 2 1
github.com/sqlrs/cli/internal/alias/create.go:463.42,465.18 2 1
github.com/sqlrs/cli/internal/alias/create.go:465.18,467.5 1 0
github.com/sqlrs/cli/internal/alias/create.go:468.4,468.50 1 1
github.com/sqlrs/cli/internal/alias/create.go:469.53,471.18 2 1
github.com/sqlrs/cli/internal/alias/create.go:471.18,473.5 1 0
github.com/sqlrs/cli/internal/alias/create.go:474.4,474.45 1 1
github.com/sqlrs/cli/internal/alias/create.go:475.11,476.38 1 1
github.com/sqlrs/cli/internal/alias/create.go:479.2,479.23 1 1
github.com/sqlrs/cli/internal/alias/create.go:482.111,484.37 2 1
github.com/sqlrs/cli/internal/alias/create.go:484.37,486.3 1 1
github.com/sqlrs/cli/internal/alias/create.go:487.2,488.16 2 1
github.com/sqlrs/cli/internal/alias/create.go:488.16,490.3 1 1
github.com/sqlrs/cli/internal/alias/create.go:491.2,492.16 2 1
github.com/sqlrs/cli/internal/alias/create.go:492.16,494.3 1 1
github.com/sqlrs/cli/internal/alias/create.go:495.2,495.35 1 1
github.com/sqlrs/cli/internal/alias/create.go:498.118,500.59 2 1
github.com/sqlrs/cli/internal/alias/create.go:500.59,502.3 1 1
github.com/sqlrs/cli/internal/alias/create.go:503.2,503.71 1 1
github.com/sqlrs/cli/internal/alias/create.go:506.123,509.29 3 1
github.com/sqlrs/cli/internal/alias/create.go:509.29,511.54 2 1
github.com/sqlrs/cli/internal/alias/create.go:511.54,513.12 2 1
github.com/sqlrs/cli/internal/alias/create.go:515.3,516.17 2 1
github.com/sqlrs/cli/internal/alias/create.go:516.17,518.4 1 0
github.com/sqlrs/cli/internal/alias/create.go:519.3,519.25 1 1
github.com/sqlrs/cli/internal/alias/create.go:521.2,521.36 1 1
github.com/sqlrs/cli/internal/alias/create.go:524.116,527.37 3 1
github.com/sqlrs/cli/internal/alias/create.go:527.37,529.3 1 1
github.com/sqlrs/cli/internal/alias/create.go:530.2,531.16 2 1
github.com/sqlrs/cli/internal/alias/create.go:531.16,533.3 1 1
github.com/sqlrs/cli/internal/alias/create.go:534.2,534.26 1 1
github.com/sqlrs/cli/internal/alias/errors.go:11.36,13.2 1 1
github.com/sqlrs/cli/internal/alias/errors.go:15.56,17.2 1 1
github.com/sqlrs/cli/internal/alias/load.go:14.52,16.2 1 1
github.com/sqlrs/cli/internal/alias/load.go:21.82,23.17 2 1
github.com/sqlrs/cli/internal/alias/load.go:23.17,25.3 1 0
github.com/sqlrs/cli/internal/alias/load.go:26.2,26.15 1 1
github.com/sqlrs/cli/internal/alias/load.go:27.20,28.49 1 1
github.com/sqlrs/cli/internal/alias/load.go:29.16,30.45 1 1
github.com/sqlrs/cli/internal/alias/load.go:31.10,32.61 1 0
github.com/sqlrs/cli/internal/alias/load.go:36.56,38.2 1 1
github.com/sqlrs/cli/internal/alias/load.go:40.86,42.16 2 1
github.com/sqlrs/cli/internal/alias/load.go:42.16,44.3 1 1
github.com/sqlrs/cli/internal/alias/load.go:45.2,46.18 2 1
github.com/sqlrs/cli/internal/alias/load.go:47.10,48.68 1 1
github.com/sqlrs/cli/internal/alias/load.go:49.20,49.20 0 1
github.com/sqlrs/cli/internal/alias/load.go:50.10,51.78 1 1
github.com/sqlrs/cli/internal/alias/load.go:53.2,53.24 1 1
github.com/sqlrs/cli/internal/alias/load.go:53.24,55.3 1 1
github.com/sqlrs/cli/internal/alias/load.go:56.2,56.17 1 1
github.com/sqlrs/cli/internal/alias/load.go:59.52,61.2 1 1
github.com/sqlrs/cli/internal/alias/load.go:63.82,65.16 2 1
github.com/sqlrs/cli/internal/alias/load.go:65.16,67.3 1 1
github.com/sqlrs/cli/internal/alias/load.go:68.2,69.18 2 1
github.com/sqlrs/cli/internal/alias/load.go:70.10,71.64 1 1
github.com/sqlrs/cli/internal/alias/load.go:72.10,73.33 1 1
github.com/sqlrs/cli/internal/alias/load.go:73.33,75.4 1 1
github.com/sqlrs/cli/internal/alias/load.go:77.2,77.40 1 1
github.com/sqlrs/cli/internal/alias/load.go:77.40,79.3 1 1
github.com/sqlrs/cli/internal/alias/load.go:80.2,80.24 1 1
github.com/sqlrs/cli/internal/alias/load.go:80.24,82.3 1 1
github.com/sqlrs/cli/internal/alias/load.go:83.2,83.17 1 1
github.com/sqlrs/cli/internal/alias/load.go:86.91,88.16 2 1
github.com/sqlrs/cli/internal/alias/load.go:88.16,90.3 1 1
github.com/sqlrs/cli/internal/alias/load.go:91.2,96.55 2 1
github.com/sqlrs/cli/internal/alias/load.go:96.55,97.32 1 1
github.com/sqlrs/cli/internal/alias/load.go:98.21,99.66 1 1
github.com/sqlrs/cli/internal/alias/load.go:100.17,101.62 1 1
github.com/sqlrs/cli/internal/alias/load.go:102.11,103.28 1 0
github.com/sqlrs/cli/internal/alias/load.go:106.2,110.8 1 1
github.com/sqlrs/cli/internal/alias/path.go:7.41,9.2 1 1
github.com/sqlrs/cli/internal/alias/path.go:11.51,13.2 1 1
github.com/sqlrs/cli/internal/alias/resolve.go:13.57,15.2 1 1
github.com/sqlrs/cli/internal/alias/resolve.go:20.87,23.25 3 1
github.com/sqlrs/cli/internal/alias/resolve.go:23.25,25.3 1 1
github.com/sqlrs/cli/internal/alias/resolve.go:26.2,26.15 1 1
github.com/sqlrs/cli/internal/alias/resolve.go:26.15,28.3 1 1
github.com/sqlrs/cli/internal/alias/resolve.go:29.2,29.25 1 1
github.com/sqlrs/cli/internal/alias/resolve.go:29.25,31.3 1 1
github.com/sqlrs/cli/internal/alias/resolve.go:32.2,36.15 4 1
github.com/sqlrs/cli/internal/alias/resolve.go:36.15,38.3 1 1
github.com/sqlrs/cli/internal/alias/resolve.go:40.2,42.11 3 1
github.com/sqlrs/cli/internal/alias/resolve.go:42.11,44.35 2 1
github.com/sqlrs/cli/internal/alias/resolve.go:44.35,46.4 1 1
github.com/sqlrs/cli/internal/alias/resolve.go:47.3,47.64 1 1
github.com/sqlrs/cli/internal/alias/resolve.go:49.2,49.62 1 1
github.com/sqlrs/cli/internal/alias/resolve.go:52.123,54.15 2 1
github.com/sqlrs/cli/internal/alias/resolve.go:55.20,56.95 1 1
github.com/sqlrs/cli/internal/alias/resolve.go:57.16,58.87 1 1
github.com/sqlrs/cli/internal/alias/resolve.go:61.2,63.9 3 1
github.com/sqlrs/cli/internal/alias/resolve.go:64.42,65.108 1 1
github.com/sqlrs/cli/internal/alias/resolve.go:66.25,67.28 1 1
github.com/sqlrs/cli/internal/alias/resolve.go:68.21,69.24 1 1
github.com/sqlrs/cli/internal/alias/resolve.go:70.10,71.70 1 1
github.com/sqlrs/cli/internal/alias/resolve.go:75.134,77.16 2 1
github.com/sqlrs/cli/internal/alias/resolve.go:77.16,79.3 1 1
github.com/sqlrs/cli/internal/alias/resolve.go:80.2,81.32 2 1
github.com/sqlrs/cli/internal/alias/resolve.go:81.32,83.3 1 1
github.com/sqlrs/cli/internal/alias/resolve.go:84.2,89.8 1 1
github.com/sqlrs/cli/internal/alias/resolve.go:92.124,94.16 2 1
github.com/sqlrs/cli/internal/alias/resolve.go:94.16,96.3 1 1
github.com/sqlrs/cli/internal/alias/resolve.go:97.2,98.32 2 1
github.com/sqlrs/cli/internal/alias/resolve.go:98.32,100.3 1 1
github.com/sqlrs/cli/internal/alias/resolve.go:102.2,103.9 2 1
github.com/sqlrs/cli/internal/alias/resolve.go:104.42,105.108 1 1
github.com/sqlrs/cli/internal/alias/resolve.go:106.19,107.24 1 1
github.com/sqlrs/cli/internal/alias/resolve.go:108.53,109.109 1 1
github.com/sqlrs/cli/internal/alias/resolve.go:112.2,117.25 2 1
github.com/sqlrs/cli/internal/alias/resolve.go:117.25,119.3 1 1
github.com/sqlrs/cli/internal/alias/resolve.go:119.8,121.20 2 1
github.com/sqlrs/cli/internal/alias/resolve.go:121.20,123.4 1 1
github.com/sqlrs/cli/internal/alias/resolve.go:124.3,124.37 1 1
github.com/sqlrs/cli/internal/alias/resolve.go:126.2,126.20 1 1
github.com/sqlrs/cli/internal/alias/resolve.go:129.97,131.25 2 1
github.com/sqlrs/cli/internal/alias/resolve.go:131.25,133.3 1 1
github.com/sqlrs/cli/internal/alias/resolve.go:134.2,136.16 3 1
github.com/sqlrs/cli/internal/alias/resolve.go:136.16,138.3 1 1
github.com/sqlrs/cli/internal/alias/resolve.go:139.2,142.31 3 1
github.com/sqlrs/cli/internal/alias/resolve.go:142.31,144.3 1 1
github.com/sqlrs/cli/internal/alias/resolve.go:145.2,149.72 4 1
github.com/sqlrs/cli/internal/alias/resolve.go:149.72,151.3 1 1
github.com/sqlrs/cli/internal/alias/resolve.go:152.2,152.22 1 1
github.com/sqlrs/cli/internal/alias/scan.go:17.46,19.16 2 1
github.com/sqlrs/cli/internal/alias/scan.go:19.16,21.3 1 1
github.com/sqlrs/cli/internal/alias/scan.go:23.2,24.70 2 1
github.com/sqlrs/cli/internal/alias/scan.go:24.70,26.18 2 1
github.com/sqlrs/cli/internal/alias/scan.go:26.18,28.4 1 1
github.com/sqlrs/cli/internal/alias/scan.go:29.3,29.36 1 1
github.com/sqlrs/cli/internal/alias/scan.go:29.36,31.4 1 1
github.com/sqlrs/cli/internal/alias/scan.go:32.3,39.17 3 1
github.com/sqlrs/cli/internal/alias/scan.go:39.17,42.4 2 1
github.com/sqlrs/cli/internal/alias/scan.go:42.9,45.4 2 1
github.com/sqlrs/cli/internal/alias/scan.go:46.3,47.13 2 1
github.com/sqlrs/cli/internal/alias/scan.go:48.17,50.3 1 1
github.com/sqlrs/cli/internal/alias/scan.go:52.2,52.42 1 1
github.com/sqlrs/cli/internal/alias/scan.go:52.42,54.3 1 1
github.com/sqlrs/cli/internal/alias/scan.go:55.2,55.21 1 1
github.com/sqlrs/cli/internal/alias/scan.go:58.104,60.25 2 1
github.com/sqlrs/cli/internal/alias/scan.go:60.25,62.3 1 1
github.com/sqlrs/cli/internal/alias/scan.go:63.2,66.15 3 1
github.com/sqlrs/cli/internal/alias/scan.go:66.15,68.3 1 1
github.com/sqlrs/cli/internal/alias/scan.go:69.2,72.69 3 1
github.com/sqlrs/cli/internal/alias/scan.go:73.17,74.88 1 1
github.com/sqlrs/cli/internal/alias/scan.go:74.88,76.4 1 1
github.com/sqlrs/cli/internal/alias/scan.go:77.3,77.17 1 1
github.com/sqlrs/cli/internal/alias/scan.go:78.19,79.27 1 1
github.com/sqlrs/cli/internal/alias/scan.go:80.10,81.27 1 1
github.com/sqlrs/cli/internal/alias/scan.go:81.27,83.4 1 1
github.com/sqlrs/cli/internal/alias/scan.go:83.9,84.89 1 1
github.com/sqlrs/cli/internal/alias/scan.go:84.89,86.5 1 1
github.com/sqlrs/cli/internal/alias/scan.go:87.4,87.75 1 1
github.com/sqlrs/cli/internal/alias/scan.go:91.2,91.92 1 1
github.com/sqlrs/cli/internal/alias/scan.go:91.92,93.3 1 1
github.com/sqlrs/cli/internal/alias/scan.go:95.2,96.17 2 1
github.com/sqlrs/cli/internal/alias/scan.go:96.17,98.3 1 1
github.com/sqlrs/cli/internal/alias/scan.go:100.2,101.55 2 1
github.com/sqlrs/cli/internal/alias/scan.go:101.55,103.3 1 1
github.com/sqlrs/cli/internal/alias/scan.go:104.2,104.59 1 1
github.com/sqlrs/cli/internal/alias/scan.go:107.88,109.16 2 1
github.com/sqlrs/cli/internal/alias/scan.go:109.16,111.3 1 1
github.com/sqlrs/cli/internal/alias/scan.go:112.2,112.32 1 1
github.com/sqlrs/cli/internal/alias/scan.go:112.32,115.20 3 1
github.com/sqlrs/cli/internal/alias/scan.go:115.20,116.24 1 1
github.com/sqlrs/cli/internal/alias/scan.go:116.24,117.13 1 1
github.com/sqlrs/cli/internal/alias/scan.go:119.4,119.17 1 1
github.com/sqlrs/cli/internal/alias/scan.go:120.19,121.13 1 1
github.com/sqlrs/cli/internal/alias/scan.go:122.23,123.19 1 1
github.com/sqlrs/cli/internal/alias/scan.go:123.19,124.14 1 1
github.com/sqlrs/cli/internal/alias/scan.go:127.4,127.69 1 1
github.com/sqlrs/cli/internal/alias/scan.go:127.69,129.5 1 1
github.com/sqlrs/cli/internal/alias/scan.go:130.4,130.12 1 1
github.com/sqlrs/cli/internal/alias/scan.go:132.3,132.37 1 1
github.com/sqlrs/cli/internal/alias/scan.go:132.37,134.4 1 1
github.com/sqlrs/cli/internal/alias/scan.go:136.2,136.12 1 1
github.com/sqlrs/cli/internal/alias/scan.go:139.66,141.16 2 1
github.com/sqlrs/cli/internal/alias/scan.go:141.16,143.3 1 1
github.com/sqlrs/cli/internal/alias/scan.go:144.2,147.54 2 1
github.com/sqlrs/cli/internal/alias/scan.go:147.54,149.3 1 1
github.com/sqlrs/cli/internal/alias/scan.go:150.2,150.61 1 1
github.com/sqlrs/cli/internal/alias/scan.go:153.55,154.15 1 1
github.com/sqlrs/cli/internal/alias/scan.go:155.20,156.51 1 1
github.com/sqlrs/cli/internal/alias/scan.go:157.16,158.47 1 1
github.com/sqlrs/cli/internal/alias/scan.go:159.10,160.13 1 1
github.com/sqlrs/cli/internal/alias/scan.go:164.70,166.16 2 1
github.com/sqlrs/cli/internal/alias/scan.go:166.16,168.3 1 1
github.com/sqlrs/cli/internal/alias/scan.go:169.2,169.30 1 1
github.com/sqlrs/cli/internal/alias/scan.go:172.65,174.16 2 1
github.com/sqlrs/cli/internal/alias/scan.go:174.16,176.3 1 1
github.com/sqlrs/cli/internal/alias/scan.go:177.2,177.15 1 1
github.com/sqlrs/cli/internal/alias/scan.go:178.20,179.47 1 1
github.com/sqlrs/cli/internal/alias/scan.go:180.16,181.43 1 1
github.com/sqlrs/cli/internal/alias/scan.go:183.2,183.30 1 1
github.com/sqlrs/cli/internal/alias/scan.go:186.38,187.9 1 1
github.com/sqlrs/cli/internal/alias/scan.go:188.63,189.22 1 1
github.com/sqlrs/cli/internal/alias/scan.go:190.59,191.18 1 1
github.com/sqlrs/cli/internal/alias/scan.go:192.10,193.12 1 1
github.com/sqlrs/cli/internal/alias/scan.go:197.71,201.75 3 1
github.com/sqlrs/cli/internal/alias/scan.go:201.75,203.3 1 0
github.com/sqlrs/cli/internal/alias/scan.go:205.2,205.65 1 1
github.com/sqlrs/cli/internal/alias/scan.go:205.65,207.3 1 1
github.com/sqlrs/cli/internal/alias/scan.go:209.2,209.44 1 1
github.com/sqlrs/cli/internal/alias/scan.go:209.44,211.3 1 1
github.com/sqlrs/cli/internal/alias/scan.go:213.2,214.16 2 1
github.com/sqlrs/cli/internal/alias/scan.go:214.16,216.3 1 1
github.com/sqlrs/cli/internal/alias/scan.go:217.2,217.17 1 0
github.com/sqlrs/cli/internal/alias/scan.go:220.118,221.92 1 1
github.com/sqlrs/cli/internal/alias/scan.go:221.92,223.3 1 1
github.com/sqlrs/cli/internal/alias/scan.go:224.2,224.135 1 1
github.com/sqlrs/cli/internal/alias/scan.go:227.71,230.50 3 1
github.com/sqlrs/cli/internal/alias/scan.go:230.50,231.102 1 1
github.com/sqlrs/cli/internal/alias/scan.go:231.102,233.4 1 1
github.com/sqlrs/cli/internal/alias/scan.go:235.2,235.18 1 1
github.com/sqlrs/cli/internal/alias/scan.go:238.45,239.39 1 1
github.com/sqlrs/cli/internal/alias/scan.go:239.39,241.3 1 1
github.com/sqlrs/cli/internal/alias/scan.go:242.2,243.74 2 1
github.com/sqlrs/cli/internal/alias/scan.go:243.74,245.3 1 1
github.com/sqlrs/cli/internal/alias/scan.go:246.2,246.11 1 1
github.com/sqlrs/cli/internal/alias/scan.go:249.52,251.22 2 1
github.com/sqlrs/cli/internal/alias/scan.go:251.22,253.3 1 1
github.com/sqlrs/cli/internal/alias/scan.go:254.2,255.37 2 1
github.com/sqlrs/cli/internal/alias/scan.go:255.37,257.3 1 1
github.com/sqlrs/cli/internal/alias/scan.go:258.2,258.47 1 1
github.com/sqlrs/cli/internal/alias/scan.go:261.59,266.59 4 1
github.com/sqlrs/cli/internal/alias/scan.go:266.59,267.65 1 1
github.com/sqlrs/cli/internal/alias/scan.go:267.65,268.9 1 1
github.com/sqlrs/cli/internal/alias/scan.go:270.3,270.11 1 1
github.com/sqlrs/cli/internal/alias/scan.go:273.2,274.43 2 1
github.com/sqlrs/cli/internal/alias/scan.go:274.43,276.3 1 1
github.com/sqlrs/cli/internal/alias/scan.go:277.2,278.21 2 1
github.com/sqlrs/cli/internal/alias/scan.go:278.21,280.3 1 1
github.com/sqlrs/cli/internal/alias/scan.go:281.2,281.33 1 1
github.com/sqlrs/cli/internal/alias/scan.go:284.44,286.19 2 1
github.com/sqlrs/cli/internal/alias/scan.go:286.19,288.3 1 1
github.com/sqlrs/cli/internal/alias/scan.go:289.2,289.36 1 1
github.com/sqlrs/cli/internal/alias/scan.go:292.44,294.19 2 1
github.com/sqlrs/cli/internal/alias/scan.go:294.19,296.3 1 1
github.com/sqlrs/cli/internal/alias/scan.go:297.2,297.58 1 1
github.com/sqlrs/cli/internal/alias/scan.go:297.58,299.3 1 1
github.com/sqlrs/cli/internal/alias/scan.go:300.2,300.16 1 1
github.com/sqlrs/cli/internal/alias/types.go:100.40,101.66 1 1
github.com/sqlrs/cli/internal/alias/types.go:102.20,103.22 1 1
github.com/sqlrs/cli/internal/alias/types.go:104.16,105.18 1 1
github.com/sqlrs/cli/internal/alias/types.go:106.10,107.12 1 1
github.com/sqlrs/cli/internal/alias/types.go:111.47,112.22 1 1
github.com/sqlrs/cli/internal/alias/types.go:112.22,114.3 1 1
github.com/sqlrs/cli/internal/alias/types.go:115.2,117.31 3 1
github.com/sqlrs/cli/internal/alias/types.go:117.31,119.18 2 1
github.com/sqlrs/cli/internal/alias/types.go:119.18,120.12 1 1
github.com/sqlrs/cli/internal/alias/types.go:122.3,122.31 1 1
github.com/sqlrs/cli/internal/alias/types.go:122.31,123.12 1 1
github.com/sqlrs/cli/internal/alias/types.go:125.3,126.35 2 1
github.com/sqlrs/cli/internal/alias/types.go:128.2,128.23 1 1
github.com/sqlrs/cli/internal/alias/types.go:128.23,130.3 1 1
github.com/sqlrs/cli/internal/alias/types.go:131.2,131.16 1 1
github.com/sqlrs/cli/internal/alias/types.go:134.41,135.58 1 1
github.com/sqlrs/cli/internal/alias/types.go:136.17,137.19 1 1
github.com/sqlrs/cli/internal/alias/types.go:138.21,139.23 1 1
github.com/sqlrs/cli/internal/alias/types.go:140.26,141.24 1 1
github.com/sqlrs/cli/internal/alias/types.go:142.10,143.12 1 1
github.com/sqlrs/cli/cmd/sqlrs/main.go:15.38,16.37 1 1
github.com/sqlrs/cli/cmd/sqlrs/main.go:16.37,18.31 2 1
github.com/sqlrs/cli/cmd/sqlrs/main.go:18.31,20.4 1 1
github.com/sqlrs/cli/cmd/sqlrs/main.go:21.3,21.16 1 1
github.com/sqlrs/cli/cmd/sqlrs/main.go:23.2,23.15 1 1
github.com/sqlrs/cli/cmd/sqlrs/main.go:26.13,28.16 2 1
github.com/sqlrs/cli/cmd/sqlrs/main.go:28.16,30.3 1 1
github.com/sqlrs/cli/cmd/sqlrs/main.go:31.2,31.15 1 1
github.com/sqlrs/cli/cmd/sqlrs/main.go:31.15,33.3 1 1
github.com/sqlrs/cli/internal/cli/runkind/runkind.go:10.32,11.50 1 1
github.com/sqlrs/cli/internal/cli/runkind/runkind.go:12.29,13.14 1 1
github.com/sqlrs/cli/internal/cli/runkind/runkind.go:14.10,15.15 1 1
github.com/sqlrs/cli/internal/cli/runkind/runkind.go:19.41,20.50 1 1
github.com/sqlrs/cli/internal/cli/runkind/runkind.go:21.16,22.16 1 1
github.com/sqlrs/cli/internal/cli/runkind/runkind.go:23.19,24.19 1 1
github.com/sqlrs/cli/internal/cli/runkind/runkind.go:25.10,26.12 1 1
github.com/sqlrs/cli/internal/cli/runkind/runkind.go:30.57,31.50 1 1
github.com/sqlrs/cli/internal/cli/runkind/runkind.go:32.16,33.37 1 1
github.com/sqlrs/cli/internal/cli/runkind/runkind.go:34.19,35.40 1 1
github.com/sqlrs/cli/internal/cli/runkind/runkind.go:36.10,37.15 1 1
github.com/sqlrs/cli/internal/cli/runkind/runkind.go:41.48,42.33 1 1
github.com/sqlrs/cli/internal/cli/runkind/runkind.go:42.33,44.16 2 1
github.com/sqlrs/cli/internal/cli/runkind/runkind.go:44.16,45.12 1 1
github.com/sqlrs/cli/internal/cli/runkind/runkind.go:47.3,47.26 1 1
github.com/sqlrs/cli/internal/cli/runkind/runkind.go:47.26,49.4 1 1
github.com/sqlrs/cli/internal/cli/runkind/runkind.go:50.3,50.34 1 1
github.com/sqlrs/cli/internal/cli/runkind/runkind.go:50.34,51.12 1 1
github.com/sqlrs/cli/internal/cli/runkind/runkind.go:53.3,53.35 1 1
github.com/sqlrs/cli/internal/cli/runkind/runkind.go:53.35,55.4 1 1
github.com/sqlrs/cli/internal/cli/runkind/runkind.go:57.2,57.14 1 1
github.com/sqlrs/cli/internal/cli/runkind/runkind.go:60.38,61.13 1 1
github.com/sqlrs/cli/internal/cli/runkind/runkind.go:62.90,63.14 1 1
github.com/sqlrs/cli/internal/cli/runkind/runkind.go:65.2,69.41 1 1
github.com/sqlrs/cli/internal/cli/runkind/runkind.go:69.41,71.3 1 1
github.com/sqlrs/cli/internal/cli/runkind/runkind.go:72.2,72.50 1 1
github.com/sqlrs/cli/internal/cli/runkind/runkind.go:72.50,74.3 1 1
github.com/sqlrs/cli/internal/cli/runkind/runkind.go:75.2,75.50 1 1
github.com/sqlrs/cli/internal/cli/runkind/runkind.go:75.50,77.3 1 1
github.com/sqlrs/cli/internal/cli/runkind/runkind.go:78.2,78.50 1 1
github.com/sqlrs/cli/internal/cli/runkind/runkind.go:78.50,80.3 1 1
github.com/sqlrs/cli/internal/cli/runkind/runkind.go:81.2,81.50 1 1
github.com/sqlrs/cli/internal/cli/runkind/runkind.go:81.50,83.3 1 1
github.com/sqlrs/cli/internal/cli/runkind/runkind.go:84.2,84.14 1 1
github.com/sqlrs/cli/internal/cli/runkind/runkind.go:87.51,88.33 1 1
github.com/sqlrs/cli/internal/cli/runkind/runkind.go:88.33,90.16 2 1
github.com/sqlrs/cli/internal/cli/runkind/runkind.go:90.16,91.12 1 1
github.com/sqlrs/cli/internal/cli/runkind/runkind.go:93.3,93.14 1 1
github.com/sqlrs/cli/internal/cli/runkind/runkind.go:94.31,95.15 1 1
github.com/sqlrs/cli/internal/cli/runkind/runkind.go:97.3,97.51 1 1
github.com/sqlrs/cli/internal/cli/runkind/runkind.go:97.51,99.4 1 1
github.com/sqlrs/cli/internal/cli/runkind/runkind.go:100.3,100.51 1 1
github.com/sqlrs/cli/internal/cli/runkind/runkind.go:100.51,102.4 1 1
github.com/sqlrs/cli/internal/cli/runkind/runkind.go:103.3,103.51 1 1
github.com/sqlrs/cli/internal/cli/runkind/runkind.go:103.51,105.4 1 1
github.com/sqlrs/cli/internal/cli/runkind/runkind.go:106.3,106.51 1 1
github.com/sqlrs/cli/internal/cli/runkind/runkind.go:106.51,108.4 1 1
github.com/sqlrs/cli/internal/cli/runkind/runkind.go:110.2,110.14 1 1
github.com/sqlrs/cli/internal/config/dbms.go:5.57,7.16 2 1
github.com/sqlrs/cli/internal/config/dbms.go:7.16,9.3 1 1
github.com/sqlrs/cli/internal/config/dbms.go:10.2,11.9 2 1
github.com/sqlrs/cli/internal/config/dbms.go:11.9,13.3 1 1
github.com/sqlrs/cli/internal/config/dbms.go:14.2,15.9 2 1
github.com/sqlrs/cli/internal/config/dbms.go:15.9,17.3 1 1
github.com/sqlrs/cli/internal/config/dbms.go:18.2,19.9 2 1
github.com/sqlrs/cli/internal/config/dbms.go:19.9,21.3 1 1
github.com/sqlrs/cli/internal/config/dbms.go:22.2,23.17 2 1
github.com/sqlrs/cli/internal/config/dbms.go:23.17,25.3 1 1
github.com/sqlrs/cli/internal/config/dbms.go:26.2,26.25 1 1
github.com/sqlrs/cli/internal/config/duration.go:5.79,6.15 1 1
github.com/sqlrs/cli/internal/config/duration.go:6.15,8.3 1 1
github.com/sqlrs/cli/internal/config/duration.go:9.2,9.32 1 1
github.com/sqlrs/cli/internal/config/expand.go:5.61,6.29 1 1
github.com/sqlrs/cli/internal/config/expand.go:6.29,8.3 1 1
github.com/sqlrs/cli/internal/config/expand.go:11.55,12.25 1 1
github.com/sqlrs/cli/internal/config/expand.go:13.22,15.11 2 1
github.com/sqlrs/cli/internal/config/expand.go:16.13,17.26 1 1
github.com/sqlrs/cli/internal/config/expand.go:17.26,19.4 1 1
github.com/sqlrs/cli/internal/config/expand.go:20.3,20.11 1 1
github.com/sqlrs/cli/internal/config/expand.go:21.14,22.31 1 1
github.com/sqlrs/cli/internal/config/expand.go:23.10,24.13 1 1
github.com/sqlrs/cli/internal/config/expand.go:28.64,29.50 1 1
github.com/sqlrs/cli/internal/config/expand.go:29.50,30.39 1 1
github.com/sqlrs/cli/internal/config/expand.go:30.39,32.4 1 1
github.com/sqlrs/cli/internal/config/expand.go:33.3,33.24 1 1
github.com/sqlrs/cli/internal/config/liquibase.go:5.61,7.16 2 1
github.com/sqlrs/cli/internal/config/liquibase.go:7.16,9.3 1 1
github.com/sqlrs/cli/internal/config/liquibase.go:10.2,11.9 2 1
github.com/sqlrs/cli/internal/config/liquibase.go:11.9,13.3 1 1
github.com/sqlrs/cli/internal/config/liquibase.go:14.2,15.9 2 1
github.com/sqlrs/cli/internal/config/liquibase.go:15.9,17.3 1 1
github.com/sqlrs/cli/internal/config/liquibase.go:18.2,19.9 2 1
github.com/sqlrs/cli/internal/config/liquibase.go:19.9,21.3 1 1
github.com/sqlrs/cli/internal/config/liquibase.go:22.2,23.17 2 1
github.com/sqlrs/cli/internal/config/liquibase.go:23.17,25.3 1 1
github.com/sqlrs/cli/internal/config/liquibase.go:26.2,26.25 1 1
github.com/sqlrs/cli/internal/config/liquibase.go:29.65,31.16 2 1
github.com/sqlrs/cli/internal/config/liquibase.go:31.16,33.3 1 1
github.com/sqlrs/cli/internal/config/liquibase.go:34.2,35.9 2 1
github.com/sqlrs/cli/internal/config/liquibase.go:35.9,37.3 1 1
github.com/sqlrs/cli/internal/config/liquibase.go:38.2,39.9 2 1
github.com/sqlrs/cli/internal/config/liquibase.go:39.9,41.3 1 1
github.com/sqlrs/cli/internal/config/liquibase.go:42.2,43.9 2 1
github.com/sqlrs/cli/internal/config/liquibase.go:43.9,45.3 1 1
github.com/sqlrs/cli/internal/config/liquibase.go:46.2,47.17 2 1
github.com/sqlrs/cli/internal/config/liquibase.go:47.17,49.3 1 1
github.com/sqlrs/cli/internal/config/liquibase.go:50.2,50.25 1 1
github.com/sqlrs/cli/internal/config/load.go:15.51,19.27 3 1
github.com/sqlrs/cli/internal/config/load.go:19.27,21.17 2 1
github.com/sqlrs/cli/internal/config/load.go:21.17,23.4 1 0
github.com/sqlrs/cli/internal/config/load.go:26.2,27.17 2 1
github.com/sqlrs/cli/internal/config/load.go:27.17,29.17 2 1
github.com/sqlrs/cli/internal/config/load.go:29.17,31.4 1 1
github.com/sqlrs/cli/internal/config/load.go:32.3,32.19 1 1
github.com/sqlrs/cli/internal/config/load.go:35.2,38.28 3 1
github.com/sqlrs/cli/internal/config/load.go:38.28,40.17 2 1
github.com/sqlrs/cli/internal/config/load.go:40.17,42.4 1 1
github.com/sqlrs/cli/internal/config/load.go:43.3,43.25 1 1
github.com/sqlrs/cli/internal/config/load.go:46.2,47.16 2 1
github.com/sqlrs/cli/internal/config/load.go:47.16,49.3 1 1
github.com/sqlrs/cli/internal/config/load.go:50.2,50.23 1 1
github.com/sqlrs/cli/internal/config/load.go:50.23,52.17 2 1
github.com/sqlrs/cli/internal/config/load.go:52.17,54.4 1 1
github.com/sqlrs/cli/internal/config/load.go:55.3,55.25 1 1
github.com/sqlrs/cli/internal/config/load.go:58.2,64.54 2 1
github.com/sqlrs/cli/internal/config/load.go:64.54,66.3 1 1
github.com/sqlrs/cli/internal/config/load.go:66.8,68.3 1 1
github.com/sqlrs/cli/internal/config/load.go:70.2,73.16 3 1
github.com/sqlrs/cli/internal/config/load.go:73.16,75.3 1 0
github.com/sqlrs/cli/internal/config/load.go:77.2,78.50 2 1
github.com/sqlrs/cli/internal/config/load.go:78.50,80.3 1 0
github.com/sqlrs/cli/internal/config/load.go:81.2,81.25 1 1
github.com/sqlrs/cli/internal/config/load.go:81.25,83.3 1 1
github.com/sqlrs/cli/internal/config/load.go:84.2,84.35 1 1
github.com/sqlrs/cli/internal/config/load.go:84.35,86.3 1 1
github.com/sqlrs/cli/internal/config/load.go:87.2,87.87 1 1
github.com/sqlrs/cli/internal/config/load.go:87.87,89.24 2 1
github.com/sqlrs/cli/internal/config/load.go:89.24,91.4 1 1
github.com/sqlrs/cli/internal/config/load.go:92.3,92.97 1 1
github.com/sqlrs/cli/internal/config/load.go:95.2,98.20 4 1
github.com/sqlrs/cli/internal/config/load.go:101.40,125.2 1 1
github.com/sqlrs/cli/internal/config/load.go:127.57,129.16 2 1
github.com/sqlrs/cli/internal/config/load.go:129.16,131.3 1 1
github.com/sqlrs/cli/internal/config/load.go:132.2,133.51 2 1
github.com/sqlrs/cli/internal/config/load.go:133.51,135.3 1 1
github.com/sqlrs/cli/internal/config/load.go:136.2,137.9 2 1
github.com/sqlrs/cli/internal/config/load.go:137.9,139.3 1 1
github.com/sqlrs/cli/internal/config/load.go:140.2,140.24 1 1
github.com/sqlrs/cli/internal/config/load.go:143.34,144.27 1 1
github.com/sqlrs/cli/internal/config/load.go:145.22,147.27 2 1
github.com/sqlrs/cli/internal/config/load.go:147.27,149.4 1 1
github.com/sqlrs/cli/internal/config/load.go:150.3,150.13 1 1
github.com/sqlrs/cli/internal/config/load.go:151.19,153.27 2 1
github.com/sqlrs/cli/internal/config/load.go:153.27,155.11 2 1
github.com/sqlrs/cli/internal/config/load.go:155.11,156.13 1 1
github.com/sqlrs/cli/internal/config/load.go:158.4,158.35 1 1
github.com/sqlrs/cli/internal/config/load.go:160.3,160.13 1 1
github.com/sqlrs/cli/internal/config/load.go:161.13,163.26 2 1
github.com/sqlrs/cli/internal/config/load.go:163.26,165.4 1 1
github.com/sqlrs/cli/internal/config/load.go:166.3,166.13 1 1
github.com/sqlrs/cli/internal/config/load.go:167.10,168.15 1 1
github.com/sqlrs/cli/internal/config/load.go:172.40,173.31 1 1
github.com/sqlrs/cli/internal/config/load.go:173.31,174.50 1 1
github.com/sqlrs/cli/internal/config/load.go:174.50,175.49 1 1
github.com/sqlrs/cli/internal/config/load.go:175.49,177.13 2 1
github.com/sqlrs/cli/internal/config/load.go:180.3,180.20 1 1
github.com/sqlrs/cli/internal/config/load.go:184.35,187.2 2 1
github.com/sqlrs/cli/internal/client/http_client.go:29.48,31.18 2 1
github.com/sqlrs/cli/internal/client/http_client.go:31.18,33.3 1 1
github.com/sqlrs/cli/internal/client/http_client.go:34.2,35.76 2 1
github.com/sqlrs/cli/internal/client/http_client.go:35.76,36.20 1 1
github.com/sqlrs/cli/internal/client/http_client.go:36.20,38.4 1 1
github.com/sqlrs/cli/internal/client/http_client.go:39.3,40.59 2 1
github.com/sqlrs/cli/internal/client/http_client.go:40.59,42.4 1 1
github.com/sqlrs/cli/internal/client/http_client.go:43.3,43.52 1 1
github.com/sqlrs/cli/internal/client/http_client.go:43.52,45.4 1 1
github.com/sqlrs/cli/internal/client/http_client.go:46.3,46.21 1 1
github.com/sqlrs/cli/internal/client/http_client.go:46.21,48.4 1 1
github.com/sqlrs/cli/internal/client/http_client.go:49.3,49.13 1 1
github.com/sqlrs/cli/internal/client/http_client.go:51.2,56.3 1 1
github.com/sqlrs/cli/internal/client/http_client.go:59.70,61.81 2 1
github.com/sqlrs/cli/internal/client/http_client.go:61.81,63.3 1 1
github.com/sqlrs/cli/internal/client/http_client.go:64.2,64.17 1 1
github.com/sqlrs/cli/internal/client/http_client.go:67.75,69.86 2 1
github.com/sqlrs/cli/internal/client/http_client.go:69.86,71.3 1 1
github.com/sqlrs/cli/internal/client/http_client.go:72.2,72.17 1 1
github.com/sqlrs/cli/internal/client/http_client.go:75.119,78.16 3 1
github.com/sqlrs/cli/internal/client/http_client.go:78.16,80.3 1 0
github.com/sqlrs/cli/internal/client/http_client.go:81.2,82.16 2 1
github.com/sqlrs/cli/internal/client/http_client.go:82.16,84.3 1 0
github.com/sqlrs/cli/internal/client/http_client.go:85.2,87.53 2 1
github.com/sqlrs/cli/internal/client/http_client.go:87.53,89.3 1 1
github.com/sqlrs/cli/internal/client/http_client.go:90.2,90.64 1 1
github.com/sqlrs/cli/internal/client/http_client.go:90.64,92.3 1 0
github.com/sqlrs/cli/internal/client/http_client.go:93.2,93.17 1 1
github.com/sqlrs/cli/internal/client/http_client.go:96.91,102.99 6 1
github.com/sqlrs/cli/internal/client/http_client.go:102.99,104.3 1 1
github.com/sqlrs/cli/internal/client/http_client.go:105.2,105.17 1 1
github.com/sqlrs/cli/internal/client/http_client.go:108.85,113.2 4 1
github.com/sqlrs/cli/internal/client/http_client.go:115.99,121.103 6 1
github.com/sqlrs/cli/internal/client/http_client.go:121.103,123.3 1 1
github.com/sqlrs/cli/internal/client/http_client.go:124.2,124.17 1 1
github.com/sqlrs/cli/internal/client/http_client.go:127.97,132.2 4 1
github.com/sqlrs/cli/internal/client/http_client.go:134.93,140.100 6 1
github.com/sqlrs/cli/internal/client/http_client.go:140.100,142.3 1 1
github.com/sqlrs/cli/internal/client/http_client.go:143.2,143.17 1 1
github.com/sqlrs/cli/internal/client/http_client.go:146.90,151.2 4 1
github.com/sqlrs/cli/internal/client/http_client.go:153.120,155.2 1 1
github.com/sqlrs/cli/internal/client/http_client.go:157.114,159.2 1 1
github.com/sqlrs/cli/internal/client/http_client.go:161.107,164.16 3 1
github.com/sqlrs/cli/internal/client/http_client.go:164.16,166.3 1 0
github.com/sqlrs/cli/internal/client/http_client.go:167.2,168.16 2 1
github.com/sqlrs/cli/internal/client/http_client.go:168.16,170.3 1 1
github.com/sqlrs/cli/internal/client/http_client.go:171.2,173.85 2 1
github.com/sqlrs/cli/internal/client/http_client.go:173.85,175.3 1 1
github.com/sqlrs/cli/internal/client/http_client.go:176.2,177.45 2 1
github.com/sqlrs/cli/internal/client/http_client.go:177.45,179.3 1 1
github.com/sqlrs/cli/internal/client/http_client.go:180.2,180.17 1 1
github.com/sqlrs/cli/internal/client/http_client.go:183.121,185.15 2 1
github.com/sqlrs/cli/internal/client/http_client.go:185.15,187.3 1 1
github.com/sqlrs/cli/internal/client/http_client.go:188.2,189.16 2 1
github.com/sqlrs/cli/internal/client/http_client.go:189.16,191.3 1 1
github.com/sqlrs/cli/internal/client/http_client.go:192.2,192.23 1 1
github.com/sqlrs/cli/internal/client/http_client.go:192.23,194.3 1 1
github.com/sqlrs/cli/internal/client/http_client.go:195.2,195.23 1 1
github.com/sqlrs/cli/internal/client/http_client.go:195.23,197.3 1 1
github.com/sqlrs/cli/internal/client/http_client.go:198.2,198.23 1 1
github.com/sqlrs/cli/internal/client/http_client.go:198.23,200.3 1 1
github.com/sqlrs/cli/internal/client/http_client.go:201.2,201.23 1 1
github.com/sqlrs/cli/internal/client/http_client.go:204.99,209.2 4 1
github.com/sqlrs/cli/internal/client/http_client.go:211.101,214.16 3 1
github.com/sqlrs/cli/internal/client/http_client.go:214.16,216.3 1 0
github.com/sqlrs/cli/internal/client/http_client.go:217.2,219.80 2 1
github.com/sqlrs/cli/internal/client/http_client.go:219.80,221.3 1 1
github.com/sqlrs/cli/internal/client/http_client.go:223.2,224.64 2 1
github.com/sqlrs/cli/internal/client/http_client.go:224.64,226.3 1 0
github.com/sqlrs/cli/internal/client/http_client.go:227.2,227.34 1 1
github.com/sqlrs/cli/internal/client/http_client.go:230.96,234.106 4 1
github.com/sqlrs/cli/internal/client/http_client.go:234.106,236.3 1 1
github.com/sqlrs/cli/internal/client/http_client.go:237.2,237.17 1 1
github.com/sqlrs/cli/internal/client/http_client.go:240.117,242.2 1 1
github.com/sqlrs/cli/internal/client/http_client.go:244.84,248.99 4 1
github.com/sqlrs/cli/internal/client/http_client.go:248.99,250.3 1 1
github.com/sqlrs/cli/internal/client/http_client.go:251.2,251.17 1 1
github.com/sqlrs/cli/internal/client/http_client.go:254.89,256.21 2 1
github.com/sqlrs/cli/internal/client/http_client.go:256.21,258.3 1 1
github.com/sqlrs/cli/internal/client/http_client.go:259.2,260.16 2 1
github.com/sqlrs/cli/internal/client/http_client.go:260.16,262.3 1 0
github.com/sqlrs/cli/internal/client/http_client.go:263.2,265.16 3 1
github.com/sqlrs/cli/internal/client/http_client.go:265.16,267.3 1 1
github.com/sqlrs/cli/internal/client/http_client.go:268.2,268.38 1 1
github.com/sqlrs/cli/internal/client/http_client.go:268.38,271.3 2 1
github.com/sqlrs/cli/internal/client/http_client.go:272.2,272.23 1 1
github.com/sqlrs/cli/internal/client/http_client.go:275.91,278.15 3 1
github.com/sqlrs/cli/internal/client/http_client.go:278.15,280.3 1 1
github.com/sqlrs/cli/internal/client/http_client.go:281.2,281.35 1 1
github.com/sqlrs/cli/internal/client/http_client.go:281.35,283.101 2 1
github.com/sqlrs/cli/internal/client/http_client.go:283.101,285.4 1 1
github.com/sqlrs/cli/internal/client/http_client.go:286.3,286.18 1 1
github.com/sqlrs/cli/internal/client/http_client.go:288.2,289.100 2 1
github.com/sqlrs/cli/internal/client/http_client.go:289.100,291.3 1 1
github.com/sqlrs/cli/internal/client/http_client.go:292.2,292.17 1 1
github.com/sqlrs/cli/internal/client/http_client.go:295.104,296.35 1 1
github.com/sqlrs/cli/internal/client/http_client.go:296.35,298.3 1 1
github.com/sqlrs/cli/internal/client/http_client.go:299.2,301.15 3 1
github.com/sqlrs/cli/internal/client/http_client.go:301.15,303.3 1 1
github.com/sqlrs/cli/internal/client/http_client.go:304.2,305.100 2 1
github.com/sqlrs/cli/internal/client/http_client.go:305.100,307.3 1 1
github.com/sqlrs/cli/internal/client/http_client.go:308.2,308.17 1 1
github.com/sqlrs/cli/internal/client/http_client.go:311.87,314.16 3 1
github.com/sqlrs/cli/internal/client/http_client.go:314.16,316.3 1 1
github.com/sqlrs/cli/internal/client/http_client.go:317.2,318.16 2 1
github.com/sqlrs/cli/internal/client/http_client.go:318.16,320.3 1 1
github.com/sqlrs/cli/internal/client/http_client.go:321.2,322.38 2 1
github.com/sqlrs/cli/internal/client/http_client.go:322.38,324.3 1 1
github.com/sqlrs/cli/internal/client/http_client.go:325.2,325.64 1 1
github.com/sqlrs/cli/internal/client/http_client.go:325.64,327.3 1 1
github.com/sqlrs/cli/internal/client/http_client.go:328.2,328.17 1 1
github.com/sqlrs/cli/internal/client/http_client.go:331.86,336.16 5 1
github.com/sqlrs/cli/internal/client/http_client.go:336.16,338.3 1 1
github.com/sqlrs/cli/internal/client/http_client.go:339.2,340.38 2 1
github.com/sqlrs/cli/internal/client/http_client.go:340.38,342.3 1 1
github.com/sqlrs/cli/internal/client/http_client.go:343.2,343.64 1 1
github.com/sqlrs/cli/internal/client/http_client.go:343.64,345.3 1 1
github.com/sqlrs/cli/internal/client/http_client.go:346.2,346.17 1 1
github.com/sqlrs/cli/internal/client/http_client.go:349.68,351.87 2 1
github.com/sqlrs/cli/internal/client/http_client.go:351.87,353.3 1 1
github.com/sqlrs/cli/internal/client/http_client.go:354.2,354.17 1 1
github.com/sqlrs/cli/internal/client/http_client.go:357.96,359.16 2 1
github.com/sqlrs/cli/internal/client/http_client.go:359.16,361.3 1 1
github.com/sqlrs/cli/internal/client/http_client.go:362.2,364.53 2 1
github.com/sqlrs/cli/internal/client/http_client.go:364.53,366.3 1 1
github.com/sqlrs/cli/internal/client/http_client.go:368.2,369.28 2 1
github.com/sqlrs/cli/internal/client/http_client.go:372.112,374.16 2 1
github.com/sqlrs/cli/internal/client/http_client.go:374.16,376.3 1 1
github.com/sqlrs/cli/internal/client/http_client.go:377.2,379.44 2 1
github.com/sqlrs/cli/internal/client/http_client.go:379.44,381.3 1 1
github.com/sqlrs/cli/internal/client/http_client.go:382.2,382.53 1 1
github.com/sqlrs/cli/internal/client/http_client.go:382.53,384.3 1 1
github.com/sqlrs/cli/internal/client/http_client.go:386.2,387.34 2 1
github.com/sqlrs/cli/internal/client/http_client.go:390.136,393.16 3 1
github.com/sqlrs/cli/internal/client/http_client.go:393.16,395.3 1 1
github.com/sqlrs/cli/internal/client/http_client.go:396.2,396.17 1 1
github.com/sqlrs/cli/internal/client/http_client.go:396.17,398.3 1 1
github.com/sqlrs/cli/internal/client/http_client.go:399.2,399.34 1 1
github.com/sqlrs/cli/internal/client/http_client.go:399.34,401.3 1 1
github.com/sqlrs/cli/internal/client/http_client.go:402.2,403.16 2 1
github.com/sqlrs/cli/internal/client/http_client.go:403.16,405.3 1 1
github.com/sqlrs/cli/internal/client/http_client.go:406.2,408.80 2 1
github.com/sqlrs/cli/internal/client/http_client.go:408.80,410.3 1 1
github.com/sqlrs/cli/internal/client/http_client.go:411.2,412.45 2 1
github.com/sqlrs/cli/internal/client/http_client.go:412.45,414.3 1 1
github.com/sqlrs/cli/internal/client/http_client.go:415.2,415.34 1 1
github.com/sqlrs/cli/internal/client/http_client.go:418.108,421.16 3 1
github.com/sqlrs/cli/internal/client/http_client.go:421.16,423.3 1 1
github.com/sqlrs/cli/internal/client/http_client.go:424.2,424.23 1 1
github.com/sqlrs/cli/internal/client/http_client.go:424.23,426.3 1 1
github.com/sqlrs/cli/internal/client/http_client.go:427.2,427.34 1 1
github.com/sqlrs/cli/internal/client/http_client.go:427.34,429.3 1 1
github.com/sqlrs/cli/internal/client/http_client.go:430.2,430.23 1 1
github.com/sqlrs/cli/internal/client/http_client.go:433.152,436.16 3 1
github.com/sqlrs/cli/internal/client/http_client.go:436.16,438.3 1 1
github.com/sqlrs/cli/internal/client/http_client.go:439.2,439.23 1 1
github.com/sqlrs/cli/internal/client/http_client.go:439.23,441.3 1 1
github.com/sqlrs/cli/internal/client/http_client.go:442.2,442.23 1 1
github.com/sqlrs/cli/internal/client/http_client.go:442.23,444.3 1 1
github.com/sqlrs/cli/internal/client/http_client.go:445.2,445.34 1 1
github.com/sqlrs/cli/internal/client/http_client.go:445.34,447.3 1 1
github.com/sqlrs/cli/internal/client/http_client.go:448.2,448.23 1 1
github.com/sqlrs/cli/internal/client/http_client.go:451.42,453.17 2 1
github.com/sqlrs/cli/internal/client/http_client.go:453.17,455.3 1 1
github.com/sqlrs/cli/internal/client/http_client.go:456.2,456.83 1 1
github.com/sqlrs/cli/internal/client/http_client.go:456.83,458.3 1 1
github.com/sqlrs/cli/internal/client/http_client.go:459.2,459.38 1 1
github.com/sqlrs/cli/internal/client/http_client.go:462.48,464.17 2 1
github.com/sqlrs/cli/internal/client/http_client.go:464.17,466.3 1 1
github.com/sqlrs/cli/internal/client/http_client.go:467.2,467.81 1 1
github.com/sqlrs/cli/internal/client/http_client.go:467.81,469.3 1 1
github.com/sqlrs/cli/internal/client/http_client.go:470.2,470.35 1 1
github.com/sqlrs/cli/internal/client/http_client.go:470.35,472.3 1 1
github.com/sqlrs/cli/internal/client/http_client.go:473.2,473.32 1 1
github.com/sqlrs/cli/internal/client/http_client.go:481.42,483.2 1 1
github.com/sqlrs/cli/internal/client/http_client.go:485.54,487.17 2 1
github.com/sqlrs/cli/internal/client/http_client.go:487.17,489.3 1 1
github.com/sqlrs/cli/internal/client/http_client.go:490.2,490.24 1 1
github.com/sqlrs/cli/internal/client/http_client.go:493.57,494.22 1 1
github.com/sqlrs/cli/internal/client/http_client.go:494.22,496.3 1 1
github.com/sqlrs/cli/internal/client/http_client.go:497.2,497.37 1 1
github.com/sqlrs/cli/internal/client/http_client.go:500.52,501.17 1 1
github.com/sqlrs/cli/internal/client/http_client.go:501.17,503.3 1 1
github.com/sqlrs/cli/internal/client/http_client.go:504.2,506.19 3 1
github.com/sqlrs/cli/internal/client/http_client.go:506.19,507.69 1 1
github.com/sqlrs/cli/internal/client/http_client.go:507.69,508.29 1 1
github.com/sqlrs/cli/internal/client/http_client.go:508.29,510.5 1 1
github.com/sqlrs/cli/internal/client/http_client.go:511.4,511.44 1 1
github.com/sqlrs/cli/internal/client/http_client.go:513.3,514.17 2 1
github.com/sqlrs/cli/internal/client/http_client.go:514.17,515.23 1 1
github.com/sqlrs/cli/internal/client/http_client.go:515.23,517.5 1 1
github.com/sqlrs/cli/internal/client/http_client.go:518.4,518.69 1 1
github.com/sqlrs/cli/internal/client/http_client.go:521.2,521.75 1 1
github.com/sqlrs/cli/internal/inputset/pgbench/pgbench.go:16.78,18.33 2 1
github.com/sqlrs/cli/internal/inputset/pgbench/pgbench.go:18.33,20.10 2 1
github.com/sqlrs/cli/internal/inputset/pgbench/pgbench.go:21.39,22.24 1 1
github.com/sqlrs/cli/internal/inputset/pgbench/pgbench.go:22.24,24.5 1 1
github.com/sqlrs/cli/internal/inputset/pgbench/pgbench.go:25.4,26.18 2 1
github.com/sqlrs/cli/internal/inputset/pgbench/pgbench.go:26.18,28.5 1 1
github.com/sqlrs/cli/internal/inputset/pgbench/pgbench.go:29.4,30.7 2 1
github.com/sqlrs/cli/internal/inputset/pgbench/pgbench.go:31.42,33.18 2 1
github.com/sqlrs/cli/internal/inputset/pgbench/pgbench.go:33.18,35.5 1 1
github.com/sqlrs/cli/internal/inputset/pgbench/pgbench.go:36.4,36.46 1 1
github.com/sqlrs/cli/internal/inputset/pgbench/pgbench.go:37.53,39.18 2 1
github.com/sqlrs/cli/internal/inputset/pgbench/pgbench.go:39.18,41.5 1 1
github.com/sqlrs/cli/internal/inputset/pgbench/pgbench.go:42.4,42.41 1 1
github.com/sqlrs/cli/internal/inputset/pgbench/pgbench.go:43.11,44.34 1 1
github.com/sqlrs/cli/internal/inputset/pgbench/pgbench.go:47.2,47.21 1 1
github.com/sqlrs/cli/internal/inputset/pgbench/pgbench.go:51.133,55.33 3 1
github.com/sqlrs/cli/internal/inputset/pgbench/pgbench.go:55.33,57.10 2 1
github.com/sqlrs/cli/internal/inputset/pgbench/pgbench.go:58.39,59.24 1 1
github.com/sqlrs/cli/internal/inputset/pgbench/pgbench.go:59.24,61.5 1 1
github.com/sqlrs/cli/internal/inputset/pgbench/pgbench.go:62.4,63.18 2 1
github.com/sqlrs/cli/internal/inputset/pgbench/pgbench.go:63.18,65.5 1 1
github.com/sqlrs/cli/internal/inputset/pgbench/pgbench.go:66.4,66.25 1 1
github.com/sqlrs/cli/internal/inputset/pgbench/pgbench.go:66.25,67.22 1 1
github.com/sqlrs/cli/internal/inputset/pgbench/pgbench.go:67.22,69.6 1 1
github.com/sqlrs/cli/internal/inputset/pgbench/pgbench.go:70.5,70.24 1 1
github.com/sqlrs/cli/internal/inputset/pgbench/pgbench.go:72.4,73.7 2 1
github.com/sqlrs/cli/internal/inputset/pgbench/pgbench.go:74.42,76.18 2 1
github.com/sqlrs/cli/internal/inputset/pgbench/pgbench.go:76.18,78.5 1 1
github.com/sqlrs/cli/internal/inputset/pgbench/pgbench.go:79.4,79.25 1 1
github.com/sqlrs/cli/internal/inputset/pgbench/pgbench.go:79.25,80.22 1 1
github.com/sqlrs/cli/internal/inputset/pgbench/pgbench.go:80.22,82.6 1 1
github.com/sqlrs/cli/internal/inputset/pgbench/pgbench.go:83.5,83.24 1 1
github.com/sqlrs/cli/internal/inputset/pgbench/pgbench.go:85.4,85.52 1 1
github.com/sqlrs/cli/internal/inputset/pgbench/pgbench.go:86.53,88.18 2 1
github.com/sqlrs/cli/internal/inputset/pgbench/pgbench.go:88.18,90.5 1 1
github.com/sqlrs/cli/internal/inputset/pgbench/pgbench.go:91.4,91.25 1 1
github.com/sqlrs/cli/internal/inputset/pgbench/pgbench.go:91.25,92.22 1 1
github.com/sqlrs/cli/internal/inputset/pgbench/pgbench.go:92.22,94.6 1 1
github.com/sqlrs/cli/internal/inputset/pgbench/pgbench.go:95.5,95.24 1 1
github.com/sqlrs/cli/internal/inputset/pgbench/pgbench.go:97.4,97.47 1 1
github.com/sqlrs/cli/internal/inputset/pgbench/pgbench.go:98.11,99.40 1 1
github.com/sqlrs/cli/internal/inputset/pgbench/pgbench.go:103.2,103.19 1 1
github.com/sqlrs/cli/internal/inputset/pgbench/pgbench.go:103.19,105.3 1 1
github.com/sqlrs/cli/internal/inputset/pgbench/pgbench.go:106.2,107.16 2 1
github.com/sqlrs/cli/internal/inputset/pgbench/pgbench.go:107.16,109.3 1 1
github.com/sqlrs/cli/internal/inputset/pgbench/pgbench.go:110.2,110.31 1 1
github.com/sqlrs/cli/internal/inputset/pgbench/pgbench.go:114.107,117.33 3 1
github.com/sqlrs/cli/internal/inputset/pgbench/pgbench.go:117.33,119.10 2 1
github.com/sqlrs/cli/internal/inputset/pgbench/pgbench.go:120.39,121.24 1 1
github.com/sqlrs/cli/internal/inputset/pgbench/pgbench.go:121.24,123.13 2 1
github.com/sqlrs/cli/internal/inputset/pgbench/pgbench.go:125.4,126.24 2 1
github.com/sqlrs/cli/internal/inputset/pgbench/pgbench.go:126.24,128.5 1 1
github.com/sqlrs/cli/internal/inputset/pgbench/pgbench.go:129.4,129.70 1 1
github.com/sqlrs/cli/internal/inputset/pgbench/pgbench.go:129.70,131.5 1 0
github.com/sqlrs/cli/internal/inputset/pgbench/pgbench.go:132.4,132.7 1 1
github.com/sqlrs/cli/internal/inputset/pgbench/pgbench.go:133.42,135.24 2 1
github.com/sqlrs/cli/internal/inputset/pgbench/pgbench.go:135.24,137.5 1 1
github.com/sqlrs/cli/internal/inputset/pgbench/pgbench.go:138.4,138.95 1 1
github.com/sqlrs/cli/internal/inputset/pgbench/pgbench.go:138.95,140.5 1 1
github.com/sqlrs/cli/internal/inputset/pgbench/pgbench.go:141.53,143.24 2 1
github.com/sqlrs/cli/internal/inputset/pgbench/pgbench.go:143.24,145.5 1 1
github.com/sqlrs/cli/internal/inputset/pgbench/pgbench.go:146.4,146.68 1 1
github.com/sqlrs/cli/internal/inputset/pgbench/pgbench.go:146.68,148.5 1 1
github.com/sqlrs/cli/internal/inputset/pgbench/pgbench.go:151.2,151.15 1 1
github.com/sqlrs/cli/internal/inputset/pgbench/pgbench.go:159.76,161.38 2 1
github.com/sqlrs/cli/internal/inputset/pgbench/pgbench.go:161.38,163.3 1 1
github.com/sqlrs/cli/internal/inputset/pgbench/pgbench.go:164.2,165.16 2 1
github.com/sqlrs/cli/internal/inputset/pgbench/pgbench.go:165.16,167.3 1 1
github.com/sqlrs/cli/internal/inputset/pgbench/pgbench.go:168.2,168.31 1 1
github.com/sqlrs/cli/internal/inputset/pgbench/pgbench.go:171.94,173.35 2 1
github.com/sqlrs/cli/internal/inputset/pgbench/pgbench.go:173.35,175.3 1 1
github.com/sqlrs/cli/internal/inputset/pgbench/pgbench.go:176.2,176.38 1 1
github.com/sqlrs/cli/internal/inputset/pgbench/pgbench.go:176.38,178.3 1 1
github.com/sqlrs/cli/internal/inputset/pgbench/pgbench.go:179.2,180.16 2 1
github.com/sqlrs/cli/internal/inputset/pgbench/pgbench.go:180.16,182.3 1 1
github.com/sqlrs/cli/internal/inputset/pgbench/pgbench.go:183.2,183.61 1 1
github.com/sqlrs/cli/internal/inputset/pgbench/pgbench.go:186.93,187.22 1 1
github.com/sqlrs/cli/internal/inputset/pgbench/pgbench.go:187.22,189.17 2 1
github.com/sqlrs/cli/internal/inputset/pgbench/pgbench.go:189.17,191.4 1 1
github.com/sqlrs/cli/internal/inputset/pgbench/pgbench.go:192.3,192.27 1 1
github.com/sqlrs/cli/internal/inputset/pgbench/pgbench.go:194.2,195.16 2 1
github.com/sqlrs/cli/internal/inputset/pgbench/pgbench.go:195.16,197.3 1 1
github.com/sqlrs/cli/internal/inputset/pgbench/pgbench.go:198.2,198.26 1 1
github.com/sqlrs/cli/internal/inputset/pgbench/pgbench.go:201.120,204.17 3 1
github.com/sqlrs/cli/internal/inputset/pgbench/pgbench.go:205.10,206.68 1 1
github.com/sqlrs/cli/internal/inputset/pgbench/pgbench.go:207.22,208.37 1 1
github.com/sqlrs/cli/internal/inputset/pgbench/pgbench.go:210.2,211.16 2 1
github.com/sqlrs/cli/internal/inputset/pgbench/pgbench.go:211.16,212.49 1 1
github.com/sqlrs/cli/internal/inputset/pgbench/pgbench.go:212.49,214.4 1 1
github.com/sqlrs/cli/internal/inputset/pgbench/pgbench.go:215.3,215.78 1 1
github.com/sqlrs/cli/internal/inputset/pgbench/pgbench.go:217.2,218.16 2 1
github.com/sqlrs/cli/internal/inputset/pgbench/pgbench.go:218.16,220.3 1 1
github.com/sqlrs/cli/internal/inputset/pgbench/pgbench.go:221.2,221.18 1 1
github.com/sqlrs/cli/internal/inputset/pgbench/pgbench.go:221.18,223.3 1 1
github.com/sqlrs/cli/internal/inputset/pgbench/pgbench.go:224.2,224.36 1 1
github.com/sqlrs/cli/internal/inputset/pgbench/pgbench.go:228.108,231.33 3 1
github.com/sqlrs/cli/internal/inputset/pgbench/pgbench.go:231.33,235.10 4 1
github.com/sqlrs/cli/internal/inputset/pgbench/pgbench.go:236.39,237.24 1 1
github.com/sqlrs/cli/internal/inputset/pgbench/pgbench.go:237.24,239.5 1 1
github.com/sqlrs/cli/internal/inputset/pgbench/pgbench.go:240.4,242.13 3 1
github.com/sqlrs/cli/internal/inputset/pgbench/pgbench.go:243.42,245.13 2 1
github.com/sqlrs/cli/internal/inputset/pgbench/pgbench.go:246.53,248.13 2 1
github.com/sqlrs/cli/internal/inputset/pgbench/pgbench.go:250.3,250.10 1 1
github.com/sqlrs/cli/internal/inputset/pgbench/pgbench.go:250.10,251.12 1 1
github.com/sqlrs/cli/internal/inputset/pgbench/pgbench.go:253.3,254.72 2 1
github.com/sqlrs/cli/internal/inputset/pgbench/pgbench.go:254.72,255.12 1 1
github.com/sqlrs/cli/internal/inputset/pgbench/pgbench.go:257.3,258.17 2 1
github.com/sqlrs/cli/internal/inputset/pgbench/pgbench.go:258.17,260.4 1 1
github.com/sqlrs/cli/internal/inputset/pgbench/pgbench.go:261.3,261.52 1 1
github.com/sqlrs/cli/internal/inputset/pgbench/pgbench.go:261.52,262.12 1 1
github.com/sqlrs/cli/internal/inputset/pgbench/pgbench.go:264.3,266.17 3 1
github.com/sqlrs/cli/internal/inputset/pgbench/pgbench.go:266.17,268.4 1 1
github.com/sqlrs/cli/internal/inputset/pgbench/pgbench.go:269.3,274.5 2 1
github.com/sqlrs/cli/internal/inputset/pgbench/pgbench.go:276.2,276.49 1 1
github.com/sqlrs/cli/internal/inputset/liquibase/liquibase.go:20.56,23.2 2 1
github.com/sqlrs/cli/internal/inputset/liquibase/liquibase.go:25.52,27.77 2 1
github.com/sqlrs/cli/internal/inputset/liquibase/liquibase.go:27.77,30.3 2 1
github.com/sqlrs/cli/internal/inputset/liquibase/liquibase.go:31.2,32.49 2 1
github.com/sqlrs/cli/internal/inputset/liquibase/liquibase.go:32.49,34.3 1 1
github.com/sqlrs/cli/internal/inputset/liquibase/liquibase.go:35.2,36.12 2 1
github.com/sqlrs/cli/internal/inputset/liquibase/liquibase.go:39.41,41.2 1 1
github.com/sqlrs/cli/internal/inputset/liquibase/liquibase.go:95.40,96.37 1 1
github.com/sqlrs/cli/internal/inputset/liquibase/liquibase.go:96.37,98.3 1 1
github.com/sqlrs/cli/internal/inputset/liquibase/liquibase.go:99.2,99.15 1 1
github.com/sqlrs/cli/internal/inputset/liquibase/liquibase.go:109.107,112.33 2 1
github.com/sqlrs/cli/internal/inputset/liquibase/liquibase.go:112.33,114.10 2 1
github.com/sqlrs/cli/internal/inputset/liquibase/liquibase.go:115.113,116.24 1 1
github.com/sqlrs/cli/internal/inputset/liquibase/liquibase.go:116.24,118.5 1 1
github.com/sqlrs/cli/internal/inputset/liquibase/liquibase.go:119.4,121.18 3 1
github.com/sqlrs/cli/internal/inputset/liquibase/liquibase.go:121.18,123.5 1 1
github.com/sqlrs/cli/internal/inputset/liquibase/liquibase.go:124.4,125.7 2 1
github.com/sqlrs/cli/internal/inputset/liquibase/liquibase.go:126.52,128.18 2 1
github.com/sqlrs/cli/internal/inputset/liquibase/liquibase.go:128.18,130.5 1 1
github.com/sqlrs/cli/internal/inputset/liquibase/liquibase.go:131.4,131.62 1 1
github.com/sqlrs/cli/internal/inputset/liquibase/liquibase.go:132.51,134.18 2 1
github.com/sqlrs/cli/internal/inputset/liquibase/liquibase.go:134.18,136.5 1 1
github.com/sqlrs/cli/internal/inputset/liquibase/liquibase.go:137.4,137.61 1 1
github.com/sqlrs/cli/internal/inputset/liquibase/liquibase.go:138.48,140.18 2 1
github.com/sqlrs/cli/internal/inputset/liquibase/liquibase.go:140.18,142.5 1 1
github.com/sqlrs/cli/internal/inputset/liquibase/liquibase.go:143.4,143.58 1 1
github.com/sqlrs/cli/internal/inputset/liquibase/liquibase.go:144.49,146.18 2 1
github.com/sqlrs/cli/internal/inputset/liquibase/liquibase.go:146.18,148.5 1 1
github.com/sqlrs/cli/internal/inputset/liquibase/liquibase.go:149.4,149.27 1 1
github.com/sqlrs/cli/internal/inputset/liquibase/liquibase.go:149.27,151.5 1 1
github.com/sqlrs/cli/internal/inputset/liquibase/liquibase.go:151.10,153.5 1 1
github.com/sqlrs/cli/internal/inputset/liquibase/liquibase.go:154.11,155.40 1 1
github.com/sqlrs/cli/internal/inputset/liquibase/liquibase.go:159.2,159.24 1 1
github.com/sqlrs/cli/internal/inputset/liquibase/liquibase.go:163.108,165.16 2 1
github.com/sqlrs/cli/internal/inputset/liquibase/liquibase.go:165.16,167.3 1 1
github.com/sqlrs/cli/internal/inputset/liquibase/liquibase.go:168.2,168.25 1 1
github.com/sqlrs/cli/internal/inputset/liquibase/liquibase.go:168.25,170.3 1 1
github.com/sqlrs/cli/internal/inputset/liquibase/liquibase.go:171.2,171.61 1 1
github.com/sqlrs/cli/internal/inputset/liquibase/liquibase.go:177.124,179.16 2 1
github.com/sqlrs/cli/internal/inputset/liquibase/liquibase.go:179.16,181.3 1 0
github.com/sqlrs/cli/internal/inputset/liquibase/liquibase.go:182.2,182.61 1 1
github.com/sqlrs/cli/internal/inputset/liquibase/liquibase.go:185.148,193.31 3 1
github.com/sqlrs/cli/internal/inputset/liquibase/liquibase.go:193.31,194.37 1 1
github.com/sqlrs/cli/internal/inputset/liquibase/liquibase.go:194.37,195.60 1 1
github.com/sqlrs/cli/internal/inputset/liquibase/liquibase.go:195.60,197.5 1 1
github.com/sqlrs/cli/internal/inputset/liquibase/liquibase.go:198.4,198.12 1 1
github.com/sqlrs/cli/internal/inputset/liquibase/liquibase.go:200.3,200.59 1 1
github.com/sqlrs/cli/internal/inputset/liquibase/liquibase.go:200.59,202.4 1 1
github.com/sqlrs/cli/internal/inputset/liquibase/liquibase.go:205.2,205.48 1 1
github.com/sqlrs/cli/internal/inputset/liquibase/liquibase.go:208.100,210.29 2 1
github.com/sqlrs/cli/internal/inputset/liquibase/liquibase.go:210.29,214.45 4 1
github.com/sqlrs/cli/internal/inputset/liquibase/liquibase.go:214.45,216.18 2 0
github.com/sqlrs/cli/internal/inputset/liquibase/liquibase.go:216.18,218.5 1 0
github.com/sqlrs/cli/internal/inputset/liquibase/liquibase.go:219.4,219.12 1 0
github.com/sqlrs/cli/internal/inputset/liquibase/liquibase.go:220.9,222.18 2 1
github.com/sqlrs/cli/internal/inputset/liquibase/liquibase.go:222.18,224.5 1 1
github.com/sqlrs/cli/internal/inputset/liquibase/liquibase.go:225.4,225.40 1 1
github.com/sqlrs/cli/internal/inputset/liquibase/liquibase.go:227.3,231.5 1 1
github.com/sqlrs/cli/internal/inputset/liquibase/liquibase.go:233.2,233.49 1 1
github.com/sqlrs/cli/internal/inputset/liquibase/liquibase.go:237.107,239.33 2 1
github.com/sqlrs/cli/internal/inputset/liquibase/liquibase.go:239.33,241.10 2 1
github.com/sqlrs/cli/internal/inputset/liquibase/liquibase.go:242.62,243.24 1 1
github.com/sqlrs/cli/internal/inputset/liquibase/liquibase.go:243.24,245.13 2 0
github.com/sqlrs/cli/internal/inputset/liquibase/liquibase.go:247.4,247.72 1 1
github.com/sqlrs/cli/internal/inputset/liquibase/liquibase.go:247.72,249.5 1 1
github.com/sqlrs/cli/internal/inputset/liquibase/liquibase.go:250.4,250.7 1 1
github.com/sqlrs/cli/internal/inputset/liquibase/liquibase.go:251.56,252.24 1 1
github.com/sqlrs/cli/internal/inputset/liquibase/liquibase.go:252.24,254.13 2 0
github.com/sqlrs/cli/internal/inputset/liquibase/liquibase.go:256.4,257.7 2 1
github.com/sqlrs/cli/internal/inputset/liquibase/liquibase.go:258.52,259.107 1 1
github.com/sqlrs/cli/internal/inputset/liquibase/liquibase.go:259.107,261.5 1 1
github.com/sqlrs/cli/internal/inputset/liquibase/liquibase.go:262.51,263.106 1 1
github.com/sqlrs/cli/internal/inputset/liquibase/liquibase.go:263.106,265.5 1 1
github.com/sqlrs/cli/internal/inputset/liquibase/liquibase.go:266.48,267.106 1 1
github.com/sqlrs/cli/internal/inputset/liquibase/liquibase.go:268.49,269.107 1 1
github.com/sqlrs/cli/internal/inputset/liquibase/liquibase.go:272.2,272.15 1 1
github.com/sqlrs/cli/internal/inputset/liquibase/liquibase.go:275.66,276.52 1 1
github.com/sqlrs/cli/internal/inputset/liquibase/liquibase.go:276.52,278.3 1 1
github.com/sqlrs/cli/internal/inputset/liquibase/liquibase.go:279.2,279.13 1 1
github.com/sqlrs/cli/internal/inputset/liquibase/liquibase.go:282.90,283.55 1 1
github.com/sqlrs/cli/internal/inputset/liquibase/liquibase.go:283.55,285.3 1 1
github.com/sqlrs/cli/internal/inputset/liquibase/liquibase.go:286.2,286.36 1 1
github.com/sqlrs/cli/internal/inputset/liquibase/liquibase.go:286.36,288.3 1 1
github.com/sqlrs/cli/internal/inputset/liquibase/liquibase.go:289.2,289.49 1 1
github.com/sqlrs/cli/internal/inputset/liquibase/liquibase.go:289.49,291.3 1 1
github.com/sqlrs/cli/internal/inputset/liquibase/liquibase.go:292.2,292.36 1 1
github.com/sqlrs/cli/internal/inputset/liquibase/liquibase.go:295.82,296.36 1 1
github.com/sqlrs/cli/internal/inputset/liquibase/liquibase.go:296.36,298.3 1 1
github.com/sqlrs/cli/internal/inputset/liquibase/liquibase.go:299.2,301.29 3 1
github.com/sqlrs/cli/internal/inputset/liquibase/liquibase.go:301.29,303.17 2 1
github.com/sqlrs/cli/internal/inputset/liquibase/liquibase.go:303.17,305.4 1 1
github.com/sqlrs/cli/internal/inputset/liquibase/liquibase.go:306.3,306.49 1 1
github.com/sqlrs/cli/internal/inputset/liquibase/liquibase.go:306.49,308.12 2 1
github.com/sqlrs/cli/internal/inputset/liquibase/liquibase.go:310.3,311.17 2 1
github.com/sqlrs/cli/internal/inputset/liquibase/liquibase.go:311.17,313.4 1 1
github.com/sqlrs/cli/internal/inputset/liquibase/liquibase.go:314.3,314.26 1 1
github.com/sqlrs/cli/internal/inputset/liquibase/liquibase.go:316.2,316.36 1 1
github.com/sqlrs/cli/internal/inputset/liquibase/liquibase.go:319.107,324.48 4 1
github.com/sqlrs/cli/internal/inputset/liquibase/liquibase.go:324.48,326.17 2 1
github.com/sqlrs/cli/internal/inputset/liquibase/liquibase.go:326.17,328.4 1 1
github.com/sqlrs/cli/internal/inputset/liquibase/liquibase.go:329.3,330.13 2 1
github.com/sqlrs/cli/internal/inputset/liquibase/liquibase.go:333.2,333.33 1 1
github.com/sqlrs/cli/internal/inputset/liquibase/liquibase.go:333.33,335.10 2 1
github.com/sqlrs/cli/internal/inputset/liquibase/liquibase.go:336.62,337.24 1 1
github.com/sqlrs/cli/internal/inputset/liquibase/liquibase.go:337.24,339.5 1 0
github.com/sqlrs/cli/internal/inputset/liquibase/liquibase.go:340.4,341.18 2 1
github.com/sqlrs/cli/internal/inputset/liquibase/liquibase.go:341.18,343.5 1 1
github.com/sqlrs/cli/internal/inputset/liquibase/liquibase.go:344.4,344.52 1 1
github.com/sqlrs/cli/internal/inputset/liquibase/liquibase.go:344.52,346.34 2 1
github.com/sqlrs/cli/internal/inputset/liquibase/liquibase.go:346.34,348.6 1 1
github.com/sqlrs/cli/internal/inputset/liquibase/liquibase.go:350.4,350.7 1 1
github.com/sqlrs/cli/internal/inputset/liquibase/liquibase.go:351.56,352.24 1 1
github.com/sqlrs/cli/internal/inputset/liquibase/liquibase.go:352.24,354.5 1 1
github.com/sqlrs/cli/internal/inputset/liquibase/liquibase.go:355.4,355.55 1 1
github.com/sqlrs/cli/internal/inputset/liquibase/liquibase.go:355.55,357.5 1 0
github.com/sqlrs/cli/internal/inputset/liquibase/liquibase.go:358.4,358.7 1 1
github.com/sqlrs/cli/internal/inputset/liquibase/liquibase.go:359.52,361.18 2 1
github.com/sqlrs/cli/internal/inputset/liquibase/liquibase.go:361.18,363.5 1 0
github.com/sqlrs/cli/internal/inputset/liquibase/liquibase.go:364.4,364.52 1 1
github.com/sqlrs/cli/internal/inputset/liquibase/liquibase.go:364.52,367.5 2 1
github.com/sqlrs/cli/internal/inputset/liquibase/liquibase.go:368.51,370.18 2 1
github.com/sqlrs/cli/internal/inputset/liquibase/liquibase.go:370.18,372.5 1 1
github.com/sqlrs/cli/internal/inputset/liquibase/liquibase.go:373.4,373.52 1 1
github.com/sqlrs/cli/internal/inputset/liquibase/liquibase.go:373.52,375.5 1 1
github.com/sqlrs/cli/internal/inputset/liquibase/liquibase.go:376.48,377.86 1 1
github.com/sqlrs/cli/internal/inputset/liquibase/liquibase.go:377.86,379.5 1 1
github.com/sqlrs/cli/internal/inputset/liquibase/liquibase.go:380.49,381.87 1 1
github.com/sqlrs/cli/internal/inputset/liquibase/liquibase.go:381.87,383.5 1 1
github.com/sqlrs/cli/internal/inputset/liquibase/liquibase.go:386.2,386.50 1 1
github.com/sqlrs/cli/internal/inputset/liquibase/liquibase.go:389.89,390.36 1 1
github.com/sqlrs/cli/internal/inputset/liquibase/liquibase.go:390.36,392.3 1 1
github.com/sqlrs/cli/internal/inputset/liquibase/liquibase.go:393.2,395.29 3 1
github.com/sqlrs/cli/internal/inputset/liquibase/liquibase.go:395.29,397.17 2 1
github.com/sqlrs/cli/internal/inputset/liquibase/liquibase.go:397.17,399.4 1 0
github.com/sqlrs/cli/internal/inputset/liquibase/liquibase.go:400.3,400.49 1 1
github.com/sqlrs/cli/internal/inputset/liquibase/liquibase.go:400.49,401.12 1 1
github.com/sqlrs/cli/internal/inputset/liquibase/liquibase.go:403.3,404.17 2 1
github.com/sqlrs/cli/internal/inputset/liquibase/liquibase.go:404.17,406.4 1 0
github.com/sqlrs/cli/internal/inputset/liquibase/liquibase.go:407.3,407.26 1 1
github.com/sqlrs/cli/internal/inputset/liquibase/liquibase.go:409.2,409.17 1 1
github.com/sqlrs/cli/internal/inputset/liquibase/liquibase.go:419.63,421.31 2 1
github.com/sqlrs/cli/internal/inputset/liquibase/liquibase.go:421.31,423.3 1 1
github.com/sqlrs/cli/internal/inputset/liquibase/liquibase.go:424.2,424.43 1 1
github.com/sqlrs/cli/internal/inputset/liquibase/liquibase.go:424.43,426.3 1 1
github.com/sqlrs/cli/internal/inputset/liquibase/liquibase.go:427.2,429.12 3 1
github.com/sqlrs/cli/internal/inputset/liquibase/liquibase.go:432.63,434.31 2 1
github.com/sqlrs/cli/internal/inputset/liquibase/liquibase.go:434.31,436.3 1 1
github.com/sqlrs/cli/internal/inputset/liquibase/liquibase.go:437.2,437.43 1 1
github.com/sqlrs/cli/internal/inputset/liquibase/liquibase.go:437.43,439.3 1 1
github.com/sqlrs/cli/internal/inputset/liquibase/liquibase.go:440.2,444.16 4 1
github.com/sqlrs/cli/internal/inputset/liquibase/liquibase.go:444.16,446.3 1 0
github.com/sqlrs/cli/internal/inputset/liquibase/liquibase.go:447.2,448.16 2 1
github.com/sqlrs/cli/internal/inputset/liquibase/liquibase.go:448.16,450.3 1 1
github.com/sqlrs/cli/internal/inputset/liquibase/liquibase.go:452.2,453.36 2 1
github.com/sqlrs/cli/internal/inputset/liquibase/liquibase.go:453.36,455.17 2 1
github.com/sqlrs/cli/internal/inputset/liquibase/liquibase.go:455.17,456.12 1 1
github.com/sqlrs/cli/internal/inputset/liquibase/liquibase.go:458.3,458.48 1 1
github.com/sqlrs/cli/internal/inputset/liquibase/liquibase.go:458.48,460.4 1 1
github.com/sqlrs/cli/internal/inputset/liquibase/liquibase.go:462.2,462.39 1 1
github.com/sqlrs/cli/internal/inputset/liquibase/liquibase.go:462.39,464.16 2 1
github.com/sqlrs/cli/internal/inputset/liquibase/liquibase.go:464.16,465.12 1 0
github.com/sqlrs/cli/internal/inputset/liquibase/liquibase.go:467.3,467.57 1 1
github.com/sqlrs/cli/internal/inputset/liquibase/liquibase.go:467.57,469.4 1 0
github.com/sqlrs/cli/internal/inputset/liquibase/liquibase.go:471.2,471.38 1 1
github.com/sqlrs/cli/internal/inputset/liquibase/liquibase.go:471.38,473.17 2 1
github.com/sqlrs/cli/internal/inputset/liquibase/liquibase.go:473.17,474.12 1 0
github.com/sqlrs/cli/internal/inputset/liquibase/liquibase.go:476.3,476.48 1 1
github.com/sqlrs/cli/internal/inputset/liquibase/liquibase.go:476.48,478.4 1 0
github.com/sqlrs/cli/internal/inputset/liquibase/liquibase.go:481.2,481.12 1 1
github.com/sqlrs/cli/internal/inputset/liquibase/liquibase.go:484.72,486.16 2 1
github.com/sqlrs/cli/internal/inputset/liquibase/liquibase.go:486.16,488.3 1 1
github.com/sqlrs/cli/internal/inputset/liquibase/liquibase.go:489.2,490.32 2 1
github.com/sqlrs/cli/internal/inputset/liquibase/liquibase.go:490.32,491.20 1 1
github.com/sqlrs/cli/internal/inputset/liquibase/liquibase.go:491.20,492.12 1 1
github.com/sqlrs/cli/internal/inputset/liquibase/liquibase.go:494.3,497.38 2 1
github.com/sqlrs/cli/internal/inputset/liquibase/liquibase.go:497.38,499.4 1 1
github.com/sqlrs/cli/internal/inputset/liquibase/liquibase.go:501.2,502.29 2 1
github.com/sqlrs/cli/internal/inputset/liquibase/liquibase.go:502.29,503.68 1 1
github.com/sqlrs/cli/internal/inputset/liquibase/liquibase.go:503.68,505.4 1 1
github.com/sqlrs/cli/internal/inputset/liquibase/liquibase.go:507.2,507.12 1 1
github.com/sqlrs/cli/internal/inputset/liquibase/liquibase.go:510.104,512.15 2 1
github.com/sqlrs/cli/internal/inputset/liquibase/liquibase.go:512.15,514.3 1 1
github.com/sqlrs/cli/internal/inputset/liquibase/liquibase.go:515.2,515.47 1 1
github.com/sqlrs/cli/internal/inputset/liquibase/liquibase.go:515.47,517.3 1 1
github.com/sqlrs/cli/internal/inputset/liquibase/liquibase.go:518.2,518.25 1 1
github.com/sqlrs/cli/internal/inputset/liquibase/liquibase.go:518.25,520.3 1 1
github.com/sqlrs/cli/internal/inputset/liquibase/liquibase.go:521.2,521.25 1 1
github.com/sqlrs/cli/internal/inputset/liquibase/liquibase.go:521.25,523.3 1 1
github.com/sqlrs/cli/internal/inputset/liquibase/liquibase.go:524.2,524.37 1 1
github.com/sqlrs/cli/internal/inputset/liquibase/liquibase.go:524.37,526.49 2 1
github.com/sqlrs/cli/internal/inputset/liquibase/liquibase.go:526.49,528.4 1 1
github.com/sqlrs/cli/internal/inputset/liquibase/liquibase.go:530.2,530.71 1 1
github.com/sqlrs/cli/internal/inputset/liquibase/liquibase.go:539.77,540.45 1 1
github.com/sqlrs/cli/internal/inputset/liquibase/liquibase.go:541.14,543.54 2 1
github.com/sqlrs/cli/internal/inputset/liquibase/liquibase.go:543.54,545.4 1 1
github.com/sqlrs/cli/internal/inputset/liquibase/liquibase.go:546.3,550.9 1 1
github.com/sqlrs/cli/internal/inputset/liquibase/liquibase.go:551.23,553.55 2 1
github.com/sqlrs/cli/internal/inputset/liquibase/liquibase.go:553.55,555.4 1 1
github.com/sqlrs/cli/internal/inputset/liquibase/liquibase.go:556.3,560.9 1 1
github.com/sqlrs/cli/internal/inputset/liquibase/liquibase.go:561.15,563.55 2 1
github.com/sqlrs/cli/internal/inputset/liquibase/liquibase.go:563.55,565.4 1 1
github.com/sqlrs/cli/internal/inputset/liquibase/liquibase.go:566.3,570.9 1 1
github.com/sqlrs/cli/internal/inputset/liquibase/liquibase.go:571.10,572.30 1 1
github.com/sqlrs/cli/internal/inputset/liquibase/liquibase.go:576.86,578.16 2 1
github.com/sqlrs/cli/internal/inputset/liquibase/liquibase.go:578.16,580.3 1 0
github.com/sqlrs/cli/internal/inputset/liquibase/liquibase.go:581.2,581.45 1 1
github.com/sqlrs/cli/internal/inputset/liquibase/liquibase.go:584.56,586.29 2 1
github.com/sqlrs/cli/internal/inputset/liquibase/liquibase.go:586.29,587.26 1 1
github.com/sqlrs/cli/internal/inputset/liquibase/liquibase.go:587.26,589.4 1 1
github.com/sqlrs/cli/internal/inputset/liquibase/liquibase.go:591.2,591.12 1 1
github.com/sqlrs/cli/internal/inputset/liquibase/liquibase.go:594.57,596.29 2 1
github.com/sqlrs/cli/internal/inputset/liquibase/liquibase.go:596.29,597.29 1 1
github.com/sqlrs/cli/internal/inputset/liquibase/liquibase.go:597.29,599.4 1 1
github.com/sqlrs/cli/internal/inputset/liquibase/liquibase.go:601.2,601.12 1 1
github.com/sqlrs/cli/internal/inputset/liquibase/liquibase.go:604.72,606.33 2 1
github.com/sqlrs/cli/internal/inputset/liquibase/liquibase.go:606.33,610.3 3 1
github.com/sqlrs/cli/internal/inputset/liquibase/liquibase.go:611.2,611.12 1 1
github.com/sqlrs/cli/internal/inputset/liquibase/liquibase.go:614.62,616.29 2 1
github.com/sqlrs/cli/internal/inputset/liquibase/liquibase.go:616.29,617.28 1 1
[...]
github.com/sqlrs/cli/internal/app/runner.go:135.16,136.34 1 1
github.com/sqlrs/cli/internal/app/runner.go:136.34,139.4 2 1
github.com/sqlrs/cli/internal/app/runner.go:140.3,141.13 2 1
github.com/sqlrs/cli/internal/app/runner.go:144.2,145.16 2 1
github.com/sqlrs/cli/internal/app/runner.go:145.16,147.3 1 1
github.com/sqlrs/cli/internal/app/runner.go:149.2,149.24 1 1
github.com/sqlrs/cli/internal/app/runner.go:149.24,151.3 1 1
github.com/sqlrs/cli/internal/app/runner.go:152.2,152.59 1 1
github.com/sqlrs/cli/internal/app/runner.go:152.59,154.3 1 1
github.com/sqlrs/cli/internal/app/runner.go:155.2,155.66 1 1
github.com/sqlrs/cli/internal/app/runner.go:155.66,157.3 1 1
github.com/sqlrs/cli/internal/app/runner.go:158.2,158.23 1 1
github.com/sqlrs/cli/internal/app/runner.go:158.23,159.36 1 1
github.com/sqlrs/cli/internal/app/runner.go:159.36,160.28 1 1
github.com/sqlrs/cli/internal/app/runner.go:160.28,162.5 1 1
github.com/sqlrs/cli/internal/app/runner.go:166.2,166.32 1 1
github.com/sqlrs/cli/internal/app/runner.go:166.32,167.24 1 1
github.com/sqlrs/cli/internal/app/runner.go:167.24,169.4 1 1
github.com/sqlrs/cli/internal/app/runner.go:170.3,170.92 1 1
github.com/sqlrs/cli/internal/app/runner.go:173.2,173.32 1 1
github.com/sqlrs/cli/internal/app/runner.go:173.32,174.24 1 1
github.com/sqlrs/cli/internal/app/runner.go:174.24,176.4 1 1
github.com/sqlrs/cli/internal/app/runner.go:177.3,177.104 1 1
github.com/sqlrs/cli/internal/app/runner.go:180.2,181.16 2 1
github.com/sqlrs/cli/internal/app/runner.go:181.16,183.3 1 1
github.com/sqlrs/cli/internal/app/runner.go:185.2,186.31 2 1
github.com/sqlrs/cli/internal/app/runner.go:186.31,187.19 1 1
github.com/sqlrs/cli/internal/app/runner.go:188.16,189.25 1 1
github.com/sqlrs/cli/internal/app/runner.go:189.25,191.5 1 1
github.com/sqlrs/cli/internal/app/runner.go:192.4,192.59 1 1
github.com/sqlrs/cli/internal/app/runner.go:193.16,194.25 1 1
github.com/sqlrs/cli/internal/app/runner.go:194.25,196.5 1 0
github.com/sqlrs/cli/internal/app/runner.go:197.4,197.163 1 1
github.com/sqlrs/cli/internal/app/runner.go:198.19,199.25 1 1
github.com/sqlrs/cli/internal/app/runner.go:199.25,201.5 1 1
github.com/sqlrs/cli/internal/app/runner.go:202.4,202.92 1 1
github.com/sqlrs/cli/internal/app/runner.go:203.13,204.25 1 1
github.com/sqlrs/cli/internal/app/runner.go:204.25,206.5 1 1
github.com/sqlrs/cli/internal/app/runner.go:207.4,207.83 1 1
github.com/sqlrs/cli/internal/app/runner.go:208.13,209.25 1 1
github.com/sqlrs/cli/internal/app/runner.go:209.25,211.5 1 1
github.com/sqlrs/cli/internal/app/runner.go:212.4,212.83 1 1
github.com/sqlrs/cli/internal/app/runner.go:213.23,215.26 2 1
github.com/sqlrs/cli/internal/app/runner.go:215.26,217.5 1 1
github.com/sqlrs/cli/internal/app/runner.go:218.4,219.18 2 1
github.com/sqlrs/cli/internal/app/runner.go:219.18,221.5 1 1
github.com/sqlrs/cli/internal/app/runner.go:222.4,222.15 1 1
github.com/sqlrs/cli/internal/app/runner.go:222.15,224.5 1 1
github.com/sqlrs/cli/internal/app/runner.go:225.4,225.22 1 1
github.com/sqlrs/cli/internal/app/runner.go:226.21,228.26 2 1
github.com/sqlrs/cli/internal/app/runner.go:228.26,230.5 1 1
github.com/sqlrs/cli/internal/app/runner.go:231.4,232.18 2 1
github.com/sqlrs/cli/internal/app/runner.go:232.18,234.5 1 1
github.com/sqlrs/cli/internal/app/runner.go:235.4,235.15 1 1
github.com/sqlrs/cli/internal/app/runner.go:235.15,237.5 1 1
github.com/sqlrs/cli/internal/app/runner.go:238.4,238.22 1 1
github.com/sqlrs/cli/internal/app/runner.go:239.20,240.25 1 1
github.com/sqlrs/cli/internal/app/runner.go:240.25,242.5 1 1
github.com/sqlrs/cli/internal/app/runner.go:243.4,243.170 1 1
github.com/sqlrs/cli/internal/app/runner.go:244.18,245.25 1 1
github.com/sqlrs/cli/internal/app/runner.go:245.25,247.5 1 1
github.com/sqlrs/cli/internal/app/runner.go:248.4,248.168 1 1
github.com/sqlrs/cli/internal/app/runner.go:249.19,251.23 2 1
github.com/sqlrs/cli/internal/app/runner.go:251.23,254.5 2 1
github.com/sqlrs/cli/internal/app/runner.go:255.4,255.131 1 1
github.com/sqlrs/cli/internal/app/runner.go:255.131,257.5 1 1
github.com/sqlrs/cli/internal/app/runner.go:258.22,260.23 2 1
github.com/sqlrs/cli/internal/app/runner.go:260.23,263.5 2 1
github.com/sqlrs/cli/internal/app/runner.go:264.4,264.134 1 1
github.com/sqlrs/cli/internal/app/runner.go:264.134,266.5 1 1
github.com/sqlrs/cli/internal/app/runner.go:267.17,268.25 1 1
github.com/sqlrs/cli/internal/app/runner.go:268.25,270.5 1 1
github.com/sqlrs/cli/internal/app/runner.go:271.4,271.113 1 1
github.com/sqlrs/cli/internal/app/runner.go:272.16,273.25 1 1
github.com/sqlrs/cli/internal/app/runner.go:273.25,275.5 1 1
github.com/sqlrs/cli/internal/app/runner.go:276.4,276.81 1 1
github.com/sqlrs/cli/internal/app/runner.go:277.17,278.25 1 1
github.com/sqlrs/cli/internal/app/runner.go:278.25,280.5 1 1
github.com/sqlrs/cli/internal/app/runner.go:281.4,281.91 1 1
github.com/sqlrs/cli/internal/app/runner.go:282.18,284.18 2 1
github.com/sqlrs/cli/internal/app/runner.go:284.18,286.5 1 1
github.com/sqlrs/cli/internal/app/runner.go:287.4,287.16 1 1
github.com/sqlrs/cli/internal/app/runner.go:287.16,290.5 2 1
github.com/sqlrs/cli/internal/app/runner.go:291.4,292.18 2 1
github.com/sqlrs/cli/internal/app/runner.go:292.18,294.5 1 1
github.com/sqlrs/cli/internal/app/runner.go:295.4,304.22 4 1
github.com/sqlrs/cli/internal/app/runner.go:305.16,306.27 1 1
github.com/sqlrs/cli/internal/app/runner.go:306.27,318.20 2 1
github.com/sqlrs/cli/internal/app/runner.go:318.20,320.7 1 0
github.com/sqlrs/cli/internal/app/runner.go:321.6,321.17 1 1
github.com/sqlrs/cli/internal/app/runner.go:321.17,323.7 1 1
github.com/sqlrs/cli/internal/app/runner.go:324.6,325.16 2 1
github.com/sqlrs/cli/internal/app/runner.go:327.5,338.19 2 1
github.com/sqlrs/cli/internal/app/runner.go:338.19,340.6 1 0
github.com/sqlrs/cli/internal/app/runner.go:341.5,341.16 1 1
github.com/sqlrs/cli/internal/app/runner.go:341.16,343.6 1 1
github.com/sqlrs/cli/internal/app/runner.go:344.5,344.23 1 1
github.com/sqlrs/cli/internal/app/runner.go:345.14,346.27 1 1
github.com/sqlrs/cli/internal/app/runner.go:346.27,359.20 2 1
github.com/sqlrs/cli/internal/app/runner.go:359.20,361.7 1 0
github.com/sqlrs/cli/internal/app/runner.go:362.6,362.17 1 1
github.com/sqlrs/cli/internal/app/runner.go:362.17,364.7 1 1
github.com/sqlrs/cli/internal/app/runner.go:365.6,366.16 2 1
github.com/sqlrs/cli/internal/app/runner.go:368.5,380.19 2 0
github.com/sqlrs/cli/internal/app/runner.go:380.19,382.6 1 0
github.com/sqlrs/cli/internal/app/runner.go:383.5,383.16 1 0
github.com/sqlrs/cli/internal/app/runner.go:383.16,385.6 1 0
github.com/sqlrs/cli/internal/app/runner.go:386.5,386.23 1 0
github.com/sqlrs/cli/internal/app/runner.go:387.12,388.68 1 0
github.com/sqlrs/cli/internal/app/runner.go:390.15,391.25 1 1
github.com/sqlrs/cli/internal/app/runner.go:391.25,393.5 1 1
github.com/sqlrs/cli/internal/app/runner.go:394.4,395.18 2 1
github.com/sqlrs/cli/internal/app/runner.go:395.18,397.5 1 1
github.com/sqlrs/cli/internal/app/runner.go:398.4,398.16 1 1
github.com/sqlrs/cli/internal/app/runner.go:398.16,401.5 2 1
github.com/sqlrs/cli/internal/app/runner.go:402.4,403.18 2 1
github.com/sqlrs/cli/internal/app/runner.go:403.18,405.5 1 1
github.com/sqlrs/cli/internal/app/runner.go:406.4,419.6 2 1
github.com/sqlrs/cli/internal/app/runner.go:420.14,422.23 2 1
github.com/sqlrs/cli/internal/app/runner.go:422.23,425.5 2 1
github.com/sqlrs/cli/internal/app/runner.go:426.4,427.18 2 1
github.com/sqlrs/cli/internal/app/runner.go:427.18,429.5 1 1
github.com/sqlrs/cli/internal/app/runner.go:430.4,430.16 1 1
github.com/sqlrs/cli/internal/app/runner.go:430.16,433.5 2 1
github.com/sqlrs/cli/internal/app/runner.go:434.4,435.18 2 1
github.com/sqlrs/cli/internal/app/runner.go:435.18,437.5 1 1
github.com/sqlrs/cli/internal/app/runner.go:438.4,439.18 2 1
github.com/sqlrs/cli/internal/app/runner.go:439.18,440.171 1 1
github.com/sqlrs/cli/internal/app/runner.go:440.171,442.6 1 1
github.com/sqlrs/cli/internal/app/runner.go:443.5,443.13 1 1
github.com/sqlrs/cli/internal/app/runner.go:445.4,448.71 1 1
github.com/sqlrs/cli/internal/app/runner.go:448.71,450.5 1 0
github.com/sqlrs/cli/internal/app/runner.go:451.11,452.47 1 1
github.com/sqlrs/cli/internal/app/runner.go:452.47,454.19 2 1
github.com/sqlrs/cli/internal/app/runner.go:454.19,456.6 1 1
github.com/sqlrs/cli/internal/app/runner.go:457.5,457.56 1 1
github.com/sqlrs/cli/internal/app/runner.go:459.4,459.44 1 1
github.com/sqlrs/cli/internal/app/runner.go:459.44,461.19 2 1
github.com/sqlrs/cli/internal/app/runner.go:461.19,463.6 1 1
github.com/sqlrs/cli/internal/app/runner.go:464.5,464.53 1 1
github.com/sqlrs/cli/internal/app/runner.go:466.4,466.43 1 1
github.com/sqlrs/cli/internal/app/runner.go:466.43,468.19 2 1
github.com/sqlrs/cli/internal/app/runner.go:468.19,470.6 1 1
github.com/sqlrs/cli/internal/app/runner.go:471.5,471.52 1 1
github.com/sqlrs/cli/internal/app/runner.go:473.4,473.54 1 1
github.com/sqlrs/cli/internal/app/runner.go:476.2,476.12 1 1
github.com/sqlrs/cli/internal/app/runner.go:479.48,480.71 1 1
github.com/sqlrs/cli/internal/app/runner.go:480.71,482.3 1 1
github.com/sqlrs/cli/internal/app/runner.go:483.2,483.31 1 1
github.com/sqlrs/cli/internal/app/runner.go:483.31,484.33 1 1
github.com/sqlrs/cli/internal/app/runner.go:485.53,486.15 1 1
github.com/sqlrs/cli/internal/app/runner.go:489.2,489.14 1 1
github.com/sqlrs/cli/internal/app/runner.go:492.44,493.9 1 1
github.com/sqlrs/cli/internal/app/runner.go:494.25,496.17 2 1
github.com/sqlrs/cli/internal/app/runner.go:496.17,498.4 1 1
github.com/sqlrs/cli/internal/app/runner.go:499.43,501.17 2 1
github.com/sqlrs/cli/internal/app/runner.go:501.17,503.4 1 1
github.com/sqlrs/cli/internal/app/runner.go:504.10,505.15 1 1
github.com/sqlrs/cli/internal/app/runner.go:508.2,508.31 1 0
github.com/sqlrs/cli/internal/app/runner.go:508.31,510.10 2 0
github.com/sqlrs/cli/internal/app/runner.go:511.80,512.15 1 0
github.com/sqlrs/cli/internal/app/runner.go:515.2,515.14 1 0
github.com/sqlrs/cli/internal/app/runner.go:518.55,519.71 1 1
github.com/sqlrs/cli/internal/app/runner.go:519.71,521.3 1 1
github.com/sqlrs/cli/internal/app/runner.go:522.2,522.31 1 1
github.com/sqlrs/cli/internal/app/runner.go:522.31,523.52 1 1
github.com/sqlrs/cli/internal/app/runner.go:523.52,525.4 1 1
github.com/sqlrs/cli/internal/app/runner.go:527.2,527.14 1 1
github.com/sqlrs/cli/internal/app/stage_pipeline.go:53.138,54.60 1 1
github.com/sqlrs/cli/internal/app/stage_pipeline.go:54.60,56.3 1 1
github.com/sqlrs/cli/internal/app/stage_pipeline.go:57.2,57.55 1 1
github.com/sqlrs/cli/internal/app/stage_pipeline.go:57.55,59.3 1 1
github.com/sqlrs/cli/internal/app/stage_pipeline.go:61.2,62.16 2 1
github.com/sqlrs/cli/internal/app/stage_pipeline.go:62.16,64.3 1 1
github.com/sqlrs/cli/internal/app/stage_pipeline.go:65.2,65.19 1 1
github.com/sqlrs/cli/internal/app/stage_pipeline.go:65.19,67.3 1 1
github.com/sqlrs/cli/internal/app/stage_pipeline.go:68.2,68.21 1 1
github.com/sqlrs/cli/internal/app/stage_pipeline.go:68.21,70.3 1 1
github.com/sqlrs/cli/internal/app/stage_pipeline.go:72.2,81.16 5 1
github.com/sqlrs/cli/internal/app/stage_pipeline.go:81.16,83.3 1 0
github.com/sqlrs/cli/internal/app/stage_pipeline.go:84.2,87.18 3 1
github.com/sqlrs/cli/internal/app/stage_pipeline.go:88.14,90.17 2 1
github.com/sqlrs/cli/internal/app/stage_pipeline.go:90.17,92.4 1 1
github.com/sqlrs/cli/internal/app/stage_pipeline.go:93.3,96.36 4 1
github.com/sqlrs/cli/internal/app/stage_pipeline.go:97.12,99.17 2 1
github.com/sqlrs/cli/internal/app/stage_pipeline.go:99.17,101.4 1 1
github.com/sqlrs/cli/internal/app/stage_pipeline.go:102.3,103.17 2 1
github.com/sqlrs/cli/internal/app/stage_pipeline.go:103.17,105.4 1 1
github.com/sqlrs/cli/internal/app/stage_pipeline.go:106.3,107.17 2 1
github.com/sqlrs/cli/internal/app/stage_pipeline.go:107.17,109.4 1 1
github.com/sqlrs/cli/internal/app/stage_pipeline.go:110.3,116.34 7 1
github.com/sqlrs/cli/internal/app/stage_pipeline.go:117.10,118.19 1 1
github.com/sqlrs/cli/internal/app/stage_pipeline.go:119.22,120.136 1 1
github.com/sqlrs/cli/internal/app/stage_pipeline.go:121.11,122.139 1 0
github.com/sqlrs/cli/internal/app/stage_pipeline.go:126.2,126.31 1 1
github.com/sqlrs/cli/internal/app/stage_pipeline.go:126.31,128.3 1 1
github.com/sqlrs/cli/internal/app/stage_pipeline.go:129.2,129.21 1 1
github.com/sqlrs/cli/internal/app/stage_pipeline.go:132.50,133.20 1 1
github.com/sqlrs/cli/internal/app/stage_pipeline.go:133.20,135.3 1 1
github.com/sqlrs/cli/internal/app/stage_pipeline.go:136.2,136.18 1 1
github.com/sqlrs/cli/internal/app/stage_pipeline.go:139.54,140.42 1 1
github.com/sqlrs/cli/internal/app/stage_pipeline.go:140.42,142.3 1 0
github.com/sqlrs/cli/internal/app/stage_pipeline.go:143.2,144.16 2 1
github.com/sqlrs/cli/internal/app/stage_pipeline.go:144.16,146.3 1 0
github.com/sqlrs/cli/internal/app/stage_pipeline.go:147.2,149.12 3 1
github.com/sqlrs/cli/internal/app/stage_pipeline.go:152.65,154.2 1 1
github.com/sqlrs/cli/internal/app/stage_pipeline.go:156.84,157.22 1 1
github.com/sqlrs/cli/internal/app/stage_pipeline.go:157.22,159.3 1 1
github.com/sqlrs/cli/internal/app/stage_pipeline.go:160.2,160.38 1 1
github.com/sqlrs/cli/internal/app/stage_pipeline.go:163.84,165.16 2 1
github.com/sqlrs/cli/internal/app/stage_pipeline.go:165.16,167.3 1 1
github.com/sqlrs/cli/internal/app/stage_pipeline.go:168.2,168.87 1 1
github.com/sqlrs/cli/internal/app/stage_pipeline.go:171.88,172.20 1 1
github.com/sqlrs/cli/internal/app/stage_pipeline.go:172.20,174.17 2 1
github.com/sqlrs/cli/internal/app/stage_pipeline.go:174.17,176.4 1 1
github.com/sqlrs/cli/internal/app/stage_pipeline.go:177.3,178.32 2 1
github.com/sqlrs/cli/internal/app/stage_pipeline.go:178.32,180.4 1 1
github.com/sqlrs/cli/internal/app/stage_pipeline.go:181.3,181.69 1 1
github.com/sqlrs/cli/internal/app/stage_pipeline.go:184.2,185.16 2 1
github.com/sqlrs/cli/internal/app/stage_pipeline.go:185.16,187.32 2 1
github.com/sqlrs/cli/internal/app/stage_pipeline.go:187.32,194.33 3 1
github.com/sqlrs/cli/internal/app/stage_pipeline.go:194.33,196.5 1 1
github.com/sqlrs/cli/internal/app/stage_pipeline.go:197.4,197.70 1 1
github.com/sqlrs/cli/internal/app/stage_pipeline.go:199.3,199.35 1 1
github.com/sqlrs/cli/internal/app/stage_pipeline.go:201.2,201.55 1 1
github.com/sqlrs/cli/internal/app/stage_pipeline.go:204.122,206.16 2 1
github.com/sqlrs/cli/internal/app/stage_pipeline.go:206.16,208.3 1 1
github.com/sqlrs/cli/internal/app/stage_pipeline.go:209.2,209.92 1 1
github.com/sqlrs/cli/internal/app/status.go:16.67,18.60 2 1
github.com/sqlrs/cli/internal/app/status.go:18.60,20.3 1 1
github.com/sqlrs/cli/internal/app/status.go:22.2,29.39 6 1
github.com/sqlrs/cli/internal/app/status.go:29.39,31.3 1 1
github.com/sqlrs/cli/internal/app/status.go:32.2,32.25 1 1
github.com/sqlrs/cli/internal/app/status.go:32.25,34.3 1 1
github.com/sqlrs/cli/internal/app/status.go:35.2,35.19 1 1
github.com/sqlrs/cli/internal/app/status.go:35.19,37.3 1 1
github.com/sqlrs/cli/internal/app/status.go:38.2,39.25 2 1
github.com/sqlrs/cli/internal/app/status.go:42.114,44.16 2 1
github.com/sqlrs/cli/internal/app/status.go:44.16,46.3 1 1
github.com/sqlrs/cli/internal/app/status.go:47.2,47.14 1 1
github.com/sqlrs/cli/internal/app/status.go:47.14,50.3 2 1
github.com/sqlrs/cli/internal/app/status.go:52.2,55.16 3 1
github.com/sqlrs/cli/internal/app/status.go:55.16,57.3 1 1
github.com/sqlrs/cli/internal/app/status.go:59.2,61.22 3 1
github.com/sqlrs/cli/internal/app/status.go:61.22,62.46 1 1
github.com/sqlrs/cli/internal/app/status.go:62.46,64.4 1 1
github.com/sqlrs/cli/internal/app/status.go:65.8,67.3 1 1
github.com/sqlrs/cli/internal/app/status.go:68.2,68.16 1 1
github.com/sqlrs/cli/internal/app/status.go:68.16,70.3 1 1
github.com/sqlrs/cli/internal/app/status.go:71.2,71.12 1 1
github.com/sqlrs/cli/internal/app/watch.go:13.58,14.60 1 1
github.com/sqlrs/cli/internal/app/watch.go:14.60,16.3 1 1
github.com/sqlrs/cli/internal/app/watch.go:17.2,18.27 2 1
github.com/sqlrs/cli/internal/app/watch.go:18.27,19.14 1 1
github.com/sqlrs/cli/internal/app/watch.go:20.23,21.24 1 1
github.com/sqlrs/cli/internal/app/watch.go:22.11,23.35 1 1
github.com/sqlrs/cli/internal/app/watch.go:23.35,25.5 1 1
github.com/sqlrs/cli/internal/app/watch.go:26.4,26.19 1 1
github.com/sqlrs/cli/internal/app/watch.go:26.19,28.5 1 1
github.com/sqlrs/cli/internal/app/watch.go:29.4,29.34 1 1
github.com/sqlrs/cli/internal/app/watch.go:32.2,32.17 1 1
github.com/sqlrs/cli/internal/app/watch.go:32.17,34.3 1 1
github.com/sqlrs/cli/internal/app/watch.go:35.2,35.26 1 1
github.com/sqlrs/cli/internal/app/watch.go:38.82,40.16 2 1
github.com/sqlrs/cli/internal/app/watch.go:40.16,42.3 1 1
github.com/sqlrs/cli/internal/app/watch.go:43.2,43.14 1 1
github.com/sqlrs/cli/internal/app/watch.go:43.14,46.3 2 1
github.com/sqlrs/cli/internal/app/watch.go:47.2,48.16 2 1
github.com/sqlrs/cli/internal/app/watch.go:48.16,50.32 2 1
github.com/sqlrs/cli/internal/app/watch.go:50.32,53.4 2 0
github.com/sqlrs/cli/internal/app/watch.go:54.3,54.13 1 1
github.com/sqlrs/cli/internal/app/watch.go:56.2,57.12 2 1
github.com/sqlrs/cli/internal/app/watch.go:60.74,66.2 1 1
github.com/sqlrs/cli/internal/app/wsl_paths.go:14.144,16.16 2 1
github.com/sqlrs/cli/internal/app/wsl_paths.go:16.16,18.3 1 1
github.com/sqlrs/cli/internal/app/wsl_paths.go:19.2,19.42 1 1
github.com/sqlrs/cli/internal/app/wsl_paths.go:19.42,21.3 1 1
github.com/sqlrs/cli/internal/app/wsl_paths.go:23.2,27.18 5 1
github.com/sqlrs/cli/internal/app/wsl_paths.go:27.18,29.17 2 1
github.com/sqlrs/cli/internal/app/wsl_paths.go:29.17,30.26 1 1
github.com/sqlrs/cli/internal/app/wsl_paths.go:30.26,32.5 1 1
github.com/sqlrs/cli/internal/app/wsl_paths.go:33.4,33.50 1 1
github.com/sqlrs/cli/internal/app/wsl_paths.go:35.3,36.17 2 1
github.com/sqlrs/cli/internal/app/wsl_paths.go:36.17,37.26 1 1
github.com/sqlrs/cli/internal/app/wsl_paths.go:37.26,39.5 1 1
github.com/sqlrs/cli/internal/app/wsl_paths.go:40.4,40.50 1 1
github.com/sqlrs/cli/internal/app/wsl_paths.go:43.2,43.36 1 1
github.com/sqlrs/cli/internal/app/wsl_paths.go:43.36,44.25 1 1
github.com/sqlrs/cli/internal/app/wsl_paths.go:44.25,46.4 1 1
github.com/sqlrs/cli/internal/app/wsl_paths.go:47.3,47.49 1 1
github.com/sqlrs/cli/internal/app/wsl_paths.go:49.2,49.43 1 1
github.com/sqlrs/cli/internal/app/wsl_paths.go:49.43,51.3 1 1
github.com/sqlrs/cli/internal/app/wsl_paths.go:52.2,52.42 1 1
github.com/sqlrs/cli/internal/app/wsl_paths.go:52.42,54.3 1 1
github.com/sqlrs/cli/internal/app/wsl_paths.go:56.2,57.37 2 1
github.com/sqlrs/cli/internal/app/wsl_paths.go:57.37,59.3 1 1
github.com/sqlrs/cli/internal/app/wsl_paths.go:60.2,61.16 2 1
github.com/sqlrs/cli/internal/app/wsl_paths.go:61.16,62.25 1 1
github.com/sqlrs/cli/internal/app/wsl_paths.go:62.25,64.4 1 1
github.com/sqlrs/cli/internal/app/wsl_paths.go:65.3,65.49 1 1
github.com/sqlrs/cli/internal/app/wsl_paths.go:68.2,70.16 3 1
github.com/sqlrs/cli/internal/app/wsl_paths.go:70.16,71.25 1 1
github.com/sqlrs/cli/internal/app/wsl_paths.go:71.25,73.4 1 1
github.com/sqlrs/cli/internal/app/wsl_paths.go:74.3,74.49 1 1
github.com/sqlrs/cli/internal/app/wsl_paths.go:77.2,78.91 2 1
github.com/sqlrs/cli/internal/app/wsl_paths.go:81.53,83.19 2 1
github.com/sqlrs/cli/internal/app/wsl_paths.go:83.19,85.3 1 1
github.com/sqlrs/cli/internal/app/wsl_paths.go:86.2,86.37 1 1
github.com/sqlrs/cli/internal/app/wsl_paths.go:86.37,88.3 1 1
github.com/sqlrs/cli/internal/app/wsl_paths.go:89.2,91.44 3 1
github.com/sqlrs/cli/internal/app/wsl_paths.go:91.44,93.75 2 1
github.com/sqlrs/cli/internal/app/wsl_paths.go:93.75,96.4 2 1
github.com/sqlrs/cli/internal/app/wsl_paths.go:98.2,98.17 1 1
github.com/sqlrs/cli/internal/app/wsl_paths.go:98.17,100.16 2 1
github.com/sqlrs/cli/internal/app/wsl_paths.go:100.16,102.4 1 1
github.com/sqlrs/cli/internal/app/wsl_paths.go:103.3,104.28 2 1
github.com/sqlrs/cli/internal/app/wsl_paths.go:106.2,108.16 3 1
github.com/sqlrs/cli/internal/app/wsl_paths.go:108.16,110.3 1 1
github.com/sqlrs/cli/internal/app/wsl_paths.go:111.2,111.52 1 1
