mode: set
github.com/sqlrs/cli/internal/app/alias_command.go:23.64,25.60 2 1
github.com/sqlrs/cli/internal/app/alias_command.go:25.60,27.3 1 1
github.com/sqlrs/cli/internal/app/alias_command.go:28.2,28.20 1 1
github.com/sqlrs/cli/internal/app/alias_command.go:28.20,30.3 1 1
github.com/sqlrs/cli/internal/app/alias_command.go:31.2,31.17 1 1
github.com/sqlrs/cli/internal/app/alias_command.go:32.22,33.24 1 1
github.com/sqlrs/cli/internal/app/alias_command.go:34.21,35.23 1 1
github.com/sqlrs/cli/internal/app/alias_command.go:36.10,37.76 1 1
github.com/sqlrs/cli/internal/app/alias_command.go:40.2,40.33 1 1
github.com/sqlrs/cli/internal/app/alias_command.go:40.33,42.10 2 1
github.com/sqlrs/cli/internal/app/alias_command.go:43.39,44.25 1 1
github.com/sqlrs/cli/internal/app/alias_command.go:45.27,46.22 1 1
github.com/sqlrs/cli/internal/app/alias_command.go:47.23,48.18 1 1
github.com/sqlrs/cli/internal/app/alias_command.go:49.24,50.24 1 1
github.com/sqlrs/cli/internal/app/alias_command.go:50.24,52.5 1 1
github.com/sqlrs/cli/internal/app/alias_command.go:53.4,54.7 2 1
github.com/sqlrs/cli/internal/app/alias_command.go:55.42,56.68 1 1
github.com/sqlrs/cli/internal/app/alias_command.go:57.25,58.24 1 1
github.com/sqlrs/cli/internal/app/alias_command.go:58.24,60.5 1 1
github.com/sqlrs/cli/internal/app/alias_command.go:61.4,62.7 2 1
github.com/sqlrs/cli/internal/app/alias_command.go:63.43,64.70 1 1
github.com/sqlrs/cli/internal/app/alias_command.go:65.11,66.35 1 1
github.com/sqlrs/cli/internal/app/alias_command.go:66.35,68.5 1 1
github.com/sqlrs/cli/internal/app/alias_command.go:69.4,69.21 1 1
github.com/sqlrs/cli/internal/app/alias_command.go:69.21,71.5 1 1
github.com/sqlrs/cli/internal/app/alias_command.go:72.4,72.36 1 1
github.com/sqlrs/cli/internal/app/alias_command.go:76.2,76.41 1 1
github.com/sqlrs/cli/internal/app/alias_command.go:76.41,78.3 1 1
github.com/sqlrs/cli/internal/app/alias_command.go:79.2,79.121 1 1
github.com/sqlrs/cli/internal/app/alias_command.go:79.121,81.3 1 1
github.com/sqlrs/cli/internal/app/alias_command.go:82.2,82.24 1 1
github.com/sqlrs/cli/internal/app/alias_command.go:85.84,87.16 2 1
github.com/sqlrs/cli/internal/app/alias_command.go:87.16,89.3 1 1
github.com/sqlrs/cli/internal/app/alias_command.go:90.2,90.14 1 1
github.com/sqlrs/cli/internal/app/alias_command.go:90.14,93.3 2 1
github.com/sqlrs/cli/internal/app/alias_command.go:95.2,103.20 2 1
github.com/sqlrs/cli/internal/app/alias_command.go:104.12,106.17 2 1
github.com/sqlrs/cli/internal/app/alias_command.go:106.17,108.4 1 1
github.com/sqlrs/cli/internal/app/alias_command.go:109.3,109.30 1 1
github.com/sqlrs/cli/internal/app/alias_command.go:109.30,111.4 1 1
github.com/sqlrs/cli/internal/app/alias_command.go:112.3,113.13 2 1
github.com/sqlrs/cli/internal/app/alias_command.go:114.15,116.17 2 1
github.com/sqlrs/cli/internal/app/alias_command.go:116.17,118.4 1 1
github.com/sqlrs/cli/internal/app/alias_command.go:119.3,119.30 1 1
github.com/sqlrs/cli/internal/app/alias_command.go:119.30,120.52 1 1
github.com/sqlrs/cli/internal/app/alias_command.go:120.52,122.5 1 0
github.com/sqlrs/cli/internal/app/alias_command.go:123.9,125.4 1 1
github.com/sqlrs/cli/internal/app/alias_command.go:126.3,126.30 1 1
github.com/sqlrs/cli/internal/app/alias_command.go:126.30,128.4 1 1
github.com/sqlrs/cli/internal/app/alias_command.go:129.3,129.13 1 1
github.com/sqlrs/cli/internal/app/alias_command.go:130.10,131.64 1 0
github.com/sqlrs/cli/internal/app/alias_command.go:135.116,136.19 1 1
github.com/sqlrs/cli/internal/app/alias_command.go:136.19,138.17 2 1
github.com/sqlrs/cli/internal/app/alias_command.go:138.17,140.4 1 1
github.com/sqlrs/cli/internal/app/alias_command.go:141.3,141.21 1 1
github.com/sqlrs/cli/internal/app/alias_command.go:144.2,150.16 2 1
github.com/sqlrs/cli/internal/app/alias_command.go:150.16,152.3 1 1
github.com/sqlrs/cli/internal/app/alias_command.go:153.2,154.16 2 1
github.com/sqlrs/cli/internal/app/alias_command.go:154.16,156.3 1 0
github.com/sqlrs/cli/internal/app/alias_command.go:157.2,161.18 2 1
github.com/sqlrs/cli/internal/app/alias_command.go:161.18,163.3 1 1
github.com/sqlrs/cli/internal/app/alias_command.go:163.8,165.3 1 1
github.com/sqlrs/cli/internal/app/alias_command.go:166.2,166.20 1 1
github.com/sqlrs/cli/internal/app/alias_command.go:169.59,171.17 2 1
github.com/sqlrs/cli/internal/app/alias_command.go:171.17,173.3 1 1
github.com/sqlrs/cli/internal/app/alias_command.go:174.2,174.13 1 1
github.com/sqlrs/cli/internal/app/alias_command.go:174.13,176.3 1 1
github.com/sqlrs/cli/internal/app/alias_command.go:177.2,177.16 1 1
github.com/sqlrs/cli/internal/app/alias_command.go:180.61,181.9 1 1
github.com/sqlrs/cli/internal/app/alias_command.go:182.31,183.28 1 1
github.com/sqlrs/cli/internal/app/alias_command.go:184.31,185.24 1 1
github.com/sqlrs/cli/internal/app/alias_command.go:186.10,187.12 1 1
github.com/sqlrs/cli/internal/app/alias_path_resolution.go:15.84,17.50 2 1
github.com/sqlrs/cli/internal/app/alias_path_resolution.go:18.14,19.45 1 1
github.com/sqlrs/cli/internal/app/alias_path_resolution.go:20.12,21.48 1 1
github.com/sqlrs/cli/internal/app/alias_path_resolution.go:22.10,23.37 1 1
github.com/sqlrs/cli/internal/app/alias_path_resolution.go:27.80,29.50 2 1
github.com/sqlrs/cli/internal/app/alias_path_resolution.go:30.45,31.45 1 1
github.com/sqlrs/cli/internal/app/alias_path_resolution.go:32.10,33.37 1 1
github.com/sqlrs/cli/internal/app/alias_path_resolution.go:37.67,39.33 2 1
github.com/sqlrs/cli/internal/app/alias_path_resolution.go:39.33,41.10 2 1
github.com/sqlrs/cli/internal/app/alias_path_resolution.go:42.39,44.24 2 1
github.com/sqlrs/cli/internal/app/alias_path_resolution.go:44.24,45.13 1 1
github.com/sqlrs/cli/internal/app/alias_path_resolution.go:47.4,48.7 2 1
github.com/sqlrs/cli/internal/app/alias_path_resolution.go:49.42,51.76 2 1
github.com/sqlrs/cli/internal/app/alias_path_resolution.go:52.53,54.71 2 1
github.com/sqlrs/cli/internal/app/alias_path_resolution.go:55.11,56.34 1 1
github.com/sqlrs/cli/internal/app/alias_path_resolution.go:59.2,59.16 1 1
github.com/sqlrs/cli/internal/app/alias_path_resolution.go:62.70,64.33 2 1
github.com/sqlrs/cli/internal/app/alias_path_resolution.go:64.33,66.10 2 1
github.com/sqlrs/cli/internal/app/alias_path_resolution.go:67.62,69.24 2 1
github.com/sqlrs/cli/internal/app/alias_path_resolution.go:69.24,70.13 1 1
github.com/sqlrs/cli/internal/app/alias_path_resolution.go:72.4,73.42 2 1
github.com/sqlrs/cli/internal/app/alias_path_resolution.go:73.42,75.5 1 1
github.com/sqlrs/cli/internal/app/alias_path_resolution.go:75.10,77.5 1 1
github.com/sqlrs/cli/internal/app/alias_path_resolution.go:78.4,78.7 1 1
github.com/sqlrs/cli/internal/app/alias_path_resolution.go:79.56,81.24 2 1
github.com/sqlrs/cli/internal/app/alias_path_resolution.go:81.24,82.13 1 1
github.com/sqlrs/cli/internal/app/alias_path_resolution.go:84.4,85.7 2 1
github.com/sqlrs/cli/internal/app/alias_path_resolution.go:86.52,88.42 2 1
github.com/sqlrs/cli/internal/app/alias_path_resolution.go:88.42,90.5 1 1
github.com/sqlrs/cli/internal/app/alias_path_resolution.go:90.10,92.5 1 0
github.com/sqlrs/cli/internal/app/alias_path_resolution.go:93.51,95.42 2 1
github.com/sqlrs/cli/internal/app/alias_path_resolution.go:95.42,97.5 1 0
github.com/sqlrs/cli/internal/app/alias_path_resolution.go:97.10,99.5 1 1
github.com/sqlrs/cli/internal/app/alias_path_resolution.go:100.48,102.88 2 1
github.com/sqlrs/cli/internal/app/alias_path_resolution.go:103.49,105.89 2 1
github.com/sqlrs/cli/internal/app/alias_path_resolution.go:106.11,107.34 1 1
github.com/sqlrs/cli/internal/app/alias_path_resolution.go:110.2,110.16 1 1
github.com/sqlrs/cli/internal/app/alias_path_resolution.go:113.69,116.29 3 1
github.com/sqlrs/cli/internal/app/alias_path_resolution.go:116.29,118.10 2 1
github.com/sqlrs/cli/internal/app/alias_path_resolution.go:119.19,120.27 1 1
github.com/sqlrs/cli/internal/app/alias_path_resolution.go:121.42,122.27 1 1
github.com/sqlrs/cli/internal/app/alias_path_resolution.go:123.11,124.57 1 1
github.com/sqlrs/cli/internal/app/alias_path_resolution.go:127.2,127.31 1 1
github.com/sqlrs/cli/internal/app/alias_path_resolution.go:130.63,132.9 2 1
github.com/sqlrs/cli/internal/app/alias_path_resolution.go:133.21,134.15 1 1
github.com/sqlrs/cli/internal/app/alias_path_resolution.go:135.22,136.15 1 1
github.com/sqlrs/cli/internal/app/alias_path_resolution.go:137.31,138.33 1 1
github.com/sqlrs/cli/internal/app/alias_path_resolution.go:139.10,140.77 1 1
github.com/sqlrs/cli/internal/app/alias_prepare.go:26.81,28.27 2 1
github.com/sqlrs/cli/internal/app/alias_prepare.go:28.27,29.14 1 1
github.com/sqlrs/cli/internal/app/alias_prepare.go:30.23,31.26 1 1
github.com/sqlrs/cli/internal/app/alias_prepare.go:32.18,34.30 2 1
github.com/sqlrs/cli/internal/app/alias_prepare.go:35.21,37.30 2 1
github.com/sqlrs/cli/internal/app/alias_prepare.go:38.13,39.87 1 1
github.com/sqlrs/cli/internal/app/alias_prepare.go:40.11,41.35 1 1
github.com/sqlrs/cli/internal/app/alias_prepare.go:41.35,43.5 1 1
github.com/sqlrs/cli/internal/app/alias_prepare.go:44.4,44.22 1 1
github.com/sqlrs/cli/internal/app/alias_prepare.go:44.22,46.5 1 1
github.com/sqlrs/cli/internal/app/alias_prepare.go:47.4,47.37 1 1
github.com/sqlrs/cli/internal/app/alias_prepare.go:50.2,50.20 1 1
github.com/sqlrs/cli/internal/app/alias_prepare.go:50.20,52.3 1 1
github.com/sqlrs/cli/internal/app/alias_prepare.go:53.2,53.25 1 1
github.com/sqlrs/cli/internal/app/alias_prepare.go:56.62,58.27 2 1
github.com/sqlrs/cli/internal/app/alias_prepare.go:58.27,59.14 1 1
github.com/sqlrs/cli/internal/app/alias_prepare.go:60.23,61.24 1 1
github.com/sqlrs/cli/internal/app/alias_prepare.go:62.32,63.79 1 1
github.com/sqlrs/cli/internal/app/alias_prepare.go:64.13,65.82 1 1
github.com/sqlrs/cli/internal/app/alias_prepare.go:66.11,67.35 1 1
github.com/sqlrs/cli/internal/app/alias_prepare.go:67.35,69.5 1 1
github.com/sqlrs/cli/internal/app/alias_prepare.go:70.4,70.17 1 1
github.com/sqlrs/cli/internal/app/alias_prepare.go:70.17,72.5 1 1
github.com/sqlrs/cli/internal/app/alias_prepare.go:73.4,73.32 1 1
github.com/sqlrs/cli/internal/app/alias_prepare.go:76.2,76.15 1 1
github.com/sqlrs/cli/internal/app/alias_prepare.go:76.15,78.3 1 1
github.com/sqlrs/cli/internal/app/alias_prepare.go:79.2,79.24 1 1
github.com/sqlrs/cli/internal/app/alias_prepare.go:82.92,84.16 2 1
github.com/sqlrs/cli/internal/app/alias_prepare.go:84.16,86.3 1 1
github.com/sqlrs/cli/internal/app/alias_prepare.go:87.2,87.16 1 1
github.com/sqlrs/cli/internal/app/alias_prepare.go:87.16,89.3 1 1
github.com/sqlrs/cli/internal/app/alias_prepare.go:90.2,92.20 3 1
github.com/sqlrs/cli/internal/app/alias_prepare.go:92.20,94.3 1 0
github.com/sqlrs/cli/internal/app/alias_prepare.go:95.2,98.22 3 1
github.com/sqlrs/cli/internal/app/alias_prepare.go:98.22,100.3 1 0
github.com/sqlrs/cli/internal/app/alias_prepare.go:102.2,103.11 2 1
github.com/sqlrs/cli/internal/app/alias_prepare.go:103.11,105.42 2 1
github.com/sqlrs/cli/internal/app/alias_prepare.go:105.42,107.4 1 1
github.com/sqlrs/cli/internal/app/alias_prepare.go:110.2,111.12 2 1
github.com/sqlrs/cli/internal/app/alias_prepare.go:111.12,113.3 1 1
github.com/sqlrs/cli/internal/app/alias_prepare.go:115.2,116.16 2 1
github.com/sqlrs/cli/internal/app/alias_prepare.go:116.16,118.3 1 1
github.com/sqlrs/cli/internal/app/alias_prepare.go:119.2,119.39 1 1
github.com/sqlrs/cli/internal/app/alias_prepare.go:119.39,121.3 1 1
github.com/sqlrs/cli/internal/app/alias_prepare.go:122.2,122.22 1 1
github.com/sqlrs/cli/internal/app/alias_prepare.go:125.58,127.16 2 1
github.com/sqlrs/cli/internal/app/alias_prepare.go:127.16,129.3 1 1
github.com/sqlrs/cli/internal/app/alias_prepare.go:130.2,131.53 2 1
github.com/sqlrs/cli/internal/app/alias_prepare.go:131.53,133.3 1 1
github.com/sqlrs/cli/internal/app/alias_prepare.go:134.2,135.20 2 1
github.com/sqlrs/cli/internal/app/alias_prepare.go:136.10,137.73 1 1
github.com/sqlrs/cli/internal/app/alias_prepare.go:138.20,138.20 0 1
github.com/sqlrs/cli/internal/app/alias_prepare.go:139.10,140.85 1 1
github.com/sqlrs/cli/internal/app/alias_prepare.go:142.2,142.26 1 1
github.com/sqlrs/cli/internal/app/alias_prepare.go:142.26,144.3 1 1
github.com/sqlrs/cli/internal/app/alias_prepare.go:145.2,145.19 1 1
github.com/sqlrs/cli/internal/app/alias_prepare.go:148.99,150.31 2 1
github.com/sqlrs/cli/internal/app/alias_prepare.go:150.31,151.23 1 1
github.com/sqlrs/cli/internal/app/alias_prepare.go:151.23,153.4 1 1
github.com/sqlrs/cli/internal/app/alias_prepare.go:153.9,155.4 1 1
github.com/sqlrs/cli/internal/app/alias_prepare.go:157.2,157.42 1 1
github.com/sqlrs/cli/internal/app/alias_prepare.go:157.42,159.3 1 1
github.com/sqlrs/cli/internal/app/alias_prepare.go:160.2,162.13 3 1
github.com/sqlrs/cli/internal/app/alias_prepare.go:165.61,167.42 2 1
github.com/sqlrs/cli/internal/app/alias_prepare.go:167.42,169.3 1 1
github.com/sqlrs/cli/internal/app/alias_prepare.go:170.2,172.13 3 1
github.com/sqlrs/cli/internal/app/alias_prepare.go:175.47,178.2 2 1
github.com/sqlrs/cli/internal/app/alias_run.go:26.95,28.60 2 1
github.com/sqlrs/cli/internal/app/alias_run.go:28.60,30.3 1 1
github.com/sqlrs/cli/internal/app/alias_run.go:31.2,31.33 1 1
github.com/sqlrs/cli/internal/app/alias_run.go:31.33,33.10 2 1
github.com/sqlrs/cli/internal/app/alias_run.go:34.39,35.26 1 1
github.com/sqlrs/cli/internal/app/alias_run.go:36.20,37.83 1 1
github.com/sqlrs/cli/internal/app/alias_run.go:38.28,39.24 1 1
github.com/sqlrs/cli/internal/app/alias_run.go:39.24,41.5 1 1
github.com/sqlrs/cli/internal/app/alias_run.go:42.4,43.19 2 1
github.com/sqlrs/cli/internal/app/alias_run.go:43.19,45.5 1 0
github.com/sqlrs/cli/internal/app/alias_run.go:46.4,47.7 2 1
github.com/sqlrs/cli/internal/app/alias_run.go:48.46,50.19 2 1
github.com/sqlrs/cli/internal/app/alias_run.go:50.19,52.5 1 1
github.com/sqlrs/cli/internal/app/alias_run.go:53.4,53.28 1 0
github.com/sqlrs/cli/internal/app/alias_run.go:54.11,55.35 1 1
github.com/sqlrs/cli/internal/app/alias_run.go:55.35,57.5 1 1
github.com/sqlrs/cli/internal/app/alias_run.go:58.4,58.22 1 1
github.com/sqlrs/cli/internal/app/alias_run.go:58.22,60.5 1 1
github.com/sqlrs/cli/internal/app/alias_run.go:61.4,61.37 1 1
github.com/sqlrs/cli/internal/app/alias_run.go:64.2,64.20 1 1
github.com/sqlrs/cli/internal/app/alias_run.go:64.20,66.3 1 1
github.com/sqlrs/cli/internal/app/alias_run.go:67.2,67.66 1 1
github.com/sqlrs/cli/internal/app/alias_run.go:67.66,69.3 1 1
github.com/sqlrs/cli/internal/app/alias_run.go:70.2,70.25 1 1
github.com/sqlrs/cli/internal/app/alias_run.go:73.88,75.16 2 1
github.com/sqlrs/cli/internal/app/alias_run.go:75.16,77.3 1 1
github.com/sqlrs/cli/internal/app/alias_run.go:78.2,78.16 1 1
github.com/sqlrs/cli/internal/app/alias_run.go:78.16,80.3 1 1
github.com/sqlrs/cli/internal/app/alias_run.go:81.2,83.20 3 1
github.com/sqlrs/cli/internal/app/alias_run.go:83.20,85.3 1 0
github.com/sqlrs/cli/internal/app/alias_run.go:86.2,89.22 3 1
github.com/sqlrs/cli/internal/app/alias_run.go:89.22,91.3 1 0
github.com/sqlrs/cli/internal/app/alias_run.go:93.2,94.11 2 1
github.com/sqlrs/cli/internal/app/alias_run.go:94.11,96.42 2 1
github.com/sqlrs/cli/internal/app/alias_run.go:96.42,98.4 1 1
github.com/sqlrs/cli/internal/app/alias_run.go:101.2,102.12 2 1
github.com/sqlrs/cli/internal/app/alias_run.go:102.12,104.3 1 1
github.com/sqlrs/cli/internal/app/alias_run.go:106.2,107.16 2 1
github.com/sqlrs/cli/internal/app/alias_run.go:107.16,109.3 1 1
github.com/sqlrs/cli/internal/app/alias_run.go:110.2,110.35 1 1
github.com/sqlrs/cli/internal/app/alias_run.go:110.35,112.3 1 1
github.com/sqlrs/cli/internal/app/alias_run.go:113.2,113.22 1 1
github.com/sqlrs/cli/internal/app/alias_run.go:116.50,118.16 2 1
github.com/sqlrs/cli/internal/app/alias_run.go:118.16,120.3 1 1
github.com/sqlrs/cli/internal/app/alias_run.go:121.2,122.53 2 1
github.com/sqlrs/cli/internal/app/alias_run.go:122.53,124.3 1 1
github.com/sqlrs/cli/internal/app/alias_run.go:125.2,126.20 2 1
github.com/sqlrs/cli/internal/app/alias_run.go:127.10,128.65 1 1
github.com/sqlrs/cli/internal/app/alias_run.go:129.10,130.35 1 1
github.com/sqlrs/cli/internal/app/alias_run.go:130.35,132.4 1 1
github.com/sqlrs/cli/internal/app/alias_run.go:134.2,134.42 1 1
github.com/sqlrs/cli/internal/app/alias_run.go:134.42,136.3 1 1
github.com/sqlrs/cli/internal/app/alias_run.go:137.2,137.26 1 1
github.com/sqlrs/cli/internal/app/alias_run.go:137.26,139.3 1 1
github.com/sqlrs/cli/internal/app/alias_run.go:140.2,140.19 1 1
github.com/sqlrs/cli/internal/app/alias_run.go:143.87,145.53 2 1
github.com/sqlrs/cli/internal/app/alias_run.go:145.53,147.3 1 1
github.com/sqlrs/cli/internal/app/alias_run.go:148.2,149.13 2 1
github.com/sqlrs/cli/internal/app/alias_run.go:152.43,155.2 2 1
github.com/sqlrs/cli/internal/app/app.go:29.31,31.16 2 1
github.com/sqlrs/cli/internal/app/app.go:31.16,32.34 1 1
github.com/sqlrs/cli/internal/app/app.go:32.34,35.4 2 1
github.com/sqlrs/cli/internal/app/app.go:36.3,37.13 2 1
github.com/sqlrs/cli/internal/app/app.go:40.2,41.16 2 1
github.com/sqlrs/cli/internal/app/app.go:41.16,43.3 1 1
github.com/sqlrs/cli/internal/app/app.go:45.2,45.24 1 1
github.com/sqlrs/cli/internal/app/app.go:45.24,47.3 1 1
github.com/sqlrs/cli/internal/app/app.go:49.2,49.32 1 1
github.com/sqlrs/cli/internal/app/app.go:49.32,50.24 1 1
github.com/sqlrs/cli/internal/app/app.go:50.24,52.4 1 1
github.com/sqlrs/cli/internal/app/app.go:53.3,53.81 1 1
github.com/sqlrs/cli/internal/app/app.go:56.2,57.16 2 1
github.com/sqlrs/cli/internal/app/app.go:57.16,59.3 1 1
github.com/sqlrs/cli/internal/app/app.go:61.2,62.31 2 1
github.com/sqlrs/cli/internal/app/app.go:62.31,63.19 1 1
github.com/sqlrs/cli/internal/app/app.go:64.16,65.25 1 1
github.com/sqlrs/cli/internal/app/app.go:65.25,67.5 1 0
github.com/sqlrs/cli/internal/app/app.go:68.4,68.55 1 1
github.com/sqlrs/cli/internal/app/app.go:69.13,70.25 1 1
github.com/sqlrs/cli/internal/app/app.go:70.25,72.5 1 1
github.com/sqlrs/cli/internal/app/app.go:73.4,73.72 1 1
github.com/sqlrs/cli/internal/app/app.go:74.13,75.25 1 1
github.com/sqlrs/cli/internal/app/app.go:75.25,77.5 1 1
github.com/sqlrs/cli/internal/app/app.go:78.4,78.72 1 1
github.com/sqlrs/cli/internal/app/app.go:79.23,81.26 2 1
github.com/sqlrs/cli/internal/app/app.go:81.26,83.5 1 1
github.com/sqlrs/cli/internal/app/app.go:84.4,85.18 2 1
github.com/sqlrs/cli/internal/app/app.go:85.18,87.5 1 1
github.com/sqlrs/cli/internal/app/app.go:88.4,88.15 1 1
github.com/sqlrs/cli/internal/app/app.go:88.15,90.5 1 1
github.com/sqlrs/cli/internal/app/app.go:91.4,91.22 1 1
github.com/sqlrs/cli/internal/app/app.go:92.21,94.26 2 1
github.com/sqlrs/cli/internal/app/app.go:94.26,96.5 1 1
github.com/sqlrs/cli/internal/app/app.go:97.4,98.18 2 1
github.com/sqlrs/cli/internal/app/app.go:98.18,100.5 1 1
github.com/sqlrs/cli/internal/app/app.go:101.4,101.15 1 1
github.com/sqlrs/cli/internal/app/app.go:101.15,103.5 1 1
github.com/sqlrs/cli/internal/app/app.go:104.4,104.22 1 1
github.com/sqlrs/cli/internal/app/app.go:105.20,106.25 1 1
github.com/sqlrs/cli/internal/app/app.go:106.25,108.5 1 1
github.com/sqlrs/cli/internal/app/app.go:109.4,109.159 1 1
github.com/sqlrs/cli/internal/app/app.go:110.18,111.25 1 1
github.com/sqlrs/cli/internal/app/app.go:111.25,113.5 1 1
github.com/sqlrs/cli/internal/app/app.go:114.4,114.157 1 1
github.com/sqlrs/cli/internal/app/app.go:115.19,117.23 2 1
github.com/sqlrs/cli/internal/app/app.go:117.23,120.5 2 1
github.com/sqlrs/cli/internal/app/app.go:121.4,121.116 1 1
github.com/sqlrs/cli/internal/app/app.go:121.116,123.5 1 1
github.com/sqlrs/cli/internal/app/app.go:124.22,126.23 2 1
github.com/sqlrs/cli/internal/app/app.go:126.23,129.5 2 1
github.com/sqlrs/cli/internal/app/app.go:130.4,130.119 1 1
github.com/sqlrs/cli/internal/app/app.go:130.119,132.5 1 1
github.com/sqlrs/cli/internal/app/app.go:133.17,134.25 1 1
github.com/sqlrs/cli/internal/app/app.go:134.25,136.5 1 1
github.com/sqlrs/cli/internal/app/app.go:137.4,137.102 1 1
github.com/sqlrs/cli/internal/app/app.go:138.16,139.25 1 1
github.com/sqlrs/cli/internal/app/app.go:139.25,141.5 1 1
github.com/sqlrs/cli/internal/app/app.go:142.4,142.70 1 1
github.com/sqlrs/cli/internal/app/app.go:143.17,144.25 1 1
github.com/sqlrs/cli/internal/app/app.go:144.25,146.5 1 1
github.com/sqlrs/cli/internal/app/app.go:147.4,147.80 1 1
github.com/sqlrs/cli/internal/app/app.go:148.18,150.18 2 1
github.com/sqlrs/cli/internal/app/app.go:150.18,152.5 1 1
github.com/sqlrs/cli/internal/app/app.go:153.4,153.16 1 1
github.com/sqlrs/cli/internal/app/app.go:153.16,156.5 2 1
github.com/sqlrs/cli/internal/app/app.go:157.4,158.18 2 1
github.com/sqlrs/cli/internal/app/app.go:158.18,160.5 1 1
github.com/sqlrs/cli/internal/app/app.go:161.4,162.18 2 1
github.com/sqlrs/cli/internal/app/app.go:162.18,164.5 1 1
github.com/sqlrs/cli/internal/app/app.go:165.4,168.22 4 1
github.com/sqlrs/cli/internal/app/app.go:169.16,170.27 1 1
github.com/sqlrs/cli/internal/app/app.go:170.27,172.6 1 1
github.com/sqlrs/cli/internal/app/app.go:173.5,174.19 2 1
github.com/sqlrs/cli/internal/app/app.go:174.19,176.6 1 0
github.com/sqlrs/cli/internal/app/app.go:177.5,177.16 1 1
github.com/sqlrs/cli/internal/app/app.go:177.16,179.6 1 1
github.com/sqlrs/cli/internal/app/app.go:180.5,180.23 1 1
github.com/sqlrs/cli/internal/app/app.go:181.14,182.27 1 1
github.com/sqlrs/cli/internal/app/app.go:182.27,184.6 1 1
github.com/sqlrs/cli/internal/app/app.go:185.5,186.19 2 0
github.com/sqlrs/cli/internal/app/app.go:186.19,188.6 1 0
github.com/sqlrs/cli/internal/app/app.go:189.5,189.16 1 0
github.com/sqlrs/cli/internal/app/app.go:189.16,191.6 1 0
github.com/sqlrs/cli/internal/app/app.go:192.5,192.23 1 0
github.com/sqlrs/cli/internal/app/app.go:193.12,194.68 1 0
github.com/sqlrs/cli/internal/app/app.go:196.15,197.25 1 1
github.com/sqlrs/cli/internal/app/app.go:197.25,199.5 1 0
github.com/sqlrs/cli/internal/app/app.go:200.4,201.18 2 1
github.com/sqlrs/cli/internal/app/app.go:201.18,203.5 1 1
github.com/sqlrs/cli/internal/app/app.go:204.4,204.16 1 1
github.com/sqlrs/cli/internal/app/app.go:204.16,207.5 2 1
github.com/sqlrs/cli/internal/app/app.go:208.4,209.18 2 1
github.com/sqlrs/cli/internal/app/app.go:209.18,211.5 1 1
github.com/sqlrs/cli/internal/app/app.go:212.4,213.18 2 1
github.com/sqlrs/cli/internal/app/app.go:213.18,215.5 1 1
github.com/sqlrs/cli/internal/app/app.go:216.4,217.219 2 1
github.com/sqlrs/cli/internal/app/app.go:218.14,220.23 2 1
github.com/sqlrs/cli/internal/app/app.go:220.23,223.5 2 1
github.com/sqlrs/cli/internal/app/app.go:224.4,225.18 2 1
github.com/sqlrs/cli/internal/app/app.go:225.18,227.5 1 1
github.com/sqlrs/cli/internal/app/app.go:228.4,228.16 1 1
github.com/sqlrs/cli/internal/app/app.go:228.16,231.5 2 1
github.com/sqlrs/cli/internal/app/app.go:232.4,233.18 2 1
github.com/sqlrs/cli/internal/app/app.go:233.18,235.5 1 1
github.com/sqlrs/cli/internal/app/app.go:236.4,237.18 2 1
github.com/sqlrs/cli/internal/app/app.go:237.18,239.5 1 1
github.com/sqlrs/cli/internal/app/app.go:240.4,241.155 2 1
github.com/sqlrs/cli/internal/app/app.go:241.155,243.5 1 1
github.com/sqlrs/cli/internal/app/app.go:244.11,245.47 1 1
github.com/sqlrs/cli/internal/app/app.go:245.47,247.19 2 1
github.com/sqlrs/cli/internal/app/app.go:247.19,249.6 1 1
github.com/sqlrs/cli/internal/app/app.go:250.5,250.56 1 1
github.com/sqlrs/cli/internal/app/app.go:252.4,252.44 1 1
github.com/sqlrs/cli/internal/app/app.go:252.44,254.19 2 1
github.com/sqlrs/cli/internal/app/app.go:254.19,256.6 1 1
github.com/sqlrs/cli/internal/app/app.go:257.5,257.53 1 1
github.com/sqlrs/cli/internal/app/app.go:259.4,259.43 1 1
github.com/sqlrs/cli/internal/app/app.go:259.43,261.19 2 1
github.com/sqlrs/cli/internal/app/app.go:261.19,263.6 1 1
github.com/sqlrs/cli/internal/app/app.go:264.5,264.52 1 1
github.com/sqlrs/cli/internal/app/app.go:266.4,266.54 1 1
github.com/sqlrs/cli/internal/app/app.go:269.2,269.12 1 1
github.com/sqlrs/cli/internal/app/app.go:272.42,274.16 2 1
github.com/sqlrs/cli/internal/app/app.go:274.16,276.3 1 1
github.com/sqlrs/cli/internal/app/app.go:277.2,278.12 2 1
github.com/sqlrs/cli/internal/app/app.go:281.61,283.45 2 1
github.com/sqlrs/cli/internal/app/app.go:283.45,285.3 1 1
github.com/sqlrs/cli/internal/app/app.go:286.2,286.50 1 1
github.com/sqlrs/cli/internal/app/app.go:286.50,288.3 1 1
github.com/sqlrs/cli/internal/app/app.go:289.2,289.36 1 1
github.com/sqlrs/cli/internal/app/app.go:289.36,291.3 1 1
github.com/sqlrs/cli/internal/app/app.go:292.2,292.21 1 1
github.com/sqlrs/cli/internal/app/app.go:292.21,294.3 1 1
github.com/sqlrs/cli/internal/app/app.go:295.2,295.34 1 1
github.com/sqlrs/cli/internal/app/app.go:298.66,301.41 3 1
github.com/sqlrs/cli/internal/app/app.go:301.41,303.17 2 1
github.com/sqlrs/cli/internal/app/app.go:303.18,303.19 0 1
github.com/sqlrs/cli/internal/app/app.go:306.2,309.12 4 1
github.com/sqlrs/cli/internal/app/app.go:309.12,312.10 3 1
github.com/sqlrs/cli/internal/app/app.go:313.18,314.16 1 1
github.com/sqlrs/cli/internal/app/app.go:315.15,316.10 1 1
github.com/sqlrs/cli/internal/app/app.go:318.3,322.7 5 1
github.com/sqlrs/cli/internal/app/app.go:322.7,323.11 1 1
github.com/sqlrs/cli/internal/app/app.go:324.16,326.11 2 1
github.com/sqlrs/cli/internal/app/app.go:327.20,330.35 3 1
github.com/sqlrs/cli/internal/app/app.go:334.2,334.16 1 1
github.com/sqlrs/cli/internal/app/app.go:334.16,336.10 2 1
github.com/sqlrs/cli/internal/app/app.go:337.16,338.31 1 1
github.com/sqlrs/cli/internal/app/app.go:339.11,339.11 0 1
github.com/sqlrs/cli/internal/app/app.go:344.45,345.16 1 1
github.com/sqlrs/cli/internal/app/app.go:345.16,347.3 1 1
github.com/sqlrs/cli/internal/app/app.go:348.2,348.16 1 1
github.com/sqlrs/cli/internal/app/app.go:348.16,350.3 1 1
github.com/sqlrs/cli/internal/app/app.go:351.2,353.23 3 1
github.com/sqlrs/cli/internal/app/app.go:356.144,358.16 2 1
github.com/sqlrs/cli/internal/app/app.go:358.16,360.3 1 1
github.com/sqlrs/cli/internal/app/app.go:361.2,361.42 1 1
github.com/sqlrs/cli/internal/app/app.go:361.42,363.3 1 1
github.com/sqlrs/cli/internal/app/app.go:365.2,369.18 5 1
github.com/sqlrs/cli/internal/app/app.go:369.18,371.17 2 1
github.com/sqlrs/cli/internal/app/app.go:371.17,372.26 1 1
github.com/sqlrs/cli/internal/app/app.go:372.26,374.5 1 1
github.com/sqlrs/cli/internal/app/app.go:375.4,375.50 1 1
github.com/sqlrs/cli/internal/app/app.go:377.3,378.17 2 1
github.com/sqlrs/cli/internal/app/app.go:378.17,379.26 1 1
github.com/sqlrs/cli/internal/app/app.go:379.26,381.5 1 1
github.com/sqlrs/cli/internal/app/app.go:382.4,382.50 1 1
github.com/sqlrs/cli/internal/app/app.go:385.2,385.36 1 1
github.com/sqlrs/cli/internal/app/app.go:385.36,386.25 1 1
github.com/sqlrs/cli/internal/app/app.go:386.25,388.4 1 1
github.com/sqlrs/cli/internal/app/app.go:389.3,389.49 1 1
github.com/sqlrs/cli/internal/app/app.go:391.2,391.43 1 1
github.com/sqlrs/cli/internal/app/app.go:391.43,393.3 1 1
github.com/sqlrs/cli/internal/app/app.go:394.2,394.42 1 1
github.com/sqlrs/cli/internal/app/app.go:394.42,396.3 1 1
github.com/sqlrs/cli/internal/app/app.go:398.2,399.37 2 1
github.com/sqlrs/cli/internal/app/app.go:399.37,401.3 1 1
github.com/sqlrs/cli/internal/app/app.go:402.2,403.16 2 1
github.com/sqlrs/cli/internal/app/app.go:403.16,404.25 1 1
github.com/sqlrs/cli/internal/app/app.go:404.25,406.4 1 1
github.com/sqlrs/cli/internal/app/app.go:407.3,407.49 1 1
github.com/sqlrs/cli/internal/app/app.go:410.2,412.16 3 1
github.com/sqlrs/cli/internal/app/app.go:412.16,413.25 1 1
github.com/sqlrs/cli/internal/app/app.go:413.25,415.4 1 1
github.com/sqlrs/cli/internal/app/app.go:416.3,416.49 1 1
github.com/sqlrs/cli/internal/app/app.go:419.2,420.91 2 1
github.com/sqlrs/cli/internal/app/app.go:423.54,424.56 1 1
github.com/sqlrs/cli/internal/app/app.go:424.56,425.62 1 1
github.com/sqlrs/cli/internal/app/app.go:425.62,427.4 1 1
github.com/sqlrs/cli/internal/app/app.go:429.2,429.38 1 1
github.com/sqlrs/cli/internal/app/app.go:432.53,434.19 2 1
github.com/sqlrs/cli/internal/app/app.go:434.19,436.3 1 1
github.com/sqlrs/cli/internal/app/app.go:437.2,437.37 1 1
github.com/sqlrs/cli/internal/app/app.go:437.37,439.3 1 1
github.com/sqlrs/cli/internal/app/app.go:440.2,442.44 3 1
github.com/sqlrs/cli/internal/app/app.go:442.44,444.75 2 1
github.com/sqlrs/cli/internal/app/app.go:444.75,447.4 2 1
github.com/sqlrs/cli/internal/app/app.go:449.2,449.17 1 1
github.com/sqlrs/cli/internal/app/app.go:449.17,451.16 2 1
github.com/sqlrs/cli/internal/app/app.go:451.16,453.4 1 1
github.com/sqlrs/cli/internal/app/app.go:454.3,455.28 2 1
github.com/sqlrs/cli/internal/app/app.go:457.2,459.16 3 1
github.com/sqlrs/cli/internal/app/app.go:459.16,461.3 1 1
github.com/sqlrs/cli/internal/app/app.go:462.2,462.52 1 1
github.com/sqlrs/cli/internal/app/argdiag.go:5.68,6.58 1 1
github.com/sqlrs/cli/internal/app/argdiag.go:6.58,8.3 1 1
github.com/sqlrs/cli/internal/app/argdiag.go:9.2,9.12 1 1
github.com/sqlrs/cli/internal/app/command_cleanup.go:18.126,19.41 1 1
github.com/sqlrs/cli/internal/app/command_cleanup.go:19.41,21.3 1 0
github.com/sqlrs/cli/internal/app/command_cleanup.go:22.2,25.16 4 1
github.com/sqlrs/cli/internal/app/command_cleanup.go:25.16,26.14 1 1
github.com/sqlrs/cli/internal/app/command_cleanup.go:26.14,28.4 1 1
github.com/sqlrs/cli/internal/app/command_cleanup.go:28.9,30.4 1 1
github.com/sqlrs/cli/internal/app/command_cleanup.go:31.3,31.9 1 1
github.com/sqlrs/cli/internal/app/command_cleanup.go:33.2,33.83 1 1
github.com/sqlrs/cli/internal/app/command_cleanup.go:33.83,34.14 1 1
github.com/sqlrs/cli/internal/app/command_cleanup.go:34.14,36.4 1 1
github.com/sqlrs/cli/internal/app/command_cleanup.go:36.9,38.4 1 1
github.com/sqlrs/cli/internal/app/command_context.go:43.88,47.69 3 1
github.com/sqlrs/cli/internal/app/command_context.go:47.69,48.32 1 1
github.com/sqlrs/cli/internal/app/command_context.go:48.32,50.4 1 1
github.com/sqlrs/cli/internal/app/command_context.go:50.9,52.4 1 1
github.com/sqlrs/cli/internal/app/command_context.go:55.2,56.16 2 1
github.com/sqlrs/cli/internal/app/command_context.go:56.16,58.3 1 1
github.com/sqlrs/cli/internal/app/command_context.go:59.2,60.45 2 1
github.com/sqlrs/cli/internal/app/command_context.go:60.45,62.3 1 1
github.com/sqlrs/cli/internal/app/command_context.go:63.2,63.39 1 1
github.com/sqlrs/cli/internal/app/command_context.go:63.39,65.3 1 1
github.com/sqlrs/cli/internal/app/command_context.go:67.2,69.23 3 1
github.com/sqlrs/cli/internal/app/command_context.go:69.23,71.3 1 1
github.com/sqlrs/cli/internal/app/command_context.go:72.2,72.23 1 1
github.com/sqlrs/cli/internal/app/command_context.go:72.23,74.3 1 1
github.com/sqlrs/cli/internal/app/command_context.go:75.2,76.9 2 1
github.com/sqlrs/cli/internal/app/command_context.go:76.9,78.3 1 1
github.com/sqlrs/cli/internal/app/command_context.go:79.2,79.44 1 1
github.com/sqlrs/cli/internal/app/command_context.go:79.44,81.3 1 1
github.com/sqlrs/cli/internal/app/command_context.go:83.2,84.34 2 1
github.com/sqlrs/cli/internal/app/command_context.go:84.34,86.17 2 1
github.com/sqlrs/cli/internal/app/command_context.go:86.17,88.4 1 1
github.com/sqlrs/cli/internal/app/command_context.go:90.2,90.41 1 1
github.com/sqlrs/cli/internal/app/command_context.go:90.41,92.3 1 1
github.com/sqlrs/cli/internal/app/command_context.go:94.2,95.42 2 1
github.com/sqlrs/cli/internal/app/command_context.go:95.42,97.3 1 1
github.com/sqlrs/cli/internal/app/command_context.go:98.2,98.18 1 1
github.com/sqlrs/cli/internal/app/command_context.go:98.18,100.3 1 1
github.com/sqlrs/cli/internal/app/command_context.go:101.2,101.43 1 1
github.com/sqlrs/cli/internal/app/command_context.go:101.43,103.3 1 1
github.com/sqlrs/cli/internal/app/command_context.go:105.2,106.18 2 1
github.com/sqlrs/cli/internal/app/command_context.go:106.18,108.17 2 1
github.com/sqlrs/cli/internal/app/command_context.go:108.17,110.4 1 1
github.com/sqlrs/cli/internal/app/command_context.go:111.3,111.19 1 1
github.com/sqlrs/cli/internal/app/command_context.go:113.2,114.16 2 1
github.com/sqlrs/cli/internal/app/command_context.go:114.16,116.3 1 1
github.com/sqlrs/cli/internal/app/command_context.go:117.2,118.16 2 1
github.com/sqlrs/cli/internal/app/command_context.go:118.16,120.3 1 1
github.com/sqlrs/cli/internal/app/command_context.go:122.2,123.18 2 1
github.com/sqlrs/cli/internal/app/command_context.go:123.18,125.3 1 1
github.com/sqlrs/cli/internal/app/command_context.go:127.2,128.22 2 1
github.com/sqlrs/cli/internal/app/command_context.go:128.22,130.3 1 1
github.com/sqlrs/cli/internal/app/command_context.go:131.2,138.31 8 1
github.com/sqlrs/cli/internal/app/command_context.go:138.31,140.17 2 1
github.com/sqlrs/cli/internal/app/command_context.go:140.17,142.4 1 1
github.com/sqlrs/cli/internal/app/command_context.go:145.2,162.20 18 1
github.com/sqlrs/cli/internal/app/command_context.go:165.53,187.2 1 1
github.com/sqlrs/cli/internal/app/command_context.go:189.53,211.2 1 1
github.com/sqlrs/cli/internal/app/command_context.go:213.77,236.2 1 1
github.com/sqlrs/cli/internal/app/command_context.go:238.55,260.2 1 1
github.com/sqlrs/cli/internal/app/command_context.go:262.61,284.2 1 1
github.com/sqlrs/cli/internal/app/command_context.go:286.61,308.2 1 1
github.com/sqlrs/cli/internal/app/config.go:20.66,22.60 2 1
github.com/sqlrs/cli/internal/app/config.go:22.60,24.3 1 1
github.com/sqlrs/cli/internal/app/config.go:25.2,25.20 1 1
github.com/sqlrs/cli/internal/app/config.go:25.20,27.3 1 1
github.com/sqlrs/cli/internal/app/config.go:28.2,29.16 2 1
github.com/sqlrs/cli/internal/app/config.go:30.13,33.32 3 1
github.com/sqlrs/cli/internal/app/config.go:33.32,34.34 1 1
github.com/sqlrs/cli/internal/app/config.go:35.24,36.26 1 1
github.com/sqlrs/cli/internal/app/config.go:37.23,38.21 1 1
github.com/sqlrs/cli/internal/app/config.go:39.12,40.36 1 1
github.com/sqlrs/cli/internal/app/config.go:40.36,42.6 1 1
github.com/sqlrs/cli/internal/app/config.go:43.5,43.19 1 1
github.com/sqlrs/cli/internal/app/config.go:43.19,45.6 1 1
github.com/sqlrs/cli/internal/app/config.go:46.5,46.15 1 1
github.com/sqlrs/cli/internal/app/config.go:49.3,49.17 1 1
github.com/sqlrs/cli/internal/app/config.go:49.17,51.4 1 1
github.com/sqlrs/cli/internal/app/config.go:52.3,52.71 1 1
github.com/sqlrs/cli/internal/app/config.go:53.13,54.65 1 1
github.com/sqlrs/cli/internal/app/config.go:54.65,56.4 1 1
github.com/sqlrs/cli/internal/app/config.go:57.3,57.20 1 1
github.com/sqlrs/cli/internal/app/config.go:57.20,58.22 1 1
github.com/sqlrs/cli/internal/app/config.go:58.22,60.11 2 1
github.com/sqlrs/cli/internal/app/config.go:60.11,62.11 2 1
github.com/sqlrs/cli/internal/app/config.go:65.4,65.68 1 1
github.com/sqlrs/cli/internal/app/config.go:67.3,67.71 1 1
github.com/sqlrs/cli/internal/app/config.go:68.12,69.65 1 1
github.com/sqlrs/cli/internal/app/config.go:69.65,71.4 1 1
github.com/sqlrs/cli/internal/app/config.go:72.3,72.20 1 1
github.com/sqlrs/cli/internal/app/config.go:72.20,74.4 1 1
github.com/sqlrs/cli/internal/app/config.go:75.3,75.51 1 1
github.com/sqlrs/cli/internal/app/config.go:76.16,77.65 1 1
github.com/sqlrs/cli/internal/app/config.go:77.65,79.4 1 1
github.com/sqlrs/cli/internal/app/config.go:80.3,80.40 1 1
github.com/sqlrs/cli/internal/app/config.go:81.10,82.73 1 1
github.com/sqlrs/cli/internal/app/config.go:84.2,84.24 1 1
github.com/sqlrs/cli/internal/app/config.go:87.97,89.16 2 1
github.com/sqlrs/cli/internal/app/config.go:89.16,91.3 1 1
github.com/sqlrs/cli/internal/app/config.go:92.2,92.14 1 1
github.com/sqlrs/cli/internal/app/config.go:92.14,95.3 2 1
github.com/sqlrs/cli/internal/app/config.go:97.2,100.23 3 1
github.com/sqlrs/cli/internal/app/config.go:101.13,103.17 2 1
github.com/sqlrs/cli/internal/app/config.go:103.17,105.4 1 1
github.com/sqlrs/cli/internal/app/config.go:106.3,106.23 1 1
github.com/sqlrs/cli/internal/app/config.go:106.23,108.4 1 1
github.com/sqlrs/cli/internal/app/config.go:109.3,110.40 2 1
github.com/sqlrs/cli/internal/app/config.go:111.13,112.47 1 1
github.com/sqlrs/cli/internal/app/config.go:112.47,114.4 1 1
github.com/sqlrs/cli/internal/app/config.go:115.3,116.17 2 1
github.com/sqlrs/cli/internal/app/config.go:116.17,118.4 1 1
github.com/sqlrs/cli/internal/app/config.go:119.3,121.17 3 1
github.com/sqlrs/cli/internal/app/config.go:121.17,123.4 1 0
github.com/sqlrs/cli/internal/app/config.go:124.3,124.23 1 1
github.com/sqlrs/cli/internal/app/config.go:124.23,126.4 1 1
github.com/sqlrs/cli/internal/app/config.go:127.3,128.39 2 1
github.com/sqlrs/cli/internal/app/config.go:129.12,131.17 2 1
github.com/sqlrs/cli/internal/app/config.go:131.17,133.4 1 1
github.com/sqlrs/cli/internal/app/config.go:134.3,134.23 1 1
github.com/sqlrs/cli/internal/app/config.go:134.23,136.4 1 1
github.com/sqlrs/cli/internal/app/config.go:137.3,138.39 2 1
github.com/sqlrs/cli/internal/app/config.go:139.16,141.17 2 1
github.com/sqlrs/cli/internal/app/config.go:141.17,143.4 1 1
github.com/sqlrs/cli/internal/app/config.go:144.3,144.23 1 1
github.com/sqlrs/cli/internal/app/config.go:144.23,146.4 1 1
github.com/sqlrs/cli/internal/app/config.go:147.3,148.40 2 1
github.com/sqlrs/cli/internal/app/config.go:149.10,150.68 1 0
github.com/sqlrs/cli/internal/app/config.go:154.46,158.47 4 1
github.com/sqlrs/cli/internal/app/config.go:158.47,159.46 1 1
github.com/sqlrs/cli/internal/app/config.go:159.46,161.4 1 1
github.com/sqlrs/cli/internal/app/config.go:162.3,162.59 1 1
github.com/sqlrs/cli/internal/app/config.go:164.2,164.55 1 1
github.com/sqlrs/cli/internal/app/config.go:164.55,166.3 1 1
github.com/sqlrs/cli/internal/app/config.go:167.2,167.19 1 1
github.com/sqlrs/cli/internal/app/config.go:170.63,172.15 2 1
github.com/sqlrs/cli/internal/app/config.go:172.15,174.3 1 1
github.com/sqlrs/cli/internal/app/config.go:175.2,176.35 2 1
github.com/sqlrs/cli/internal/app/config.go:176.35,178.3 1 1
github.com/sqlrs/cli/internal/app/config.go:179.2,181.31 3 1
github.com/sqlrs/cli/internal/app/config.go:181.31,183.3 1 0
github.com/sqlrs/cli/internal/app/config.go:184.2,184.26 1 1
github.com/sqlrs/cli/internal/app/config.go:187.49,189.15 2 1
github.com/sqlrs/cli/internal/app/config.go:189.15,191.3 1 0
github.com/sqlrs/cli/internal/app/config.go:192.2,193.15 2 1
github.com/sqlrs/cli/internal/app/config.go:194.31,195.20 1 1
github.com/sqlrs/cli/internal/app/config.go:197.2,197.29 1 1
github.com/sqlrs/cli/internal/app/config.go:197.29,199.3 1 1
github.com/sqlrs/cli/internal/app/config.go:200.2,200.22 1 1
github.com/sqlrs/cli/internal/app/config.go:200.22,202.3 1 1
github.com/sqlrs/cli/internal/app/config.go:203.2,203.18 1 1
github.com/sqlrs/cli/internal/app/config.go:206.42,207.16 1 1
github.com/sqlrs/cli/internal/app/config.go:208.21,209.14 1 1
github.com/sqlrs/cli/internal/app/config.go:210.61,211.14 1 1
github.com/sqlrs/cli/internal/app/config.go:212.10,213.15 1 1
github.com/sqlrs/cli/internal/app/config.go:217.34,218.25 1 1
github.com/sqlrs/cli/internal/app/config.go:218.25,219.42 1 1
github.com/sqlrs/cli/internal/app/config.go:219.42,220.12 1 1
github.com/sqlrs/cli/internal/app/config.go:222.3,222.29 1 1
github.com/sqlrs/cli/internal/app/config.go:222.29,223.12 1 1
github.com/sqlrs/cli/internal/app/config.go:225.3,225.29 1 1
github.com/sqlrs/cli/internal/app/config.go:225.29,226.12 1 0
github.com/sqlrs/cli/internal/app/config.go:228.3,228.29 1 1
github.com/sqlrs/cli/internal/app/config.go:228.29,229.12 1 1
github.com/sqlrs/cli/internal/app/config.go:231.3,231.15 1 1
github.com/sqlrs/cli/internal/app/config.go:233.2,233.13 1 1
github.com/sqlrs/cli/internal/app/config.go:236.52,238.16 2 1
github.com/sqlrs/cli/internal/app/config.go:238.16,240.3 1 1
github.com/sqlrs/cli/internal/app/config.go:241.2,242.12 2 1
github.com/sqlrs/cli/internal/app/exit_error.go:10.36,12.2 1 1
github.com/sqlrs/cli/internal/app/exit_error.go:14.36,16.2 1 1
github.com/sqlrs/cli/internal/app/exit_error.go:18.61,20.2 1 1
github.com/sqlrs/cli/internal/app/fs_other.go:5.45,7.2 1 1
github.com/sqlrs/cli/internal/app/init.go:59.91,61.16 2 1
github.com/sqlrs/cli/internal/app/init.go:61.16,63.3 1 1
github.com/sqlrs/cli/internal/app/init.go:64.2,64.14 1 1
github.com/sqlrs/cli/internal/app/init.go:64.14,67.3 2 1
github.com/sqlrs/cli/internal/app/init.go:68.2,69.40 2 1
github.com/sqlrs/cli/internal/app/init.go:69.40,71.3 1 0
github.com/sqlrs/cli/internal/app/init.go:73.2,74.16 2 1
github.com/sqlrs/cli/internal/app/init.go:74.16,76.3 1 1
github.com/sqlrs/cli/internal/app/init.go:78.2,82.49 4 1
github.com/sqlrs/cli/internal/app/init.go:82.49,84.3 1 1
github.com/sqlrs/cli/internal/app/init.go:86.2,100.17 5 1
github.com/sqlrs/cli/internal/app/init.go:100.17,101.19 1 1
github.com/sqlrs/cli/internal/app/init.go:101.19,102.53 1 1
github.com/sqlrs/cli/internal/app/init.go:102.53,103.21 1 1
github.com/sqlrs/cli/internal/app/init.go:103.21,105.6 1 1
github.com/sqlrs/cli/internal/app/init.go:106.10,108.5 1 1
github.com/sqlrs/cli/internal/app/init.go:110.3,110.19 1 1
github.com/sqlrs/cli/internal/app/init.go:110.19,111.19 1 1
github.com/sqlrs/cli/internal/app/init.go:111.19,113.5 1 1
github.com/sqlrs/cli/internal/app/init.go:113.10,115.5 1 1
github.com/sqlrs/cli/internal/app/init.go:116.4,116.14 1 1
github.com/sqlrs/cli/internal/app/init.go:118.3,118.53 1 1
github.com/sqlrs/cli/internal/app/init.go:118.53,119.19 1 1
github.com/sqlrs/cli/internal/app/init.go:119.19,121.5 1 1
github.com/sqlrs/cli/internal/app/init.go:121.10,123.5 1 1
github.com/sqlrs/cli/internal/app/init.go:124.4,124.14 1 1
github.com/sqlrs/cli/internal/app/init.go:128.2,128.27 1 1
github.com/sqlrs/cli/internal/app/init.go:128.27,130.3 1 1
github.com/sqlrs/cli/internal/app/init.go:132.2,133.43 2 1
github.com/sqlrs/cli/internal/app/init.go:133.43,135.21 2 1
github.com/sqlrs/cli/internal/app/init.go:135.21,137.4 1 1
github.com/sqlrs/cli/internal/app/init.go:138.3,141.17 3 1
github.com/sqlrs/cli/internal/app/init.go:141.17,143.4 1 0
github.com/sqlrs/cli/internal/app/init.go:144.3,145.17 2 1
github.com/sqlrs/cli/internal/app/init.go:145.17,147.4 1 0
github.com/sqlrs/cli/internal/app/init.go:149.3,151.13 3 1
github.com/sqlrs/cli/internal/app/init.go:151.13,152.75 1 1
github.com/sqlrs/cli/internal/app/init.go:152.75,154.5 1 1
github.com/sqlrs/cli/internal/app/init.go:156.3,156.29 1 1
github.com/sqlrs/cli/internal/app/init.go:156.29,168.18 2 1
github.com/sqlrs/cli/internal/app/init.go:168.18,170.5 1 1
github.com/sqlrs/cli/internal/app/init.go:171.4,171.28 1 1
github.com/sqlrs/cli/internal/app/init.go:171.28,173.5 1 1
github.com/sqlrs/cli/internal/app/init.go:174.4,174.36 1 1
github.com/sqlrs/cli/internal/app/init.go:174.36,176.5 1 1
github.com/sqlrs/cli/internal/app/init.go:177.4,177.21 1 1
github.com/sqlrs/cli/internal/app/init.go:177.21,179.19 2 1
github.com/sqlrs/cli/internal/app/init.go:179.19,181.6 1 1
github.com/sqlrs/cli/internal/app/init.go:181.11,183.6 1 1
github.com/sqlrs/cli/internal/app/init.go:184.10,184.48 1 1
github.com/sqlrs/cli/internal/app/init.go:184.48,187.5 2 1
github.com/sqlrs/cli/internal/app/init.go:193.3,193.65 1 1
github.com/sqlrs/cli/internal/app/init.go:193.65,201.18 2 0
github.com/sqlrs/cli/internal/app/init.go:201.18,203.5 1 0
github.com/sqlrs/cli/internal/app/init.go:204.4,204.54 1 0
github.com/sqlrs/cli/internal/app/init.go:204.54,206.5 1 0
github.com/sqlrs/cli/internal/app/init.go:209.3,209.50 1 1
github.com/sqlrs/cli/internal/app/init.go:209.50,211.4 1 1
github.com/sqlrs/cli/internal/app/init.go:214.2,214.17 1 1
github.com/sqlrs/cli/internal/app/init.go:214.17,215.19 1 1
github.com/sqlrs/cli/internal/app/init.go:215.19,217.4 1 1
github.com/sqlrs/cli/internal/app/init.go:218.3,219.13 2 1
github.com/sqlrs/cli/internal/app/init.go:222.2,222.18 1 1
github.com/sqlrs/cli/internal/app/init.go:222.18,223.57 1 1
github.com/sqlrs/cli/internal/app/init.go:223.57,225.4 1 1
github.com/sqlrs/cli/internal/app/init.go:228.2,229.48 2 1
github.com/sqlrs/cli/internal/app/init.go:229.48,231.17 2 1
github.com/sqlrs/cli/internal/app/init.go:231.17,233.4 1 1
github.com/sqlrs/cli/internal/app/init.go:234.3,234.22 1 1
github.com/sqlrs/cli/internal/app/init.go:236.2,237.16 2 1
github.com/sqlrs/cli/internal/app/init.go:237.16,239.3 1 0
github.com/sqlrs/cli/internal/app/init.go:240.2,240.76 1 1
github.com/sqlrs/cli/internal/app/init.go:240.76,242.3 1 0
github.com/sqlrs/cli/internal/app/init.go:244.2,244.17 1 1
github.com/sqlrs/cli/internal/app/init.go:244.17,246.3 1 1
github.com/sqlrs/cli/internal/app/init.go:246.8,248.3 1 1
github.com/sqlrs/cli/internal/app/init.go:249.2,249.12 1 1
github.com/sqlrs/cli/internal/app/init.go:252.92,254.2 1 1
github.com/sqlrs/cli/internal/app/init.go:256.63,258.21 2 1
github.com/sqlrs/cli/internal/app/init.go:258.21,260.3 1 1
github.com/sqlrs/cli/internal/app/init.go:261.2,261.56 1 1
github.com/sqlrs/cli/internal/app/init.go:261.56,263.3 1 1
github.com/sqlrs/cli/internal/app/init.go:265.2,266.16 2 1
github.com/sqlrs/cli/internal/app/init.go:266.16,267.25 1 1
github.com/sqlrs/cli/internal/app/init.go:267.25,270.4 1 1
github.com/sqlrs/cli/internal/app/init.go:271.3,271.77 1 0
github.com/sqlrs/cli/internal/app/init.go:274.2,274.16 1 1
github.com/sqlrs/cli/internal/app/init.go:275.13,276.13 1 1
github.com/sqlrs/cli/internal/app/init.go:277.12,278.103 1 1
github.com/sqlrs/cli/internal/app/init.go:279.10,280.84 1 1
github.com/sqlrs/cli/internal/app/init.go:284.59,286.16 2 1
github.com/sqlrs/cli/internal/app/init.go:286.16,288.3 1 1
github.com/sqlrs/cli/internal/app/init.go:289.2,292.53 3 1
github.com/sqlrs/cli/internal/app/init.go:292.53,294.3 1 1
github.com/sqlrs/cli/internal/app/init.go:295.2,295.83 1 1
github.com/sqlrs/cli/internal/app/init.go:295.83,297.3 1 1
github.com/sqlrs/cli/internal/app/init.go:298.2,298.42 1 1
github.com/sqlrs/cli/internal/app/init.go:298.42,300.3 1 1
github.com/sqlrs/cli/internal/app/init.go:301.2,301.23 1 1
github.com/sqlrs/cli/internal/app/init.go:304.87,306.61 2 1
github.com/sqlrs/cli/internal/app/init.go:306.61,308.3 1 1
github.com/sqlrs/cli/internal/app/init.go:310.2,311.16 2 1
github.com/sqlrs/cli/internal/app/init.go:311.16,313.3 1 1
github.com/sqlrs/cli/internal/app/init.go:314.2,315.16 2 1
github.com/sqlrs/cli/internal/app/init.go:315.16,317.3 1 0
github.com/sqlrs/cli/internal/app/init.go:319.2,340.49 20 1
github.com/sqlrs/cli/internal/app/init.go:340.49,342.3 1 1
github.com/sqlrs/cli/internal/app/init.go:344.2,344.25 1 1
github.com/sqlrs/cli/internal/app/init.go:344.25,346.3 1 1
github.com/sqlrs/cli/internal/app/init.go:348.2,348.19 1 1
github.com/sqlrs/cli/internal/app/init.go:348.19,350.3 1 1
github.com/sqlrs/cli/internal/app/init.go:352.2,354.26 3 1
github.com/sqlrs/cli/internal/app/init.go:354.26,356.3 1 1
github.com/sqlrs/cli/internal/app/init.go:357.2,371.55 14 1
github.com/sqlrs/cli/internal/app/init.go:371.55,373.17 2 1
github.com/sqlrs/cli/internal/app/init.go:373.17,375.4 1 1
github.com/sqlrs/cli/internal/app/init.go:376.3,376.27 1 1
github.com/sqlrs/cli/internal/app/init.go:379.2,380.16 2 1
github.com/sqlrs/cli/internal/app/init.go:380.16,383.3 2 0
github.com/sqlrs/cli/internal/app/init.go:384.2,384.41 1 1
github.com/sqlrs/cli/internal/app/init.go:384.41,386.3 1 0
github.com/sqlrs/cli/internal/app/init.go:388.2,388.22 1 1
github.com/sqlrs/cli/internal/app/init.go:388.22,389.53 1 1
github.com/sqlrs/cli/internal/app/init.go:389.53,391.4 1 1
github.com/sqlrs/cli/internal/app/init.go:392.3,392.195 1 1
github.com/sqlrs/cli/internal/app/init.go:392.195,394.4 1 1
github.com/sqlrs/cli/internal/app/init.go:395.3,395.26 1 1
github.com/sqlrs/cli/internal/app/init.go:398.2,398.52 1 1
github.com/sqlrs/cli/internal/app/init.go:398.52,400.3 1 1
github.com/sqlrs/cli/internal/app/init.go:402.2,402.60 1 1
github.com/sqlrs/cli/internal/app/init.go:402.60,404.3 1 1
github.com/sqlrs/cli/internal/app/init.go:405.2,405.50 1 1
github.com/sqlrs/cli/internal/app/init.go:405.50,407.3 1 1
github.com/sqlrs/cli/internal/app/init.go:408.2,408.63 1 1
github.com/sqlrs/cli/internal/app/init.go:408.63,410.3 1 1
github.com/sqlrs/cli/internal/app/init.go:411.2,411.56 1 1
github.com/sqlrs/cli/internal/app/init.go:411.56,413.3 1 1
github.com/sqlrs/cli/internal/app/init.go:414.2,414.55 1 1
github.com/sqlrs/cli/internal/app/init.go:414.55,416.3 1 1
github.com/sqlrs/cli/internal/app/init.go:417.2,417.122 1 1
github.com/sqlrs/cli/internal/app/init.go:417.122,419.3 1 1
github.com/sqlrs/cli/internal/app/init.go:420.2,420.76 1 1
github.com/sqlrs/cli/internal/app/init.go:420.76,422.3 1 1
github.com/sqlrs/cli/internal/app/init.go:423.2,423.59 1 1
github.com/sqlrs/cli/internal/app/init.go:423.59,425.3 1 0
github.com/sqlrs/cli/internal/app/init.go:426.2,426.58 1 1
github.com/sqlrs/cli/internal/app/init.go:426.58,428.3 1 0
github.com/sqlrs/cli/internal/app/init.go:429.2,429.143 1 1
github.com/sqlrs/cli/internal/app/init.go:429.143,431.3 1 0
github.com/sqlrs/cli/internal/app/init.go:432.2,432.86 1 1
github.com/sqlrs/cli/internal/app/init.go:432.86,434.3 1 1
github.com/sqlrs/cli/internal/app/init.go:436.2,436.25 1 1
github.com/sqlrs/cli/internal/app/init.go:439.66,441.18 2 1
github.com/sqlrs/cli/internal/app/init.go:441.18,443.3 1 1
github.com/sqlrs/cli/internal/app/init.go:444.2,444.18 1 1
github.com/sqlrs/cli/internal/app/init.go:444.18,446.3 1 1
github.com/sqlrs/cli/internal/app/init.go:447.2,447.29 1 1
github.com/sqlrs/cli/internal/app/init.go:447.29,449.3 1 1
github.com/sqlrs/cli/internal/app/init.go:450.2,453.16 3 1
github.com/sqlrs/cli/internal/app/init.go:453.16,455.3 1 1
github.com/sqlrs/cli/internal/app/init.go:456.2,456.19 1 1
github.com/sqlrs/cli/internal/app/init.go:456.19,458.3 1 1
github.com/sqlrs/cli/internal/app/init.go:459.2,459.17 1 1
github.com/sqlrs/cli/internal/app/init.go:462.46,464.53 2 1
github.com/sqlrs/cli/internal/app/init.go:464.53,465.49 1 1
github.com/sqlrs/cli/internal/app/init.go:465.49,467.4 1 1
github.com/sqlrs/cli/internal/app/init.go:468.3,468.32 1 1
github.com/sqlrs/cli/internal/app/init.go:470.2,470.38 1 1
github.com/sqlrs/cli/internal/app/init.go:470.38,471.49 1 1
github.com/sqlrs/cli/internal/app/init.go:471.49,473.4 1 0
github.com/sqlrs/cli/internal/app/init.go:475.2,475.14 1 1
github.com/sqlrs/cli/internal/app/init.go:478.108,480.17 2 1
github.com/sqlrs/cli/internal/app/init.go:480.17,482.3 1 1
github.com/sqlrs/cli/internal/app/init.go:482.8,484.3 1 1
github.com/sqlrs/cli/internal/app/init.go:485.2,485.27 1 1
github.com/sqlrs/cli/internal/app/init.go:485.27,487.3 1 1
github.com/sqlrs/cli/internal/app/init.go:488.2,488.22 1 1
github.com/sqlrs/cli/internal/app/init.go:488.22,490.3 1 1
github.com/sqlrs/cli/internal/app/init.go:491.2,491.43 1 1
github.com/sqlrs/cli/internal/app/init.go:491.43,492.45 1 1
github.com/sqlrs/cli/internal/app/init.go:492.45,494.4 1 1
github.com/sqlrs/cli/internal/app/init.go:495.3,495.27 1 1
github.com/sqlrs/cli/internal/app/init.go:495.27,497.4 1 1
github.com/sqlrs/cli/internal/app/init.go:499.2,499.44 1 1
github.com/sqlrs/cli/internal/app/init.go:499.44,502.27 3 1
github.com/sqlrs/cli/internal/app/init.go:502.27,504.4 1 1
github.com/sqlrs/cli/internal/app/init.go:505.3,505.29 1 1
github.com/sqlrs/cli/internal/app/init.go:505.29,507.4 1 1
github.com/sqlrs/cli/internal/app/init.go:509.2,509.22 1 1
github.com/sqlrs/cli/internal/app/init.go:509.22,511.17 2 1
github.com/sqlrs/cli/internal/app/init.go:511.17,513.4 1 1
github.com/sqlrs/cli/internal/app/init.go:514.3,516.29 3 1
github.com/sqlrs/cli/internal/app/init.go:516.29,518.4 1 1
github.com/sqlrs/cli/internal/app/init.go:519.3,519.19 1 1
github.com/sqlrs/cli/internal/app/init.go:519.19,521.4 1 1
github.com/sqlrs/cli/internal/app/init.go:522.3,522.31 1 1
github.com/sqlrs/cli/internal/app/init.go:522.31,524.4 1 1
github.com/sqlrs/cli/internal/app/init.go:525.3,525.33 1 1
github.com/sqlrs/cli/internal/app/init.go:525.33,527.4 1 1
github.com/sqlrs/cli/internal/app/init.go:528.3,528.34 1 1
github.com/sqlrs/cli/internal/app/init.go:528.34,530.4 1 1
github.com/sqlrs/cli/internal/app/init.go:531.3,531.34 1 1
github.com/sqlrs/cli/internal/app/init.go:531.34,533.4 1 1
github.com/sqlrs/cli/internal/app/init.go:534.3,534.38 1 1
github.com/sqlrs/cli/internal/app/init.go:534.38,536.4 1 1
github.com/sqlrs/cli/internal/app/init.go:537.3,537.32 1 1
github.com/sqlrs/cli/internal/app/init.go:537.32,539.4 1 1
github.com/sqlrs/cli/internal/app/init.go:540.3,540.32 1 1
github.com/sqlrs/cli/internal/app/init.go:540.32,542.4 1 1
github.com/sqlrs/cli/internal/app/init.go:545.2,546.16 2 1
github.com/sqlrs/cli/internal/app/init.go:546.16,548.3 1 0
github.com/sqlrs/cli/internal/app/init.go:549.2,549.49 1 1
github.com/sqlrs/cli/internal/app/init.go:549.49,551.3 1 0
github.com/sqlrs/cli/internal/app/init.go:552.2,552.18 1 1
github.com/sqlrs/cli/internal/app/init.go:555.68,557.16 2 1
github.com/sqlrs/cli/internal/app/init.go:557.16,559.3 1 1
github.com/sqlrs/cli/internal/app/init.go:560.2,560.26 1 1
github.com/sqlrs/cli/internal/app/init.go:560.26,562.3 1 1
github.com/sqlrs/cli/internal/app/init.go:564.2,566.33 3 1
github.com/sqlrs/cli/internal/app/init.go:566.33,570.65 4 1
github.com/sqlrs/cli/internal/app/init.go:570.65,572.4 1 1
github.com/sqlrs/cli/internal/app/init.go:573.3,573.19 1 0
github.com/sqlrs/cli/internal/app/init.go:576.2,576.52 1 1
github.com/sqlrs/cli/internal/app/init.go:579.47,581.27 2 1
github.com/sqlrs/cli/internal/app/init.go:581.27,582.49 1 1
github.com/sqlrs/cli/internal/app/init.go:582.49,584.4 1 1
github.com/sqlrs/cli/internal/app/init.go:586.2,587.62 2 1
github.com/sqlrs/cli/internal/app/init.go:587.62,589.3 1 1
github.com/sqlrs/cli/internal/app/init.go:590.2,590.13 1 1
github.com/sqlrs/cli/internal/app/init.go:593.40,595.16 2 1
github.com/sqlrs/cli/internal/app/init.go:595.16,597.3 1 1
github.com/sqlrs/cli/internal/app/init.go:598.2,599.51 2 1
github.com/sqlrs/cli/internal/app/init.go:599.51,601.3 1 1
github.com/sqlrs/cli/internal/app/init.go:602.2,602.12 1 1
github.com/sqlrs/cli/internal/app/init.go:605.57,607.16 2 1
github.com/sqlrs/cli/internal/app/init.go:607.16,609.3 1 1
github.com/sqlrs/cli/internal/app/init.go:610.2,611.51 2 1
github.com/sqlrs/cli/internal/app/init.go:611.51,613.3 1 1
github.com/sqlrs/cli/internal/app/init.go:614.2,614.16 1 1
github.com/sqlrs/cli/internal/app/init.go:614.16,616.3 1 1
github.com/sqlrs/cli/internal/app/init.go:617.2,617.17 1 1
github.com/sqlrs/cli/internal/app/init.go:620.63,622.27 2 1
github.com/sqlrs/cli/internal/app/init.go:622.27,623.23 1 1
github.com/sqlrs/cli/internal/app/init.go:623.23,626.4 2 1
github.com/sqlrs/cli/internal/app/init.go:627.3,628.10 2 1
github.com/sqlrs/cli/internal/app/init.go:628.10,631.4 2 1
github.com/sqlrs/cli/internal/app/init.go:632.3,632.17 1 1
github.com/sqlrs/cli/internal/app/init.go:636.50,638.15 2 1
github.com/sqlrs/cli/internal/app/init.go:638.15,640.3 1 1
github.com/sqlrs/cli/internal/app/init.go:641.2,642.37 2 1
github.com/sqlrs/cli/internal/app/init.go:642.37,644.3 1 1
github.com/sqlrs/cli/internal/app/init.go:645.2,646.15 2 1
github.com/sqlrs/cli/internal/app/init.go:646.15,648.3 1 1
github.com/sqlrs/cli/internal/app/init.go:649.2,650.29 2 1
github.com/sqlrs/cli/internal/app/init.go:650.29,652.3 1 1
github.com/sqlrs/cli/internal/app/init.go:653.2,653.18 1 1
github.com/sqlrs/cli/internal/app/init.go:656.61,657.20 1 1
github.com/sqlrs/cli/internal/app/init.go:657.20,659.3 1 1
github.com/sqlrs/cli/internal/app/init.go:660.2,661.50 2 1
github.com/sqlrs/cli/internal/app/init.go:661.50,663.3 1 1
github.com/sqlrs/cli/internal/app/init.go:664.2,664.32 1 1
github.com/sqlrs/cli/internal/app/init.go:665.25,666.47 1 1
github.com/sqlrs/cli/internal/app/init.go:667.10,668.62 1 1
github.com/sqlrs/cli/internal/app/init.go:672.59,674.33 2 1
github.com/sqlrs/cli/internal/app/init.go:674.33,676.23 2 1
github.com/sqlrs/cli/internal/app/init.go:676.23,677.24 1 1
github.com/sqlrs/cli/internal/app/init.go:677.24,679.5 1 1
github.com/sqlrs/cli/internal/app/init.go:680.4,683.61 4 1
github.com/sqlrs/cli/internal/app/init.go:683.61,686.5 2 1
github.com/sqlrs/cli/internal/app/init.go:687.4,687.12 1 1
github.com/sqlrs/cli/internal/app/init.go:689.3,689.41 1 1
github.com/sqlrs/cli/internal/app/init.go:689.41,691.23 2 1
github.com/sqlrs/cli/internal/app/init.go:691.23,693.5 1 1
github.com/sqlrs/cli/internal/app/init.go:694.4,695.61 2 1
github.com/sqlrs/cli/internal/app/init.go:695.61,698.5 2 1
github.com/sqlrs/cli/internal/app/init.go:699.4,699.12 1 1
github.com/sqlrs/cli/internal/app/init.go:701.3,701.25 1 1
github.com/sqlrs/cli/internal/app/init.go:703.2,703.17 1 1
github.com/sqlrs/cli/internal/app/init.go:706.45,708.2 1 1
github.com/sqlrs/cli/internal/app/init.go:710.46,712.2 1 1
github.com/sqlrs/cli/internal/app/init.go:714.41,715.51 1 1
github.com/sqlrs/cli/internal/app/init.go:716.42,717.14 1 1
github.com/sqlrs/cli/internal/app/init.go:718.10,719.15 1 1
github.com/sqlrs/cli/internal/app/init.go:723.42,724.51 1 1
github.com/sqlrs/cli/internal/app/init.go:725.32,726.14 1 1
github.com/sqlrs/cli/internal/app/init.go:727.10,728.15 1 1
github.com/sqlrs/cli/internal/app/init.go:732.74,734.2 1 1
github.com/sqlrs/cli/internal/app/init.go:736.191,738.22 2 1
github.com/sqlrs/cli/internal/app/init.go:738.22,740.3 1 1
github.com/sqlrs/cli/internal/app/init.go:741.2,741.54 1 1
github.com/sqlrs/cli/internal/app/init.go:742.25,743.20 1 1
github.com/sqlrs/cli/internal/app/init.go:744.15,745.15 1 1
github.com/sqlrs/cli/internal/app/init.go:746.18,747.23 1 1
github.com/sqlrs/cli/internal/app/init.go:748.16,750.18 2 1
github.com/sqlrs/cli/internal/app/init.go:750.18,752.5 1 1
github.com/sqlrs/cli/internal/app/init.go:753.4,754.24 2 1
github.com/sqlrs/cli/internal/app/init.go:754.24,756.5 1 1
github.com/sqlrs/cli/internal/app/init.go:757.4,757.23 1 1
github.com/sqlrs/cli/internal/app/init.go:758.11,759.21 1 1
github.com/sqlrs/cli/internal/app/init.go:761.14,762.24 1 1
github.com/sqlrs/cli/internal/app/init.go:762.24,764.4 1 1
github.com/sqlrs/cli/internal/app/init.go:765.3,765.20 1 1
github.com/sqlrs/cli/internal/app/init.go:766.10,767.20 1 1
github.com/sqlrs/cli/internal/app/init.go:771.75,773.21 2 1
github.com/sqlrs/cli/internal/app/init.go:773.21,775.3 1 1
github.com/sqlrs/cli/internal/app/init.go:776.2,777.48 2 1
github.com/sqlrs/cli/internal/app/init.go:777.48,779.3 1 1
github.com/sqlrs/cli/internal/app/init.go:780.2,781.16 2 1
github.com/sqlrs/cli/internal/app/init.go:781.16,783.3 1 0
github.com/sqlrs/cli/internal/app/init.go:784.2,784.20 1 1
github.com/sqlrs/cli/internal/app/init.go:785.13,786.19 1 1
github.com/sqlrs/cli/internal/app/init.go:787.15,789.32 2 1
github.com/sqlrs/cli/internal/app/init.go:789.32,791.4 1 1
github.com/sqlrs/cli/internal/app/init.go:792.3,792.40 1 1
github.com/sqlrs/cli/internal/app/init.go:793.10,794.17 1 1
github.com/sqlrs/cli/internal/app/init.go:798.41,799.77 1 1
github.com/sqlrs/cli/internal/app/init.go:799.77,801.3 1 1
github.com/sqlrs/cli/internal/app/init.go:802.2,803.16 2 1
github.com/sqlrs/cli/internal/app/init.go:803.16,805.3 1 0
github.com/sqlrs/cli/internal/app/init.go:806.2,806.51 1 1
github.com/sqlrs/cli/internal/app/init.go:809.87,810.31 1 1
github.com/sqlrs/cli/internal/app/init.go:810.31,812.3 1 0
github.com/sqlrs/cli/internal/app/init.go:813.2,815.35 3 1
github.com/sqlrs/cli/internal/app/init.go:815.35,816.31 1 1
github.com/sqlrs/cli/internal/app/init.go:816.31,818.4 1 1
github.com/sqlrs/cli/internal/app/init.go:819.3,819.20 1 1
github.com/sqlrs/cli/internal/app/init.go:821.2,821.34 1 1
github.com/sqlrs/cli/internal/app/init.go:821.34,822.31 1 1
github.com/sqlrs/cli/internal/app/init.go:822.31,824.4 1 1
github.com/sqlrs/cli/internal/app/init.go:825.3,825.29 1 1
github.com/sqlrs/cli/internal/app/init.go:827.2,827.21 1 1
github.com/sqlrs/cli/internal/app/init.go:830.35,833.2 2 1
github.com/sqlrs/cli/internal/app/init.go:835.34,838.2 2 1
github.com/sqlrs/cli/internal/app/init_btrfs_other.go:5.84,7.2 1 1
github.com/sqlrs/cli/internal/app/init_wsl.go:59.58,60.18 1 1
github.com/sqlrs/cli/internal/app/init_wsl.go:60.18,62.3 1 1
github.com/sqlrs/cli/internal/app/init_wsl.go:63.2,63.16 1 1
github.com/sqlrs/cli/internal/app/init_wsl.go:63.16,65.3 1 1
github.com/sqlrs/cli/internal/app/init_wsl.go:67.2,68.52 2 1
github.com/sqlrs/cli/internal/app/init_wsl.go:68.52,70.3 1 1
github.com/sqlrs/cli/internal/app/init_wsl.go:72.2,74.16 3 1
github.com/sqlrs/cli/internal/app/init_wsl.go:74.16,76.3 1 1
github.com/sqlrs/cli/internal/app/init_wsl.go:77.2,78.16 2 1
github.com/sqlrs/cli/internal/app/init_wsl.go:78.16,80.3 1 1
github.com/sqlrs/cli/internal/app/init_wsl.go:81.2,83.19 2 1
github.com/sqlrs/cli/internal/app/init_wsl.go:83.19,84.119 1 1
github.com/sqlrs/cli/internal/app/init_wsl.go:84.119,86.4 1 1
github.com/sqlrs/cli/internal/app/init_wsl.go:89.2,89.64 1 1
github.com/sqlrs/cli/internal/app/init_wsl.go:89.64,91.3 1 1
github.com/sqlrs/cli/internal/app/init_wsl.go:92.2,92.63 1 1
github.com/sqlrs/cli/internal/app/init_wsl.go:92.63,94.3 1 1
github.com/sqlrs/cli/internal/app/init_wsl.go:95.2,95.60 1 1
github.com/sqlrs/cli/internal/app/init_wsl.go:95.60,97.3 1 1
github.com/sqlrs/cli/internal/app/init_wsl.go:98.2,98.69 1 1
github.com/sqlrs/cli/internal/app/init_wsl.go:98.69,100.3 1 1
github.com/sqlrs/cli/internal/app/init_wsl.go:102.2,104.16 3 1
github.com/sqlrs/cli/internal/app/init_wsl.go:104.16,106.3 1 1
github.com/sqlrs/cli/internal/app/init_wsl.go:106.8,106.27 1 1
github.com/sqlrs/cli/internal/app/init_wsl.go:106.27,107.26 1 1
github.com/sqlrs/cli/internal/app/init_wsl.go:107.26,109.4 1 1
github.com/sqlrs/cli/internal/app/init_wsl.go:110.8,112.24 2 1
github.com/sqlrs/cli/internal/app/init_wsl.go:112.24,114.4 1 1
github.com/sqlrs/cli/internal/app/init_wsl.go:117.2,118.16 2 1
github.com/sqlrs/cli/internal/app/init_wsl.go:118.16,120.3 1 0
github.com/sqlrs/cli/internal/app/init_wsl.go:121.2,121.45 1 1
github.com/sqlrs/cli/internal/app/init_wsl.go:121.45,124.3 2 1
github.com/sqlrs/cli/internal/app/init_wsl.go:125.2,129.17 4 1
github.com/sqlrs/cli/internal/app/init_wsl.go:129.17,131.3 1 1
github.com/sqlrs/cli/internal/app/init_wsl.go:133.2,135.16 3 1
github.com/sqlrs/cli/internal/app/init_wsl.go:135.16,137.3 1 1
github.com/sqlrs/cli/internal/app/init_wsl.go:138.2,138.15 1 1
github.com/sqlrs/cli/internal/app/init_wsl.go:138.15,140.3 1 1
github.com/sqlrs/cli/internal/app/init_wsl.go:141.2,142.16 2 1
github.com/sqlrs/cli/internal/app/init_wsl.go:142.16,144.3 1 1
github.com/sqlrs/cli/internal/app/init_wsl.go:145.2,147.16 3 1
github.com/sqlrs/cli/internal/app/init_wsl.go:147.16,149.3 1 1
github.com/sqlrs/cli/internal/app/init_wsl.go:150.2,152.17 2 1
github.com/sqlrs/cli/internal/app/init_wsl.go:152.17,153.99 1 1
github.com/sqlrs/cli/internal/app/init_wsl.go:153.99,155.4 1 1
github.com/sqlrs/cli/internal/app/init_wsl.go:158.2,159.16 2 1
github.com/sqlrs/cli/internal/app/init_wsl.go:159.16,161.3 1 1
github.com/sqlrs/cli/internal/app/init_wsl.go:163.2,164.16 2 1
github.com/sqlrs/cli/internal/app/init_wsl.go:164.16,166.3 1 1
github.com/sqlrs/cli/internal/app/init_wsl.go:167.2,169.15 2 1
github.com/sqlrs/cli/internal/app/init_wsl.go:169.15,170.78 1 1
github.com/sqlrs/cli/internal/app/init_wsl.go:170.78,172.4 1 1
github.com/sqlrs/cli/internal/app/init_wsl.go:173.3,173.79 1 1
github.com/sqlrs/cli/internal/app/init_wsl.go:173.79,175.4 1 1
github.com/sqlrs/cli/internal/app/init_wsl.go:176.3,177.17 2 1
github.com/sqlrs/cli/internal/app/init_wsl.go:177.17,179.4 1 1
github.com/sqlrs/cli/internal/app/init_wsl.go:182.2,183.16 2 1
github.com/sqlrs/cli/internal/app/init_wsl.go:183.16,184.29 1 1
github.com/sqlrs/cli/internal/app/init_wsl.go:184.29,186.4 1 1
github.com/sqlrs/cli/internal/app/init_wsl.go:187.3,187.101 1 1
github.com/sqlrs/cli/internal/app/init_wsl.go:189.2,192.93 3 1
github.com/sqlrs/cli/internal/app/init_wsl.go:192.93,194.3 1 1
github.com/sqlrs/cli/internal/app/init_wsl.go:195.2,196.16 2 1
github.com/sqlrs/cli/internal/app/init_wsl.go:196.16,198.3 1 1
github.com/sqlrs/cli/internal/app/init_wsl.go:199.2,200.22 2 1
github.com/sqlrs/cli/internal/app/init_wsl.go:200.22,202.87 2 1
github.com/sqlrs/cli/internal/app/init_wsl.go:202.87,204.4 1 1
github.com/sqlrs/cli/internal/app/init_wsl.go:204.9,204.21 1 1
github.com/sqlrs/cli/internal/app/init_wsl.go:204.21,207.4 2 1
github.com/sqlrs/cli/internal/app/init_wsl.go:208.8,210.3 1 1
github.com/sqlrs/cli/internal/app/init_wsl.go:211.2,211.118 1 1
github.com/sqlrs/cli/internal/app/init_wsl.go:211.118,213.3 1 1
github.com/sqlrs/cli/internal/app/init_wsl.go:214.2,214.110 1 1
github.com/sqlrs/cli/internal/app/init_wsl.go:214.110,216.3 1 1
github.com/sqlrs/cli/internal/app/init_wsl.go:217.2,217.83 1 1
github.com/sqlrs/cli/internal/app/init_wsl.go:217.83,219.3 1 1
github.com/sqlrs/cli/internal/app/init_wsl.go:220.2,220.82 1 1
github.com/sqlrs/cli/internal/app/init_wsl.go:220.82,222.3 1 1
github.com/sqlrs/cli/internal/app/init_wsl.go:223.2,235.8 2 1
github.com/sqlrs/cli/internal/app/init_wsl.go:238.45,243.16 5 1
github.com/sqlrs/cli/internal/app/init_wsl.go:243.16,245.3 1 1
github.com/sqlrs/cli/internal/app/init_wsl.go:246.2,246.41 1 1
github.com/sqlrs/cli/internal/app/init_wsl.go:249.59,251.16 2 1
github.com/sqlrs/cli/internal/app/init_wsl.go:251.16,253.3 1 1
github.com/sqlrs/cli/internal/app/init_wsl.go:254.2,254.37 1 1
github.com/sqlrs/cli/internal/app/init_wsl.go:254.37,257.17 3 1
github.com/sqlrs/cli/internal/app/init_wsl.go:257.17,259.4 1 1
github.com/sqlrs/cli/internal/app/init_wsl.go:260.3,260.38 1 1
github.com/sqlrs/cli/internal/app/init_wsl.go:260.38,262.4 1 1
github.com/sqlrs/cli/internal/app/init_wsl.go:264.2,264.12 1 1
github.com/sqlrs/cli/internal/app/init_wsl.go:267.58,269.16 2 1
github.com/sqlrs/cli/internal/app/init_wsl.go:269.16,271.3 1 1
github.com/sqlrs/cli/internal/app/init_wsl.go:272.2,275.117 4 1
github.com/sqlrs/cli/internal/app/init_wsl.go:275.117,277.3 1 1
github.com/sqlrs/cli/internal/app/init_wsl.go:278.2,280.141 3 1
github.com/sqlrs/cli/internal/app/init_wsl.go:280.141,282.3 1 1
github.com/sqlrs/cli/internal/app/init_wsl.go:283.2,283.12 1 1
github.com/sqlrs/cli/internal/app/init_wsl.go:286.55,288.16 2 1
github.com/sqlrs/cli/internal/app/init_wsl.go:288.16,290.3 1 1
github.com/sqlrs/cli/internal/app/init_wsl.go:291.2,294.117 4 1
github.com/sqlrs/cli/internal/app/init_wsl.go:294.117,296.3 1 1
github.com/sqlrs/cli/internal/app/init_wsl.go:297.2,299.140 3 1
github.com/sqlrs/cli/internal/app/init_wsl.go:299.140,301.3 1 1
github.com/sqlrs/cli/internal/app/init_wsl.go:302.2,302.12 1 0
github.com/sqlrs/cli/internal/app/init_wsl.go:305.64,310.15 5 1
github.com/sqlrs/cli/internal/app/init_wsl.go:311.29,312.13 1 1
github.com/sqlrs/cli/internal/app/init_wsl.go:313.10,314.40 1 1
github.com/sqlrs/cli/internal/app/init_wsl.go:314.40,316.4 1 0
github.com/sqlrs/cli/internal/app/init_wsl.go:318.2,318.16 1 1
github.com/sqlrs/cli/internal/app/init_wsl.go:318.16,320.3 1 1
github.com/sqlrs/cli/internal/app/init_wsl.go:321.2,321.17 1 1
github.com/sqlrs/cli/internal/app/init_wsl.go:321.17,323.3 1 1
github.com/sqlrs/cli/internal/app/init_wsl.go:324.2,324.120 1 1
github.com/sqlrs/cli/internal/app/init_wsl.go:327.68,333.16 4 1
github.com/sqlrs/cli/internal/app/init_wsl.go:333.16,335.3 1 1
github.com/sqlrs/cli/internal/app/init_wsl.go:336.2,337.18 2 1
github.com/sqlrs/cli/internal/app/init_wsl.go:337.18,338.46 1 1
github.com/sqlrs/cli/internal/app/init_wsl.go:338.46,340.4 1 1
github.com/sqlrs/cli/internal/app/init_wsl.go:341.3,341.45 1 1
github.com/sqlrs/cli/internal/app/init_wsl.go:341.45,343.4 1 1
github.com/sqlrs/cli/internal/app/init_wsl.go:344.3,344.73 1 1
github.com/sqlrs/cli/internal/app/init_wsl.go:346.2,346.42 1 1
github.com/sqlrs/cli/internal/app/init_wsl.go:346.42,348.3 1 1
github.com/sqlrs/cli/internal/app/init_wsl.go:349.2,349.45 1 1
github.com/sqlrs/cli/internal/app/init_wsl.go:349.45,351.3 1 1
github.com/sqlrs/cli/internal/app/init_wsl.go:352.2,352.44 1 1
github.com/sqlrs/cli/internal/app/init_wsl.go:352.44,354.3 1 1
github.com/sqlrs/cli/internal/app/init_wsl.go:355.2,355.52 1 1
github.com/sqlrs/cli/internal/app/init_wsl.go:358.62,362.16 2 1
github.com/sqlrs/cli/internal/app/init_wsl.go:362.16,364.3 1 1
github.com/sqlrs/cli/internal/app/init_wsl.go:365.2,365.58 1 1
github.com/sqlrs/cli/internal/app/init_wsl.go:368.61,371.2 2 1
github.com/sqlrs/cli/internal/app/init_wsl.go:373.67,377.16 4 1
github.com/sqlrs/cli/internal/app/init_wsl.go:377.16,379.3 1 1
github.com/sqlrs/cli/internal/app/init_wsl.go:380.2,381.9 2 1
github.com/sqlrs/cli/internal/app/init_wsl.go:382.50,383.80 1 1
github.com/sqlrs/cli/internal/app/init_wsl.go:385.57,386.157 1 1
github.com/sqlrs/cli/internal/app/init_wsl.go:387.10,388.89 1 1
github.com/sqlrs/cli/internal/app/init_wsl.go:392.53,394.20 2 1
github.com/sqlrs/cli/internal/app/init_wsl.go:394.20,396.18 2 1
github.com/sqlrs/cli/internal/app/init_wsl.go:396.18,398.18 2 1
github.com/sqlrs/cli/internal/app/init_wsl.go:398.18,400.5 1 0
github.com/sqlrs/cli/internal/app/init_wsl.go:401.4,401.51 1 1
github.com/sqlrs/cli/internal/app/init_wsl.go:403.3,403.52 1 1
github.com/sqlrs/cli/internal/app/init_wsl.go:405.2,406.33 2 1
github.com/sqlrs/cli/internal/app/init_wsl.go:409.99,410.20 1 1
github.com/sqlrs/cli/internal/app/init_wsl.go:410.20,412.3 1 1
github.com/sqlrs/cli/internal/app/init_wsl.go:413.2,413.45 1 1
github.com/sqlrs/cli/internal/app/init_wsl.go:413.45,415.3 1 1
github.com/sqlrs/cli/internal/app/init_wsl.go:416.2,416.67 1 1
github.com/sqlrs/cli/internal/app/init_wsl.go:416.67,418.3 1 1
github.com/sqlrs/cli/internal/app/init_wsl.go:419.2,422.16 4 1
github.com/sqlrs/cli/internal/app/init_wsl.go:422.16,424.3 1 1
github.com/sqlrs/cli/internal/app/init_wsl.go:425.2,425.18 1 1
github.com/sqlrs/cli/internal/app/init_wsl.go:428.87,442.41 4 1
github.com/sqlrs/cli/internal/app/init_wsl.go:442.41,444.3 1 1
github.com/sqlrs/cli/internal/app/init_wsl.go:445.2,445.12 1 1
github.com/sqlrs/cli/internal/app/init_wsl.go:448.88,451.2 2 1
github.com/sqlrs/cli/internal/app/init_wsl.go:453.72,455.16 2 1
github.com/sqlrs/cli/internal/app/init_wsl.go:455.16,457.3 1 1
github.com/sqlrs/cli/internal/app/init_wsl.go:458.2,459.21 2 1
github.com/sqlrs/cli/internal/app/init_wsl.go:459.21,461.17 2 1
github.com/sqlrs/cli/internal/app/init_wsl.go:461.17,463.4 1 0
github.com/sqlrs/cli/internal/app/init_wsl.go:464.3,465.17 2 1
github.com/sqlrs/cli/internal/app/init_wsl.go:465.17,467.4 1 1
github.com/sqlrs/cli/internal/app/init_wsl.go:468.3,468.49 1 0
github.com/sqlrs/cli/internal/app/init_wsl.go:470.2,470.52 1 1
github.com/sqlrs/cli/internal/app/init_wsl.go:473.106,474.16 1 1
github.com/sqlrs/cli/internal/app/init_wsl.go:474.16,476.3 1 0
github.com/sqlrs/cli/internal/app/init_wsl.go:477.2,478.16 2 1
github.com/sqlrs/cli/internal/app/init_wsl.go:478.16,480.3 1 1
github.com/sqlrs/cli/internal/app/init_wsl.go:481.2,482.16 2 1
github.com/sqlrs/cli/internal/app/init_wsl.go:482.16,484.3 1 1
github.com/sqlrs/cli/internal/app/init_wsl.go:485.2,485.18 1 1
github.com/sqlrs/cli/internal/app/init_wsl.go:488.102,489.16 1 1
github.com/sqlrs/cli/internal/app/init_wsl.go:489.16,491.3 1 0
github.com/sqlrs/cli/internal/app/init_wsl.go:492.2,493.43 2 1
github.com/sqlrs/cli/internal/app/init_wsl.go:493.43,495.3 1 1
github.com/sqlrs/cli/internal/app/init_wsl.go:496.2,497.6 2 1
github.com/sqlrs/cli/internal/app/init_wsl.go:497.6,499.17 2 1
github.com/sqlrs/cli/internal/app/init_wsl.go:499.17,502.50 3 1
github.com/sqlrs/cli/internal/app/init_wsl.go:502.50,504.5 1 1
github.com/sqlrs/cli/internal/app/init_wsl.go:505.9,507.18 2 1
github.com/sqlrs/cli/internal/app/init_wsl.go:507.18,509.5 1 1
github.com/sqlrs/cli/internal/app/init_wsl.go:511.3,511.33 1 1
github.com/sqlrs/cli/internal/app/init_wsl.go:511.33,512.22 1 1
github.com/sqlrs/cli/internal/app/init_wsl.go:512.22,514.5 1 1
github.com/sqlrs/cli/internal/app/init_wsl.go:515.4,515.18 1 1
github.com/sqlrs/cli/internal/app/init_wsl.go:517.3,517.37 1 1
github.com/sqlrs/cli/internal/app/init_wsl.go:528.109,530.16 2 1
github.com/sqlrs/cli/internal/app/init_wsl.go:530.16,532.3 1 1
github.com/sqlrs/cli/internal/app/init_wsl.go:533.2,534.16 2 1
github.com/sqlrs/cli/internal/app/init_wsl.go:534.16,536.3 1 0
github.com/sqlrs/cli/internal/app/init_wsl.go:537.2,538.16 2 1
github.com/sqlrs/cli/internal/app/init_wsl.go:538.16,540.3 1 0
github.com/sqlrs/cli/internal/app/init_wsl.go:541.2,541.16 1 1
github.com/sqlrs/cli/internal/app/init_wsl.go:541.16,543.3 1 1
github.com/sqlrs/cli/internal/app/init_wsl.go:544.2,545.16 2 1
github.com/sqlrs/cli/internal/app/init_wsl.go:545.16,547.3 1 1
github.com/sqlrs/cli/internal/app/init_wsl.go:548.2,548.44 1 1
github.com/sqlrs/cli/internal/app/init_wsl.go:551.54,554.29 3 1
github.com/sqlrs/cli/internal/app/init_wsl.go:554.29,556.22 2 1
github.com/sqlrs/cli/internal/app/init_wsl.go:556.22,557.12 1 1
github.com/sqlrs/cli/internal/app/init_wsl.go:559.3,559.26 1 1
github.com/sqlrs/cli/internal/app/init_wsl.go:559.26,560.12 1 1
github.com/sqlrs/cli/internal/app/init_wsl.go:562.3,563.17 2 1
github.com/sqlrs/cli/internal/app/init_wsl.go:563.17,565.4 1 1
github.com/sqlrs/cli/internal/app/init_wsl.go:566.3,571.23 2 1
github.com/sqlrs/cli/internal/app/init_wsl.go:571.23,573.4 1 1
github.com/sqlrs/cli/internal/app/init_wsl.go:574.3,574.35 1 1
github.com/sqlrs/cli/internal/app/init_wsl.go:576.2,576.23 1 1
github.com/sqlrs/cli/internal/app/init_wsl.go:576.23,578.3 1 1
github.com/sqlrs/cli/internal/app/init_wsl.go:579.2,579.21 1 1
github.com/sqlrs/cli/internal/app/init_wsl.go:582.42,583.17 1 1
github.com/sqlrs/cli/internal/app/init_wsl.go:583.17,585.3 1 1
github.com/sqlrs/cli/internal/app/init_wsl.go:586.2,587.23 2 1
github.com/sqlrs/cli/internal/app/init_wsl.go:587.23,590.3 2 1
github.com/sqlrs/cli/internal/app/init_wsl.go:591.2,591.14 1 1
github.com/sqlrs/cli/internal/app/init_wsl.go:594.78,596.32 2 1
github.com/sqlrs/cli/internal/app/init_wsl.go:596.32,597.27 1 1
github.com/sqlrs/cli/internal/app/init_wsl.go:597.27,598.12 1 1
github.com/sqlrs/cli/internal/app/init_wsl.go:600.3,601.16 2 1
github.com/sqlrs/cli/internal/app/init_wsl.go:601.16,603.4 1 1
github.com/sqlrs/cli/internal/app/init_wsl.go:604.3,605.20 2 1
github.com/sqlrs/cli/internal/app/init_wsl.go:605.20,607.23 2 1
github.com/sqlrs/cli/internal/app/init_wsl.go:607.23,609.5 1 1
github.com/sqlrs/cli/internal/app/init_wsl.go:611.3,611.25 1 1
github.com/sqlrs/cli/internal/app/init_wsl.go:611.25,613.4 1 1
github.com/sqlrs/cli/internal/app/init_wsl.go:615.2,615.26 1 1
github.com/sqlrs/cli/internal/app/init_wsl.go:615.26,617.3 1 1
github.com/sqlrs/cli/internal/app/init_wsl.go:618.2,618.25 1 1
github.com/sqlrs/cli/internal/app/init_wsl.go:618.25,620.3 1 1
github.com/sqlrs/cli/internal/app/init_wsl.go:621.2,621.32 1 1
github.com/sqlrs/cli/internal/app/init_wsl.go:624.73,626.25 2 1
github.com/sqlrs/cli/internal/app/init_wsl.go:626.25,628.51 2 1
github.com/sqlrs/cli/internal/app/init_wsl.go:628.51,629.12 1 1
github.com/sqlrs/cli/internal/app/init_wsl.go:631.3,631.52 1 1
github.com/sqlrs/cli/internal/app/init_wsl.go:631.52,633.4 1 1
github.com/sqlrs/cli/internal/app/init_wsl.go:635.2,635.21 1 1
github.com/sqlrs/cli/internal/app/init_wsl.go:635.21,637.3 1 1
github.com/sqlrs/cli/internal/app/init_wsl.go:638.2,638.27 1 1
github.com/sqlrs/cli/internal/app/init_wsl.go:641.109,643.16 2 1
github.com/sqlrs/cli/internal/app/init_wsl.go:643.16,645.3 1 0
github.com/sqlrs/cli/internal/app/init_wsl.go:646.2,646.13 1 1
github.com/sqlrs/cli/internal/app/init_wsl.go:646.13,648.27 2 1
github.com/sqlrs/cli/internal/app/init_wsl.go:648.27,650.4 1 1
github.com/sqlrs/cli/internal/app/init_wsl.go:651.3,651.22 1 1
github.com/sqlrs/cli/internal/app/init_wsl.go:651.22,653.4 1 1
github.com/sqlrs/cli/internal/app/init_wsl.go:654.3,654.69 1 0
github.com/sqlrs/cli/internal/app/init_wsl.go:657.2,658.16 2 1
github.com/sqlrs/cli/internal/app/init_wsl.go:658.16,660.24 2 1
github.com/sqlrs/cli/internal/app/init_wsl.go:660.24,662.4 1 0
github.com/sqlrs/cli/internal/app/init_wsl.go:663.3,663.35 1 1
github.com/sqlrs/cli/internal/app/init_wsl.go:663.35,665.4 1 1
github.com/sqlrs/cli/internal/app/init_wsl.go:666.3,666.19 1 1
github.com/sqlrs/cli/internal/app/init_wsl.go:666.19,668.4 1 1
github.com/sqlrs/cli/internal/app/init_wsl.go:670.2,670.18 1 1
github.com/sqlrs/cli/internal/app/init_wsl.go:670.18,672.3 1 0
github.com/sqlrs/cli/internal/app/init_wsl.go:673.2,673.104 1 1
github.com/sqlrs/cli/internal/app/init_wsl.go:673.104,674.75 1 1
github.com/sqlrs/cli/internal/app/init_wsl.go:674.75,676.4 1 1
github.com/sqlrs/cli/internal/app/init_wsl.go:678.2,678.114 1 1
github.com/sqlrs/cli/internal/app/init_wsl.go:678.114,680.3 1 0
github.com/sqlrs/cli/internal/app/init_wsl.go:681.2,681.84 1 1
github.com/sqlrs/cli/internal/app/init_wsl.go:681.84,683.3 1 0
github.com/sqlrs/cli/internal/app/init_wsl.go:684.2,684.12 1 1
github.com/sqlrs/cli/internal/app/init_wsl.go:687.43,689.22 2 1
github.com/sqlrs/cli/internal/app/init_wsl.go:689.22,691.3 1 1
github.com/sqlrs/cli/internal/app/init_wsl.go:692.2,692.18 1 1
github.com/sqlrs/cli/internal/app/init_wsl.go:695.127,696.16 1 1
github.com/sqlrs/cli/internal/app/init_wsl.go:696.16,698.3 1 1
github.com/sqlrs/cli/internal/app/init_wsl.go:699.2,699.20 1 1
github.com/sqlrs/cli/internal/app/init_wsl.go:699.20,701.3 1 1
github.com/sqlrs/cli/internal/app/init_wsl.go:702.2,702.20 1 1
github.com/sqlrs/cli/internal/app/init_wsl.go:702.20,704.3 1 1
github.com/sqlrs/cli/internal/app/init_wsl.go:705.2,705.23 1 1
github.com/sqlrs/cli/internal/app/init_wsl.go:705.23,707.3 1 1
github.com/sqlrs/cli/internal/app/init_wsl.go:708.2,708.18 1 1
github.com/sqlrs/cli/internal/app/init_wsl.go:708.18,710.3 1 1
github.com/sqlrs/cli/internal/app/init_wsl.go:711.2,711.110 1 1
github.com/sqlrs/cli/internal/app/init_wsl.go:711.110,713.3 1 1
github.com/sqlrs/cli/internal/app/init_wsl.go:714.2,730.127 3 1
github.com/sqlrs/cli/internal/app/init_wsl.go:730.127,732.3 1 1
github.com/sqlrs/cli/internal/app/init_wsl.go:733.2,733.120 1 1
github.com/sqlrs/cli/internal/app/init_wsl.go:733.120,735.3 1 1
github.com/sqlrs/cli/internal/app/init_wsl.go:736.2,736.126 1 1
github.com/sqlrs/cli/internal/app/init_wsl.go:736.126,738.3 1 1
github.com/sqlrs/cli/internal/app/init_wsl.go:739.2,739.12 1 1
github.com/sqlrs/cli/internal/app/init_wsl.go:742.119,743.16 1 1
github.com/sqlrs/cli/internal/app/init_wsl.go:743.16,745.3 1 1
github.com/sqlrs/cli/internal/app/init_wsl.go:746.2,746.20 1 1
github.com/sqlrs/cli/internal/app/init_wsl.go:746.20,748.3 1 1
github.com/sqlrs/cli/internal/app/init_wsl.go:749.2,749.20 1 1
github.com/sqlrs/cli/internal/app/init_wsl.go:749.20,751.3 1 1
github.com/sqlrs/cli/internal/app/init_wsl.go:752.2,752.18 1 1
github.com/sqlrs/cli/internal/app/init_wsl.go:752.18,754.3 1 0
github.com/sqlrs/cli/internal/app/init_wsl.go:755.2,757.54 3 1
github.com/sqlrs/cli/internal/app/init_wsl.go:757.54,759.3 1 1
github.com/sqlrs/cli/internal/app/init_wsl.go:760.2,760.13 1 1
github.com/sqlrs/cli/internal/app/init_wsl.go:760.13,761.125 1 1
github.com/sqlrs/cli/internal/app/init_wsl.go:761.125,762.15 1 1
github.com/sqlrs/cli/internal/app/init_wsl.go:762.15,763.161 1 1
github.com/sqlrs/cli/internal/app/init_wsl.go:763.161,765.6 1 1
github.com/sqlrs/cli/internal/app/init_wsl.go:767.4,767.14 1 1
github.com/sqlrs/cli/internal/app/init_wsl.go:769.3,770.55 2 1
github.com/sqlrs/cli/internal/app/init_wsl.go:770.55,772.4 1 0
github.com/sqlrs/cli/internal/app/init_wsl.go:774.2,774.83 1 1
github.com/sqlrs/cli/internal/app/init_wsl.go:774.83,776.3 1 1
github.com/sqlrs/cli/internal/app/init_wsl.go:777.2,777.12 1 1
github.com/sqlrs/cli/internal/app/init_wsl.go:780.99,781.16 1 1
github.com/sqlrs/cli/internal/app/init_wsl.go:781.16,783.3 1 0
github.com/sqlrs/cli/internal/app/init_wsl.go:784.2,787.32 4 1
github.com/sqlrs/cli/internal/app/init_wsl.go:787.32,789.17 2 1
github.com/sqlrs/cli/internal/app/init_wsl.go:789.17,791.4 1 1
github.com/sqlrs/cli/internal/app/init_wsl.go:791.9,793.24 2 1
github.com/sqlrs/cli/internal/app/init_wsl.go:793.24,795.5 1 1
github.com/sqlrs/cli/internal/app/init_wsl.go:797.3,797.37 1 1
github.com/sqlrs/cli/internal/app/init_wsl.go:799.2,799.18 1 1
github.com/sqlrs/cli/internal/app/init_wsl.go:799.18,800.69 1 1
github.com/sqlrs/cli/internal/app/init_wsl.go:800.69,802.4 1 1
github.com/sqlrs/cli/internal/app/init_wsl.go:802.9,802.28 1 1
github.com/sqlrs/cli/internal/app/init_wsl.go:802.28,804.4 1 0
github.com/sqlrs/cli/internal/app/init_wsl.go:806.2,806.20 1 1
github.com/sqlrs/cli/internal/app/init_wsl.go:806.20,808.3 1 1
github.com/sqlrs/cli/internal/app/init_wsl.go:809.2,809.18 1 0
[...]
github.com/sqlrs/cli/internal/app/prepare.go:486.2,487.16 2 1
github.com/sqlrs/cli/internal/app/prepare.go:487.16,489.3 1 0
github.com/sqlrs/cli/internal/app/prepare.go:490.2,490.16 1 1
github.com/sqlrs/cli/internal/app/prepare.go:490.16,492.3 1 1
github.com/sqlrs/cli/internal/app/prepare.go:493.2,493.56 1 1
github.com/sqlrs/cli/internal/app/prepare.go:496.51,498.19 2 1
github.com/sqlrs/cli/internal/app/prepare.go:498.19,500.3 1 0
github.com/sqlrs/cli/internal/app/prepare.go:501.2,501.65 1 1
github.com/sqlrs/cli/internal/app/prepare.go:501.65,503.3 1 1
github.com/sqlrs/cli/internal/app/prepare.go:505.2,507.6 3 1
github.com/sqlrs/cli/internal/app/prepare.go:507.6,509.22 2 1
github.com/sqlrs/cli/internal/app/prepare.go:509.22,511.4 1 0
github.com/sqlrs/cli/internal/app/prepare.go:512.3,514.64 3 1
github.com/sqlrs/cli/internal/app/prepare.go:514.64,517.4 2 1
github.com/sqlrs/cli/internal/app/prepare.go:521.79,522.26 1 1
github.com/sqlrs/cli/internal/app/prepare.go:522.26,524.3 1 1
github.com/sqlrs/cli/internal/app/prepare.go:525.2,525.31 1 1
github.com/sqlrs/cli/internal/app/prepare.go:525.31,527.3 1 0
github.com/sqlrs/cli/internal/app/prepare.go:528.2,528.25 1 1
github.com/sqlrs/cli/internal/app/prepare.go:531.134,534.33 2 1
github.com/sqlrs/cli/internal/app/prepare.go:534.33,536.10 2 1
github.com/sqlrs/cli/internal/app/prepare.go:537.113,538.24 1 1
github.com/sqlrs/cli/internal/app/prepare.go:538.24,540.5 1 1
github.com/sqlrs/cli/internal/app/prepare.go:541.4,543.31 3 1
github.com/sqlrs/cli/internal/app/prepare.go:543.31,545.5 1 1
github.com/sqlrs/cli/internal/app/prepare.go:546.4,547.18 2 1
github.com/sqlrs/cli/internal/app/prepare.go:547.18,549.5 1 1
github.com/sqlrs/cli/internal/app/prepare.go:550.4,551.7 2 1
github.com/sqlrs/cli/internal/app/prepare.go:552.52,554.38 2 1
github.com/sqlrs/cli/internal/app/prepare.go:554.38,556.5 1 1
github.com/sqlrs/cli/internal/app/prepare.go:557.4,558.18 2 1
github.com/sqlrs/cli/internal/app/prepare.go:558.18,560.5 1 1
github.com/sqlrs/cli/internal/app/prepare.go:561.4,561.66 1 1
github.com/sqlrs/cli/internal/app/prepare.go:562.51,564.38 2 1
github.com/sqlrs/cli/internal/app/prepare.go:564.38,566.5 1 1
github.com/sqlrs/cli/internal/app/prepare.go:567.4,568.18 2 1
github.com/sqlrs/cli/internal/app/prepare.go:568.18,570.5 1 1
github.com/sqlrs/cli/internal/app/prepare.go:571.4,571.65 1 1
github.com/sqlrs/cli/internal/app/prepare.go:572.48,574.38 2 1
github.com/sqlrs/cli/internal/app/prepare.go:574.38,576.5 1 1
github.com/sqlrs/cli/internal/app/prepare.go:577.4,578.18 2 1
github.com/sqlrs/cli/internal/app/prepare.go:578.18,580.5 1 1
github.com/sqlrs/cli/internal/app/prepare.go:581.4,581.62 1 1
github.com/sqlrs/cli/internal/app/prepare.go:582.49,584.38 2 1
github.com/sqlrs/cli/internal/app/prepare.go:584.38,586.5 1 1
github.com/sqlrs/cli/internal/app/prepare.go:587.4,588.18 2 1
github.com/sqlrs/cli/internal/app/prepare.go:588.18,590.5 1 1
github.com/sqlrs/cli/internal/app/prepare.go:591.4,591.62 1 1
github.com/sqlrs/cli/internal/app/prepare.go:592.11,593.40 1 1
github.com/sqlrs/cli/internal/app/prepare.go:597.2,597.24 1 1
github.com/sqlrs/cli/internal/app/prepare.go:600.89,602.19 2 1
github.com/sqlrs/cli/internal/app/prepare.go:602.19,604.3 1 1
github.com/sqlrs/cli/internal/app/prepare.go:605.2,605.30 1 1
github.com/sqlrs/cli/internal/app/prepare.go:605.30,607.3 1 1
github.com/sqlrs/cli/internal/app/prepare.go:608.2,608.20 1 1
github.com/sqlrs/cli/internal/app/prepare.go:608.20,610.17 2 1
github.com/sqlrs/cli/internal/app/prepare.go:610.17,612.4 1 1
github.com/sqlrs/cli/internal/app/prepare.go:613.3,613.24 1 1
github.com/sqlrs/cli/internal/app/prepare.go:615.2,615.21 1 1
github.com/sqlrs/cli/internal/app/prepare.go:618.145,619.55 1 1
github.com/sqlrs/cli/internal/app/prepare.go:619.55,620.37 1 1
github.com/sqlrs/cli/internal/app/prepare.go:620.37,622.4 1 1
github.com/sqlrs/cli/internal/app/prepare.go:623.3,625.30 3 1
github.com/sqlrs/cli/internal/app/prepare.go:625.30,627.18 2 1
github.com/sqlrs/cli/internal/app/prepare.go:627.18,629.5 1 1
github.com/sqlrs/cli/internal/app/prepare.go:630.4,630.41 1 1
github.com/sqlrs/cli/internal/app/prepare.go:630.41,632.13 2 1
github.com/sqlrs/cli/internal/app/prepare.go:634.4,635.18 2 1
github.com/sqlrs/cli/internal/app/prepare.go:635.18,637.5 1 1
github.com/sqlrs/cli/internal/app/prepare.go:638.4,638.33 1 1
github.com/sqlrs/cli/internal/app/prepare.go:640.3,640.37 1 1
github.com/sqlrs/cli/internal/app/prepare.go:643.2,643.36 1 1
github.com/sqlrs/cli/internal/app/prepare.go:643.36,645.3 1 1
github.com/sqlrs/cli/internal/app/prepare.go:646.2,646.40 1 1
github.com/sqlrs/cli/internal/app/prepare.go:646.40,648.3 1 1
github.com/sqlrs/cli/internal/app/prepare.go:649.2,650.16 2 1
github.com/sqlrs/cli/internal/app/prepare.go:650.16,652.3 1 1
github.com/sqlrs/cli/internal/app/prepare.go:653.2,653.24 1 1
github.com/sqlrs/cli/internal/app/prepare.go:656.88,658.16 2 1
github.com/sqlrs/cli/internal/app/prepare.go:658.16,660.3 1 1
github.com/sqlrs/cli/internal/app/prepare.go:661.2,661.35 1 1
github.com/sqlrs/cli/internal/app/prepare.go:661.35,663.3 1 1
github.com/sqlrs/cli/internal/app/prepare.go:664.2,665.33 2 1
github.com/sqlrs/cli/internal/app/prepare.go:665.33,667.10 2 1
github.com/sqlrs/cli/internal/app/prepare.go:668.62,669.24 1 1
github.com/sqlrs/cli/internal/app/prepare.go:669.24,671.13 2 1
github.com/sqlrs/cli/internal/app/prepare.go:673.4,676.7 4 1
github.com/sqlrs/cli/internal/app/prepare.go:677.52,680.60 3 1
github.com/sqlrs/cli/internal/app/prepare.go:681.51,684.59 3 1
github.com/sqlrs/cli/internal/app/prepare.go:685.11,686.40 1 1
github.com/sqlrs/cli/internal/app/prepare.go:689.2,689.19 1 1
github.com/sqlrs/cli/internal/app/prepare.go:692.59,693.36 1 1
github.com/sqlrs/cli/internal/app/prepare.go:693.36,695.3 1 1
github.com/sqlrs/cli/internal/app/prepare.go:696.2,696.28 1 1
github.com/sqlrs/cli/internal/app/prepare.go:696.28,698.3 1 1
github.com/sqlrs/cli/internal/app/prepare.go:699.2,700.16 2 1
github.com/sqlrs/cli/internal/app/prepare.go:700.16,702.3 1 1
github.com/sqlrs/cli/internal/app/prepare.go:703.2,703.16 1 1
github.com/sqlrs/cli/internal/app/prepare.go:703.16,705.3 1 1
github.com/sqlrs/cli/internal/app/prepare.go:706.2,706.34 1 1
github.com/sqlrs/cli/internal/app/prepare.go:706.34,708.3 1 1
github.com/sqlrs/cli/internal/app/prepare.go:709.2,709.12 1 1
github.com/sqlrs/cli/internal/app/prepare.go:712.53,715.2 2 1
github.com/sqlrs/cli/internal/app/rm.go:22.59,24.60 2 1
github.com/sqlrs/cli/internal/app/rm.go:24.60,26.3 1 1
github.com/sqlrs/cli/internal/app/rm.go:28.2,41.40 11 1
github.com/sqlrs/cli/internal/app/rm.go:41.40,43.3 1 1
github.com/sqlrs/cli/internal/app/rm.go:45.2,45.25 1 1
github.com/sqlrs/cli/internal/app/rm.go:45.25,47.3 1 1
github.com/sqlrs/cli/internal/app/rm.go:49.2,49.27 1 1
github.com/sqlrs/cli/internal/app/rm.go:49.27,51.3 1 1
github.com/sqlrs/cli/internal/app/rm.go:52.2,52.26 1 1
github.com/sqlrs/cli/internal/app/rm.go:52.26,54.3 1 1
github.com/sqlrs/cli/internal/app/rm.go:56.2,57.18 2 1
github.com/sqlrs/cli/internal/app/rm.go:57.18,59.3 1 1
github.com/sqlrs/cli/internal/app/rm.go:61.2,65.25 5 1
github.com/sqlrs/cli/internal/app/rm.go:68.54,72.27 4 1
github.com/sqlrs/cli/internal/app/rm.go:72.27,73.20 1 1
github.com/sqlrs/cli/internal/app/rm.go:73.20,75.12 2 1
github.com/sqlrs/cli/internal/app/rm.go:77.3,77.18 1 1
github.com/sqlrs/cli/internal/app/rm.go:77.18,79.12 2 1
github.com/sqlrs/cli/internal/app/rm.go:81.3,81.34 1 1
github.com/sqlrs/cli/internal/app/rm.go:81.34,83.12 2 1
github.com/sqlrs/cli/internal/app/rm.go:85.3,85.41 1 1
github.com/sqlrs/cli/internal/app/rm.go:87.2,87.27 1 1
github.com/sqlrs/cli/internal/app/rm.go:90.84,92.16 2 1
github.com/sqlrs/cli/internal/app/rm.go:92.16,94.3 1 1
github.com/sqlrs/cli/internal/app/rm.go:95.2,95.14 1 1
github.com/sqlrs/cli/internal/app/rm.go:95.14,98.3 2 1
github.com/sqlrs/cli/internal/app/rm.go:100.2,106.16 6 1
github.com/sqlrs/cli/internal/app/rm.go:106.16,108.33 2 1
github.com/sqlrs/cli/internal/app/rm.go:108.33,110.4 1 0
github.com/sqlrs/cli/internal/app/rm.go:111.3,112.36 2 1
github.com/sqlrs/cli/internal/app/rm.go:112.36,114.4 1 1
github.com/sqlrs/cli/internal/app/rm.go:115.3,116.35 2 1
github.com/sqlrs/cli/internal/app/rm.go:116.35,118.4 1 1
github.com/sqlrs/cli/internal/app/rm.go:119.3,119.50 1 1
github.com/sqlrs/cli/internal/app/rm.go:122.2,122.20 1 1
github.com/sqlrs/cli/internal/app/rm.go:122.20,125.3 2 1
github.com/sqlrs/cli/internal/app/rm.go:126.2,126.26 1 1
github.com/sqlrs/cli/internal/app/rm.go:126.26,128.3 1 0
github.com/sqlrs/cli/internal/app/rm.go:130.2,130.22 1 1
github.com/sqlrs/cli/internal/app/rm.go:130.22,131.53 1 1
github.com/sqlrs/cli/internal/app/rm.go:131.53,133.4 1 0
github.com/sqlrs/cli/internal/app/rm.go:134.8,136.3 1 1
github.com/sqlrs/cli/internal/app/rm.go:138.2,138.40 1 1
github.com/sqlrs/cli/internal/app/rm.go:138.40,140.3 1 1
github.com/sqlrs/cli/internal/app/rm.go:141.2,141.12 1 1
github.com/sqlrs/cli/internal/app/run.go:23.57,25.60 2 1
github.com/sqlrs/cli/internal/app/run.go:25.60,27.3 1 1
github.com/sqlrs/cli/internal/app/run.go:28.2,28.33 1 1
github.com/sqlrs/cli/internal/app/run.go:28.33,30.10 2 1
github.com/sqlrs/cli/internal/app/run.go:31.20,32.44 1 1
github.com/sqlrs/cli/internal/app/run.go:33.39,34.26 1 1
github.com/sqlrs/cli/internal/app/run.go:35.28,36.24 1 1
github.com/sqlrs/cli/internal/app/run.go:36.24,38.5 1 1
github.com/sqlrs/cli/internal/app/run.go:39.4,40.19 2 1
github.com/sqlrs/cli/internal/app/run.go:40.19,42.5 1 1
github.com/sqlrs/cli/internal/app/run.go:43.4,44.7 2 1
github.com/sqlrs/cli/internal/app/run.go:45.46,47.19 2 1
github.com/sqlrs/cli/internal/app/run.go:47.19,49.5 1 1
github.com/sqlrs/cli/internal/app/run.go:50.4,50.28 1 1
github.com/sqlrs/cli/internal/app/run.go:51.11,52.42 1 1
github.com/sqlrs/cli/internal/app/run.go:55.2,55.25 1 1
github.com/sqlrs/cli/internal/app/run.go:58.74,59.20 1 1
github.com/sqlrs/cli/internal/app/run.go:59.20,61.3 1 1
github.com/sqlrs/cli/internal/app/run.go:62.2,62.37 1 1
github.com/sqlrs/cli/internal/app/run.go:62.37,65.3 2 1
github.com/sqlrs/cli/internal/app/run.go:66.2,68.25 3 1
github.com/sqlrs/cli/internal/app/run.go:71.141,73.16 2 1
github.com/sqlrs/cli/internal/app/run.go:73.16,75.3 1 1
github.com/sqlrs/cli/internal/app/run.go:76.2,76.14 1 1
github.com/sqlrs/cli/internal/app/run.go:76.14,79.3 2 1
github.com/sqlrs/cli/internal/app/run.go:81.2,81.59 1 1
github.com/sqlrs/cli/internal/app/run.go:81.59,83.3 1 1
github.com/sqlrs/cli/internal/app/run.go:84.2,85.23 2 1
github.com/sqlrs/cli/internal/app/run.go:85.23,87.3 1 1
github.com/sqlrs/cli/internal/app/run.go:88.2,88.42 1 1
github.com/sqlrs/cli/internal/app/run.go:88.42,90.3 1 1
github.com/sqlrs/cli/internal/app/run.go:92.2,93.28 2 1
github.com/sqlrs/cli/internal/app/run.go:93.28,95.3 1 1
github.com/sqlrs/cli/internal/app/run.go:96.2,96.50 1 1
github.com/sqlrs/cli/internal/app/run.go:96.50,98.3 1 1
github.com/sqlrs/cli/internal/app/run.go:100.2,104.14 5 1
github.com/sqlrs/cli/internal/app/run.go:105.24,107.17 2 1
github.com/sqlrs/cli/internal/app/run.go:107.17,109.4 1 1
github.com/sqlrs/cli/internal/app/run.go:110.3,112.22 3 1
github.com/sqlrs/cli/internal/app/run.go:113.27,115.17 2 1
github.com/sqlrs/cli/internal/app/run.go:115.17,117.4 1 0
github.com/sqlrs/cli/internal/app/run.go:118.3,120.22 3 1
github.com/sqlrs/cli/internal/app/run.go:121.10,124.22 3 0
github.com/sqlrs/cli/internal/app/run.go:127.2,128.16 2 1
github.com/sqlrs/cli/internal/app/run.go:128.16,130.3 1 1
github.com/sqlrs/cli/internal/app/run.go:131.2,131.26 1 1
github.com/sqlrs/cli/internal/app/run.go:131.26,133.3 1 1
github.com/sqlrs/cli/internal/app/run.go:134.2,134.12 1 1
github.com/sqlrs/cli/internal/app/run.go:137.113,142.33 4 1
github.com/sqlrs/cli/internal/app/run.go:142.33,144.10 2 1
github.com/sqlrs/cli/internal/app/run.go:145.42,146.24 1 1
github.com/sqlrs/cli/internal/app/run.go:146.24,148.5 1 1
github.com/sqlrs/cli/internal/app/run.go:149.4,153.54 5 1
github.com/sqlrs/cli/internal/app/run.go:154.45,158.54 4 1
github.com/sqlrs/cli/internal/app/run.go:159.53,163.54 4 1
github.com/sqlrs/cli/internal/app/run.go:164.39,165.24 1 1
github.com/sqlrs/cli/internal/app/run.go:165.24,167.5 1 1
github.com/sqlrs/cli/internal/app/run.go:168.4,171.18 4 1
github.com/sqlrs/cli/internal/app/run.go:171.18,173.5 1 1
github.com/sqlrs/cli/internal/app/run.go:174.4,174.15 1 1
github.com/sqlrs/cli/internal/app/run.go:174.15,175.24 1 1
github.com/sqlrs/cli/internal/app/run.go:175.24,177.6 1 1
github.com/sqlrs/cli/internal/app/run.go:178.5,178.27 1 1
github.com/sqlrs/cli/internal/app/run.go:180.4,180.31 1 1
github.com/sqlrs/cli/internal/app/run.go:181.42,184.18 3 1
github.com/sqlrs/cli/internal/app/run.go:184.18,186.5 1 1
github.com/sqlrs/cli/internal/app/run.go:187.4,187.15 1 1
github.com/sqlrs/cli/internal/app/run.go:187.15,188.24 1 1
github.com/sqlrs/cli/internal/app/run.go:188.24,190.6 1 1
github.com/sqlrs/cli/internal/app/run.go:191.5,191.27 1 1
github.com/sqlrs/cli/internal/app/run.go:193.4,193.31 1 1
github.com/sqlrs/cli/internal/app/run.go:194.53,197.18 3 1
github.com/sqlrs/cli/internal/app/run.go:197.18,199.5 1 1
github.com/sqlrs/cli/internal/app/run.go:200.4,200.15 1 1
github.com/sqlrs/cli/internal/app/run.go:200.15,201.24 1 1
github.com/sqlrs/cli/internal/app/run.go:201.24,203.6 1 1
github.com/sqlrs/cli/internal/app/run.go:204.5,204.27 1 1
github.com/sqlrs/cli/internal/app/run.go:206.4,206.31 1 1
github.com/sqlrs/cli/internal/app/run.go:207.11,208.32 1 1
github.com/sqlrs/cli/internal/app/run.go:212.2,212.21 1 1
github.com/sqlrs/cli/internal/app/run.go:212.21,214.17 2 1
github.com/sqlrs/cli/internal/app/run.go:214.17,216.4 1 1
github.com/sqlrs/cli/internal/app/run.go:217.3,218.33 2 1
github.com/sqlrs/cli/internal/app/run.go:221.2,221.21 1 1
github.com/sqlrs/cli/internal/app/run.go:221.21,223.3 1 1
github.com/sqlrs/cli/internal/app/run.go:224.2,224.19 1 1
github.com/sqlrs/cli/internal/app/run.go:227.112,228.36 1 1
github.com/sqlrs/cli/internal/app/run.go:228.36,230.3 1 1
github.com/sqlrs/cli/internal/app/run.go:231.2,231.18 1 1
github.com/sqlrs/cli/internal/app/run.go:231.18,235.3 3 1
github.com/sqlrs/cli/internal/app/run.go:236.2,237.16 2 1
github.com/sqlrs/cli/internal/app/run.go:237.16,239.3 1 1
github.com/sqlrs/cli/internal/app/run.go:240.2,241.16 2 1
github.com/sqlrs/cli/internal/app/run.go:241.16,243.3 1 1
github.com/sqlrs/cli/internal/app/run.go:244.2,247.62 4 1
github.com/sqlrs/cli/internal/app/run.go:255.125,259.33 3 1
github.com/sqlrs/cli/internal/app/run.go:259.33,261.10 2 1
github.com/sqlrs/cli/internal/app/run.go:262.39,263.24 1 1
github.com/sqlrs/cli/internal/app/run.go:263.24,265.5 1 0
github.com/sqlrs/cli/internal/app/run.go:266.4,269.18 4 1
github.com/sqlrs/cli/internal/app/run.go:269.18,271.5 1 0
github.com/sqlrs/cli/internal/app/run.go:272.4,272.25 1 1
github.com/sqlrs/cli/internal/app/run.go:272.25,273.22 1 1
github.com/sqlrs/cli/internal/app/run.go:273.22,275.6 1 1
github.com/sqlrs/cli/internal/app/run.go:276.5,276.24 1 1
github.com/sqlrs/cli/internal/app/run.go:278.4,278.51 1 1
github.com/sqlrs/cli/internal/app/run.go:279.42,282.18 3 0
github.com/sqlrs/cli/internal/app/run.go:282.18,284.5 1 0
github.com/sqlrs/cli/internal/app/run.go:285.4,285.25 1 0
github.com/sqlrs/cli/internal/app/run.go:285.25,286.22 1 0
github.com/sqlrs/cli/internal/app/run.go:286.22,288.6 1 0
github.com/sqlrs/cli/internal/app/run.go:289.5,289.24 1 0
github.com/sqlrs/cli/internal/app/run.go:291.4,291.56 1 0
github.com/sqlrs/cli/internal/app/run.go:292.53,295.18 3 1
github.com/sqlrs/cli/internal/app/run.go:295.18,297.5 1 0
github.com/sqlrs/cli/internal/app/run.go:298.4,298.25 1 1
github.com/sqlrs/cli/internal/app/run.go:298.25,299.22 1 1
github.com/sqlrs/cli/internal/app/run.go:299.22,301.6 1 0
github.com/sqlrs/cli/internal/app/run.go:302.5,302.24 1 1
github.com/sqlrs/cli/internal/app/run.go:304.4,304.51 1 1
github.com/sqlrs/cli/internal/app/run.go:305.11,306.40 1 1
github.com/sqlrs/cli/internal/app/run.go:310.2,310.19 1 1
github.com/sqlrs/cli/internal/app/run.go:310.19,312.3 1 1
github.com/sqlrs/cli/internal/app/run.go:313.2,314.16 2 1
github.com/sqlrs/cli/internal/app/run.go:314.16,316.3 1 0
github.com/sqlrs/cli/internal/app/run.go:317.2,317.31 1 1
github.com/sqlrs/cli/internal/app/run.go:320.112,322.35 2 1
github.com/sqlrs/cli/internal/app/run.go:322.35,324.3 1 0
github.com/sqlrs/cli/internal/app/run.go:325.2,325.45 1 1
github.com/sqlrs/cli/internal/app/run.go:325.45,327.3 1 0
github.com/sqlrs/cli/internal/app/run.go:328.2,329.16 2 1
github.com/sqlrs/cli/internal/app/run.go:329.16,331.3 1 0
github.com/sqlrs/cli/internal/app/run.go:332.2,332.87 1 1
github.com/sqlrs/cli/internal/app/run.go:335.87,336.22 1 1
github.com/sqlrs/cli/internal/app/run.go:336.22,338.17 2 0
github.com/sqlrs/cli/internal/app/run.go:338.17,340.4 1 0
github.com/sqlrs/cli/internal/app/run.go:341.3,341.27 1 0
github.com/sqlrs/cli/internal/app/run.go:343.2,344.16 2 1
github.com/sqlrs/cli/internal/app/run.go:344.16,346.3 1 0
github.com/sqlrs/cli/internal/app/run.go:347.2,347.26 1 1
github.com/sqlrs/cli/internal/app/run.go:350.62,352.37 2 1
github.com/sqlrs/cli/internal/app/run.go:352.37,354.3 1 1
github.com/sqlrs/cli/internal/app/run.go:355.2,355.68 1 1
github.com/sqlrs/cli/internal/app/run.go:355.68,357.3 1 0
github.com/sqlrs/cli/internal/app/run.go:358.2,358.33 1 1
github.com/sqlrs/cli/internal/app/status.go:16.67,18.60 2 1
github.com/sqlrs/cli/internal/app/status.go:18.60,20.3 1 1
github.com/sqlrs/cli/internal/app/status.go:22.2,29.39 6 1
github.com/sqlrs/cli/internal/app/status.go:29.39,31.3 1 1
github.com/sqlrs/cli/internal/app/status.go:32.2,32.25 1 1
github.com/sqlrs/cli/internal/app/status.go:32.25,34.3 1 1
github.com/sqlrs/cli/internal/app/status.go:35.2,35.19 1 1
github.com/sqlrs/cli/internal/app/status.go:35.19,37.3 1 1
github.com/sqlrs/cli/internal/app/status.go:38.2,39.25 2 1
github.com/sqlrs/cli/internal/app/status.go:42.114,44.16 2 1
github.com/sqlrs/cli/internal/app/status.go:44.16,46.3 1 1
github.com/sqlrs/cli/internal/app/status.go:47.2,47.14 1 1
github.com/sqlrs/cli/internal/app/status.go:47.14,50.3 2 1
github.com/sqlrs/cli/internal/app/status.go:52.2,55.16 3 1
github.com/sqlrs/cli/internal/app/status.go:55.16,57.3 1 1
github.com/sqlrs/cli/internal/app/status.go:59.2,61.22 3 1
github.com/sqlrs/cli/internal/app/status.go:61.22,62.46 1 1
github.com/sqlrs/cli/internal/app/status.go:62.46,64.4 1 1
github.com/sqlrs/cli/internal/app/status.go:65.8,67.3 1 1
github.com/sqlrs/cli/internal/app/status.go:68.2,68.16 1 1
github.com/sqlrs/cli/internal/app/status.go:68.16,70.3 1 1
github.com/sqlrs/cli/internal/app/status.go:71.2,71.12 1 1
github.com/sqlrs/cli/internal/app/watch.go:13.58,14.60 1 1
github.com/sqlrs/cli/internal/app/watch.go:14.60,16.3 1 1
github.com/sqlrs/cli/internal/app/watch.go:17.2,18.27 2 1
github.com/sqlrs/cli/internal/app/watch.go:18.27,19.14 1 1
github.com/sqlrs/cli/internal/app/watch.go:20.23,21.24 1 1
github.com/sqlrs/cli/internal/app/watch.go:22.11,23.35 1 1
github.com/sqlrs/cli/internal/app/watch.go:23.35,25.5 1 1
github.com/sqlrs/cli/internal/app/watch.go:26.4,26.19 1 1
github.com/sqlrs/cli/internal/app/watch.go:26.19,28.5 1 1
github.com/sqlrs/cli/internal/app/watch.go:29.4,29.34 1 1
github.com/sqlrs/cli/internal/app/watch.go:32.2,32.17 1 1
github.com/sqlrs/cli/internal/app/watch.go:32.17,34.3 1 1
github.com/sqlrs/cli/internal/app/watch.go:35.2,35.26 1 1
github.com/sqlrs/cli/internal/app/watch.go:38.82,40.16 2 1
github.com/sqlrs/cli/internal/app/watch.go:40.16,42.3 1 1
github.com/sqlrs/cli/internal/app/watch.go:43.2,43.14 1 1
github.com/sqlrs/cli/internal/app/watch.go:43.14,46.3 2 1
github.com/sqlrs/cli/internal/app/watch.go:47.2,48.16 2 1
github.com/sqlrs/cli/internal/app/watch.go:48.16,50.32 2 1
github.com/sqlrs/cli/internal/app/watch.go:50.32,53.4 2 0
github.com/sqlrs/cli/internal/app/watch.go:54.3,54.13 1 1
github.com/sqlrs/cli/internal/app/watch.go:56.2,57.12 2 1
github.com/sqlrs/cli/internal/app/watch.go:60.74,66.2 1 1
