mode: set
sqlrs/cli/internal/client/http_client.go:29.48,31.18 2 1
sqlrs/cli/internal/client/http_client.go:31.18,33.3 1 1
sqlrs/cli/internal/client/http_client.go:34.2,35.76 2 1
sqlrs/cli/internal/client/http_client.go:35.76,36.20 1 0
sqlrs/cli/internal/client/http_client.go:36.20,38.4 1 0
sqlrs/cli/internal/client/http_client.go:39.3,40.59 2 0
sqlrs/cli/internal/client/http_client.go:40.59,42.4 1 0
sqlrs/cli/internal/client/http_client.go:43.3,43.52 1 0
sqlrs/cli/internal/client/http_client.go:43.52,45.4 1 0
sqlrs/cli/internal/client/http_client.go:46.3,46.21 1 0
sqlrs/cli/internal/client/http_client.go:46.21,48.4 1 0
sqlrs/cli/internal/client/http_client.go:49.3,49.13 1 0
sqlrs/cli/internal/client/http_client.go:51.2,56.3 1 1
sqlrs/cli/internal/client/http_client.go:59.70,61.81 2 0
sqlrs/cli/internal/client/http_client.go:61.81,63.3 1 0
sqlrs/cli/internal/client/http_client.go:64.2,64.17 1 0
sqlrs/cli/internal/client/http_client.go:67.91,73.99 6 0
sqlrs/cli/internal/client/http_client.go:73.99,75.3 1 0
sqlrs/cli/internal/client/http_client.go:76.2,76.17 1 0
sqlrs/cli/internal/client/http_client.go:79.85,84.2 4 0
sqlrs/cli/internal/client/http_client.go:86.99,92.103 6 0
sqlrs/cli/internal/client/http_client.go:92.103,94.3 1 0
sqlrs/cli/internal/client/http_client.go:95.2,95.17 1 0
sqlrs/cli/internal/client/http_client.go:98.97,103.2 4 0
sqlrs/cli/internal/client/http_client.go:105.93,111.100 6 1
sqlrs/cli/internal/client/http_client.go:111.100,113.3 1 1
sqlrs/cli/internal/client/http_client.go:114.2,114.17 1 1
sqlrs/cli/internal/client/http_client.go:117.90,122.2 4 1
sqlrs/cli/internal/client/http_client.go:124.120,126.2 1 1
sqlrs/cli/internal/client/http_client.go:128.114,130.2 1 1
sqlrs/cli/internal/client/http_client.go:132.107,135.16 3 1
sqlrs/cli/internal/client/http_client.go:135.16,137.3 1 0
sqlrs/cli/internal/client/http_client.go:138.2,139.16 2 1
sqlrs/cli/internal/client/http_client.go:139.16,141.3 1 1
sqlrs/cli/internal/client/http_client.go:142.2,144.85 2 1
sqlrs/cli/internal/client/http_client.go:144.85,146.3 1 1
sqlrs/cli/internal/client/http_client.go:147.2,148.45 2 1
sqlrs/cli/internal/client/http_client.go:148.45,150.3 1 1
sqlrs/cli/internal/client/http_client.go:151.2,151.17 1 1
sqlrs/cli/internal/client/http_client.go:154.121,156.15 2 1
sqlrs/cli/internal/client/http_client.go:156.15,158.3 1 1
sqlrs/cli/internal/client/http_client.go:159.2,160.16 2 1
sqlrs/cli/internal/client/http_client.go:160.16,162.3 1 0
sqlrs/cli/internal/client/http_client.go:163.2,163.23 1 1
sqlrs/cli/internal/client/http_client.go:163.23,165.3 1 1
sqlrs/cli/internal/client/http_client.go:166.2,166.23 1 1
sqlrs/cli/internal/client/http_client.go:166.23,168.3 1 1
sqlrs/cli/internal/client/http_client.go:169.2,169.23 1 1
sqlrs/cli/internal/client/http_client.go:169.23,171.3 1 1
sqlrs/cli/internal/client/http_client.go:172.2,172.23 1 1
sqlrs/cli/internal/client/http_client.go:175.99,180.2 4 0
sqlrs/cli/internal/client/http_client.go:182.96,186.106 4 0
sqlrs/cli/internal/client/http_client.go:186.106,188.3 1 0
sqlrs/cli/internal/client/http_client.go:189.2,189.17 1 0
sqlrs/cli/internal/client/http_client.go:192.117,194.2 1 0
sqlrs/cli/internal/client/http_client.go:196.84,200.99 4 0
sqlrs/cli/internal/client/http_client.go:200.99,202.3 1 0
sqlrs/cli/internal/client/http_client.go:203.2,203.17 1 0
sqlrs/cli/internal/client/http_client.go:206.89,208.21 2 0
sqlrs/cli/internal/client/http_client.go:208.21,210.3 1 0
sqlrs/cli/internal/client/http_client.go:211.2,212.16 2 0
sqlrs/cli/internal/client/http_client.go:212.16,214.3 1 0
sqlrs/cli/internal/client/http_client.go:215.2,217.16 3 0
sqlrs/cli/internal/client/http_client.go:217.16,219.3 1 0
sqlrs/cli/internal/client/http_client.go:220.2,220.38 1 0
sqlrs/cli/internal/client/http_client.go:220.38,223.3 2 0
sqlrs/cli/internal/client/http_client.go:224.2,224.23 1 0
sqlrs/cli/internal/client/http_client.go:227.91,230.15 3 0
sqlrs/cli/internal/client/http_client.go:230.15,232.3 1 0
sqlrs/cli/internal/client/http_client.go:233.2,233.35 1 0
sqlrs/cli/internal/client/http_client.go:233.35,235.101 2 0
sqlrs/cli/internal/client/http_client.go:235.101,237.4 1 0
sqlrs/cli/internal/client/http_client.go:238.3,238.18 1 0
sqlrs/cli/internal/client/http_client.go:240.2,241.100 2 0
sqlrs/cli/internal/client/http_client.go:241.100,243.3 1 0
sqlrs/cli/internal/client/http_client.go:244.2,244.17 1 0
sqlrs/cli/internal/client/http_client.go:247.87,250.16 3 0
sqlrs/cli/internal/client/http_client.go:250.16,252.3 1 0
sqlrs/cli/internal/client/http_client.go:253.2,254.16 2 0
sqlrs/cli/internal/client/http_client.go:254.16,256.3 1 0
sqlrs/cli/internal/client/http_client.go:257.2,258.38 2 0
sqlrs/cli/internal/client/http_client.go:258.38,260.3 1 0
sqlrs/cli/internal/client/http_client.go:261.2,261.64 1 0
sqlrs/cli/internal/client/http_client.go:261.64,263.3 1 0
sqlrs/cli/internal/client/http_client.go:264.2,264.17 1 0
sqlrs/cli/internal/client/http_client.go:267.86,272.16 5 0
sqlrs/cli/internal/client/http_client.go:272.16,274.3 1 0
sqlrs/cli/internal/client/http_client.go:275.2,276.38 2 0
sqlrs/cli/internal/client/http_client.go:276.38,278.3 1 0
sqlrs/cli/internal/client/http_client.go:279.2,279.64 1 0
sqlrs/cli/internal/client/http_client.go:279.64,281.3 1 0
sqlrs/cli/internal/client/http_client.go:282.2,282.17 1 0
sqlrs/cli/internal/client/http_client.go:285.68,287.87 2 0
sqlrs/cli/internal/client/http_client.go:287.87,289.3 1 0
sqlrs/cli/internal/client/http_client.go:290.2,290.17 1 0
sqlrs/cli/internal/client/http_client.go:293.96,295.16 2 1
sqlrs/cli/internal/client/http_client.go:295.16,297.3 1 0
sqlrs/cli/internal/client/http_client.go:298.2,300.53 2 1
sqlrs/cli/internal/client/http_client.go:300.53,302.3 1 1
sqlrs/cli/internal/client/http_client.go:304.2,305.28 2 1
sqlrs/cli/internal/client/http_client.go:308.112,310.16 2 1
sqlrs/cli/internal/client/http_client.go:310.16,312.3 1 0
sqlrs/cli/internal/client/http_client.go:313.2,315.44 2 1
sqlrs/cli/internal/client/http_client.go:315.44,317.3 1 1
sqlrs/cli/internal/client/http_client.go:318.2,318.53 1 1
sqlrs/cli/internal/client/http_client.go:318.53,320.3 1 0
sqlrs/cli/internal/client/http_client.go:322.2,323.34 2 1
sqlrs/cli/internal/client/http_client.go:326.136,329.16 3 1
sqlrs/cli/internal/client/http_client.go:329.16,331.3 1 1
sqlrs/cli/internal/client/http_client.go:332.2,332.17 1 1
sqlrs/cli/internal/client/http_client.go:332.17,334.3 1 1
sqlrs/cli/internal/client/http_client.go:335.2,335.34 1 1
sqlrs/cli/internal/client/http_client.go:335.34,337.3 1 1
sqlrs/cli/internal/client/http_client.go:338.2,339.16 2 1
sqlrs/cli/internal/client/http_client.go:339.16,341.3 1 0
sqlrs/cli/internal/client/http_client.go:342.2,344.80 2 1
sqlrs/cli/internal/client/http_client.go:344.80,346.3 1 0
sqlrs/cli/internal/client/http_client.go:347.2,348.45 2 1
sqlrs/cli/internal/client/http_client.go:348.45,350.3 1 0
sqlrs/cli/internal/client/http_client.go:351.2,351.34 1 1
sqlrs/cli/internal/client/http_client.go:354.108,357.16 3 1
sqlrs/cli/internal/client/http_client.go:357.16,359.3 1 0
sqlrs/cli/internal/client/http_client.go:360.2,360.23 1 1
sqlrs/cli/internal/client/http_client.go:360.23,362.3 1 0
sqlrs/cli/internal/client/http_client.go:363.2,363.34 1 1
sqlrs/cli/internal/client/http_client.go:363.34,365.3 1 0
sqlrs/cli/internal/client/http_client.go:366.2,366.23 1 1
sqlrs/cli/internal/client/http_client.go:369.152,372.16 3 1
sqlrs/cli/internal/client/http_client.go:372.16,374.3 1 1
sqlrs/cli/internal/client/http_client.go:375.2,375.23 1 1
sqlrs/cli/internal/client/http_client.go:375.23,377.3 1 1
sqlrs/cli/internal/client/http_client.go:378.2,378.23 1 1
sqlrs/cli/internal/client/http_client.go:378.23,380.3 1 0
sqlrs/cli/internal/client/http_client.go:381.2,381.34 1 1
sqlrs/cli/internal/client/http_client.go:381.34,383.3 1 0
sqlrs/cli/internal/client/http_client.go:384.2,384.23 1 1
sqlrs/cli/internal/client/http_client.go:387.42,389.17 2 1
sqlrs/cli/internal/client/http_client.go:389.17,391.3 1 0
sqlrs/cli/internal/client/http_client.go:392.2,392.83 1 1
sqlrs/cli/internal/client/http_client.go:392.83,394.3 1 0
sqlrs/cli/internal/client/http_client.go:395.2,395.38 1 1
sqlrs/cli/internal/client/http_client.go:398.48,400.17 2 1
sqlrs/cli/internal/client/http_client.go:400.17,402.3 1 1
sqlrs/cli/internal/client/http_client.go:403.2,403.81 1 1
sqlrs/cli/internal/client/http_client.go:403.81,405.3 1 1
sqlrs/cli/internal/client/http_client.go:406.2,406.35 1 1
sqlrs/cli/internal/client/http_client.go:406.35,408.3 1 1
sqlrs/cli/internal/client/http_client.go:409.2,409.32 1 1
sqlrs/cli/internal/client/http_client.go:417.42,419.2 1 0
sqlrs/cli/internal/client/http_client.go:421.54,423.17 2 1
sqlrs/cli/internal/client/http_client.go:423.17,425.3 1 1
sqlrs/cli/internal/client/http_client.go:426.2,426.24 1 1
sqlrs/cli/internal/client/http_client.go:429.57,430.22 1 1
sqlrs/cli/internal/client/http_client.go:430.22,432.3 1 1
sqlrs/cli/internal/client/http_client.go:433.2,433.37 1 1
sqlrs/cli/internal/client/http_client.go:436.52,437.17 1 1
sqlrs/cli/internal/client/http_client.go:437.17,439.3 1 0
sqlrs/cli/internal/client/http_client.go:440.2,442.19 3 1
sqlrs/cli/internal/client/http_client.go:442.19,443.69 1 1
sqlrs/cli/internal/client/http_client.go:443.69,444.29 1 1
sqlrs/cli/internal/client/http_client.go:444.29,446.5 1 0
sqlrs/cli/internal/client/http_client.go:447.4,447.44 1 1
sqlrs/cli/internal/client/http_client.go:450.2,450.75 1 0
